[2024-12-24T13:11:07.704+0000] {taskinstance.py:1956} INFO - Dependencies all met for dep_context=non-requeueable deps ti=<TaskInstance: weather_dag.preprocessing_data scheduled__2024-12-24T13:10:00+00:00 [queued]>
[2024-12-24T13:11:07.711+0000] {taskinstance.py:1956} INFO - Dependencies all met for dep_context=requeueable deps ti=<TaskInstance: weather_dag.preprocessing_data scheduled__2024-12-24T13:10:00+00:00 [queued]>
[2024-12-24T13:11:07.711+0000] {taskinstance.py:2170} INFO - Starting attempt 1 of 3
[2024-12-24T13:11:07.718+0000] {taskinstance.py:2191} INFO - Executing <Task(PythonOperator): preprocessing_data> on 2024-12-24 13:10:00+00:00
[2024-12-24T13:11:07.725+0000] {standard_task_runner.py:60} INFO - Started process 27488 to run task
[2024-12-24T13:11:07.728+0000] {standard_task_runner.py:87} INFO - Running: ['***', 'tasks', 'run', 'weather_dag', 'preprocessing_data', 'scheduled__2024-12-24T13:10:00+00:00', '--job-id', '2089', '--raw', '--subdir', 'DAGS_FOLDER/extract.py', '--cfg-path', '/tmp/tmpobit7qrz']
[2024-12-24T13:11:07.730+0000] {standard_task_runner.py:88} INFO - Job 2089: Subtask preprocessing_data
[2024-12-24T13:11:07.753+0000] {warnings.py:109} WARNING - /home/***/.local/lib/python3.8/site-packages/***/settings.py:194: DeprecationWarning: The sql_alchemy_conn option in [core] has been moved to the sql_alchemy_conn option in [database] - the old setting has been used, but please update your config.
  SQL_ALCHEMY_CONN = conf.get("database", "SQL_ALCHEMY_CONN")

[2024-12-24T13:11:07.800+0000] {task_command.py:423} INFO - Running <TaskInstance: weather_dag.preprocessing_data scheduled__2024-12-24T13:10:00+00:00 [running]> on host f70f31c57d74
[2024-12-24T13:11:07.911+0000] {taskinstance.py:2480} INFO - Exporting env vars: AIRFLOW_CTX_DAG_EMAIL='thiernosidybah232@gmail.com' AIRFLOW_CTX_DAG_OWNER='***' AIRFLOW_CTX_DAG_ID='weather_dag' AIRFLOW_CTX_TASK_ID='preprocessing_data' AIRFLOW_CTX_EXECUTION_DATE='2024-12-24T13:10:00+00:00' AIRFLOW_CTX_TRY_NUMBER='1' AIRFLOW_CTX_DAG_RUN_ID='scheduled__2024-12-24T13:10:00+00:00'
[2024-12-24T13:11:07.930+0000] {warnings.py:109} WARNING - /opt/***/dags/extract.py:129: SettingWithCopyWarning: 
A value is trying to be set on a copy of a slice from a DataFrame.
Try using .loc[row_indexer,col_indexer] = value instead

See the caveats in the documentation: https://pandas.pydata.org/pandas-docs/stable/user_guide/indexing.html#returning-a-view-versus-a-copy
  data_temp.loc[:, "target"] = data_temp['temperature'].shift(1)

[2024-12-24T13:11:07.930+0000] {warnings.py:109} WARNING - /opt/***/dags/extract.py:132: SettingWithCopyWarning: 
A value is trying to be set on a copy of a slice from a DataFrame.
Try using .loc[row_indexer,col_indexer] = value instead

See the caveats in the documentation: https://pandas.pydata.org/pandas-docs/stable/user_guide/indexing.html#returning-a-view-versus-a-copy
  data_temp.loc[:, f"temp_m-{element}"] = data_temp['temperature'].shift(-element)

[2024-12-24T13:11:07.931+0000] {warnings.py:109} WARNING - /opt/***/dags/extract.py:132: SettingWithCopyWarning: 
A value is trying to be set on a copy of a slice from a DataFrame.
Try using .loc[row_indexer,col_indexer] = value instead

See the caveats in the documentation: https://pandas.pydata.org/pandas-docs/stable/user_guide/indexing.html#returning-a-view-versus-a-copy
  data_temp.loc[:, f"temp_m-{element}"] = data_temp['temperature'].shift(-element)

[2024-12-24T13:11:07.931+0000] {warnings.py:109} WARNING - /opt/***/dags/extract.py:132: SettingWithCopyWarning: 
A value is trying to be set on a copy of a slice from a DataFrame.
Try using .loc[row_indexer,col_indexer] = value instead

See the caveats in the documentation: https://pandas.pydata.org/pandas-docs/stable/user_guide/indexing.html#returning-a-view-versus-a-copy
  data_temp.loc[:, f"temp_m-{element}"] = data_temp['temperature'].shift(-element)

[2024-12-24T13:11:07.932+0000] {warnings.py:109} WARNING - /opt/***/dags/extract.py:132: SettingWithCopyWarning: 
A value is trying to be set on a copy of a slice from a DataFrame.
Try using .loc[row_indexer,col_indexer] = value instead

See the caveats in the documentation: https://pandas.pydata.org/pandas-docs/stable/user_guide/indexing.html#returning-a-view-versus-a-copy
  data_temp.loc[:, f"temp_m-{element}"] = data_temp['temperature'].shift(-element)

[2024-12-24T13:11:07.932+0000] {warnings.py:109} WARNING - /opt/***/dags/extract.py:132: SettingWithCopyWarning: 
A value is trying to be set on a copy of a slice from a DataFrame.
Try using .loc[row_indexer,col_indexer] = value instead

See the caveats in the documentation: https://pandas.pydata.org/pandas-docs/stable/user_guide/indexing.html#returning-a-view-versus-a-copy
  data_temp.loc[:, f"temp_m-{element}"] = data_temp['temperature'].shift(-element)

[2024-12-24T13:11:07.933+0000] {warnings.py:109} WARNING - /opt/***/dags/extract.py:132: SettingWithCopyWarning: 
A value is trying to be set on a copy of a slice from a DataFrame.
Try using .loc[row_indexer,col_indexer] = value instead

See the caveats in the documentation: https://pandas.pydata.org/pandas-docs/stable/user_guide/indexing.html#returning-a-view-versus-a-copy
  data_temp.loc[:, f"temp_m-{element}"] = data_temp['temperature'].shift(-element)

[2024-12-24T13:11:07.933+0000] {warnings.py:109} WARNING - /opt/***/dags/extract.py:132: SettingWithCopyWarning: 
A value is trying to be set on a copy of a slice from a DataFrame.
Try using .loc[row_indexer,col_indexer] = value instead

See the caveats in the documentation: https://pandas.pydata.org/pandas-docs/stable/user_guide/indexing.html#returning-a-view-versus-a-copy
  data_temp.loc[:, f"temp_m-{element}"] = data_temp['temperature'].shift(-element)

[2024-12-24T13:11:07.934+0000] {warnings.py:109} WARNING - /opt/***/dags/extract.py:132: SettingWithCopyWarning: 
A value is trying to be set on a copy of a slice from a DataFrame.
Try using .loc[row_indexer,col_indexer] = value instead

See the caveats in the documentation: https://pandas.pydata.org/pandas-docs/stable/user_guide/indexing.html#returning-a-view-versus-a-copy
  data_temp.loc[:, f"temp_m-{element}"] = data_temp['temperature'].shift(-element)

[2024-12-24T13:11:07.934+0000] {warnings.py:109} WARNING - /opt/***/dags/extract.py:132: SettingWithCopyWarning: 
A value is trying to be set on a copy of a slice from a DataFrame.
Try using .loc[row_indexer,col_indexer] = value instead

See the caveats in the documentation: https://pandas.pydata.org/pandas-docs/stable/user_guide/indexing.html#returning-a-view-versus-a-copy
  data_temp.loc[:, f"temp_m-{element}"] = data_temp['temperature'].shift(-element)

[2024-12-24T13:11:07.936+0000] {warnings.py:109} WARNING - /opt/***/dags/extract.py:129: SettingWithCopyWarning: 
A value is trying to be set on a copy of a slice from a DataFrame.
Try using .loc[row_indexer,col_indexer] = value instead

See the caveats in the documentation: https://pandas.pydata.org/pandas-docs/stable/user_guide/indexing.html#returning-a-view-versus-a-copy
  data_temp.loc[:, "target"] = data_temp['temperature'].shift(1)

[2024-12-24T13:11:07.936+0000] {warnings.py:109} WARNING - /opt/***/dags/extract.py:132: SettingWithCopyWarning: 
A value is trying to be set on a copy of a slice from a DataFrame.
Try using .loc[row_indexer,col_indexer] = value instead

See the caveats in the documentation: https://pandas.pydata.org/pandas-docs/stable/user_guide/indexing.html#returning-a-view-versus-a-copy
  data_temp.loc[:, f"temp_m-{element}"] = data_temp['temperature'].shift(-element)

[2024-12-24T13:11:07.937+0000] {warnings.py:109} WARNING - /opt/***/dags/extract.py:132: SettingWithCopyWarning: 
A value is trying to be set on a copy of a slice from a DataFrame.
Try using .loc[row_indexer,col_indexer] = value instead

See the caveats in the documentation: https://pandas.pydata.org/pandas-docs/stable/user_guide/indexing.html#returning-a-view-versus-a-copy
  data_temp.loc[:, f"temp_m-{element}"] = data_temp['temperature'].shift(-element)

[2024-12-24T13:11:07.937+0000] {warnings.py:109} WARNING - /opt/***/dags/extract.py:132: SettingWithCopyWarning: 
A value is trying to be set on a copy of a slice from a DataFrame.
Try using .loc[row_indexer,col_indexer] = value instead

See the caveats in the documentation: https://pandas.pydata.org/pandas-docs/stable/user_guide/indexing.html#returning-a-view-versus-a-copy
  data_temp.loc[:, f"temp_m-{element}"] = data_temp['temperature'].shift(-element)

[2024-12-24T13:11:07.938+0000] {warnings.py:109} WARNING - /opt/***/dags/extract.py:132: SettingWithCopyWarning: 
A value is trying to be set on a copy of a slice from a DataFrame.
Try using .loc[row_indexer,col_indexer] = value instead

See the caveats in the documentation: https://pandas.pydata.org/pandas-docs/stable/user_guide/indexing.html#returning-a-view-versus-a-copy
  data_temp.loc[:, f"temp_m-{element}"] = data_temp['temperature'].shift(-element)

[2024-12-24T13:11:07.938+0000] {warnings.py:109} WARNING - /opt/***/dags/extract.py:132: SettingWithCopyWarning: 
A value is trying to be set on a copy of a slice from a DataFrame.
Try using .loc[row_indexer,col_indexer] = value instead

See the caveats in the documentation: https://pandas.pydata.org/pandas-docs/stable/user_guide/indexing.html#returning-a-view-versus-a-copy
  data_temp.loc[:, f"temp_m-{element}"] = data_temp['temperature'].shift(-element)

[2024-12-24T13:11:07.939+0000] {warnings.py:109} WARNING - /opt/***/dags/extract.py:132: SettingWithCopyWarning: 
A value is trying to be set on a copy of a slice from a DataFrame.
Try using .loc[row_indexer,col_indexer] = value instead

See the caveats in the documentation: https://pandas.pydata.org/pandas-docs/stable/user_guide/indexing.html#returning-a-view-versus-a-copy
  data_temp.loc[:, f"temp_m-{element}"] = data_temp['temperature'].shift(-element)

[2024-12-24T13:11:07.939+0000] {warnings.py:109} WARNING - /opt/***/dags/extract.py:132: SettingWithCopyWarning: 
A value is trying to be set on a copy of a slice from a DataFrame.
Try using .loc[row_indexer,col_indexer] = value instead

See the caveats in the documentation: https://pandas.pydata.org/pandas-docs/stable/user_guide/indexing.html#returning-a-view-versus-a-copy
  data_temp.loc[:, f"temp_m-{element}"] = data_temp['temperature'].shift(-element)

[2024-12-24T13:11:07.939+0000] {warnings.py:109} WARNING - /opt/***/dags/extract.py:132: SettingWithCopyWarning: 
A value is trying to be set on a copy of a slice from a DataFrame.
Try using .loc[row_indexer,col_indexer] = value instead

See the caveats in the documentation: https://pandas.pydata.org/pandas-docs/stable/user_guide/indexing.html#returning-a-view-versus-a-copy
  data_temp.loc[:, f"temp_m-{element}"] = data_temp['temperature'].shift(-element)

[2024-12-24T13:11:07.940+0000] {warnings.py:109} WARNING - /opt/***/dags/extract.py:132: SettingWithCopyWarning: 
A value is trying to be set on a copy of a slice from a DataFrame.
Try using .loc[row_indexer,col_indexer] = value instead

See the caveats in the documentation: https://pandas.pydata.org/pandas-docs/stable/user_guide/indexing.html#returning-a-view-versus-a-copy
  data_temp.loc[:, f"temp_m-{element}"] = data_temp['temperature'].shift(-element)

[2024-12-24T13:11:07.941+0000] {warnings.py:109} WARNING - /opt/***/dags/extract.py:129: SettingWithCopyWarning: 
A value is trying to be set on a copy of a slice from a DataFrame.
Try using .loc[row_indexer,col_indexer] = value instead

See the caveats in the documentation: https://pandas.pydata.org/pandas-docs/stable/user_guide/indexing.html#returning-a-view-versus-a-copy
  data_temp.loc[:, "target"] = data_temp['temperature'].shift(1)

[2024-12-24T13:11:07.942+0000] {warnings.py:109} WARNING - /opt/***/dags/extract.py:132: SettingWithCopyWarning: 
A value is trying to be set on a copy of a slice from a DataFrame.
Try using .loc[row_indexer,col_indexer] = value instead

See the caveats in the documentation: https://pandas.pydata.org/pandas-docs/stable/user_guide/indexing.html#returning-a-view-versus-a-copy
  data_temp.loc[:, f"temp_m-{element}"] = data_temp['temperature'].shift(-element)

[2024-12-24T13:11:07.942+0000] {warnings.py:109} WARNING - /opt/***/dags/extract.py:132: SettingWithCopyWarning: 
A value is trying to be set on a copy of a slice from a DataFrame.
Try using .loc[row_indexer,col_indexer] = value instead

See the caveats in the documentation: https://pandas.pydata.org/pandas-docs/stable/user_guide/indexing.html#returning-a-view-versus-a-copy
  data_temp.loc[:, f"temp_m-{element}"] = data_temp['temperature'].shift(-element)

[2024-12-24T13:11:07.942+0000] {warnings.py:109} WARNING - /opt/***/dags/extract.py:132: SettingWithCopyWarning: 
A value is trying to be set on a copy of a slice from a DataFrame.
Try using .loc[row_indexer,col_indexer] = value instead

See the caveats in the documentation: https://pandas.pydata.org/pandas-docs/stable/user_guide/indexing.html#returning-a-view-versus-a-copy
  data_temp.loc[:, f"temp_m-{element}"] = data_temp['temperature'].shift(-element)

[2024-12-24T13:11:07.943+0000] {warnings.py:109} WARNING - /opt/***/dags/extract.py:132: SettingWithCopyWarning: 
A value is trying to be set on a copy of a slice from a DataFrame.
Try using .loc[row_indexer,col_indexer] = value instead

See the caveats in the documentation: https://pandas.pydata.org/pandas-docs/stable/user_guide/indexing.html#returning-a-view-versus-a-copy
  data_temp.loc[:, f"temp_m-{element}"] = data_temp['temperature'].shift(-element)

[2024-12-24T13:11:07.943+0000] {warnings.py:109} WARNING - /opt/***/dags/extract.py:132: SettingWithCopyWarning: 
A value is trying to be set on a copy of a slice from a DataFrame.
Try using .loc[row_indexer,col_indexer] = value instead

See the caveats in the documentation: https://pandas.pydata.org/pandas-docs/stable/user_guide/indexing.html#returning-a-view-versus-a-copy
  data_temp.loc[:, f"temp_m-{element}"] = data_temp['temperature'].shift(-element)

[2024-12-24T13:11:07.944+0000] {warnings.py:109} WARNING - /opt/***/dags/extract.py:132: SettingWithCopyWarning: 
A value is trying to be set on a copy of a slice from a DataFrame.
Try using .loc[row_indexer,col_indexer] = value instead

See the caveats in the documentation: https://pandas.pydata.org/pandas-docs/stable/user_guide/indexing.html#returning-a-view-versus-a-copy
  data_temp.loc[:, f"temp_m-{element}"] = data_temp['temperature'].shift(-element)

[2024-12-24T13:11:07.944+0000] {warnings.py:109} WARNING - /opt/***/dags/extract.py:132: SettingWithCopyWarning: 
A value is trying to be set on a copy of a slice from a DataFrame.
Try using .loc[row_indexer,col_indexer] = value instead

See the caveats in the documentation: https://pandas.pydata.org/pandas-docs/stable/user_guide/indexing.html#returning-a-view-versus-a-copy
  data_temp.loc[:, f"temp_m-{element}"] = data_temp['temperature'].shift(-element)

[2024-12-24T13:11:07.944+0000] {warnings.py:109} WARNING - /opt/***/dags/extract.py:132: SettingWithCopyWarning: 
A value is trying to be set on a copy of a slice from a DataFrame.
Try using .loc[row_indexer,col_indexer] = value instead

See the caveats in the documentation: https://pandas.pydata.org/pandas-docs/stable/user_guide/indexing.html#returning-a-view-versus-a-copy
  data_temp.loc[:, f"temp_m-{element}"] = data_temp['temperature'].shift(-element)

[2024-12-24T13:11:07.945+0000] {warnings.py:109} WARNING - /opt/***/dags/extract.py:132: SettingWithCopyWarning: 
A value is trying to be set on a copy of a slice from a DataFrame.
Try using .loc[row_indexer,col_indexer] = value instead

See the caveats in the documentation: https://pandas.pydata.org/pandas-docs/stable/user_guide/indexing.html#returning-a-view-versus-a-copy
  data_temp.loc[:, f"temp_m-{element}"] = data_temp['temperature'].shift(-element)

[2024-12-24T13:11:07.946+0000] {warnings.py:109} WARNING - /opt/***/dags/extract.py:129: SettingWithCopyWarning: 
A value is trying to be set on a copy of a slice from a DataFrame.
Try using .loc[row_indexer,col_indexer] = value instead

See the caveats in the documentation: https://pandas.pydata.org/pandas-docs/stable/user_guide/indexing.html#returning-a-view-versus-a-copy
  data_temp.loc[:, "target"] = data_temp['temperature'].shift(1)

[2024-12-24T13:11:07.946+0000] {warnings.py:109} WARNING - /opt/***/dags/extract.py:132: SettingWithCopyWarning: 
A value is trying to be set on a copy of a slice from a DataFrame.
Try using .loc[row_indexer,col_indexer] = value instead

See the caveats in the documentation: https://pandas.pydata.org/pandas-docs/stable/user_guide/indexing.html#returning-a-view-versus-a-copy
  data_temp.loc[:, f"temp_m-{element}"] = data_temp['temperature'].shift(-element)

[2024-12-24T13:11:07.947+0000] {warnings.py:109} WARNING - /opt/***/dags/extract.py:132: SettingWithCopyWarning: 
A value is trying to be set on a copy of a slice from a DataFrame.
Try using .loc[row_indexer,col_indexer] = value instead

See the caveats in the documentation: https://pandas.pydata.org/pandas-docs/stable/user_guide/indexing.html#returning-a-view-versus-a-copy
  data_temp.loc[:, f"temp_m-{element}"] = data_temp['temperature'].shift(-element)

[2024-12-24T13:11:07.947+0000] {warnings.py:109} WARNING - /opt/***/dags/extract.py:132: SettingWithCopyWarning: 
A value is trying to be set on a copy of a slice from a DataFrame.
Try using .loc[row_indexer,col_indexer] = value instead

See the caveats in the documentation: https://pandas.pydata.org/pandas-docs/stable/user_guide/indexing.html#returning-a-view-versus-a-copy
  data_temp.loc[:, f"temp_m-{element}"] = data_temp['temperature'].shift(-element)

[2024-12-24T13:11:07.948+0000] {warnings.py:109} WARNING - /opt/***/dags/extract.py:132: SettingWithCopyWarning: 
A value is trying to be set on a copy of a slice from a DataFrame.
Try using .loc[row_indexer,col_indexer] = value instead

See the caveats in the documentation: https://pandas.pydata.org/pandas-docs/stable/user_guide/indexing.html#returning-a-view-versus-a-copy
  data_temp.loc[:, f"temp_m-{element}"] = data_temp['temperature'].shift(-element)

[2024-12-24T13:11:07.948+0000] {warnings.py:109} WARNING - /opt/***/dags/extract.py:132: SettingWithCopyWarning: 
A value is trying to be set on a copy of a slice from a DataFrame.
Try using .loc[row_indexer,col_indexer] = value instead

See the caveats in the documentation: https://pandas.pydata.org/pandas-docs/stable/user_guide/indexing.html#returning-a-view-versus-a-copy
  data_temp.loc[:, f"temp_m-{element}"] = data_temp['temperature'].shift(-element)

[2024-12-24T13:11:07.948+0000] {warnings.py:109} WARNING - /opt/***/dags/extract.py:132: SettingWithCopyWarning: 
A value is trying to be set on a copy of a slice from a DataFrame.
Try using .loc[row_indexer,col_indexer] = value instead

See the caveats in the documentation: https://pandas.pydata.org/pandas-docs/stable/user_guide/indexing.html#returning-a-view-versus-a-copy
  data_temp.loc[:, f"temp_m-{element}"] = data_temp['temperature'].shift(-element)

[2024-12-24T13:11:07.949+0000] {warnings.py:109} WARNING - /opt/***/dags/extract.py:132: SettingWithCopyWarning: 
A value is trying to be set on a copy of a slice from a DataFrame.
Try using .loc[row_indexer,col_indexer] = value instead

See the caveats in the documentation: https://pandas.pydata.org/pandas-docs/stable/user_guide/indexing.html#returning-a-view-versus-a-copy
  data_temp.loc[:, f"temp_m-{element}"] = data_temp['temperature'].shift(-element)

[2024-12-24T13:11:07.949+0000] {warnings.py:109} WARNING - /opt/***/dags/extract.py:132: SettingWithCopyWarning: 
A value is trying to be set on a copy of a slice from a DataFrame.
Try using .loc[row_indexer,col_indexer] = value instead

See the caveats in the documentation: https://pandas.pydata.org/pandas-docs/stable/user_guide/indexing.html#returning-a-view-versus-a-copy
  data_temp.loc[:, f"temp_m-{element}"] = data_temp['temperature'].shift(-element)

[2024-12-24T13:11:07.950+0000] {warnings.py:109} WARNING - /opt/***/dags/extract.py:132: SettingWithCopyWarning: 
A value is trying to be set on a copy of a slice from a DataFrame.
Try using .loc[row_indexer,col_indexer] = value instead

See the caveats in the documentation: https://pandas.pydata.org/pandas-docs/stable/user_guide/indexing.html#returning-a-view-versus-a-copy
  data_temp.loc[:, f"temp_m-{element}"] = data_temp['temperature'].shift(-element)

[2024-12-24T13:11:07.951+0000] {warnings.py:109} WARNING - /opt/***/dags/extract.py:129: SettingWithCopyWarning: 
A value is trying to be set on a copy of a slice from a DataFrame.
Try using .loc[row_indexer,col_indexer] = value instead

See the caveats in the documentation: https://pandas.pydata.org/pandas-docs/stable/user_guide/indexing.html#returning-a-view-versus-a-copy
  data_temp.loc[:, "target"] = data_temp['temperature'].shift(1)

[2024-12-24T13:11:07.951+0000] {warnings.py:109} WARNING - /opt/***/dags/extract.py:132: SettingWithCopyWarning: 
A value is trying to be set on a copy of a slice from a DataFrame.
Try using .loc[row_indexer,col_indexer] = value instead

See the caveats in the documentation: https://pandas.pydata.org/pandas-docs/stable/user_guide/indexing.html#returning-a-view-versus-a-copy
  data_temp.loc[:, f"temp_m-{element}"] = data_temp['temperature'].shift(-element)

[2024-12-24T13:11:07.952+0000] {warnings.py:109} WARNING - /opt/***/dags/extract.py:132: SettingWithCopyWarning: 
A value is trying to be set on a copy of a slice from a DataFrame.
Try using .loc[row_indexer,col_indexer] = value instead

See the caveats in the documentation: https://pandas.pydata.org/pandas-docs/stable/user_guide/indexing.html#returning-a-view-versus-a-copy
  data_temp.loc[:, f"temp_m-{element}"] = data_temp['temperature'].shift(-element)

[2024-12-24T13:11:07.952+0000] {warnings.py:109} WARNING - /opt/***/dags/extract.py:132: SettingWithCopyWarning: 
A value is trying to be set on a copy of a slice from a DataFrame.
Try using .loc[row_indexer,col_indexer] = value instead

See the caveats in the documentation: https://pandas.pydata.org/pandas-docs/stable/user_guide/indexing.html#returning-a-view-versus-a-copy
  data_temp.loc[:, f"temp_m-{element}"] = data_temp['temperature'].shift(-element)

[2024-12-24T13:11:07.953+0000] {warnings.py:109} WARNING - /opt/***/dags/extract.py:132: SettingWithCopyWarning: 
A value is trying to be set on a copy of a slice from a DataFrame.
Try using .loc[row_indexer,col_indexer] = value instead

See the caveats in the documentation: https://pandas.pydata.org/pandas-docs/stable/user_guide/indexing.html#returning-a-view-versus-a-copy
  data_temp.loc[:, f"temp_m-{element}"] = data_temp['temperature'].shift(-element)

[2024-12-24T13:11:07.953+0000] {warnings.py:109} WARNING - /opt/***/dags/extract.py:132: SettingWithCopyWarning: 
A value is trying to be set on a copy of a slice from a DataFrame.
Try using .loc[row_indexer,col_indexer] = value instead

See the caveats in the documentation: https://pandas.pydata.org/pandas-docs/stable/user_guide/indexing.html#returning-a-view-versus-a-copy
  data_temp.loc[:, f"temp_m-{element}"] = data_temp['temperature'].shift(-element)

[2024-12-24T13:11:07.954+0000] {warnings.py:109} WARNING - /opt/***/dags/extract.py:132: SettingWithCopyWarning: 
A value is trying to be set on a copy of a slice from a DataFrame.
Try using .loc[row_indexer,col_indexer] = value instead

See the caveats in the documentation: https://pandas.pydata.org/pandas-docs/stable/user_guide/indexing.html#returning-a-view-versus-a-copy
  data_temp.loc[:, f"temp_m-{element}"] = data_temp['temperature'].shift(-element)

[2024-12-24T13:11:07.954+0000] {warnings.py:109} WARNING - /opt/***/dags/extract.py:132: SettingWithCopyWarning: 
A value is trying to be set on a copy of a slice from a DataFrame.
Try using .loc[row_indexer,col_indexer] = value instead

See the caveats in the documentation: https://pandas.pydata.org/pandas-docs/stable/user_guide/indexing.html#returning-a-view-versus-a-copy
  data_temp.loc[:, f"temp_m-{element}"] = data_temp['temperature'].shift(-element)

[2024-12-24T13:11:07.954+0000] {warnings.py:109} WARNING - /opt/***/dags/extract.py:132: SettingWithCopyWarning: 
A value is trying to be set on a copy of a slice from a DataFrame.
Try using .loc[row_indexer,col_indexer] = value instead

See the caveats in the documentation: https://pandas.pydata.org/pandas-docs/stable/user_guide/indexing.html#returning-a-view-versus-a-copy
  data_temp.loc[:, f"temp_m-{element}"] = data_temp['temperature'].shift(-element)

[2024-12-24T13:11:07.955+0000] {warnings.py:109} WARNING - /opt/***/dags/extract.py:132: SettingWithCopyWarning: 
A value is trying to be set on a copy of a slice from a DataFrame.
Try using .loc[row_indexer,col_indexer] = value instead

See the caveats in the documentation: https://pandas.pydata.org/pandas-docs/stable/user_guide/indexing.html#returning-a-view-versus-a-copy
  data_temp.loc[:, f"temp_m-{element}"] = data_temp['temperature'].shift(-element)

[2024-12-24T13:11:07.956+0000] {warnings.py:109} WARNING - /opt/***/dags/extract.py:129: SettingWithCopyWarning: 
A value is trying to be set on a copy of a slice from a DataFrame.
Try using .loc[row_indexer,col_indexer] = value instead

See the caveats in the documentation: https://pandas.pydata.org/pandas-docs/stable/user_guide/indexing.html#returning-a-view-versus-a-copy
  data_temp.loc[:, "target"] = data_temp['temperature'].shift(1)

[2024-12-24T13:11:07.957+0000] {warnings.py:109} WARNING - /opt/***/dags/extract.py:132: SettingWithCopyWarning: 
A value is trying to be set on a copy of a slice from a DataFrame.
Try using .loc[row_indexer,col_indexer] = value instead

See the caveats in the documentation: https://pandas.pydata.org/pandas-docs/stable/user_guide/indexing.html#returning-a-view-versus-a-copy
  data_temp.loc[:, f"temp_m-{element}"] = data_temp['temperature'].shift(-element)

[2024-12-24T13:11:07.957+0000] {warnings.py:109} WARNING - /opt/***/dags/extract.py:132: SettingWithCopyWarning: 
A value is trying to be set on a copy of a slice from a DataFrame.
Try using .loc[row_indexer,col_indexer] = value instead

See the caveats in the documentation: https://pandas.pydata.org/pandas-docs/stable/user_guide/indexing.html#returning-a-view-versus-a-copy
  data_temp.loc[:, f"temp_m-{element}"] = data_temp['temperature'].shift(-element)

[2024-12-24T13:11:07.957+0000] {warnings.py:109} WARNING - /opt/***/dags/extract.py:132: SettingWithCopyWarning: 
A value is trying to be set on a copy of a slice from a DataFrame.
Try using .loc[row_indexer,col_indexer] = value instead

See the caveats in the documentation: https://pandas.pydata.org/pandas-docs/stable/user_guide/indexing.html#returning-a-view-versus-a-copy
  data_temp.loc[:, f"temp_m-{element}"] = data_temp['temperature'].shift(-element)

[2024-12-24T13:11:07.958+0000] {warnings.py:109} WARNING - /opt/***/dags/extract.py:132: SettingWithCopyWarning: 
A value is trying to be set on a copy of a slice from a DataFrame.
Try using .loc[row_indexer,col_indexer] = value instead

See the caveats in the documentation: https://pandas.pydata.org/pandas-docs/stable/user_guide/indexing.html#returning-a-view-versus-a-copy
  data_temp.loc[:, f"temp_m-{element}"] = data_temp['temperature'].shift(-element)

[2024-12-24T13:11:07.958+0000] {warnings.py:109} WARNING - /opt/***/dags/extract.py:132: SettingWithCopyWarning: 
A value is trying to be set on a copy of a slice from a DataFrame.
Try using .loc[row_indexer,col_indexer] = value instead

See the caveats in the documentation: https://pandas.pydata.org/pandas-docs/stable/user_guide/indexing.html#returning-a-view-versus-a-copy
  data_temp.loc[:, f"temp_m-{element}"] = data_temp['temperature'].shift(-element)

[2024-12-24T13:11:07.958+0000] {warnings.py:109} WARNING - /opt/***/dags/extract.py:132: SettingWithCopyWarning: 
A value is trying to be set on a copy of a slice from a DataFrame.
Try using .loc[row_indexer,col_indexer] = value instead

See the caveats in the documentation: https://pandas.pydata.org/pandas-docs/stable/user_guide/indexing.html#returning-a-view-versus-a-copy
  data_temp.loc[:, f"temp_m-{element}"] = data_temp['temperature'].shift(-element)

[2024-12-24T13:11:07.959+0000] {warnings.py:109} WARNING - /opt/***/dags/extract.py:132: SettingWithCopyWarning: 
A value is trying to be set on a copy of a slice from a DataFrame.
Try using .loc[row_indexer,col_indexer] = value instead

See the caveats in the documentation: https://pandas.pydata.org/pandas-docs/stable/user_guide/indexing.html#returning-a-view-versus-a-copy
  data_temp.loc[:, f"temp_m-{element}"] = data_temp['temperature'].shift(-element)

[2024-12-24T13:11:07.959+0000] {warnings.py:109} WARNING - /opt/***/dags/extract.py:132: SettingWithCopyWarning: 
A value is trying to be set on a copy of a slice from a DataFrame.
Try using .loc[row_indexer,col_indexer] = value instead

See the caveats in the documentation: https://pandas.pydata.org/pandas-docs/stable/user_guide/indexing.html#returning-a-view-versus-a-copy
  data_temp.loc[:, f"temp_m-{element}"] = data_temp['temperature'].shift(-element)

[2024-12-24T13:11:07.960+0000] {warnings.py:109} WARNING - /opt/***/dags/extract.py:132: SettingWithCopyWarning: 
A value is trying to be set on a copy of a slice from a DataFrame.
Try using .loc[row_indexer,col_indexer] = value instead

See the caveats in the documentation: https://pandas.pydata.org/pandas-docs/stable/user_guide/indexing.html#returning-a-view-versus-a-copy
  data_temp.loc[:, f"temp_m-{element}"] = data_temp['temperature'].shift(-element)

[2024-12-24T13:11:07.961+0000] {warnings.py:109} WARNING - /opt/***/dags/extract.py:129: SettingWithCopyWarning: 
A value is trying to be set on a copy of a slice from a DataFrame.
Try using .loc[row_indexer,col_indexer] = value instead

See the caveats in the documentation: https://pandas.pydata.org/pandas-docs/stable/user_guide/indexing.html#returning-a-view-versus-a-copy
  data_temp.loc[:, "target"] = data_temp['temperature'].shift(1)

[2024-12-24T13:11:07.961+0000] {warnings.py:109} WARNING - /opt/***/dags/extract.py:132: SettingWithCopyWarning: 
A value is trying to be set on a copy of a slice from a DataFrame.
Try using .loc[row_indexer,col_indexer] = value instead

See the caveats in the documentation: https://pandas.pydata.org/pandas-docs/stable/user_guide/indexing.html#returning-a-view-versus-a-copy
  data_temp.loc[:, f"temp_m-{element}"] = data_temp['temperature'].shift(-element)

[2024-12-24T13:11:07.962+0000] {warnings.py:109} WARNING - /opt/***/dags/extract.py:132: SettingWithCopyWarning: 
A value is trying to be set on a copy of a slice from a DataFrame.
Try using .loc[row_indexer,col_indexer] = value instead

See the caveats in the documentation: https://pandas.pydata.org/pandas-docs/stable/user_guide/indexing.html#returning-a-view-versus-a-copy
  data_temp.loc[:, f"temp_m-{element}"] = data_temp['temperature'].shift(-element)

[2024-12-24T13:11:07.962+0000] {warnings.py:109} WARNING - /opt/***/dags/extract.py:132: SettingWithCopyWarning: 
A value is trying to be set on a copy of a slice from a DataFrame.
Try using .loc[row_indexer,col_indexer] = value instead

See the caveats in the documentation: https://pandas.pydata.org/pandas-docs/stable/user_guide/indexing.html#returning-a-view-versus-a-copy
  data_temp.loc[:, f"temp_m-{element}"] = data_temp['temperature'].shift(-element)

[2024-12-24T13:11:07.963+0000] {warnings.py:109} WARNING - /opt/***/dags/extract.py:132: SettingWithCopyWarning: 
A value is trying to be set on a copy of a slice from a DataFrame.
Try using .loc[row_indexer,col_indexer] = value instead

See the caveats in the documentation: https://pandas.pydata.org/pandas-docs/stable/user_guide/indexing.html#returning-a-view-versus-a-copy
  data_temp.loc[:, f"temp_m-{element}"] = data_temp['temperature'].shift(-element)

[2024-12-24T13:11:07.963+0000] {warnings.py:109} WARNING - /opt/***/dags/extract.py:132: SettingWithCopyWarning: 
A value is trying to be set on a copy of a slice from a DataFrame.
Try using .loc[row_indexer,col_indexer] = value instead

See the caveats in the documentation: https://pandas.pydata.org/pandas-docs/stable/user_guide/indexing.html#returning-a-view-versus-a-copy
  data_temp.loc[:, f"temp_m-{element}"] = data_temp['temperature'].shift(-element)

[2024-12-24T13:11:07.963+0000] {warnings.py:109} WARNING - /opt/***/dags/extract.py:132: SettingWithCopyWarning: 
A value is trying to be set on a copy of a slice from a DataFrame.
Try using .loc[row_indexer,col_indexer] = value instead

See the caveats in the documentation: https://pandas.pydata.org/pandas-docs/stable/user_guide/indexing.html#returning-a-view-versus-a-copy
  data_temp.loc[:, f"temp_m-{element}"] = data_temp['temperature'].shift(-element)

[2024-12-24T13:11:07.964+0000] {warnings.py:109} WARNING - /opt/***/dags/extract.py:132: SettingWithCopyWarning: 
A value is trying to be set on a copy of a slice from a DataFrame.
Try using .loc[row_indexer,col_indexer] = value instead

See the caveats in the documentation: https://pandas.pydata.org/pandas-docs/stable/user_guide/indexing.html#returning-a-view-versus-a-copy
  data_temp.loc[:, f"temp_m-{element}"] = data_temp['temperature'].shift(-element)

[2024-12-24T13:11:07.964+0000] {warnings.py:109} WARNING - /opt/***/dags/extract.py:132: SettingWithCopyWarning: 
A value is trying to be set on a copy of a slice from a DataFrame.
Try using .loc[row_indexer,col_indexer] = value instead

See the caveats in the documentation: https://pandas.pydata.org/pandas-docs/stable/user_guide/indexing.html#returning-a-view-versus-a-copy
  data_temp.loc[:, f"temp_m-{element}"] = data_temp['temperature'].shift(-element)

[2024-12-24T13:11:07.965+0000] {warnings.py:109} WARNING - /opt/***/dags/extract.py:132: SettingWithCopyWarning: 
A value is trying to be set on a copy of a slice from a DataFrame.
Try using .loc[row_indexer,col_indexer] = value instead

See the caveats in the documentation: https://pandas.pydata.org/pandas-docs/stable/user_guide/indexing.html#returning-a-view-versus-a-copy
  data_temp.loc[:, f"temp_m-{element}"] = data_temp['temperature'].shift(-element)

[2024-12-24T13:11:07.966+0000] {warnings.py:109} WARNING - /opt/***/dags/extract.py:129: SettingWithCopyWarning: 
A value is trying to be set on a copy of a slice from a DataFrame.
Try using .loc[row_indexer,col_indexer] = value instead

See the caveats in the documentation: https://pandas.pydata.org/pandas-docs/stable/user_guide/indexing.html#returning-a-view-versus-a-copy
  data_temp.loc[:, "target"] = data_temp['temperature'].shift(1)

[2024-12-24T13:11:07.966+0000] {warnings.py:109} WARNING - /opt/***/dags/extract.py:132: SettingWithCopyWarning: 
A value is trying to be set on a copy of a slice from a DataFrame.
Try using .loc[row_indexer,col_indexer] = value instead

See the caveats in the documentation: https://pandas.pydata.org/pandas-docs/stable/user_guide/indexing.html#returning-a-view-versus-a-copy
  data_temp.loc[:, f"temp_m-{element}"] = data_temp['temperature'].shift(-element)

[2024-12-24T13:11:07.967+0000] {warnings.py:109} WARNING - /opt/***/dags/extract.py:132: SettingWithCopyWarning: 
A value is trying to be set on a copy of a slice from a DataFrame.
Try using .loc[row_indexer,col_indexer] = value instead

See the caveats in the documentation: https://pandas.pydata.org/pandas-docs/stable/user_guide/indexing.html#returning-a-view-versus-a-copy
  data_temp.loc[:, f"temp_m-{element}"] = data_temp['temperature'].shift(-element)

[2024-12-24T13:11:07.967+0000] {warnings.py:109} WARNING - /opt/***/dags/extract.py:132: SettingWithCopyWarning: 
A value is trying to be set on a copy of a slice from a DataFrame.
Try using .loc[row_indexer,col_indexer] = value instead

See the caveats in the documentation: https://pandas.pydata.org/pandas-docs/stable/user_guide/indexing.html#returning-a-view-versus-a-copy
  data_temp.loc[:, f"temp_m-{element}"] = data_temp['temperature'].shift(-element)

[2024-12-24T13:11:07.967+0000] {warnings.py:109} WARNING - /opt/***/dags/extract.py:132: SettingWithCopyWarning: 
A value is trying to be set on a copy of a slice from a DataFrame.
Try using .loc[row_indexer,col_indexer] = value instead

See the caveats in the documentation: https://pandas.pydata.org/pandas-docs/stable/user_guide/indexing.html#returning-a-view-versus-a-copy
  data_temp.loc[:, f"temp_m-{element}"] = data_temp['temperature'].shift(-element)

[2024-12-24T13:11:07.968+0000] {warnings.py:109} WARNING - /opt/***/dags/extract.py:132: SettingWithCopyWarning: 
A value is trying to be set on a copy of a slice from a DataFrame.
Try using .loc[row_indexer,col_indexer] = value instead

See the caveats in the documentation: https://pandas.pydata.org/pandas-docs/stable/user_guide/indexing.html#returning-a-view-versus-a-copy
  data_temp.loc[:, f"temp_m-{element}"] = data_temp['temperature'].shift(-element)

[2024-12-24T13:11:07.968+0000] {warnings.py:109} WARNING - /opt/***/dags/extract.py:132: SettingWithCopyWarning: 
A value is trying to be set on a copy of a slice from a DataFrame.
Try using .loc[row_indexer,col_indexer] = value instead

See the caveats in the documentation: https://pandas.pydata.org/pandas-docs/stable/user_guide/indexing.html#returning-a-view-versus-a-copy
  data_temp.loc[:, f"temp_m-{element}"] = data_temp['temperature'].shift(-element)

[2024-12-24T13:11:07.969+0000] {warnings.py:109} WARNING - /opt/***/dags/extract.py:132: SettingWithCopyWarning: 
A value is trying to be set on a copy of a slice from a DataFrame.
Try using .loc[row_indexer,col_indexer] = value instead

See the caveats in the documentation: https://pandas.pydata.org/pandas-docs/stable/user_guide/indexing.html#returning-a-view-versus-a-copy
  data_temp.loc[:, f"temp_m-{element}"] = data_temp['temperature'].shift(-element)

[2024-12-24T13:11:07.969+0000] {warnings.py:109} WARNING - /opt/***/dags/extract.py:132: SettingWithCopyWarning: 
A value is trying to be set on a copy of a slice from a DataFrame.
Try using .loc[row_indexer,col_indexer] = value instead

See the caveats in the documentation: https://pandas.pydata.org/pandas-docs/stable/user_guide/indexing.html#returning-a-view-versus-a-copy
  data_temp.loc[:, f"temp_m-{element}"] = data_temp['temperature'].shift(-element)

[2024-12-24T13:11:07.969+0000] {warnings.py:109} WARNING - /opt/***/dags/extract.py:132: SettingWithCopyWarning: 
A value is trying to be set on a copy of a slice from a DataFrame.
Try using .loc[row_indexer,col_indexer] = value instead

See the caveats in the documentation: https://pandas.pydata.org/pandas-docs/stable/user_guide/indexing.html#returning-a-view-versus-a-copy
  data_temp.loc[:, f"temp_m-{element}"] = data_temp['temperature'].shift(-element)

[2024-12-24T13:11:07.972+0000] {warnings.py:109} WARNING - /opt/***/dags/extract.py:129: SettingWithCopyWarning: 
A value is trying to be set on a copy of a slice from a DataFrame.
Try using .loc[row_indexer,col_indexer] = value instead

See the caveats in the documentation: https://pandas.pydata.org/pandas-docs/stable/user_guide/indexing.html#returning-a-view-versus-a-copy
  data_temp.loc[:, "target"] = data_temp['temperature'].shift(1)

[2024-12-24T13:11:07.972+0000] {warnings.py:109} WARNING - /opt/***/dags/extract.py:132: SettingWithCopyWarning: 
A value is trying to be set on a copy of a slice from a DataFrame.
Try using .loc[row_indexer,col_indexer] = value instead

See the caveats in the documentation: https://pandas.pydata.org/pandas-docs/stable/user_guide/indexing.html#returning-a-view-versus-a-copy
  data_temp.loc[:, f"temp_m-{element}"] = data_temp['temperature'].shift(-element)

[2024-12-24T13:11:07.972+0000] {warnings.py:109} WARNING - /opt/***/dags/extract.py:132: SettingWithCopyWarning: 
A value is trying to be set on a copy of a slice from a DataFrame.
Try using .loc[row_indexer,col_indexer] = value instead

See the caveats in the documentation: https://pandas.pydata.org/pandas-docs/stable/user_guide/indexing.html#returning-a-view-versus-a-copy
  data_temp.loc[:, f"temp_m-{element}"] = data_temp['temperature'].shift(-element)

[2024-12-24T13:11:07.973+0000] {warnings.py:109} WARNING - /opt/***/dags/extract.py:132: SettingWithCopyWarning: 
A value is trying to be set on a copy of a slice from a DataFrame.
Try using .loc[row_indexer,col_indexer] = value instead

See the caveats in the documentation: https://pandas.pydata.org/pandas-docs/stable/user_guide/indexing.html#returning-a-view-versus-a-copy
  data_temp.loc[:, f"temp_m-{element}"] = data_temp['temperature'].shift(-element)

[2024-12-24T13:11:07.973+0000] {warnings.py:109} WARNING - /opt/***/dags/extract.py:132: SettingWithCopyWarning: 
A value is trying to be set on a copy of a slice from a DataFrame.
Try using .loc[row_indexer,col_indexer] = value instead

See the caveats in the documentation: https://pandas.pydata.org/pandas-docs/stable/user_guide/indexing.html#returning-a-view-versus-a-copy
  data_temp.loc[:, f"temp_m-{element}"] = data_temp['temperature'].shift(-element)

[2024-12-24T13:11:07.974+0000] {warnings.py:109} WARNING - /opt/***/dags/extract.py:132: SettingWithCopyWarning: 
A value is trying to be set on a copy of a slice from a DataFrame.
Try using .loc[row_indexer,col_indexer] = value instead

See the caveats in the documentation: https://pandas.pydata.org/pandas-docs/stable/user_guide/indexing.html#returning-a-view-versus-a-copy
  data_temp.loc[:, f"temp_m-{element}"] = data_temp['temperature'].shift(-element)

[2024-12-24T13:11:07.974+0000] {warnings.py:109} WARNING - /opt/***/dags/extract.py:132: SettingWithCopyWarning: 
A value is trying to be set on a copy of a slice from a DataFrame.
Try using .loc[row_indexer,col_indexer] = value instead

See the caveats in the documentation: https://pandas.pydata.org/pandas-docs/stable/user_guide/indexing.html#returning-a-view-versus-a-copy
  data_temp.loc[:, f"temp_m-{element}"] = data_temp['temperature'].shift(-element)

[2024-12-24T13:11:07.974+0000] {warnings.py:109} WARNING - /opt/***/dags/extract.py:132: SettingWithCopyWarning: 
A value is trying to be set on a copy of a slice from a DataFrame.
Try using .loc[row_indexer,col_indexer] = value instead

See the caveats in the documentation: https://pandas.pydata.org/pandas-docs/stable/user_guide/indexing.html#returning-a-view-versus-a-copy
  data_temp.loc[:, f"temp_m-{element}"] = data_temp['temperature'].shift(-element)

[2024-12-24T13:11:07.975+0000] {warnings.py:109} WARNING - /opt/***/dags/extract.py:132: SettingWithCopyWarning: 
A value is trying to be set on a copy of a slice from a DataFrame.
Try using .loc[row_indexer,col_indexer] = value instead

See the caveats in the documentation: https://pandas.pydata.org/pandas-docs/stable/user_guide/indexing.html#returning-a-view-versus-a-copy
  data_temp.loc[:, f"temp_m-{element}"] = data_temp['temperature'].shift(-element)

[2024-12-24T13:11:07.975+0000] {warnings.py:109} WARNING - /opt/***/dags/extract.py:132: SettingWithCopyWarning: 
A value is trying to be set on a copy of a slice from a DataFrame.
Try using .loc[row_indexer,col_indexer] = value instead

See the caveats in the documentation: https://pandas.pydata.org/pandas-docs/stable/user_guide/indexing.html#returning-a-view-versus-a-copy
  data_temp.loc[:, f"temp_m-{element}"] = data_temp['temperature'].shift(-element)

[2024-12-24T13:11:07.980+0000] {python.py:201} INFO - Done. Returned value was:       temperature  pression  ...  city_New York  city_Toulouse
2495       274.02      1031  ...          False          False
2486       274.02      1031  ...          False          False
2477       274.02      1031  ...          False          False
2468       274.02      1031  ...          False          False
2459       274.02      1031  ...          False          False
...           ...       ...  ...            ...            ...
117        284.14      1029  ...          False           True
108        284.14      1029  ...          False           True
99         284.14      1029  ...          False           True
90         284.14      1029  ...          False           True
81         284.14      1029  ...          False           True

[2421 rows x 21 columns]
[2024-12-24T13:11:08.035+0000] {taskinstance.py:1138} INFO - Marking task as SUCCESS. dag_id=weather_dag, task_id=preprocessing_data, execution_date=20241224T131000, start_date=20241224T131107, end_date=20241224T131108
[2024-12-24T13:11:08.099+0000] {local_task_job_runner.py:234} INFO - Task exited with return code 0
[2024-12-24T13:11:08.118+0000] {taskinstance.py:3280} INFO - 3 downstream tasks scheduled from follow-on schedule check
