[2024-12-23T08:39:08.973+0000] {taskinstance.py:1956} INFO - Dependencies all met for dep_context=non-requeueable deps ti=<TaskInstance: weather_dag.prepare_data manual__2024-12-23T08:39:01.869959+00:00 [queued]>
[2024-12-23T08:39:08.979+0000] {taskinstance.py:1956} INFO - Dependencies all met for dep_context=requeueable deps ti=<TaskInstance: weather_dag.prepare_data manual__2024-12-23T08:39:01.869959+00:00 [queued]>
[2024-12-23T08:39:08.979+0000] {taskinstance.py:2170} INFO - Starting attempt 1 of 3
[2024-12-23T08:39:08.989+0000] {taskinstance.py:2191} INFO - Executing <Task(PythonOperator): prepare_data> on 2024-12-23 08:39:01.869959+00:00
[2024-12-23T08:39:08.994+0000] {standard_task_runner.py:60} INFO - Started process 430 to run task
[2024-12-23T08:39:08.997+0000] {standard_task_runner.py:87} INFO - Running: ['***', 'tasks', 'run', 'weather_dag', 'prepare_data', 'manual__2024-12-23T08:39:01.869959+00:00', '--job-id', '154', '--raw', '--subdir', 'DAGS_FOLDER/extract.py', '--cfg-path', '/tmp/tmptnv_b4_u']
[2024-12-23T08:39:08.997+0000] {standard_task_runner.py:88} INFO - Job 154: Subtask prepare_data
[2024-12-23T08:39:09.010+0000] {warnings.py:109} WARNING - /home/***/.local/lib/python3.8/site-packages/***/settings.py:194: DeprecationWarning: The sql_alchemy_conn option in [core] has been moved to the sql_alchemy_conn option in [database] - the old setting has been used, but please update your config.
  SQL_ALCHEMY_CONN = conf.get("database", "SQL_ALCHEMY_CONN")

[2024-12-23T08:39:09.038+0000] {task_command.py:423} INFO - Running <TaskInstance: weather_dag.prepare_data manual__2024-12-23T08:39:01.869959+00:00 [running]> on host b853fb0270cd
[2024-12-23T08:39:09.112+0000] {taskinstance.py:2480} INFO - Exporting env vars: AIRFLOW_CTX_DAG_EMAIL='thiernosidybah232@gmail.com' AIRFLOW_CTX_DAG_OWNER='***' AIRFLOW_CTX_DAG_ID='weather_dag' AIRFLOW_CTX_TASK_ID='prepare_data' AIRFLOW_CTX_EXECUTION_DATE='2024-12-23T08:39:01.869959+00:00' AIRFLOW_CTX_TRY_NUMBER='1' AIRFLOW_CTX_DAG_RUN_ID='manual__2024-12-23T08:39:01.869959+00:00'
[2024-12-23T08:39:09.121+0000] {python.py:201} INFO - Done. Returned value was:      temperature                         city  pression                 date
0         279.14                     Toulouse      1028  2024-12-23 08:35:38
1         279.11     Arrondissement de Nantes      1029  2024-12-23 08:35:38
2         268.46   Arrondissement de Grenoble      1017  2024-12-23 08:35:38
3         277.22  Arrondissement de Marseille      1015  2024-12-23 08:35:38
4         274.87       Arrondissement de Lyon      1020  2024-12-23 08:35:38
..           ...                          ...       ...                  ...
256       275.80       Arrondissement de Lyon      1028  2024-12-17 18:02:51
257       278.82                     Montreal      1012  2024-12-17 18:02:51
258       286.26                     New York      1019  2024-12-17 18:02:51
259       305.19                      Conakry      1010  2024-12-17 18:02:51
260       300.22                        Dakar      1013  2024-12-17 18:02:51

[261 rows x 4 columns]
[2024-12-23T08:39:09.159+0000] {taskinstance.py:1138} INFO - Marking task as SUCCESS. dag_id=weather_dag, task_id=prepare_data, execution_date=20241223T083901, start_date=20241223T083908, end_date=20241223T083909
[2024-12-23T08:39:09.209+0000] {local_task_job_runner.py:234} INFO - Task exited with return code 0
[2024-12-23T08:39:09.226+0000] {taskinstance.py:3280} INFO - 0 downstream tasks scheduled from follow-on schedule check
