[2024-12-17T13:56:05.962+0000] {taskinstance.py:1956} INFO - Dependencies all met for dep_context=non-requeueable deps ti=<TaskInstance: weather_dag.Transform_weather_data manual__2024-12-17T13:54:59.885616+00:00 [queued]>
[2024-12-17T13:56:05.971+0000] {taskinstance.py:1956} INFO - Dependencies all met for dep_context=requeueable deps ti=<TaskInstance: weather_dag.Transform_weather_data manual__2024-12-17T13:54:59.885616+00:00 [queued]>
[2024-12-17T13:56:05.972+0000] {taskinstance.py:2170} INFO - Starting attempt 2 of 3
[2024-12-17T13:56:05.981+0000] {taskinstance.py:2191} INFO - Executing <Task(PythonOperator): Transform_weather_data> on 2024-12-17 13:54:59.885616+00:00
[2024-12-17T13:56:05.986+0000] {standard_task_runner.py:60} INFO - Started process 1686 to run task
[2024-12-17T13:56:05.990+0000] {standard_task_runner.py:87} INFO - Running: ['***', 'tasks', 'run', 'weather_dag', 'Transform_weather_data', 'manual__2024-12-17T13:54:59.885616+00:00', '--job-id', '33', '--raw', '--subdir', 'DAGS_FOLDER/extract.py', '--cfg-path', '/tmp/tmpfpn7dzoq']
[2024-12-17T13:56:05.991+0000] {standard_task_runner.py:88} INFO - Job 33: Subtask Transform_weather_data
[2024-12-17T13:56:06.005+0000] {warnings.py:109} WARNING - /home/***/.local/lib/python3.8/site-packages/***/settings.py:194: DeprecationWarning: The sql_alchemy_conn option in [core] has been moved to the sql_alchemy_conn option in [database] - the old setting has been used, but please update your config.
  SQL_ALCHEMY_CONN = conf.get("database", "SQL_ALCHEMY_CONN")

[2024-12-17T13:56:06.029+0000] {task_command.py:423} INFO - Running <TaskInstance: weather_dag.Transform_weather_data manual__2024-12-17T13:54:59.885616+00:00 [running]> on host 3b537f09ccb4
[2024-12-17T13:56:06.109+0000] {taskinstance.py:2480} INFO - Exporting env vars: AIRFLOW_CTX_DAG_EMAIL='thiernosidybah232@gmail.com' AIRFLOW_CTX_DAG_OWNER='***' AIRFLOW_CTX_DAG_ID='weather_dag' AIRFLOW_CTX_TASK_ID='Transform_weather_data' AIRFLOW_CTX_EXECUTION_DATE='2024-12-17T13:54:59.885616+00:00' AIRFLOW_CTX_TRY_NUMBER='2' AIRFLOW_CTX_DAG_RUN_ID='manual__2024-12-17T13:54:59.885616+00:00'
[2024-12-17T13:56:06.122+0000] {taskinstance.py:2698} ERROR - Task failed with exception
Traceback (most recent call last):
  File "/home/airflow/.local/lib/python3.8/site-packages/airflow/models/taskinstance.py", line 433, in _execute_task
    result = execute_callable(context=context, **execute_callable_kwargs)
  File "/home/airflow/.local/lib/python3.8/site-packages/airflow/operators/python.py", line 199, in execute
    return_value = self.execute_callable()
  File "/home/airflow/.local/lib/python3.8/site-packages/airflow/operators/python.py", line 216, in execute_callable
    return self.python_callable(*self.op_args, **self.op_kwargs)
  File "/opt/airflow/dags/extract.py", line 46, in transform_data
    for data in datas:
TypeError: 'NoneType' object is not iterable
[2024-12-17T13:56:06.131+0000] {taskinstance.py:1138} INFO - Marking task as UP_FOR_RETRY. dag_id=weather_dag, task_id=Transform_weather_data, execution_date=20241217T135459, start_date=20241217T135605, end_date=20241217T135606
[2024-12-17T13:56:06.142+0000] {standard_task_runner.py:107} ERROR - Failed to execute job 33 for task Transform_weather_data ('NoneType' object is not iterable; 1686)
[2024-12-17T13:56:06.160+0000] {local_task_job_runner.py:234} INFO - Task exited with return code 1
[2024-12-17T13:56:06.186+0000] {taskinstance.py:3280} INFO - 0 downstream tasks scheduled from follow-on schedule check
