[2024-12-23T17:00:10.290+0000] {taskinstance.py:1956} INFO - Dependencies all met for dep_context=non-requeueable deps ti=<TaskInstance: weather_dag.Random_Forest scheduled__2024-12-23T16:59:00+00:00 [queued]>
[2024-12-23T17:00:10.295+0000] {taskinstance.py:1956} INFO - Dependencies all met for dep_context=requeueable deps ti=<TaskInstance: weather_dag.Random_Forest scheduled__2024-12-23T16:59:00+00:00 [queued]>
[2024-12-23T17:00:10.296+0000] {taskinstance.py:2170} INFO - Starting attempt 1 of 3
[2024-12-23T17:00:10.306+0000] {taskinstance.py:2191} INFO - Executing <Task(PythonOperator): Random_Forest> on 2024-12-23 16:59:00+00:00
[2024-12-23T17:00:10.311+0000] {standard_task_runner.py:60} INFO - Started process 6274 to run task
[2024-12-23T17:00:10.314+0000] {standard_task_runner.py:87} INFO - Running: ['***', 'tasks', 'run', 'weather_dag', 'Random_Forest', 'scheduled__2024-12-23T16:59:00+00:00', '--job-id', '838', '--raw', '--subdir', 'DAGS_FOLDER/extract.py', '--cfg-path', '/tmp/tmpmafex0p8']
[2024-12-23T17:00:10.314+0000] {standard_task_runner.py:88} INFO - Job 838: Subtask Random_Forest
[2024-12-23T17:00:10.324+0000] {warnings.py:109} WARNING - /home/***/.local/lib/python3.8/site-packages/***/settings.py:194: DeprecationWarning: The sql_alchemy_conn option in [core] has been moved to the sql_alchemy_conn option in [database] - the old setting has been used, but please update your config.
  SQL_ALCHEMY_CONN = conf.get("database", "SQL_ALCHEMY_CONN")

[2024-12-23T17:00:10.350+0000] {task_command.py:423} INFO - Running <TaskInstance: weather_dag.Random_Forest scheduled__2024-12-23T16:59:00+00:00 [running]> on host b853fb0270cd
[2024-12-23T17:00:10.407+0000] {taskinstance.py:2480} INFO - Exporting env vars: AIRFLOW_CTX_DAG_EMAIL='thiernosidybah232@gmail.com' AIRFLOW_CTX_DAG_OWNER='***' AIRFLOW_CTX_DAG_ID='weather_dag' AIRFLOW_CTX_TASK_ID='Random_Forest' AIRFLOW_CTX_EXECUTION_DATE='2024-12-23T16:59:00+00:00' AIRFLOW_CTX_TRY_NUMBER='1' AIRFLOW_CTX_DAG_RUN_ID='scheduled__2024-12-23T16:59:00+00:00'
[2024-12-23T17:00:10.470+0000] {warnings.py:109} WARNING - /home/***/.local/lib/python3.8/site-packages/sklearn/ensemble/_forest.py:578: UserWarning: Some inputs do not have OOB scores. This probably means too few trees were used to compute any reliable OOB estimates.
  warn(

[2024-12-23T17:00:10.509+0000] {warnings.py:109} WARNING - /home/***/.local/lib/python3.8/site-packages/sklearn/ensemble/_forest.py:578: UserWarning: Some inputs do not have OOB scores. This probably means too few trees were used to compute any reliable OOB estimates.
  warn(

[2024-12-23T17:00:10.534+0000] {warnings.py:109} WARNING - /home/***/.local/lib/python3.8/site-packages/sklearn/ensemble/_forest.py:578: UserWarning: Some inputs do not have OOB scores. This probably means too few trees were used to compute any reliable OOB estimates.
  warn(

[2024-12-23T17:00:10.552+0000] {warnings.py:109} WARNING - /home/***/.local/lib/python3.8/site-packages/sklearn/ensemble/_forest.py:578: UserWarning: Some inputs do not have OOB scores. This probably means too few trees were used to compute any reliable OOB estimates.
  warn(

[2024-12-23T17:00:10.555+0000] {logging_mixin.py:188} INFO - The Negative Score with Random Forest  -60.896
[2024-12-23T17:00:10.555+0000] {python.py:201} INFO - Done. Returned value was: -60.896493254083914
[2024-12-23T17:00:10.570+0000] {taskinstance.py:1138} INFO - Marking task as SUCCESS. dag_id=weather_dag, task_id=Random_Forest, execution_date=20241223T165900, start_date=20241223T170010, end_date=20241223T170010
[2024-12-23T17:00:10.606+0000] {local_task_job_runner.py:234} INFO - Task exited with return code 0
[2024-12-23T17:00:10.634+0000] {taskinstance.py:3280} INFO - 1 downstream tasks scheduled from follow-on schedule check
