[2024-12-17T20:04:38.336+0000] {taskinstance.py:1956} INFO - Dependencies all met for dep_context=non-requeueable deps ti=<TaskInstance: weather_dag.transform_data manual__2024-12-17T20:02:30.838572+00:00 [queued]>
[2024-12-17T20:04:38.345+0000] {taskinstance.py:1956} INFO - Dependencies all met for dep_context=requeueable deps ti=<TaskInstance: weather_dag.transform_data manual__2024-12-17T20:02:30.838572+00:00 [queued]>
[2024-12-17T20:04:38.346+0000] {taskinstance.py:2170} INFO - Starting attempt 3 of 3
[2024-12-17T20:04:38.360+0000] {taskinstance.py:2191} INFO - Executing <Task(PythonOperator): transform_data> on 2024-12-17 20:02:30.838572+00:00
[2024-12-17T20:04:38.367+0000] {standard_task_runner.py:60} INFO - Started process 17561 to run task
[2024-12-17T20:04:38.369+0000] {standard_task_runner.py:87} INFO - Running: ['***', 'tasks', 'run', 'weather_dag', 'transform_data', 'manual__2024-12-17T20:02:30.838572+00:00', '--job-id', '117', '--raw', '--subdir', 'DAGS_FOLDER/extract.py', '--cfg-path', '/tmp/tmp16ab_ju5']
[2024-12-17T20:04:38.370+0000] {standard_task_runner.py:88} INFO - Job 117: Subtask transform_data
[2024-12-17T20:04:38.385+0000] {warnings.py:109} WARNING - /home/***/.local/lib/python3.8/site-packages/***/settings.py:194: DeprecationWarning: The sql_alchemy_conn option in [core] has been moved to the sql_alchemy_conn option in [database] - the old setting has been used, but please update your config.
  SQL_ALCHEMY_CONN = conf.get("database", "SQL_ALCHEMY_CONN")

[2024-12-17T20:04:38.425+0000] {task_command.py:423} INFO - Running <TaskInstance: weather_dag.transform_data manual__2024-12-17T20:02:30.838572+00:00 [running]> on host 3b537f09ccb4
[2024-12-17T20:04:38.512+0000] {taskinstance.py:2480} INFO - Exporting env vars: AIRFLOW_CTX_DAG_EMAIL='thiernosidybah232@gmail.com' AIRFLOW_CTX_DAG_OWNER='***' AIRFLOW_CTX_DAG_ID='weather_dag' AIRFLOW_CTX_TASK_ID='transform_data' AIRFLOW_CTX_EXECUTION_DATE='2024-12-17T20:02:30.838572+00:00' AIRFLOW_CTX_TRY_NUMBER='3' AIRFLOW_CTX_DAG_RUN_ID='manual__2024-12-17T20:02:30.838572+00:00'
[2024-12-17T20:04:38.521+0000] {python.py:201} INFO - Done. Returned value was:      temperature                         city  pression
0         282.14                     Toulouse      1028
1         282.11     Arrondissement de Nantes      1023
2         274.02   Arrondissement de Grenoble      1031
3         284.20  Arrondissement de Marseille      1029
4         276.13       Arrondissement de Lyon      1028
..           ...                          ...       ...
175       275.80       Arrondissement de Lyon      1028
176       278.82                     Montreal      1012
177       286.26                     New York      1019
178       305.19                      Conakry      1010
179       300.22                        Dakar      1013

[180 rows x 3 columns]
[2024-12-17T20:04:38.570+0000] {taskinstance.py:1138} INFO - Marking task as SUCCESS. dag_id=weather_dag, task_id=transform_data, execution_date=20241217T200230, start_date=20241217T200438, end_date=20241217T200438
[2024-12-17T20:04:38.621+0000] {local_task_job_runner.py:234} INFO - Task exited with return code 0
[2024-12-17T20:04:38.646+0000] {taskinstance.py:3280} INFO - 0 downstream tasks scheduled from follow-on schedule check
