[2024-12-23T17:03:11.430+0000] {taskinstance.py:1956} INFO - Dependencies all met for dep_context=non-requeueable deps ti=<TaskInstance: weather_dag.Random_Forest scheduled__2024-12-23T17:02:00+00:00 [queued]>
[2024-12-23T17:03:11.438+0000] {taskinstance.py:1956} INFO - Dependencies all met for dep_context=requeueable deps ti=<TaskInstance: weather_dag.Random_Forest scheduled__2024-12-23T17:02:00+00:00 [queued]>
[2024-12-23T17:03:11.439+0000] {taskinstance.py:2170} INFO - Starting attempt 1 of 3
[2024-12-23T17:03:11.448+0000] {taskinstance.py:2191} INFO - Executing <Task(PythonOperator): Random_Forest> on 2024-12-23 17:02:00+00:00
[2024-12-23T17:03:11.454+0000] {standard_task_runner.py:60} INFO - Started process 7240 to run task
[2024-12-23T17:03:11.456+0000] {standard_task_runner.py:87} INFO - Running: ['***', 'tasks', 'run', 'weather_dag', 'Random_Forest', 'scheduled__2024-12-23T17:02:00+00:00', '--job-id', '862', '--raw', '--subdir', 'DAGS_FOLDER/extract.py', '--cfg-path', '/tmp/tmp5ffitg3f']
[2024-12-23T17:03:11.457+0000] {standard_task_runner.py:88} INFO - Job 862: Subtask Random_Forest
[2024-12-23T17:03:11.469+0000] {warnings.py:109} WARNING - /home/***/.local/lib/python3.8/site-packages/***/settings.py:194: DeprecationWarning: The sql_alchemy_conn option in [core] has been moved to the sql_alchemy_conn option in [database] - the old setting has been used, but please update your config.
  SQL_ALCHEMY_CONN = conf.get("database", "SQL_ALCHEMY_CONN")

[2024-12-23T17:03:11.492+0000] {task_command.py:423} INFO - Running <TaskInstance: weather_dag.Random_Forest scheduled__2024-12-23T17:02:00+00:00 [running]> on host b853fb0270cd
[2024-12-23T17:03:11.546+0000] {taskinstance.py:2480} INFO - Exporting env vars: AIRFLOW_CTX_DAG_EMAIL='thiernosidybah232@gmail.com' AIRFLOW_CTX_DAG_OWNER='***' AIRFLOW_CTX_DAG_ID='weather_dag' AIRFLOW_CTX_TASK_ID='Random_Forest' AIRFLOW_CTX_EXECUTION_DATE='2024-12-23T17:02:00+00:00' AIRFLOW_CTX_TRY_NUMBER='1' AIRFLOW_CTX_DAG_RUN_ID='scheduled__2024-12-23T17:02:00+00:00'
[2024-12-23T17:03:11.609+0000] {warnings.py:109} WARNING - /home/***/.local/lib/python3.8/site-packages/sklearn/ensemble/_forest.py:578: UserWarning: Some inputs do not have OOB scores. This probably means too few trees were used to compute any reliable OOB estimates.
  warn(

[2024-12-23T17:03:11.638+0000] {warnings.py:109} WARNING - /home/***/.local/lib/python3.8/site-packages/sklearn/ensemble/_forest.py:578: UserWarning: Some inputs do not have OOB scores. This probably means too few trees were used to compute any reliable OOB estimates.
  warn(

[2024-12-23T17:03:11.663+0000] {warnings.py:109} WARNING - /home/***/.local/lib/python3.8/site-packages/sklearn/ensemble/_forest.py:578: UserWarning: Some inputs do not have OOB scores. This probably means too few trees were used to compute any reliable OOB estimates.
  warn(

[2024-12-23T17:03:11.682+0000] {warnings.py:109} WARNING - /home/***/.local/lib/python3.8/site-packages/sklearn/ensemble/_forest.py:578: UserWarning: Some inputs do not have OOB scores. This probably means too few trees were used to compute any reliable OOB estimates.
  warn(

[2024-12-23T17:03:11.684+0000] {logging_mixin.py:188} INFO - The Negative Score with Random Forest  -56.888
[2024-12-23T17:03:11.684+0000] {python.py:201} INFO - Done. Returned value was: -56.88821793180552
[2024-12-23T17:03:11.699+0000] {taskinstance.py:1138} INFO - Marking task as SUCCESS. dag_id=weather_dag, task_id=Random_Forest, execution_date=20241223T170200, start_date=20241223T170311, end_date=20241223T170311
[2024-12-23T17:03:11.748+0000] {local_task_job_runner.py:234} INFO - Task exited with return code 0
[2024-12-23T17:03:11.776+0000] {taskinstance.py:3280} INFO - 1 downstream tasks scheduled from follow-on schedule check
