[2024-12-23T12:41:05.844+0000] {taskinstance.py:1956} INFO - Dependencies all met for dep_context=non-requeueable deps ti=<TaskInstance: weather_dag.linear_regression manual__2024-12-23T12:40:53.522954+00:00 [queued]>
[2024-12-23T12:41:05.851+0000] {taskinstance.py:1956} INFO - Dependencies all met for dep_context=requeueable deps ti=<TaskInstance: weather_dag.linear_regression manual__2024-12-23T12:40:53.522954+00:00 [queued]>
[2024-12-23T12:41:05.851+0000] {taskinstance.py:2170} INFO - Starting attempt 1 of 3
[2024-12-23T12:41:05.864+0000] {taskinstance.py:2191} INFO - Executing <Task(PythonOperator): linear_regression> on 2024-12-23 12:40:53.522954+00:00
[2024-12-23T12:41:05.871+0000] {standard_task_runner.py:60} INFO - Started process 12496 to run task
[2024-12-23T12:41:05.875+0000] {standard_task_runner.py:87} INFO - Running: ['***', 'tasks', 'run', 'weather_dag', 'linear_regression', 'manual__2024-12-23T12:40:53.522954+00:00', '--job-id', '237', '--raw', '--subdir', 'DAGS_FOLDER/extract.py', '--cfg-path', '/tmp/tmp6w75keq1']
[2024-12-23T12:41:05.876+0000] {standard_task_runner.py:88} INFO - Job 237: Subtask linear_regression
[2024-12-23T12:41:05.888+0000] {warnings.py:109} WARNING - /home/***/.local/lib/python3.8/site-packages/***/settings.py:194: DeprecationWarning: The sql_alchemy_conn option in [core] has been moved to the sql_alchemy_conn option in [database] - the old setting has been used, but please update your config.
  SQL_ALCHEMY_CONN = conf.get("database", "SQL_ALCHEMY_CONN")

[2024-12-23T12:41:05.935+0000] {task_command.py:423} INFO - Running <TaskInstance: weather_dag.linear_regression manual__2024-12-23T12:40:53.522954+00:00 [running]> on host b853fb0270cd
[2024-12-23T12:41:06.025+0000] {taskinstance.py:2480} INFO - Exporting env vars: AIRFLOW_CTX_DAG_EMAIL='thiernosidybah232@gmail.com' AIRFLOW_CTX_DAG_OWNER='***' AIRFLOW_CTX_DAG_ID='weather_dag' AIRFLOW_CTX_TASK_ID='linear_regression' AIRFLOW_CTX_EXECUTION_DATE='2024-12-23T12:40:53.522954+00:00' AIRFLOW_CTX_TRY_NUMBER='1' AIRFLOW_CTX_DAG_RUN_ID='manual__2024-12-23T12:40:53.522954+00:00'
[2024-12-23T12:41:06.069+0000] {taskinstance.py:2698} ERROR - Task failed with exception
Traceback (most recent call last):
  File "/home/airflow/.local/lib/python3.8/site-packages/pandas/core/indexes/base.py", line 3653, in get_loc
    return self._engine.get_loc(casted_key)
  File "pandas/_libs/index.pyx", line 147, in pandas._libs.index.IndexEngine.get_loc
  File "pandas/_libs/index.pyx", line 176, in pandas._libs.index.IndexEngine.get_loc
  File "pandas/_libs/hashtable_class_helper.pxi", line 7080, in pandas._libs.hashtable.PyObjectHashTable.get_item
  File "pandas/_libs/hashtable_class_helper.pxi", line 7088, in pandas._libs.hashtable.PyObjectHashTable.get_item
KeyError: 'pef'

The above exception was the direct cause of the following exception:

Traceback (most recent call last):
  File "/home/airflow/.local/lib/python3.8/site-packages/airflow/models/taskinstance.py", line 433, in _execute_task
    result = execute_callable(context=context, **execute_callable_kwargs)
  File "/home/airflow/.local/lib/python3.8/site-packages/airflow/operators/python.py", line 199, in execute
    return_value = self.execute_callable()
  File "/home/airflow/.local/lib/python3.8/site-packages/airflow/operators/python.py", line 216, in execute_callable
    return self.python_callable(*self.op_args, **self.op_kwargs)
  File "/opt/airflow/dags/extract.py", line 140, in Linear_Regression_Model
    target = data["pef"]
  File "/home/airflow/.local/lib/python3.8/site-packages/pandas/core/frame.py", line 3761, in __getitem__
    indexer = self.columns.get_loc(key)
  File "/home/airflow/.local/lib/python3.8/site-packages/pandas/core/indexes/base.py", line 3655, in get_loc
    raise KeyError(key) from err
KeyError: 'pef'
[2024-12-23T12:41:06.080+0000] {taskinstance.py:1138} INFO - Marking task as UP_FOR_RETRY. dag_id=weather_dag, task_id=linear_regression, execution_date=20241223T124053, start_date=20241223T124105, end_date=20241223T124106
[2024-12-23T12:41:06.094+0000] {standard_task_runner.py:107} ERROR - Failed to execute job 237 for task linear_regression ('pef'; 12496)
[2024-12-23T12:41:06.127+0000] {local_task_job_runner.py:234} INFO - Task exited with return code 1
[2024-12-23T12:41:06.164+0000] {taskinstance.py:3280} INFO - 0 downstream tasks scheduled from follow-on schedule check
