[2024-12-18T09:10:59.966+0000] {processor.py:161} INFO - Started process (PID=111) to work on /home/airflow/.local/lib/python3.8/site-packages/airflow/example_dags/example_skip_dag.py
[2024-12-18T09:10:59.966+0000] {processor.py:830} INFO - Processing file /home/airflow/.local/lib/python3.8/site-packages/airflow/example_dags/example_skip_dag.py for tasks to queue
[2024-12-18T09:10:59.967+0000] {logging_mixin.py:188} INFO - [2024-12-18T09:10:59.967+0000] {dagbag.py:538} INFO - Filling up the DagBag from /home/airflow/.local/lib/python3.8/site-packages/airflow/example_dags/example_skip_dag.py
[2024-12-18T09:10:59.974+0000] {processor.py:840} INFO - DAG(s) 'example_skip_dag' retrieved from /home/airflow/.local/lib/python3.8/site-packages/airflow/example_dags/example_skip_dag.py
[2024-12-18T09:11:00.018+0000] {logging_mixin.py:188} INFO - [2024-12-18T09:11:00.017+0000] {dag.py:3036} INFO - Sync 1 DAGs
[2024-12-18T09:11:00.100+0000] {logging_mixin.py:188} INFO - [2024-12-18T09:11:00.100+0000] {dag.py:3823} INFO - Setting next_dagrun for example_skip_dag to 2024-12-17 00:00:00+00:00, run_after=2024-12-18 00:00:00+00:00
[2024-12-18T09:11:00.115+0000] {processor.py:183} INFO - Processing /home/airflow/.local/lib/python3.8/site-packages/airflow/example_dags/example_skip_dag.py took 0.152 seconds
[2024-12-18T13:13:32.410+0000] {processor.py:161} INFO - Started process (PID=111) to work on /home/airflow/.local/lib/python3.8/site-packages/airflow/example_dags/example_skip_dag.py
[2024-12-18T13:13:32.411+0000] {processor.py:830} INFO - Processing file /home/airflow/.local/lib/python3.8/site-packages/airflow/example_dags/example_skip_dag.py for tasks to queue
[2024-12-18T13:13:32.413+0000] {logging_mixin.py:188} INFO - [2024-12-18T13:13:32.412+0000] {dagbag.py:538} INFO - Filling up the DagBag from /home/airflow/.local/lib/python3.8/site-packages/airflow/example_dags/example_skip_dag.py
[2024-12-18T13:13:32.419+0000] {processor.py:840} INFO - DAG(s) 'example_skip_dag' retrieved from /home/airflow/.local/lib/python3.8/site-packages/airflow/example_dags/example_skip_dag.py
[2024-12-18T13:13:32.448+0000] {logging_mixin.py:188} INFO - [2024-12-18T13:13:32.447+0000] {dag.py:3036} INFO - Sync 1 DAGs
[2024-12-18T13:13:32.466+0000] {logging_mixin.py:188} INFO - [2024-12-18T13:13:32.466+0000] {dag.py:3823} INFO - Setting next_dagrun for example_skip_dag to 2024-12-17 00:00:00+00:00, run_after=2024-12-18 00:00:00+00:00
[2024-12-18T13:13:32.483+0000] {processor.py:183} INFO - Processing /home/airflow/.local/lib/python3.8/site-packages/airflow/example_dags/example_skip_dag.py took 0.076 seconds
[2024-12-18T13:14:03.087+0000] {processor.py:161} INFO - Started process (PID=197) to work on /home/airflow/.local/lib/python3.8/site-packages/airflow/example_dags/example_skip_dag.py
[2024-12-18T13:14:03.087+0000] {processor.py:830} INFO - Processing file /home/airflow/.local/lib/python3.8/site-packages/airflow/example_dags/example_skip_dag.py for tasks to queue
[2024-12-18T13:14:03.088+0000] {logging_mixin.py:188} INFO - [2024-12-18T13:14:03.088+0000] {dagbag.py:538} INFO - Filling up the DagBag from /home/airflow/.local/lib/python3.8/site-packages/airflow/example_dags/example_skip_dag.py
[2024-12-18T13:14:03.091+0000] {processor.py:840} INFO - DAG(s) 'example_skip_dag' retrieved from /home/airflow/.local/lib/python3.8/site-packages/airflow/example_dags/example_skip_dag.py
[2024-12-18T13:14:03.103+0000] {logging_mixin.py:188} INFO - [2024-12-18T13:14:03.103+0000] {dag.py:3036} INFO - Sync 1 DAGs
[2024-12-18T13:14:03.116+0000] {logging_mixin.py:188} INFO - [2024-12-18T13:14:03.116+0000] {dag.py:3823} INFO - Setting next_dagrun for example_skip_dag to 2024-12-17 00:00:00+00:00, run_after=2024-12-18 00:00:00+00:00
[2024-12-18T13:14:03.125+0000] {processor.py:183} INFO - Processing /home/airflow/.local/lib/python3.8/site-packages/airflow/example_dags/example_skip_dag.py took 0.040 seconds
[2024-12-18T13:14:34.348+0000] {processor.py:161} INFO - Started process (PID=291) to work on /home/airflow/.local/lib/python3.8/site-packages/airflow/example_dags/example_skip_dag.py
[2024-12-18T13:14:34.349+0000] {processor.py:830} INFO - Processing file /home/airflow/.local/lib/python3.8/site-packages/airflow/example_dags/example_skip_dag.py for tasks to queue
[2024-12-18T13:14:34.351+0000] {logging_mixin.py:188} INFO - [2024-12-18T13:14:34.350+0000] {dagbag.py:538} INFO - Filling up the DagBag from /home/airflow/.local/lib/python3.8/site-packages/airflow/example_dags/example_skip_dag.py
[2024-12-18T13:14:34.356+0000] {processor.py:840} INFO - DAG(s) 'example_skip_dag' retrieved from /home/airflow/.local/lib/python3.8/site-packages/airflow/example_dags/example_skip_dag.py
[2024-12-18T13:14:34.382+0000] {logging_mixin.py:188} INFO - [2024-12-18T13:14:34.381+0000] {dag.py:3036} INFO - Sync 1 DAGs
[2024-12-18T13:14:34.404+0000] {logging_mixin.py:188} INFO - [2024-12-18T13:14:34.403+0000] {dag.py:3823} INFO - Setting next_dagrun for example_skip_dag to 2024-12-17 00:00:00+00:00, run_after=2024-12-18 00:00:00+00:00
[2024-12-18T13:14:34.426+0000] {processor.py:183} INFO - Processing /home/airflow/.local/lib/python3.8/site-packages/airflow/example_dags/example_skip_dag.py took 0.080 seconds
[2024-12-18T13:15:05.451+0000] {processor.py:161} INFO - Started process (PID=385) to work on /home/airflow/.local/lib/python3.8/site-packages/airflow/example_dags/example_skip_dag.py
[2024-12-18T13:15:05.452+0000] {processor.py:830} INFO - Processing file /home/airflow/.local/lib/python3.8/site-packages/airflow/example_dags/example_skip_dag.py for tasks to queue
[2024-12-18T13:15:05.452+0000] {logging_mixin.py:188} INFO - [2024-12-18T13:15:05.452+0000] {dagbag.py:538} INFO - Filling up the DagBag from /home/airflow/.local/lib/python3.8/site-packages/airflow/example_dags/example_skip_dag.py
[2024-12-18T13:15:05.456+0000] {processor.py:840} INFO - DAG(s) 'example_skip_dag' retrieved from /home/airflow/.local/lib/python3.8/site-packages/airflow/example_dags/example_skip_dag.py
[2024-12-18T13:15:05.472+0000] {logging_mixin.py:188} INFO - [2024-12-18T13:15:05.472+0000] {dag.py:3036} INFO - Sync 1 DAGs
[2024-12-18T13:15:05.485+0000] {logging_mixin.py:188} INFO - [2024-12-18T13:15:05.485+0000] {dag.py:3823} INFO - Setting next_dagrun for example_skip_dag to 2024-12-17 00:00:00+00:00, run_after=2024-12-18 00:00:00+00:00
[2024-12-18T13:15:05.495+0000] {processor.py:183} INFO - Processing /home/airflow/.local/lib/python3.8/site-packages/airflow/example_dags/example_skip_dag.py took 0.046 seconds
[2024-12-18T13:15:36.494+0000] {processor.py:161} INFO - Started process (PID=452) to work on /home/airflow/.local/lib/python3.8/site-packages/airflow/example_dags/example_skip_dag.py
[2024-12-18T13:15:36.495+0000] {processor.py:830} INFO - Processing file /home/airflow/.local/lib/python3.8/site-packages/airflow/example_dags/example_skip_dag.py for tasks to queue
[2024-12-18T13:15:36.496+0000] {logging_mixin.py:188} INFO - [2024-12-18T13:15:36.496+0000] {dagbag.py:538} INFO - Filling up the DagBag from /home/airflow/.local/lib/python3.8/site-packages/airflow/example_dags/example_skip_dag.py
[2024-12-18T13:15:36.501+0000] {processor.py:840} INFO - DAG(s) 'example_skip_dag' retrieved from /home/airflow/.local/lib/python3.8/site-packages/airflow/example_dags/example_skip_dag.py
[2024-12-18T13:15:36.513+0000] {logging_mixin.py:188} INFO - [2024-12-18T13:15:36.513+0000] {dag.py:3036} INFO - Sync 1 DAGs
[2024-12-18T13:15:36.526+0000] {logging_mixin.py:188} INFO - [2024-12-18T13:15:36.526+0000] {dag.py:3823} INFO - Setting next_dagrun for example_skip_dag to 2024-12-17 00:00:00+00:00, run_after=2024-12-18 00:00:00+00:00
[2024-12-18T13:15:36.542+0000] {processor.py:183} INFO - Processing /home/airflow/.local/lib/python3.8/site-packages/airflow/example_dags/example_skip_dag.py took 0.051 seconds
[2024-12-18T13:16:06.597+0000] {processor.py:161} INFO - Started process (PID=544) to work on /home/airflow/.local/lib/python3.8/site-packages/airflow/example_dags/example_skip_dag.py
[2024-12-18T13:16:06.598+0000] {processor.py:830} INFO - Processing file /home/airflow/.local/lib/python3.8/site-packages/airflow/example_dags/example_skip_dag.py for tasks to queue
[2024-12-18T13:16:06.599+0000] {logging_mixin.py:188} INFO - [2024-12-18T13:16:06.599+0000] {dagbag.py:538} INFO - Filling up the DagBag from /home/airflow/.local/lib/python3.8/site-packages/airflow/example_dags/example_skip_dag.py
[2024-12-18T13:16:06.607+0000] {processor.py:840} INFO - DAG(s) 'example_skip_dag' retrieved from /home/airflow/.local/lib/python3.8/site-packages/airflow/example_dags/example_skip_dag.py
[2024-12-18T13:16:06.629+0000] {logging_mixin.py:188} INFO - [2024-12-18T13:16:06.629+0000] {dag.py:3036} INFO - Sync 1 DAGs
[2024-12-18T13:16:06.644+0000] {logging_mixin.py:188} INFO - [2024-12-18T13:16:06.643+0000] {dag.py:3823} INFO - Setting next_dagrun for example_skip_dag to 2024-12-17 00:00:00+00:00, run_after=2024-12-18 00:00:00+00:00
[2024-12-18T13:16:06.654+0000] {processor.py:183} INFO - Processing /home/airflow/.local/lib/python3.8/site-packages/airflow/example_dags/example_skip_dag.py took 0.060 seconds
[2024-12-18T13:16:36.725+0000] {processor.py:161} INFO - Started process (PID=638) to work on /home/airflow/.local/lib/python3.8/site-packages/airflow/example_dags/example_skip_dag.py
[2024-12-18T13:16:36.726+0000] {processor.py:830} INFO - Processing file /home/airflow/.local/lib/python3.8/site-packages/airflow/example_dags/example_skip_dag.py for tasks to queue
[2024-12-18T13:16:36.727+0000] {logging_mixin.py:188} INFO - [2024-12-18T13:16:36.726+0000] {dagbag.py:538} INFO - Filling up the DagBag from /home/airflow/.local/lib/python3.8/site-packages/airflow/example_dags/example_skip_dag.py
[2024-12-18T13:16:36.730+0000] {processor.py:840} INFO - DAG(s) 'example_skip_dag' retrieved from /home/airflow/.local/lib/python3.8/site-packages/airflow/example_dags/example_skip_dag.py
[2024-12-18T13:16:36.743+0000] {logging_mixin.py:188} INFO - [2024-12-18T13:16:36.743+0000] {dag.py:3036} INFO - Sync 1 DAGs
[2024-12-18T13:16:36.755+0000] {logging_mixin.py:188} INFO - [2024-12-18T13:16:36.755+0000] {dag.py:3823} INFO - Setting next_dagrun for example_skip_dag to 2024-12-17 00:00:00+00:00, run_after=2024-12-18 00:00:00+00:00
[2024-12-18T13:16:36.764+0000] {processor.py:183} INFO - Processing /home/airflow/.local/lib/python3.8/site-packages/airflow/example_dags/example_skip_dag.py took 0.041 seconds
[2024-12-18T13:17:07.385+0000] {processor.py:161} INFO - Started process (PID=724) to work on /home/airflow/.local/lib/python3.8/site-packages/airflow/example_dags/example_skip_dag.py
[2024-12-18T13:17:07.386+0000] {processor.py:830} INFO - Processing file /home/airflow/.local/lib/python3.8/site-packages/airflow/example_dags/example_skip_dag.py for tasks to queue
[2024-12-18T13:17:07.387+0000] {logging_mixin.py:188} INFO - [2024-12-18T13:17:07.387+0000] {dagbag.py:538} INFO - Filling up the DagBag from /home/airflow/.local/lib/python3.8/site-packages/airflow/example_dags/example_skip_dag.py
[2024-12-18T13:17:07.393+0000] {processor.py:840} INFO - DAG(s) 'example_skip_dag' retrieved from /home/airflow/.local/lib/python3.8/site-packages/airflow/example_dags/example_skip_dag.py
[2024-12-18T13:17:07.409+0000] {logging_mixin.py:188} INFO - [2024-12-18T13:17:07.408+0000] {dag.py:3036} INFO - Sync 1 DAGs
[2024-12-18T13:17:07.422+0000] {logging_mixin.py:188} INFO - [2024-12-18T13:17:07.421+0000] {dag.py:3823} INFO - Setting next_dagrun for example_skip_dag to 2024-12-17 00:00:00+00:00, run_after=2024-12-18 00:00:00+00:00
[2024-12-18T13:17:07.432+0000] {processor.py:183} INFO - Processing /home/airflow/.local/lib/python3.8/site-packages/airflow/example_dags/example_skip_dag.py took 0.051 seconds
[2024-12-18T13:17:37.681+0000] {processor.py:161} INFO - Started process (PID=818) to work on /home/airflow/.local/lib/python3.8/site-packages/airflow/example_dags/example_skip_dag.py
[2024-12-18T13:17:37.682+0000] {processor.py:830} INFO - Processing file /home/airflow/.local/lib/python3.8/site-packages/airflow/example_dags/example_skip_dag.py for tasks to queue
[2024-12-18T13:17:37.683+0000] {logging_mixin.py:188} INFO - [2024-12-18T13:17:37.683+0000] {dagbag.py:538} INFO - Filling up the DagBag from /home/airflow/.local/lib/python3.8/site-packages/airflow/example_dags/example_skip_dag.py
[2024-12-18T13:17:37.688+0000] {processor.py:840} INFO - DAG(s) 'example_skip_dag' retrieved from /home/airflow/.local/lib/python3.8/site-packages/airflow/example_dags/example_skip_dag.py
[2024-12-18T13:17:37.704+0000] {logging_mixin.py:188} INFO - [2024-12-18T13:17:37.703+0000] {dag.py:3036} INFO - Sync 1 DAGs
[2024-12-18T13:17:37.718+0000] {logging_mixin.py:188} INFO - [2024-12-18T13:17:37.718+0000] {dag.py:3823} INFO - Setting next_dagrun for example_skip_dag to 2024-12-17 00:00:00+00:00, run_after=2024-12-18 00:00:00+00:00
[2024-12-18T13:17:37.733+0000] {processor.py:183} INFO - Processing /home/airflow/.local/lib/python3.8/site-packages/airflow/example_dags/example_skip_dag.py took 0.055 seconds
[2024-12-18T13:18:07.891+0000] {processor.py:161} INFO - Started process (PID=912) to work on /home/airflow/.local/lib/python3.8/site-packages/airflow/example_dags/example_skip_dag.py
[2024-12-18T13:18:07.892+0000] {processor.py:830} INFO - Processing file /home/airflow/.local/lib/python3.8/site-packages/airflow/example_dags/example_skip_dag.py for tasks to queue
[2024-12-18T13:18:07.893+0000] {logging_mixin.py:188} INFO - [2024-12-18T13:18:07.893+0000] {dagbag.py:538} INFO - Filling up the DagBag from /home/airflow/.local/lib/python3.8/site-packages/airflow/example_dags/example_skip_dag.py
[2024-12-18T13:18:07.898+0000] {processor.py:840} INFO - DAG(s) 'example_skip_dag' retrieved from /home/airflow/.local/lib/python3.8/site-packages/airflow/example_dags/example_skip_dag.py
[2024-12-18T13:18:07.918+0000] {logging_mixin.py:188} INFO - [2024-12-18T13:18:07.918+0000] {dag.py:3036} INFO - Sync 1 DAGs
[2024-12-18T13:18:07.934+0000] {logging_mixin.py:188} INFO - [2024-12-18T13:18:07.934+0000] {dag.py:3823} INFO - Setting next_dagrun for example_skip_dag to 2024-12-17 00:00:00+00:00, run_after=2024-12-18 00:00:00+00:00
[2024-12-18T13:18:07.943+0000] {processor.py:183} INFO - Processing /home/airflow/.local/lib/python3.8/site-packages/airflow/example_dags/example_skip_dag.py took 0.054 seconds
[2024-12-18T13:18:38.164+0000] {processor.py:161} INFO - Started process (PID=998) to work on /home/airflow/.local/lib/python3.8/site-packages/airflow/example_dags/example_skip_dag.py
[2024-12-18T13:18:38.164+0000] {processor.py:830} INFO - Processing file /home/airflow/.local/lib/python3.8/site-packages/airflow/example_dags/example_skip_dag.py for tasks to queue
[2024-12-18T13:18:38.165+0000] {logging_mixin.py:188} INFO - [2024-12-18T13:18:38.165+0000] {dagbag.py:538} INFO - Filling up the DagBag from /home/airflow/.local/lib/python3.8/site-packages/airflow/example_dags/example_skip_dag.py
[2024-12-18T13:18:38.169+0000] {processor.py:840} INFO - DAG(s) 'example_skip_dag' retrieved from /home/airflow/.local/lib/python3.8/site-packages/airflow/example_dags/example_skip_dag.py
[2024-12-18T13:18:38.182+0000] {logging_mixin.py:188} INFO - [2024-12-18T13:18:38.182+0000] {dag.py:3036} INFO - Sync 1 DAGs
[2024-12-18T13:18:38.195+0000] {logging_mixin.py:188} INFO - [2024-12-18T13:18:38.195+0000] {dag.py:3823} INFO - Setting next_dagrun for example_skip_dag to 2024-12-17 00:00:00+00:00, run_after=2024-12-18 00:00:00+00:00
[2024-12-18T13:18:38.205+0000] {processor.py:183} INFO - Processing /home/airflow/.local/lib/python3.8/site-packages/airflow/example_dags/example_skip_dag.py took 0.044 seconds
[2024-12-18T13:19:08.249+0000] {processor.py:161} INFO - Started process (PID=1092) to work on /home/airflow/.local/lib/python3.8/site-packages/airflow/example_dags/example_skip_dag.py
[2024-12-18T13:19:08.250+0000] {processor.py:830} INFO - Processing file /home/airflow/.local/lib/python3.8/site-packages/airflow/example_dags/example_skip_dag.py for tasks to queue
[2024-12-18T13:19:08.251+0000] {logging_mixin.py:188} INFO - [2024-12-18T13:19:08.250+0000] {dagbag.py:538} INFO - Filling up the DagBag from /home/airflow/.local/lib/python3.8/site-packages/airflow/example_dags/example_skip_dag.py
[2024-12-18T13:19:08.254+0000] {processor.py:840} INFO - DAG(s) 'example_skip_dag' retrieved from /home/airflow/.local/lib/python3.8/site-packages/airflow/example_dags/example_skip_dag.py
[2024-12-18T13:19:08.266+0000] {logging_mixin.py:188} INFO - [2024-12-18T13:19:08.266+0000] {dag.py:3036} INFO - Sync 1 DAGs
[2024-12-18T13:19:08.278+0000] {logging_mixin.py:188} INFO - [2024-12-18T13:19:08.277+0000] {dag.py:3823} INFO - Setting next_dagrun for example_skip_dag to 2024-12-17 00:00:00+00:00, run_after=2024-12-18 00:00:00+00:00
[2024-12-18T13:19:08.288+0000] {processor.py:183} INFO - Processing /home/airflow/.local/lib/python3.8/site-packages/airflow/example_dags/example_skip_dag.py took 0.040 seconds
[2024-12-18T13:19:38.348+0000] {processor.py:161} INFO - Started process (PID=1186) to work on /home/airflow/.local/lib/python3.8/site-packages/airflow/example_dags/example_skip_dag.py
[2024-12-18T13:19:38.349+0000] {processor.py:830} INFO - Processing file /home/airflow/.local/lib/python3.8/site-packages/airflow/example_dags/example_skip_dag.py for tasks to queue
[2024-12-18T13:19:38.350+0000] {logging_mixin.py:188} INFO - [2024-12-18T13:19:38.350+0000] {dagbag.py:538} INFO - Filling up the DagBag from /home/airflow/.local/lib/python3.8/site-packages/airflow/example_dags/example_skip_dag.py
[2024-12-18T13:19:38.353+0000] {processor.py:840} INFO - DAG(s) 'example_skip_dag' retrieved from /home/airflow/.local/lib/python3.8/site-packages/airflow/example_dags/example_skip_dag.py
[2024-12-18T13:19:38.366+0000] {logging_mixin.py:188} INFO - [2024-12-18T13:19:38.366+0000] {dag.py:3036} INFO - Sync 1 DAGs
[2024-12-18T13:19:38.378+0000] {logging_mixin.py:188} INFO - [2024-12-18T13:19:38.378+0000] {dag.py:3823} INFO - Setting next_dagrun for example_skip_dag to 2024-12-17 00:00:00+00:00, run_after=2024-12-18 00:00:00+00:00
[2024-12-18T13:19:38.392+0000] {processor.py:183} INFO - Processing /home/airflow/.local/lib/python3.8/site-packages/airflow/example_dags/example_skip_dag.py took 0.046 seconds
[2024-12-18T13:20:08.530+0000] {processor.py:161} INFO - Started process (PID=1272) to work on /home/airflow/.local/lib/python3.8/site-packages/airflow/example_dags/example_skip_dag.py
[2024-12-18T13:20:08.531+0000] {processor.py:830} INFO - Processing file /home/airflow/.local/lib/python3.8/site-packages/airflow/example_dags/example_skip_dag.py for tasks to queue
[2024-12-18T13:20:08.532+0000] {logging_mixin.py:188} INFO - [2024-12-18T13:20:08.531+0000] {dagbag.py:538} INFO - Filling up the DagBag from /home/airflow/.local/lib/python3.8/site-packages/airflow/example_dags/example_skip_dag.py
[2024-12-18T13:20:08.535+0000] {processor.py:840} INFO - DAG(s) 'example_skip_dag' retrieved from /home/airflow/.local/lib/python3.8/site-packages/airflow/example_dags/example_skip_dag.py
[2024-12-18T13:20:08.549+0000] {logging_mixin.py:188} INFO - [2024-12-18T13:20:08.549+0000] {dag.py:3036} INFO - Sync 1 DAGs
[2024-12-18T13:20:08.565+0000] {logging_mixin.py:188} INFO - [2024-12-18T13:20:08.565+0000] {dag.py:3823} INFO - Setting next_dagrun for example_skip_dag to 2024-12-17 00:00:00+00:00, run_after=2024-12-18 00:00:00+00:00
[2024-12-18T13:20:08.580+0000] {processor.py:183} INFO - Processing /home/airflow/.local/lib/python3.8/site-packages/airflow/example_dags/example_skip_dag.py took 0.052 seconds
[2024-12-18T13:20:38.614+0000] {processor.py:161} INFO - Started process (PID=1365) to work on /home/airflow/.local/lib/python3.8/site-packages/airflow/example_dags/example_skip_dag.py
[2024-12-18T13:20:38.615+0000] {processor.py:830} INFO - Processing file /home/airflow/.local/lib/python3.8/site-packages/airflow/example_dags/example_skip_dag.py for tasks to queue
[2024-12-18T13:20:38.617+0000] {logging_mixin.py:188} INFO - [2024-12-18T13:20:38.616+0000] {dagbag.py:538} INFO - Filling up the DagBag from /home/airflow/.local/lib/python3.8/site-packages/airflow/example_dags/example_skip_dag.py
[2024-12-18T13:20:38.621+0000] {processor.py:840} INFO - DAG(s) 'example_skip_dag' retrieved from /home/airflow/.local/lib/python3.8/site-packages/airflow/example_dags/example_skip_dag.py
[2024-12-18T13:20:38.635+0000] {logging_mixin.py:188} INFO - [2024-12-18T13:20:38.635+0000] {dag.py:3036} INFO - Sync 1 DAGs
[2024-12-18T13:20:38.648+0000] {logging_mixin.py:188} INFO - [2024-12-18T13:20:38.648+0000] {dag.py:3823} INFO - Setting next_dagrun for example_skip_dag to 2024-12-17 00:00:00+00:00, run_after=2024-12-18 00:00:00+00:00
[2024-12-18T13:20:38.659+0000] {processor.py:183} INFO - Processing /home/airflow/.local/lib/python3.8/site-packages/airflow/example_dags/example_skip_dag.py took 0.048 seconds
[2024-12-18T13:21:08.776+0000] {processor.py:161} INFO - Started process (PID=1452) to work on /home/airflow/.local/lib/python3.8/site-packages/airflow/example_dags/example_skip_dag.py
[2024-12-18T13:21:08.776+0000] {processor.py:830} INFO - Processing file /home/airflow/.local/lib/python3.8/site-packages/airflow/example_dags/example_skip_dag.py for tasks to queue
[2024-12-18T13:21:08.778+0000] {logging_mixin.py:188} INFO - [2024-12-18T13:21:08.778+0000] {dagbag.py:538} INFO - Filling up the DagBag from /home/airflow/.local/lib/python3.8/site-packages/airflow/example_dags/example_skip_dag.py
[2024-12-18T13:21:08.785+0000] {processor.py:840} INFO - DAG(s) 'example_skip_dag' retrieved from /home/airflow/.local/lib/python3.8/site-packages/airflow/example_dags/example_skip_dag.py
[2024-12-18T13:21:08.809+0000] {logging_mixin.py:188} INFO - [2024-12-18T13:21:08.809+0000] {dag.py:3036} INFO - Sync 1 DAGs
[2024-12-18T13:21:08.823+0000] {logging_mixin.py:188} INFO - [2024-12-18T13:21:08.823+0000] {dag.py:3823} INFO - Setting next_dagrun for example_skip_dag to 2024-12-17 00:00:00+00:00, run_after=2024-12-18 00:00:00+00:00
[2024-12-18T13:21:08.835+0000] {processor.py:183} INFO - Processing /home/airflow/.local/lib/python3.8/site-packages/airflow/example_dags/example_skip_dag.py took 0.061 seconds
[2024-12-18T13:21:38.907+0000] {processor.py:161} INFO - Started process (PID=1546) to work on /home/airflow/.local/lib/python3.8/site-packages/airflow/example_dags/example_skip_dag.py
[2024-12-18T13:21:38.907+0000] {processor.py:830} INFO - Processing file /home/airflow/.local/lib/python3.8/site-packages/airflow/example_dags/example_skip_dag.py for tasks to queue
[2024-12-18T13:21:38.908+0000] {logging_mixin.py:188} INFO - [2024-12-18T13:21:38.908+0000] {dagbag.py:538} INFO - Filling up the DagBag from /home/airflow/.local/lib/python3.8/site-packages/airflow/example_dags/example_skip_dag.py
[2024-12-18T13:21:38.911+0000] {processor.py:840} INFO - DAG(s) 'example_skip_dag' retrieved from /home/airflow/.local/lib/python3.8/site-packages/airflow/example_dags/example_skip_dag.py
[2024-12-18T13:21:38.923+0000] {logging_mixin.py:188} INFO - [2024-12-18T13:21:38.923+0000] {dag.py:3036} INFO - Sync 1 DAGs
[2024-12-18T13:21:38.937+0000] {logging_mixin.py:188} INFO - [2024-12-18T13:21:38.937+0000] {dag.py:3823} INFO - Setting next_dagrun for example_skip_dag to 2024-12-17 00:00:00+00:00, run_after=2024-12-18 00:00:00+00:00
[2024-12-18T13:21:38.946+0000] {processor.py:183} INFO - Processing /home/airflow/.local/lib/python3.8/site-packages/airflow/example_dags/example_skip_dag.py took 0.042 seconds
[2024-12-18T13:22:09.043+0000] {processor.py:161} INFO - Started process (PID=1640) to work on /home/airflow/.local/lib/python3.8/site-packages/airflow/example_dags/example_skip_dag.py
[2024-12-18T13:22:09.044+0000] {processor.py:830} INFO - Processing file /home/airflow/.local/lib/python3.8/site-packages/airflow/example_dags/example_skip_dag.py for tasks to queue
[2024-12-18T13:22:09.045+0000] {logging_mixin.py:188} INFO - [2024-12-18T13:22:09.045+0000] {dagbag.py:538} INFO - Filling up the DagBag from /home/airflow/.local/lib/python3.8/site-packages/airflow/example_dags/example_skip_dag.py
[2024-12-18T13:22:09.048+0000] {processor.py:840} INFO - DAG(s) 'example_skip_dag' retrieved from /home/airflow/.local/lib/python3.8/site-packages/airflow/example_dags/example_skip_dag.py
[2024-12-18T13:22:09.061+0000] {logging_mixin.py:188} INFO - [2024-12-18T13:22:09.061+0000] {dag.py:3036} INFO - Sync 1 DAGs
[2024-12-18T13:22:09.074+0000] {logging_mixin.py:188} INFO - [2024-12-18T13:22:09.074+0000] {dag.py:3823} INFO - Setting next_dagrun for example_skip_dag to 2024-12-17 00:00:00+00:00, run_after=2024-12-18 00:00:00+00:00
[2024-12-18T13:22:09.087+0000] {processor.py:183} INFO - Processing /home/airflow/.local/lib/python3.8/site-packages/airflow/example_dags/example_skip_dag.py took 0.045 seconds
[2024-12-18T13:22:39.167+0000] {processor.py:161} INFO - Started process (PID=1726) to work on /home/airflow/.local/lib/python3.8/site-packages/airflow/example_dags/example_skip_dag.py
[2024-12-18T13:22:39.168+0000] {processor.py:830} INFO - Processing file /home/airflow/.local/lib/python3.8/site-packages/airflow/example_dags/example_skip_dag.py for tasks to queue
[2024-12-18T13:22:39.169+0000] {logging_mixin.py:188} INFO - [2024-12-18T13:22:39.169+0000] {dagbag.py:538} INFO - Filling up the DagBag from /home/airflow/.local/lib/python3.8/site-packages/airflow/example_dags/example_skip_dag.py
[2024-12-18T13:22:39.172+0000] {processor.py:840} INFO - DAG(s) 'example_skip_dag' retrieved from /home/airflow/.local/lib/python3.8/site-packages/airflow/example_dags/example_skip_dag.py
[2024-12-18T13:22:39.185+0000] {logging_mixin.py:188} INFO - [2024-12-18T13:22:39.185+0000] {dag.py:3036} INFO - Sync 1 DAGs
[2024-12-18T13:22:39.197+0000] {logging_mixin.py:188} INFO - [2024-12-18T13:22:39.197+0000] {dag.py:3823} INFO - Setting next_dagrun for example_skip_dag to 2024-12-17 00:00:00+00:00, run_after=2024-12-18 00:00:00+00:00
[2024-12-18T13:22:39.206+0000] {processor.py:183} INFO - Processing /home/airflow/.local/lib/python3.8/site-packages/airflow/example_dags/example_skip_dag.py took 0.040 seconds
[2024-12-18T13:23:09.362+0000] {processor.py:161} INFO - Started process (PID=1820) to work on /home/airflow/.local/lib/python3.8/site-packages/airflow/example_dags/example_skip_dag.py
[2024-12-18T13:23:09.363+0000] {processor.py:830} INFO - Processing file /home/airflow/.local/lib/python3.8/site-packages/airflow/example_dags/example_skip_dag.py for tasks to queue
[2024-12-18T13:23:09.364+0000] {logging_mixin.py:188} INFO - [2024-12-18T13:23:09.364+0000] {dagbag.py:538} INFO - Filling up the DagBag from /home/airflow/.local/lib/python3.8/site-packages/airflow/example_dags/example_skip_dag.py
[2024-12-18T13:23:09.368+0000] {processor.py:840} INFO - DAG(s) 'example_skip_dag' retrieved from /home/airflow/.local/lib/python3.8/site-packages/airflow/example_dags/example_skip_dag.py
[2024-12-18T13:23:09.385+0000] {logging_mixin.py:188} INFO - [2024-12-18T13:23:09.385+0000] {dag.py:3036} INFO - Sync 1 DAGs
[2024-12-18T13:23:09.397+0000] {logging_mixin.py:188} INFO - [2024-12-18T13:23:09.397+0000] {dag.py:3823} INFO - Setting next_dagrun for example_skip_dag to 2024-12-17 00:00:00+00:00, run_after=2024-12-18 00:00:00+00:00
[2024-12-18T13:23:09.408+0000] {processor.py:183} INFO - Processing /home/airflow/.local/lib/python3.8/site-packages/airflow/example_dags/example_skip_dag.py took 0.047 seconds
[2024-12-18T13:23:39.450+0000] {processor.py:161} INFO - Started process (PID=1914) to work on /home/airflow/.local/lib/python3.8/site-packages/airflow/example_dags/example_skip_dag.py
[2024-12-18T13:23:39.450+0000] {processor.py:830} INFO - Processing file /home/airflow/.local/lib/python3.8/site-packages/airflow/example_dags/example_skip_dag.py for tasks to queue
[2024-12-18T13:23:39.452+0000] {logging_mixin.py:188} INFO - [2024-12-18T13:23:39.452+0000] {dagbag.py:538} INFO - Filling up the DagBag from /home/airflow/.local/lib/python3.8/site-packages/airflow/example_dags/example_skip_dag.py
[2024-12-18T13:23:39.455+0000] {processor.py:840} INFO - DAG(s) 'example_skip_dag' retrieved from /home/airflow/.local/lib/python3.8/site-packages/airflow/example_dags/example_skip_dag.py
[2024-12-18T13:23:39.470+0000] {logging_mixin.py:188} INFO - [2024-12-18T13:23:39.469+0000] {dag.py:3036} INFO - Sync 1 DAGs
[2024-12-18T13:23:39.483+0000] {logging_mixin.py:188} INFO - [2024-12-18T13:23:39.483+0000] {dag.py:3823} INFO - Setting next_dagrun for example_skip_dag to 2024-12-17 00:00:00+00:00, run_after=2024-12-18 00:00:00+00:00
[2024-12-18T13:23:39.493+0000] {processor.py:183} INFO - Processing /home/airflow/.local/lib/python3.8/site-packages/airflow/example_dags/example_skip_dag.py took 0.045 seconds
[2024-12-18T13:24:09.650+0000] {processor.py:161} INFO - Started process (PID=2001) to work on /home/airflow/.local/lib/python3.8/site-packages/airflow/example_dags/example_skip_dag.py
[2024-12-18T13:24:09.651+0000] {processor.py:830} INFO - Processing file /home/airflow/.local/lib/python3.8/site-packages/airflow/example_dags/example_skip_dag.py for tasks to queue
[2024-12-18T13:24:09.652+0000] {logging_mixin.py:188} INFO - [2024-12-18T13:24:09.652+0000] {dagbag.py:538} INFO - Filling up the DagBag from /home/airflow/.local/lib/python3.8/site-packages/airflow/example_dags/example_skip_dag.py
[2024-12-18T13:24:09.656+0000] {processor.py:840} INFO - DAG(s) 'example_skip_dag' retrieved from /home/airflow/.local/lib/python3.8/site-packages/airflow/example_dags/example_skip_dag.py
[2024-12-18T13:24:09.673+0000] {logging_mixin.py:188} INFO - [2024-12-18T13:24:09.673+0000] {dag.py:3036} INFO - Sync 1 DAGs
[2024-12-18T13:24:09.687+0000] {logging_mixin.py:188} INFO - [2024-12-18T13:24:09.687+0000] {dag.py:3823} INFO - Setting next_dagrun for example_skip_dag to 2024-12-17 00:00:00+00:00, run_after=2024-12-18 00:00:00+00:00
[2024-12-18T13:24:09.698+0000] {processor.py:183} INFO - Processing /home/airflow/.local/lib/python3.8/site-packages/airflow/example_dags/example_skip_dag.py took 0.051 seconds
[2024-12-18T13:24:39.793+0000] {processor.py:161} INFO - Started process (PID=2095) to work on /home/airflow/.local/lib/python3.8/site-packages/airflow/example_dags/example_skip_dag.py
[2024-12-18T13:24:39.794+0000] {processor.py:830} INFO - Processing file /home/airflow/.local/lib/python3.8/site-packages/airflow/example_dags/example_skip_dag.py for tasks to queue
[2024-12-18T13:24:39.796+0000] {logging_mixin.py:188} INFO - [2024-12-18T13:24:39.795+0000] {dagbag.py:538} INFO - Filling up the DagBag from /home/airflow/.local/lib/python3.8/site-packages/airflow/example_dags/example_skip_dag.py
[2024-12-18T13:24:39.799+0000] {processor.py:840} INFO - DAG(s) 'example_skip_dag' retrieved from /home/airflow/.local/lib/python3.8/site-packages/airflow/example_dags/example_skip_dag.py
[2024-12-18T13:24:39.815+0000] {logging_mixin.py:188} INFO - [2024-12-18T13:24:39.815+0000] {dag.py:3036} INFO - Sync 1 DAGs
[2024-12-18T13:24:39.828+0000] {logging_mixin.py:188} INFO - [2024-12-18T13:24:39.827+0000] {dag.py:3823} INFO - Setting next_dagrun for example_skip_dag to 2024-12-17 00:00:00+00:00, run_after=2024-12-18 00:00:00+00:00
[2024-12-18T13:24:39.837+0000] {processor.py:183} INFO - Processing /home/airflow/.local/lib/python3.8/site-packages/airflow/example_dags/example_skip_dag.py took 0.048 seconds
[2024-12-18T13:25:09.948+0000] {processor.py:161} INFO - Started process (PID=2180) to work on /home/airflow/.local/lib/python3.8/site-packages/airflow/example_dags/example_skip_dag.py
[2024-12-18T13:25:09.950+0000] {processor.py:830} INFO - Processing file /home/airflow/.local/lib/python3.8/site-packages/airflow/example_dags/example_skip_dag.py for tasks to queue
[2024-12-18T13:25:09.952+0000] {logging_mixin.py:188} INFO - [2024-12-18T13:25:09.952+0000] {dagbag.py:538} INFO - Filling up the DagBag from /home/airflow/.local/lib/python3.8/site-packages/airflow/example_dags/example_skip_dag.py
[2024-12-18T13:25:09.959+0000] {processor.py:840} INFO - DAG(s) 'example_skip_dag' retrieved from /home/airflow/.local/lib/python3.8/site-packages/airflow/example_dags/example_skip_dag.py
[2024-12-18T13:25:09.974+0000] {logging_mixin.py:188} INFO - [2024-12-18T13:25:09.974+0000] {dag.py:3036} INFO - Sync 1 DAGs
[2024-12-18T13:25:09.986+0000] {logging_mixin.py:188} INFO - [2024-12-18T13:25:09.986+0000] {dag.py:3823} INFO - Setting next_dagrun for example_skip_dag to 2024-12-17 00:00:00+00:00, run_after=2024-12-18 00:00:00+00:00
[2024-12-18T13:25:10.001+0000] {processor.py:183} INFO - Processing /home/airflow/.local/lib/python3.8/site-packages/airflow/example_dags/example_skip_dag.py took 0.057 seconds
[2024-12-18T13:25:40.175+0000] {processor.py:161} INFO - Started process (PID=2274) to work on /home/airflow/.local/lib/python3.8/site-packages/airflow/example_dags/example_skip_dag.py
[2024-12-18T13:25:40.177+0000] {processor.py:830} INFO - Processing file /home/airflow/.local/lib/python3.8/site-packages/airflow/example_dags/example_skip_dag.py for tasks to queue
[2024-12-18T13:25:40.179+0000] {logging_mixin.py:188} INFO - [2024-12-18T13:25:40.178+0000] {dagbag.py:538} INFO - Filling up the DagBag from /home/airflow/.local/lib/python3.8/site-packages/airflow/example_dags/example_skip_dag.py
[2024-12-18T13:25:40.184+0000] {processor.py:840} INFO - DAG(s) 'example_skip_dag' retrieved from /home/airflow/.local/lib/python3.8/site-packages/airflow/example_dags/example_skip_dag.py
[2024-12-18T13:25:40.204+0000] {logging_mixin.py:188} INFO - [2024-12-18T13:25:40.204+0000] {dag.py:3036} INFO - Sync 1 DAGs
[2024-12-18T13:25:40.220+0000] {logging_mixin.py:188} INFO - [2024-12-18T13:25:40.220+0000] {dag.py:3823} INFO - Setting next_dagrun for example_skip_dag to 2024-12-17 00:00:00+00:00, run_after=2024-12-18 00:00:00+00:00
[2024-12-18T13:25:40.237+0000] {processor.py:183} INFO - Processing /home/airflow/.local/lib/python3.8/site-packages/airflow/example_dags/example_skip_dag.py took 0.064 seconds
[2024-12-18T13:26:10.285+0000] {processor.py:161} INFO - Started process (PID=2368) to work on /home/airflow/.local/lib/python3.8/site-packages/airflow/example_dags/example_skip_dag.py
[2024-12-18T13:26:10.285+0000] {processor.py:830} INFO - Processing file /home/airflow/.local/lib/python3.8/site-packages/airflow/example_dags/example_skip_dag.py for tasks to queue
[2024-12-18T13:26:10.286+0000] {logging_mixin.py:188} INFO - [2024-12-18T13:26:10.286+0000] {dagbag.py:538} INFO - Filling up the DagBag from /home/airflow/.local/lib/python3.8/site-packages/airflow/example_dags/example_skip_dag.py
[2024-12-18T13:26:10.289+0000] {processor.py:840} INFO - DAG(s) 'example_skip_dag' retrieved from /home/airflow/.local/lib/python3.8/site-packages/airflow/example_dags/example_skip_dag.py
[2024-12-18T13:26:10.302+0000] {logging_mixin.py:188} INFO - [2024-12-18T13:26:10.302+0000] {dag.py:3036} INFO - Sync 1 DAGs
[2024-12-18T13:26:10.314+0000] {logging_mixin.py:188} INFO - [2024-12-18T13:26:10.314+0000] {dag.py:3823} INFO - Setting next_dagrun for example_skip_dag to 2024-12-17 00:00:00+00:00, run_after=2024-12-18 00:00:00+00:00
[2024-12-18T13:26:10.324+0000] {processor.py:183} INFO - Processing /home/airflow/.local/lib/python3.8/site-packages/airflow/example_dags/example_skip_dag.py took 0.041 seconds
[2024-12-18T13:26:40.466+0000] {processor.py:161} INFO - Started process (PID=2454) to work on /home/airflow/.local/lib/python3.8/site-packages/airflow/example_dags/example_skip_dag.py
[2024-12-18T13:26:40.467+0000] {processor.py:830} INFO - Processing file /home/airflow/.local/lib/python3.8/site-packages/airflow/example_dags/example_skip_dag.py for tasks to queue
[2024-12-18T13:26:40.468+0000] {logging_mixin.py:188} INFO - [2024-12-18T13:26:40.468+0000] {dagbag.py:538} INFO - Filling up the DagBag from /home/airflow/.local/lib/python3.8/site-packages/airflow/example_dags/example_skip_dag.py
[2024-12-18T13:26:40.472+0000] {processor.py:840} INFO - DAG(s) 'example_skip_dag' retrieved from /home/airflow/.local/lib/python3.8/site-packages/airflow/example_dags/example_skip_dag.py
[2024-12-18T13:26:40.486+0000] {logging_mixin.py:188} INFO - [2024-12-18T13:26:40.485+0000] {dag.py:3036} INFO - Sync 1 DAGs
[2024-12-18T13:26:40.499+0000] {logging_mixin.py:188} INFO - [2024-12-18T13:26:40.499+0000] {dag.py:3823} INFO - Setting next_dagrun for example_skip_dag to 2024-12-17 00:00:00+00:00, run_after=2024-12-18 00:00:00+00:00
[2024-12-18T13:26:40.509+0000] {processor.py:183} INFO - Processing /home/airflow/.local/lib/python3.8/site-packages/airflow/example_dags/example_skip_dag.py took 0.044 seconds
[2024-12-18T13:27:10.680+0000] {processor.py:161} INFO - Started process (PID=2548) to work on /home/airflow/.local/lib/python3.8/site-packages/airflow/example_dags/example_skip_dag.py
[2024-12-18T13:27:10.681+0000] {processor.py:830} INFO - Processing file /home/airflow/.local/lib/python3.8/site-packages/airflow/example_dags/example_skip_dag.py for tasks to queue
[2024-12-18T13:27:10.682+0000] {logging_mixin.py:188} INFO - [2024-12-18T13:27:10.682+0000] {dagbag.py:538} INFO - Filling up the DagBag from /home/airflow/.local/lib/python3.8/site-packages/airflow/example_dags/example_skip_dag.py
[2024-12-18T13:27:10.686+0000] {processor.py:840} INFO - DAG(s) 'example_skip_dag' retrieved from /home/airflow/.local/lib/python3.8/site-packages/airflow/example_dags/example_skip_dag.py
[2024-12-18T13:27:10.700+0000] {logging_mixin.py:188} INFO - [2024-12-18T13:27:10.700+0000] {dag.py:3036} INFO - Sync 1 DAGs
[2024-12-18T13:27:10.713+0000] {logging_mixin.py:188} INFO - [2024-12-18T13:27:10.712+0000] {dag.py:3823} INFO - Setting next_dagrun for example_skip_dag to 2024-12-17 00:00:00+00:00, run_after=2024-12-18 00:00:00+00:00
[2024-12-18T13:27:10.724+0000] {processor.py:183} INFO - Processing /home/airflow/.local/lib/python3.8/site-packages/airflow/example_dags/example_skip_dag.py took 0.047 seconds
[2024-12-18T13:27:40.830+0000] {processor.py:161} INFO - Started process (PID=2642) to work on /home/airflow/.local/lib/python3.8/site-packages/airflow/example_dags/example_skip_dag.py
[2024-12-18T13:27:40.831+0000] {processor.py:830} INFO - Processing file /home/airflow/.local/lib/python3.8/site-packages/airflow/example_dags/example_skip_dag.py for tasks to queue
[2024-12-18T13:27:40.832+0000] {logging_mixin.py:188} INFO - [2024-12-18T13:27:40.831+0000] {dagbag.py:538} INFO - Filling up the DagBag from /home/airflow/.local/lib/python3.8/site-packages/airflow/example_dags/example_skip_dag.py
[2024-12-18T13:27:40.835+0000] {processor.py:840} INFO - DAG(s) 'example_skip_dag' retrieved from /home/airflow/.local/lib/python3.8/site-packages/airflow/example_dags/example_skip_dag.py
[2024-12-18T13:27:40.854+0000] {logging_mixin.py:188} INFO - [2024-12-18T13:27:40.853+0000] {dag.py:3036} INFO - Sync 1 DAGs
[2024-12-18T13:27:40.868+0000] {logging_mixin.py:188} INFO - [2024-12-18T13:27:40.868+0000] {dag.py:3823} INFO - Setting next_dagrun for example_skip_dag to 2024-12-17 00:00:00+00:00, run_after=2024-12-18 00:00:00+00:00
[2024-12-18T13:27:40.883+0000] {processor.py:183} INFO - Processing /home/airflow/.local/lib/python3.8/site-packages/airflow/example_dags/example_skip_dag.py took 0.055 seconds
[2024-12-18T13:28:11.004+0000] {processor.py:161} INFO - Started process (PID=2728) to work on /home/airflow/.local/lib/python3.8/site-packages/airflow/example_dags/example_skip_dag.py
[2024-12-18T13:28:11.005+0000] {processor.py:830} INFO - Processing file /home/airflow/.local/lib/python3.8/site-packages/airflow/example_dags/example_skip_dag.py for tasks to queue
[2024-12-18T13:28:11.007+0000] {logging_mixin.py:188} INFO - [2024-12-18T13:28:11.006+0000] {dagbag.py:538} INFO - Filling up the DagBag from /home/airflow/.local/lib/python3.8/site-packages/airflow/example_dags/example_skip_dag.py
[2024-12-18T13:28:11.014+0000] {processor.py:840} INFO - DAG(s) 'example_skip_dag' retrieved from /home/airflow/.local/lib/python3.8/site-packages/airflow/example_dags/example_skip_dag.py
[2024-12-18T13:28:11.036+0000] {logging_mixin.py:188} INFO - [2024-12-18T13:28:11.036+0000] {dag.py:3036} INFO - Sync 1 DAGs
[2024-12-18T13:28:11.049+0000] {logging_mixin.py:188} INFO - [2024-12-18T13:28:11.049+0000] {dag.py:3823} INFO - Setting next_dagrun for example_skip_dag to 2024-12-17 00:00:00+00:00, run_after=2024-12-18 00:00:00+00:00
[2024-12-18T13:28:11.058+0000] {processor.py:183} INFO - Processing /home/airflow/.local/lib/python3.8/site-packages/airflow/example_dags/example_skip_dag.py took 0.056 seconds
