[2024-12-18T09:11:01.786+0000] {processor.py:161} INFO - Started process (PID=135) to work on /home/airflow/.local/lib/python3.8/site-packages/airflow/example_dags/example_latest_only.py
[2024-12-18T09:11:01.787+0000] {processor.py:830} INFO - Processing file /home/airflow/.local/lib/python3.8/site-packages/airflow/example_dags/example_latest_only.py for tasks to queue
[2024-12-18T09:11:01.788+0000] {logging_mixin.py:188} INFO - [2024-12-18T09:11:01.788+0000] {dagbag.py:538} INFO - Filling up the DagBag from /home/airflow/.local/lib/python3.8/site-packages/airflow/example_dags/example_latest_only.py
[2024-12-18T09:11:01.792+0000] {processor.py:840} INFO - DAG(s) 'latest_only' retrieved from /home/airflow/.local/lib/python3.8/site-packages/airflow/example_dags/example_latest_only.py
[2024-12-18T09:11:01.810+0000] {logging_mixin.py:188} INFO - [2024-12-18T09:11:01.810+0000] {dag.py:3036} INFO - Sync 1 DAGs
[2024-12-18T09:11:01.828+0000] {logging_mixin.py:188} INFO - [2024-12-18T09:11:01.828+0000] {dag.py:3823} INFO - Setting next_dagrun for latest_only to 2024-12-18 04:00:00+00:00, run_after=2024-12-18 08:00:00+00:00
[2024-12-18T09:11:01.845+0000] {processor.py:183} INFO - Processing /home/airflow/.local/lib/python3.8/site-packages/airflow/example_dags/example_latest_only.py took 0.061 seconds
[2024-12-18T13:13:33.851+0000] {processor.py:161} INFO - Started process (PID=135) to work on /home/airflow/.local/lib/python3.8/site-packages/airflow/example_dags/example_latest_only.py
[2024-12-18T13:13:33.852+0000] {processor.py:830} INFO - Processing file /home/airflow/.local/lib/python3.8/site-packages/airflow/example_dags/example_latest_only.py for tasks to queue
[2024-12-18T13:13:33.853+0000] {logging_mixin.py:188} INFO - [2024-12-18T13:13:33.853+0000] {dagbag.py:538} INFO - Filling up the DagBag from /home/airflow/.local/lib/python3.8/site-packages/airflow/example_dags/example_latest_only.py
[2024-12-18T13:13:33.857+0000] {processor.py:840} INFO - DAG(s) 'latest_only' retrieved from /home/airflow/.local/lib/python3.8/site-packages/airflow/example_dags/example_latest_only.py
[2024-12-18T13:13:33.879+0000] {logging_mixin.py:188} INFO - [2024-12-18T13:13:33.879+0000] {dag.py:3036} INFO - Sync 1 DAGs
[2024-12-18T13:13:33.896+0000] {logging_mixin.py:188} INFO - [2024-12-18T13:13:33.896+0000] {dag.py:3823} INFO - Setting next_dagrun for latest_only to 2024-12-18 08:00:00+00:00, run_after=2024-12-18 12:00:00+00:00
[2024-12-18T13:13:33.915+0000] {processor.py:183} INFO - Processing /home/airflow/.local/lib/python3.8/site-packages/airflow/example_dags/example_latest_only.py took 0.066 seconds
[2024-12-18T13:14:04.880+0000] {processor.py:161} INFO - Started process (PID=228) to work on /home/airflow/.local/lib/python3.8/site-packages/airflow/example_dags/example_latest_only.py
[2024-12-18T13:14:04.881+0000] {processor.py:830} INFO - Processing file /home/airflow/.local/lib/python3.8/site-packages/airflow/example_dags/example_latest_only.py for tasks to queue
[2024-12-18T13:14:04.882+0000] {logging_mixin.py:188} INFO - [2024-12-18T13:14:04.882+0000] {dagbag.py:538} INFO - Filling up the DagBag from /home/airflow/.local/lib/python3.8/site-packages/airflow/example_dags/example_latest_only.py
[2024-12-18T13:14:04.885+0000] {processor.py:840} INFO - DAG(s) 'latest_only' retrieved from /home/airflow/.local/lib/python3.8/site-packages/airflow/example_dags/example_latest_only.py
[2024-12-18T13:14:04.903+0000] {logging_mixin.py:188} INFO - [2024-12-18T13:14:04.902+0000] {dag.py:3036} INFO - Sync 1 DAGs
[2024-12-18T13:14:04.925+0000] {logging_mixin.py:188} INFO - [2024-12-18T13:14:04.925+0000] {dag.py:3823} INFO - Setting next_dagrun for latest_only to 2024-12-18 08:00:00+00:00, run_after=2024-12-18 12:00:00+00:00
[2024-12-18T13:14:04.948+0000] {processor.py:183} INFO - Processing /home/airflow/.local/lib/python3.8/site-packages/airflow/example_dags/example_latest_only.py took 0.071 seconds
[2024-12-18T13:14:35.213+0000] {processor.py:161} INFO - Started process (PID=315) to work on /home/airflow/.local/lib/python3.8/site-packages/airflow/example_dags/example_latest_only.py
[2024-12-18T13:14:35.213+0000] {processor.py:830} INFO - Processing file /home/airflow/.local/lib/python3.8/site-packages/airflow/example_dags/example_latest_only.py for tasks to queue
[2024-12-18T13:14:35.215+0000] {logging_mixin.py:188} INFO - [2024-12-18T13:14:35.214+0000] {dagbag.py:538} INFO - Filling up the DagBag from /home/airflow/.local/lib/python3.8/site-packages/airflow/example_dags/example_latest_only.py
[2024-12-18T13:14:35.218+0000] {processor.py:840} INFO - DAG(s) 'latest_only' retrieved from /home/airflow/.local/lib/python3.8/site-packages/airflow/example_dags/example_latest_only.py
[2024-12-18T13:14:35.230+0000] {logging_mixin.py:188} INFO - [2024-12-18T13:14:35.230+0000] {dag.py:3036} INFO - Sync 1 DAGs
[2024-12-18T13:14:35.243+0000] {logging_mixin.py:188} INFO - [2024-12-18T13:14:35.243+0000] {dag.py:3823} INFO - Setting next_dagrun for latest_only to 2024-12-18 08:00:00+00:00, run_after=2024-12-18 12:00:00+00:00
[2024-12-18T13:14:35.256+0000] {processor.py:183} INFO - Processing /home/airflow/.local/lib/python3.8/site-packages/airflow/example_dags/example_latest_only.py took 0.045 seconds
[2024-12-18T13:15:06.353+0000] {processor.py:161} INFO - Started process (PID=409) to work on /home/airflow/.local/lib/python3.8/site-packages/airflow/example_dags/example_latest_only.py
[2024-12-18T13:15:06.354+0000] {processor.py:830} INFO - Processing file /home/airflow/.local/lib/python3.8/site-packages/airflow/example_dags/example_latest_only.py for tasks to queue
[2024-12-18T13:15:06.355+0000] {logging_mixin.py:188} INFO - [2024-12-18T13:15:06.355+0000] {dagbag.py:538} INFO - Filling up the DagBag from /home/airflow/.local/lib/python3.8/site-packages/airflow/example_dags/example_latest_only.py
[2024-12-18T13:15:06.358+0000] {processor.py:840} INFO - DAG(s) 'latest_only' retrieved from /home/airflow/.local/lib/python3.8/site-packages/airflow/example_dags/example_latest_only.py
[2024-12-18T13:15:06.371+0000] {logging_mixin.py:188} INFO - [2024-12-18T13:15:06.371+0000] {dag.py:3036} INFO - Sync 1 DAGs
[2024-12-18T13:15:06.391+0000] {logging_mixin.py:188} INFO - [2024-12-18T13:15:06.390+0000] {dag.py:3823} INFO - Setting next_dagrun for latest_only to 2024-12-18 08:00:00+00:00, run_after=2024-12-18 12:00:00+00:00
[2024-12-18T13:15:06.403+0000] {processor.py:183} INFO - Processing /home/airflow/.local/lib/python3.8/site-packages/airflow/example_dags/example_latest_only.py took 0.052 seconds
[2024-12-18T13:15:37.654+0000] {processor.py:161} INFO - Started process (PID=503) to work on /home/airflow/.local/lib/python3.8/site-packages/airflow/example_dags/example_latest_only.py
[2024-12-18T13:15:37.654+0000] {processor.py:830} INFO - Processing file /home/airflow/.local/lib/python3.8/site-packages/airflow/example_dags/example_latest_only.py for tasks to queue
[2024-12-18T13:15:37.655+0000] {logging_mixin.py:188} INFO - [2024-12-18T13:15:37.655+0000] {dagbag.py:538} INFO - Filling up the DagBag from /home/airflow/.local/lib/python3.8/site-packages/airflow/example_dags/example_latest_only.py
[2024-12-18T13:15:37.658+0000] {processor.py:840} INFO - DAG(s) 'latest_only' retrieved from /home/airflow/.local/lib/python3.8/site-packages/airflow/example_dags/example_latest_only.py
[2024-12-18T13:15:37.673+0000] {logging_mixin.py:188} INFO - [2024-12-18T13:15:37.673+0000] {dag.py:3036} INFO - Sync 1 DAGs
[2024-12-18T13:15:37.694+0000] {logging_mixin.py:188} INFO - [2024-12-18T13:15:37.693+0000] {dag.py:3823} INFO - Setting next_dagrun for latest_only to 2024-12-18 08:00:00+00:00, run_after=2024-12-18 12:00:00+00:00
[2024-12-18T13:15:37.711+0000] {processor.py:183} INFO - Processing /home/airflow/.local/lib/python3.8/site-packages/airflow/example_dags/example_latest_only.py took 0.060 seconds
[2024-12-18T13:16:08.676+0000] {processor.py:161} INFO - Started process (PID=589) to work on /home/airflow/.local/lib/python3.8/site-packages/airflow/example_dags/example_latest_only.py
[2024-12-18T13:16:08.677+0000] {processor.py:830} INFO - Processing file /home/airflow/.local/lib/python3.8/site-packages/airflow/example_dags/example_latest_only.py for tasks to queue
[2024-12-18T13:16:08.678+0000] {logging_mixin.py:188} INFO - [2024-12-18T13:16:08.678+0000] {dagbag.py:538} INFO - Filling up the DagBag from /home/airflow/.local/lib/python3.8/site-packages/airflow/example_dags/example_latest_only.py
[2024-12-18T13:16:08.681+0000] {processor.py:840} INFO - DAG(s) 'latest_only' retrieved from /home/airflow/.local/lib/python3.8/site-packages/airflow/example_dags/example_latest_only.py
[2024-12-18T13:16:08.697+0000] {logging_mixin.py:188} INFO - [2024-12-18T13:16:08.697+0000] {dag.py:3036} INFO - Sync 1 DAGs
[2024-12-18T13:16:08.720+0000] {logging_mixin.py:188} INFO - [2024-12-18T13:16:08.719+0000] {dag.py:3823} INFO - Setting next_dagrun for latest_only to 2024-12-18 08:00:00+00:00, run_after=2024-12-18 12:00:00+00:00
[2024-12-18T13:16:08.742+0000] {processor.py:183} INFO - Processing /home/airflow/.local/lib/python3.8/site-packages/airflow/example_dags/example_latest_only.py took 0.067 seconds
[2024-12-18T13:16:39.342+0000] {processor.py:161} INFO - Started process (PID=683) to work on /home/airflow/.local/lib/python3.8/site-packages/airflow/example_dags/example_latest_only.py
[2024-12-18T13:16:39.342+0000] {processor.py:830} INFO - Processing file /home/airflow/.local/lib/python3.8/site-packages/airflow/example_dags/example_latest_only.py for tasks to queue
[2024-12-18T13:16:39.343+0000] {logging_mixin.py:188} INFO - [2024-12-18T13:16:39.343+0000] {dagbag.py:538} INFO - Filling up the DagBag from /home/airflow/.local/lib/python3.8/site-packages/airflow/example_dags/example_latest_only.py
[2024-12-18T13:16:39.347+0000] {processor.py:840} INFO - DAG(s) 'latest_only' retrieved from /home/airflow/.local/lib/python3.8/site-packages/airflow/example_dags/example_latest_only.py
[2024-12-18T13:16:39.363+0000] {logging_mixin.py:188} INFO - [2024-12-18T13:16:39.363+0000] {dag.py:3036} INFO - Sync 1 DAGs
[2024-12-18T13:16:39.376+0000] {logging_mixin.py:188} INFO - [2024-12-18T13:16:39.376+0000] {dag.py:3823} INFO - Setting next_dagrun for latest_only to 2024-12-18 08:00:00+00:00, run_after=2024-12-18 12:00:00+00:00
[2024-12-18T13:16:39.388+0000] {processor.py:183} INFO - Processing /home/airflow/.local/lib/python3.8/site-packages/airflow/example_dags/example_latest_only.py took 0.049 seconds
[2024-12-18T13:17:10.726+0000] {processor.py:161} INFO - Started process (PID=777) to work on /home/airflow/.local/lib/python3.8/site-packages/airflow/example_dags/example_latest_only.py
[2024-12-18T13:17:10.726+0000] {processor.py:830} INFO - Processing file /home/airflow/.local/lib/python3.8/site-packages/airflow/example_dags/example_latest_only.py for tasks to queue
[2024-12-18T13:17:10.727+0000] {logging_mixin.py:188} INFO - [2024-12-18T13:17:10.727+0000] {dagbag.py:538} INFO - Filling up the DagBag from /home/airflow/.local/lib/python3.8/site-packages/airflow/example_dags/example_latest_only.py
[2024-12-18T13:17:10.731+0000] {processor.py:840} INFO - DAG(s) 'latest_only' retrieved from /home/airflow/.local/lib/python3.8/site-packages/airflow/example_dags/example_latest_only.py
[2024-12-18T13:17:10.743+0000] {logging_mixin.py:188} INFO - [2024-12-18T13:17:10.743+0000] {dag.py:3036} INFO - Sync 1 DAGs
[2024-12-18T13:17:10.754+0000] {logging_mixin.py:188} INFO - [2024-12-18T13:17:10.754+0000] {dag.py:3823} INFO - Setting next_dagrun for latest_only to 2024-12-18 08:00:00+00:00, run_after=2024-12-18 12:00:00+00:00
[2024-12-18T13:17:10.763+0000] {processor.py:183} INFO - Processing /home/airflow/.local/lib/python3.8/site-packages/airflow/example_dags/example_latest_only.py took 0.039 seconds
[2024-12-18T13:17:41.722+0000] {processor.py:161} INFO - Started process (PID=863) to work on /home/airflow/.local/lib/python3.8/site-packages/airflow/example_dags/example_latest_only.py
[2024-12-18T13:17:41.723+0000] {processor.py:830} INFO - Processing file /home/airflow/.local/lib/python3.8/site-packages/airflow/example_dags/example_latest_only.py for tasks to queue
[2024-12-18T13:17:41.724+0000] {logging_mixin.py:188} INFO - [2024-12-18T13:17:41.724+0000] {dagbag.py:538} INFO - Filling up the DagBag from /home/airflow/.local/lib/python3.8/site-packages/airflow/example_dags/example_latest_only.py
[2024-12-18T13:17:41.727+0000] {processor.py:840} INFO - DAG(s) 'latest_only' retrieved from /home/airflow/.local/lib/python3.8/site-packages/airflow/example_dags/example_latest_only.py
[2024-12-18T13:17:41.739+0000] {logging_mixin.py:188} INFO - [2024-12-18T13:17:41.739+0000] {dag.py:3036} INFO - Sync 1 DAGs
[2024-12-18T13:17:41.755+0000] {logging_mixin.py:188} INFO - [2024-12-18T13:17:41.755+0000] {dag.py:3823} INFO - Setting next_dagrun for latest_only to 2024-12-18 08:00:00+00:00, run_after=2024-12-18 12:00:00+00:00
[2024-12-18T13:17:41.770+0000] {processor.py:183} INFO - Processing /home/airflow/.local/lib/python3.8/site-packages/airflow/example_dags/example_latest_only.py took 0.049 seconds
[2024-12-18T13:18:12.047+0000] {processor.py:161} INFO - Started process (PID=957) to work on /home/airflow/.local/lib/python3.8/site-packages/airflow/example_dags/example_latest_only.py
[2024-12-18T13:18:12.047+0000] {processor.py:830} INFO - Processing file /home/airflow/.local/lib/python3.8/site-packages/airflow/example_dags/example_latest_only.py for tasks to queue
[2024-12-18T13:18:12.048+0000] {logging_mixin.py:188} INFO - [2024-12-18T13:18:12.048+0000] {dagbag.py:538} INFO - Filling up the DagBag from /home/airflow/.local/lib/python3.8/site-packages/airflow/example_dags/example_latest_only.py
[2024-12-18T13:18:12.051+0000] {processor.py:840} INFO - DAG(s) 'latest_only' retrieved from /home/airflow/.local/lib/python3.8/site-packages/airflow/example_dags/example_latest_only.py
[2024-12-18T13:18:12.068+0000] {logging_mixin.py:188} INFO - [2024-12-18T13:18:12.068+0000] {dag.py:3036} INFO - Sync 1 DAGs
[2024-12-18T13:18:12.084+0000] {logging_mixin.py:188} INFO - [2024-12-18T13:18:12.084+0000] {dag.py:3823} INFO - Setting next_dagrun for latest_only to 2024-12-18 08:00:00+00:00, run_after=2024-12-18 12:00:00+00:00
[2024-12-18T13:18:12.094+0000] {processor.py:183} INFO - Processing /home/airflow/.local/lib/python3.8/site-packages/airflow/example_dags/example_latest_only.py took 0.049 seconds
[2024-12-18T13:18:43.044+0000] {processor.py:161} INFO - Started process (PID=1032) to work on /home/airflow/.local/lib/python3.8/site-packages/airflow/example_dags/example_latest_only.py
[2024-12-18T13:18:43.045+0000] {processor.py:830} INFO - Processing file /home/airflow/.local/lib/python3.8/site-packages/airflow/example_dags/example_latest_only.py for tasks to queue
[2024-12-18T13:18:43.046+0000] {logging_mixin.py:188} INFO - [2024-12-18T13:18:43.046+0000] {dagbag.py:538} INFO - Filling up the DagBag from /home/airflow/.local/lib/python3.8/site-packages/airflow/example_dags/example_latest_only.py
[2024-12-18T13:18:43.049+0000] {processor.py:840} INFO - DAG(s) 'latest_only' retrieved from /home/airflow/.local/lib/python3.8/site-packages/airflow/example_dags/example_latest_only.py
[2024-12-18T13:18:43.065+0000] {logging_mixin.py:188} INFO - [2024-12-18T13:18:43.065+0000] {dag.py:3036} INFO - Sync 1 DAGs
[2024-12-18T13:18:43.084+0000] {logging_mixin.py:188} INFO - [2024-12-18T13:18:43.084+0000] {dag.py:3823} INFO - Setting next_dagrun for latest_only to 2024-12-18 08:00:00+00:00, run_after=2024-12-18 12:00:00+00:00
[2024-12-18T13:18:43.102+0000] {processor.py:183} INFO - Processing /home/airflow/.local/lib/python3.8/site-packages/airflow/example_dags/example_latest_only.py took 0.060 seconds
[2024-12-18T13:19:13.132+0000] {processor.py:161} INFO - Started process (PID=1116) to work on /home/airflow/.local/lib/python3.8/site-packages/airflow/example_dags/example_latest_only.py
[2024-12-18T13:19:13.133+0000] {processor.py:830} INFO - Processing file /home/airflow/.local/lib/python3.8/site-packages/airflow/example_dags/example_latest_only.py for tasks to queue
[2024-12-18T13:19:13.134+0000] {logging_mixin.py:188} INFO - [2024-12-18T13:19:13.134+0000] {dagbag.py:538} INFO - Filling up the DagBag from /home/airflow/.local/lib/python3.8/site-packages/airflow/example_dags/example_latest_only.py
[2024-12-18T13:19:13.137+0000] {processor.py:840} INFO - DAG(s) 'latest_only' retrieved from /home/airflow/.local/lib/python3.8/site-packages/airflow/example_dags/example_latest_only.py
[2024-12-18T13:19:13.148+0000] {logging_mixin.py:188} INFO - [2024-12-18T13:19:13.148+0000] {dag.py:3036} INFO - Sync 1 DAGs
[2024-12-18T13:19:13.160+0000] {logging_mixin.py:188} INFO - [2024-12-18T13:19:13.160+0000] {dag.py:3823} INFO - Setting next_dagrun for latest_only to 2024-12-18 08:00:00+00:00, run_after=2024-12-18 12:00:00+00:00
[2024-12-18T13:19:13.169+0000] {processor.py:183} INFO - Processing /home/airflow/.local/lib/python3.8/site-packages/airflow/example_dags/example_latest_only.py took 0.038 seconds
[2024-12-18T13:19:43.283+0000] {processor.py:161} INFO - Started process (PID=1210) to work on /home/airflow/.local/lib/python3.8/site-packages/airflow/example_dags/example_latest_only.py
[2024-12-18T13:19:43.284+0000] {processor.py:830} INFO - Processing file /home/airflow/.local/lib/python3.8/site-packages/airflow/example_dags/example_latest_only.py for tasks to queue
[2024-12-18T13:19:43.285+0000] {logging_mixin.py:188} INFO - [2024-12-18T13:19:43.284+0000] {dagbag.py:538} INFO - Filling up the DagBag from /home/airflow/.local/lib/python3.8/site-packages/airflow/example_dags/example_latest_only.py
[2024-12-18T13:19:43.287+0000] {processor.py:840} INFO - DAG(s) 'latest_only' retrieved from /home/airflow/.local/lib/python3.8/site-packages/airflow/example_dags/example_latest_only.py
[2024-12-18T13:19:43.301+0000] {logging_mixin.py:188} INFO - [2024-12-18T13:19:43.300+0000] {dag.py:3036} INFO - Sync 1 DAGs
[2024-12-18T13:19:43.313+0000] {logging_mixin.py:188} INFO - [2024-12-18T13:19:43.313+0000] {dag.py:3823} INFO - Setting next_dagrun for latest_only to 2024-12-18 08:00:00+00:00, run_after=2024-12-18 12:00:00+00:00
[2024-12-18T13:19:43.322+0000] {processor.py:183} INFO - Processing /home/airflow/.local/lib/python3.8/site-packages/airflow/example_dags/example_latest_only.py took 0.040 seconds
[2024-12-18T13:20:13.480+0000] {processor.py:161} INFO - Started process (PID=1304) to work on /home/airflow/.local/lib/python3.8/site-packages/airflow/example_dags/example_latest_only.py
[2024-12-18T13:20:13.481+0000] {processor.py:830} INFO - Processing file /home/airflow/.local/lib/python3.8/site-packages/airflow/example_dags/example_latest_only.py for tasks to queue
[2024-12-18T13:20:13.482+0000] {logging_mixin.py:188} INFO - [2024-12-18T13:20:13.482+0000] {dagbag.py:538} INFO - Filling up the DagBag from /home/airflow/.local/lib/python3.8/site-packages/airflow/example_dags/example_latest_only.py
[2024-12-18T13:20:13.485+0000] {processor.py:840} INFO - DAG(s) 'latest_only' retrieved from /home/airflow/.local/lib/python3.8/site-packages/airflow/example_dags/example_latest_only.py
[2024-12-18T13:20:13.499+0000] {logging_mixin.py:188} INFO - [2024-12-18T13:20:13.499+0000] {dag.py:3036} INFO - Sync 1 DAGs
[2024-12-18T13:20:13.514+0000] {logging_mixin.py:188} INFO - [2024-12-18T13:20:13.514+0000] {dag.py:3823} INFO - Setting next_dagrun for latest_only to 2024-12-18 08:00:00+00:00, run_after=2024-12-18 12:00:00+00:00
[2024-12-18T13:20:13.528+0000] {processor.py:183} INFO - Processing /home/airflow/.local/lib/python3.8/site-packages/airflow/example_dags/example_latest_only.py took 0.050 seconds
[2024-12-18T13:20:43.576+0000] {processor.py:161} INFO - Started process (PID=1390) to work on /home/airflow/.local/lib/python3.8/site-packages/airflow/example_dags/example_latest_only.py
[2024-12-18T13:20:43.577+0000] {processor.py:830} INFO - Processing file /home/airflow/.local/lib/python3.8/site-packages/airflow/example_dags/example_latest_only.py for tasks to queue
[2024-12-18T13:20:43.578+0000] {logging_mixin.py:188} INFO - [2024-12-18T13:20:43.577+0000] {dagbag.py:538} INFO - Filling up the DagBag from /home/airflow/.local/lib/python3.8/site-packages/airflow/example_dags/example_latest_only.py
[2024-12-18T13:20:43.580+0000] {processor.py:840} INFO - DAG(s) 'latest_only' retrieved from /home/airflow/.local/lib/python3.8/site-packages/airflow/example_dags/example_latest_only.py
[2024-12-18T13:20:43.592+0000] {logging_mixin.py:188} INFO - [2024-12-18T13:20:43.592+0000] {dag.py:3036} INFO - Sync 1 DAGs
[2024-12-18T13:20:43.604+0000] {logging_mixin.py:188} INFO - [2024-12-18T13:20:43.604+0000] {dag.py:3823} INFO - Setting next_dagrun for latest_only to 2024-12-18 08:00:00+00:00, run_after=2024-12-18 12:00:00+00:00
[2024-12-18T13:20:43.613+0000] {processor.py:183} INFO - Processing /home/airflow/.local/lib/python3.8/site-packages/airflow/example_dags/example_latest_only.py took 0.039 seconds
[2024-12-18T13:21:13.708+0000] {processor.py:161} INFO - Started process (PID=1485) to work on /home/airflow/.local/lib/python3.8/site-packages/airflow/example_dags/example_latest_only.py
[2024-12-18T13:21:13.709+0000] {processor.py:830} INFO - Processing file /home/airflow/.local/lib/python3.8/site-packages/airflow/example_dags/example_latest_only.py for tasks to queue
[2024-12-18T13:21:13.710+0000] {logging_mixin.py:188} INFO - [2024-12-18T13:21:13.710+0000] {dagbag.py:538} INFO - Filling up the DagBag from /home/airflow/.local/lib/python3.8/site-packages/airflow/example_dags/example_latest_only.py
[2024-12-18T13:21:13.712+0000] {processor.py:840} INFO - DAG(s) 'latest_only' retrieved from /home/airflow/.local/lib/python3.8/site-packages/airflow/example_dags/example_latest_only.py
[2024-12-18T13:21:13.723+0000] {logging_mixin.py:188} INFO - [2024-12-18T13:21:13.723+0000] {dag.py:3036} INFO - Sync 1 DAGs
[2024-12-18T13:21:13.736+0000] {logging_mixin.py:188} INFO - [2024-12-18T13:21:13.736+0000] {dag.py:3823} INFO - Setting next_dagrun for latest_only to 2024-12-18 08:00:00+00:00, run_after=2024-12-18 12:00:00+00:00
[2024-12-18T13:21:13.744+0000] {processor.py:183} INFO - Processing /home/airflow/.local/lib/python3.8/site-packages/airflow/example_dags/example_latest_only.py took 0.038 seconds
[2024-12-18T13:21:43.832+0000] {processor.py:161} INFO - Started process (PID=1571) to work on /home/airflow/.local/lib/python3.8/site-packages/airflow/example_dags/example_latest_only.py
[2024-12-18T13:21:43.833+0000] {processor.py:830} INFO - Processing file /home/airflow/.local/lib/python3.8/site-packages/airflow/example_dags/example_latest_only.py for tasks to queue
[2024-12-18T13:21:43.834+0000] {logging_mixin.py:188} INFO - [2024-12-18T13:21:43.833+0000] {dagbag.py:538} INFO - Filling up the DagBag from /home/airflow/.local/lib/python3.8/site-packages/airflow/example_dags/example_latest_only.py
[2024-12-18T13:21:43.836+0000] {processor.py:840} INFO - DAG(s) 'latest_only' retrieved from /home/airflow/.local/lib/python3.8/site-packages/airflow/example_dags/example_latest_only.py
[2024-12-18T13:21:43.856+0000] {logging_mixin.py:188} INFO - [2024-12-18T13:21:43.855+0000] {dag.py:3036} INFO - Sync 1 DAGs
[2024-12-18T13:21:43.872+0000] {logging_mixin.py:188} INFO - [2024-12-18T13:21:43.872+0000] {dag.py:3823} INFO - Setting next_dagrun for latest_only to 2024-12-18 08:00:00+00:00, run_after=2024-12-18 12:00:00+00:00
[2024-12-18T13:21:43.883+0000] {processor.py:183} INFO - Processing /home/airflow/.local/lib/python3.8/site-packages/airflow/example_dags/example_latest_only.py took 0.054 seconds
[2024-12-18T13:22:14.002+0000] {processor.py:161} INFO - Started process (PID=1665) to work on /home/airflow/.local/lib/python3.8/site-packages/airflow/example_dags/example_latest_only.py
[2024-12-18T13:22:14.003+0000] {processor.py:830} INFO - Processing file /home/airflow/.local/lib/python3.8/site-packages/airflow/example_dags/example_latest_only.py for tasks to queue
[2024-12-18T13:22:14.004+0000] {logging_mixin.py:188} INFO - [2024-12-18T13:22:14.004+0000] {dagbag.py:538} INFO - Filling up the DagBag from /home/airflow/.local/lib/python3.8/site-packages/airflow/example_dags/example_latest_only.py
[2024-12-18T13:22:14.006+0000] {processor.py:840} INFO - DAG(s) 'latest_only' retrieved from /home/airflow/.local/lib/python3.8/site-packages/airflow/example_dags/example_latest_only.py
[2024-12-18T13:22:14.018+0000] {logging_mixin.py:188} INFO - [2024-12-18T13:22:14.018+0000] {dag.py:3036} INFO - Sync 1 DAGs
[2024-12-18T13:22:14.030+0000] {logging_mixin.py:188} INFO - [2024-12-18T13:22:14.029+0000] {dag.py:3823} INFO - Setting next_dagrun for latest_only to 2024-12-18 08:00:00+00:00, run_after=2024-12-18 12:00:00+00:00
[2024-12-18T13:22:14.042+0000] {processor.py:183} INFO - Processing /home/airflow/.local/lib/python3.8/site-packages/airflow/example_dags/example_latest_only.py took 0.042 seconds
[2024-12-18T13:22:44.102+0000] {processor.py:161} INFO - Started process (PID=1759) to work on /home/airflow/.local/lib/python3.8/site-packages/airflow/example_dags/example_latest_only.py
[2024-12-18T13:22:44.103+0000] {processor.py:830} INFO - Processing file /home/airflow/.local/lib/python3.8/site-packages/airflow/example_dags/example_latest_only.py for tasks to queue
[2024-12-18T13:22:44.103+0000] {logging_mixin.py:188} INFO - [2024-12-18T13:22:44.103+0000] {dagbag.py:538} INFO - Filling up the DagBag from /home/airflow/.local/lib/python3.8/site-packages/airflow/example_dags/example_latest_only.py
[2024-12-18T13:22:44.106+0000] {processor.py:840} INFO - DAG(s) 'latest_only' retrieved from /home/airflow/.local/lib/python3.8/site-packages/airflow/example_dags/example_latest_only.py
[2024-12-18T13:22:44.121+0000] {logging_mixin.py:188} INFO - [2024-12-18T13:22:44.121+0000] {dag.py:3036} INFO - Sync 1 DAGs
[2024-12-18T13:22:44.133+0000] {logging_mixin.py:188} INFO - [2024-12-18T13:22:44.133+0000] {dag.py:3823} INFO - Setting next_dagrun for latest_only to 2024-12-18 08:00:00+00:00, run_after=2024-12-18 12:00:00+00:00
[2024-12-18T13:22:44.143+0000] {processor.py:183} INFO - Processing /home/airflow/.local/lib/python3.8/site-packages/airflow/example_dags/example_latest_only.py took 0.043 seconds
[2024-12-18T13:23:14.293+0000] {processor.py:161} INFO - Started process (PID=1845) to work on /home/airflow/.local/lib/python3.8/site-packages/airflow/example_dags/example_latest_only.py
[2024-12-18T13:23:14.294+0000] {processor.py:830} INFO - Processing file /home/airflow/.local/lib/python3.8/site-packages/airflow/example_dags/example_latest_only.py for tasks to queue
[2024-12-18T13:23:14.295+0000] {logging_mixin.py:188} INFO - [2024-12-18T13:23:14.295+0000] {dagbag.py:538} INFO - Filling up the DagBag from /home/airflow/.local/lib/python3.8/site-packages/airflow/example_dags/example_latest_only.py
[2024-12-18T13:23:14.298+0000] {processor.py:840} INFO - DAG(s) 'latest_only' retrieved from /home/airflow/.local/lib/python3.8/site-packages/airflow/example_dags/example_latest_only.py
[2024-12-18T13:23:14.313+0000] {logging_mixin.py:188} INFO - [2024-12-18T13:23:14.313+0000] {dag.py:3036} INFO - Sync 1 DAGs
[2024-12-18T13:23:14.327+0000] {logging_mixin.py:188} INFO - [2024-12-18T13:23:14.327+0000] {dag.py:3823} INFO - Setting next_dagrun for latest_only to 2024-12-18 08:00:00+00:00, run_after=2024-12-18 12:00:00+00:00
[2024-12-18T13:23:14.337+0000] {processor.py:183} INFO - Processing /home/airflow/.local/lib/python3.8/site-packages/airflow/example_dags/example_latest_only.py took 0.047 seconds
[2024-12-18T13:23:44.403+0000] {processor.py:161} INFO - Started process (PID=1939) to work on /home/airflow/.local/lib/python3.8/site-packages/airflow/example_dags/example_latest_only.py
[2024-12-18T13:23:44.404+0000] {processor.py:830} INFO - Processing file /home/airflow/.local/lib/python3.8/site-packages/airflow/example_dags/example_latest_only.py for tasks to queue
[2024-12-18T13:23:44.404+0000] {logging_mixin.py:188} INFO - [2024-12-18T13:23:44.404+0000] {dagbag.py:538} INFO - Filling up the DagBag from /home/airflow/.local/lib/python3.8/site-packages/airflow/example_dags/example_latest_only.py
[2024-12-18T13:23:44.407+0000] {processor.py:840} INFO - DAG(s) 'latest_only' retrieved from /home/airflow/.local/lib/python3.8/site-packages/airflow/example_dags/example_latest_only.py
[2024-12-18T13:23:44.418+0000] {logging_mixin.py:188} INFO - [2024-12-18T13:23:44.418+0000] {dag.py:3036} INFO - Sync 1 DAGs
[2024-12-18T13:23:44.431+0000] {logging_mixin.py:188} INFO - [2024-12-18T13:23:44.431+0000] {dag.py:3823} INFO - Setting next_dagrun for latest_only to 2024-12-18 08:00:00+00:00, run_after=2024-12-18 12:00:00+00:00
[2024-12-18T13:23:44.441+0000] {processor.py:183} INFO - Processing /home/airflow/.local/lib/python3.8/site-packages/airflow/example_dags/example_latest_only.py took 0.040 seconds
[2024-12-18T13:24:14.484+0000] {processor.py:161} INFO - Started process (PID=2033) to work on /home/airflow/.local/lib/python3.8/site-packages/airflow/example_dags/example_latest_only.py
[2024-12-18T13:24:14.484+0000] {processor.py:830} INFO - Processing file /home/airflow/.local/lib/python3.8/site-packages/airflow/example_dags/example_latest_only.py for tasks to queue
[2024-12-18T13:24:14.485+0000] {logging_mixin.py:188} INFO - [2024-12-18T13:24:14.485+0000] {dagbag.py:538} INFO - Filling up the DagBag from /home/airflow/.local/lib/python3.8/site-packages/airflow/example_dags/example_latest_only.py
[2024-12-18T13:24:14.488+0000] {processor.py:840} INFO - DAG(s) 'latest_only' retrieved from /home/airflow/.local/lib/python3.8/site-packages/airflow/example_dags/example_latest_only.py
[2024-12-18T13:24:14.500+0000] {logging_mixin.py:188} INFO - [2024-12-18T13:24:14.500+0000] {dag.py:3036} INFO - Sync 1 DAGs
[2024-12-18T13:24:14.512+0000] {logging_mixin.py:188} INFO - [2024-12-18T13:24:14.512+0000] {dag.py:3823} INFO - Setting next_dagrun for latest_only to 2024-12-18 08:00:00+00:00, run_after=2024-12-18 12:00:00+00:00
[2024-12-18T13:24:14.522+0000] {processor.py:183} INFO - Processing /home/airflow/.local/lib/python3.8/site-packages/airflow/example_dags/example_latest_only.py took 0.040 seconds
[2024-12-18T13:24:44.819+0000] {processor.py:161} INFO - Started process (PID=2119) to work on /home/airflow/.local/lib/python3.8/site-packages/airflow/example_dags/example_latest_only.py
[2024-12-18T13:24:44.820+0000] {processor.py:830} INFO - Processing file /home/airflow/.local/lib/python3.8/site-packages/airflow/example_dags/example_latest_only.py for tasks to queue
[2024-12-18T13:24:44.821+0000] {logging_mixin.py:188} INFO - [2024-12-18T13:24:44.821+0000] {dagbag.py:538} INFO - Filling up the DagBag from /home/airflow/.local/lib/python3.8/site-packages/airflow/example_dags/example_latest_only.py
[2024-12-18T13:24:44.824+0000] {processor.py:840} INFO - DAG(s) 'latest_only' retrieved from /home/airflow/.local/lib/python3.8/site-packages/airflow/example_dags/example_latest_only.py
[2024-12-18T13:24:44.842+0000] {logging_mixin.py:188} INFO - [2024-12-18T13:24:44.842+0000] {dag.py:3036} INFO - Sync 1 DAGs
[2024-12-18T13:24:44.855+0000] {logging_mixin.py:188} INFO - [2024-12-18T13:24:44.855+0000] {dag.py:3823} INFO - Setting next_dagrun for latest_only to 2024-12-18 08:00:00+00:00, run_after=2024-12-18 12:00:00+00:00
[2024-12-18T13:24:44.867+0000] {processor.py:183} INFO - Processing /home/airflow/.local/lib/python3.8/site-packages/airflow/example_dags/example_latest_only.py took 0.050 seconds
[2024-12-18T13:25:15.100+0000] {processor.py:161} INFO - Started process (PID=2214) to work on /home/airflow/.local/lib/python3.8/site-packages/airflow/example_dags/example_latest_only.py
[2024-12-18T13:25:15.100+0000] {processor.py:830} INFO - Processing file /home/airflow/.local/lib/python3.8/site-packages/airflow/example_dags/example_latest_only.py for tasks to queue
[2024-12-18T13:25:15.101+0000] {logging_mixin.py:188} INFO - [2024-12-18T13:25:15.101+0000] {dagbag.py:538} INFO - Filling up the DagBag from /home/airflow/.local/lib/python3.8/site-packages/airflow/example_dags/example_latest_only.py
[2024-12-18T13:25:15.104+0000] {processor.py:840} INFO - DAG(s) 'latest_only' retrieved from /home/airflow/.local/lib/python3.8/site-packages/airflow/example_dags/example_latest_only.py
[2024-12-18T13:25:15.114+0000] {logging_mixin.py:188} INFO - [2024-12-18T13:25:15.114+0000] {dag.py:3036} INFO - Sync 1 DAGs
[2024-12-18T13:25:15.126+0000] {logging_mixin.py:188} INFO - [2024-12-18T13:25:15.126+0000] {dag.py:3823} INFO - Setting next_dagrun for latest_only to 2024-12-18 08:00:00+00:00, run_after=2024-12-18 12:00:00+00:00
[2024-12-18T13:25:15.134+0000] {processor.py:183} INFO - Processing /home/airflow/.local/lib/python3.8/site-packages/airflow/example_dags/example_latest_only.py took 0.037 seconds
[2024-12-18T13:25:45.191+0000] {processor.py:161} INFO - Started process (PID=2308) to work on /home/airflow/.local/lib/python3.8/site-packages/airflow/example_dags/example_latest_only.py
[2024-12-18T13:25:45.191+0000] {processor.py:830} INFO - Processing file /home/airflow/.local/lib/python3.8/site-packages/airflow/example_dags/example_latest_only.py for tasks to queue
[2024-12-18T13:25:45.192+0000] {logging_mixin.py:188} INFO - [2024-12-18T13:25:45.192+0000] {dagbag.py:538} INFO - Filling up the DagBag from /home/airflow/.local/lib/python3.8/site-packages/airflow/example_dags/example_latest_only.py
[2024-12-18T13:25:45.195+0000] {processor.py:840} INFO - DAG(s) 'latest_only' retrieved from /home/airflow/.local/lib/python3.8/site-packages/airflow/example_dags/example_latest_only.py
[2024-12-18T13:25:45.208+0000] {logging_mixin.py:188} INFO - [2024-12-18T13:25:45.208+0000] {dag.py:3036} INFO - Sync 1 DAGs
[2024-12-18T13:25:45.222+0000] {logging_mixin.py:188} INFO - [2024-12-18T13:25:45.222+0000] {dag.py:3823} INFO - Setting next_dagrun for latest_only to 2024-12-18 08:00:00+00:00, run_after=2024-12-18 12:00:00+00:00
[2024-12-18T13:25:45.237+0000] {processor.py:183} INFO - Processing /home/airflow/.local/lib/python3.8/site-packages/airflow/example_dags/example_latest_only.py took 0.049 seconds
[2024-12-18T13:26:15.373+0000] {processor.py:161} INFO - Started process (PID=2394) to work on /home/airflow/.local/lib/python3.8/site-packages/airflow/example_dags/example_latest_only.py
[2024-12-18T13:26:15.373+0000] {processor.py:830} INFO - Processing file /home/airflow/.local/lib/python3.8/site-packages/airflow/example_dags/example_latest_only.py for tasks to queue
[2024-12-18T13:26:15.374+0000] {logging_mixin.py:188} INFO - [2024-12-18T13:26:15.374+0000] {dagbag.py:538} INFO - Filling up the DagBag from /home/airflow/.local/lib/python3.8/site-packages/airflow/example_dags/example_latest_only.py
[2024-12-18T13:26:15.378+0000] {processor.py:840} INFO - DAG(s) 'latest_only' retrieved from /home/airflow/.local/lib/python3.8/site-packages/airflow/example_dags/example_latest_only.py
[2024-12-18T13:26:15.399+0000] {logging_mixin.py:188} INFO - [2024-12-18T13:26:15.398+0000] {dag.py:3036} INFO - Sync 1 DAGs
[2024-12-18T13:26:15.424+0000] {logging_mixin.py:188} INFO - [2024-12-18T13:26:15.424+0000] {dag.py:3823} INFO - Setting next_dagrun for latest_only to 2024-12-18 08:00:00+00:00, run_after=2024-12-18 12:00:00+00:00
[2024-12-18T13:26:15.436+0000] {processor.py:183} INFO - Processing /home/airflow/.local/lib/python3.8/site-packages/airflow/example_dags/example_latest_only.py took 0.065 seconds
[2024-12-18T13:26:45.536+0000] {processor.py:161} INFO - Started process (PID=2488) to work on /home/airflow/.local/lib/python3.8/site-packages/airflow/example_dags/example_latest_only.py
[2024-12-18T13:26:45.537+0000] {processor.py:830} INFO - Processing file /home/airflow/.local/lib/python3.8/site-packages/airflow/example_dags/example_latest_only.py for tasks to queue
[2024-12-18T13:26:45.538+0000] {logging_mixin.py:188} INFO - [2024-12-18T13:26:45.538+0000] {dagbag.py:538} INFO - Filling up the DagBag from /home/airflow/.local/lib/python3.8/site-packages/airflow/example_dags/example_latest_only.py
[2024-12-18T13:26:45.541+0000] {processor.py:840} INFO - DAG(s) 'latest_only' retrieved from /home/airflow/.local/lib/python3.8/site-packages/airflow/example_dags/example_latest_only.py
[2024-12-18T13:26:45.556+0000] {logging_mixin.py:188} INFO - [2024-12-18T13:26:45.556+0000] {dag.py:3036} INFO - Sync 1 DAGs
[2024-12-18T13:26:45.571+0000] {logging_mixin.py:188} INFO - [2024-12-18T13:26:45.571+0000] {dag.py:3823} INFO - Setting next_dagrun for latest_only to 2024-12-18 08:00:00+00:00, run_after=2024-12-18 12:00:00+00:00
[2024-12-18T13:26:45.584+0000] {processor.py:183} INFO - Processing /home/airflow/.local/lib/python3.8/site-packages/airflow/example_dags/example_latest_only.py took 0.052 seconds
[2024-12-18T13:27:15.787+0000] {processor.py:161} INFO - Started process (PID=2573) to work on /home/airflow/.local/lib/python3.8/site-packages/airflow/example_dags/example_latest_only.py
[2024-12-18T13:27:15.788+0000] {processor.py:830} INFO - Processing file /home/airflow/.local/lib/python3.8/site-packages/airflow/example_dags/example_latest_only.py for tasks to queue
[2024-12-18T13:27:15.790+0000] {logging_mixin.py:188} INFO - [2024-12-18T13:27:15.789+0000] {dagbag.py:538} INFO - Filling up the DagBag from /home/airflow/.local/lib/python3.8/site-packages/airflow/example_dags/example_latest_only.py
[2024-12-18T13:27:15.795+0000] {processor.py:840} INFO - DAG(s) 'latest_only' retrieved from /home/airflow/.local/lib/python3.8/site-packages/airflow/example_dags/example_latest_only.py
[2024-12-18T13:27:15.812+0000] {logging_mixin.py:188} INFO - [2024-12-18T13:27:15.812+0000] {dag.py:3036} INFO - Sync 1 DAGs
[2024-12-18T13:27:15.827+0000] {logging_mixin.py:188} INFO - [2024-12-18T13:27:15.826+0000] {dag.py:3823} INFO - Setting next_dagrun for latest_only to 2024-12-18 08:00:00+00:00, run_after=2024-12-18 12:00:00+00:00
[2024-12-18T13:27:15.840+0000] {processor.py:183} INFO - Processing /home/airflow/.local/lib/python3.8/site-packages/airflow/example_dags/example_latest_only.py took 0.056 seconds
[2024-12-18T13:27:46.743+0000] {processor.py:161} INFO - Started process (PID=2667) to work on /home/airflow/.local/lib/python3.8/site-packages/airflow/example_dags/example_latest_only.py
[2024-12-18T13:27:46.744+0000] {processor.py:830} INFO - Processing file /home/airflow/.local/lib/python3.8/site-packages/airflow/example_dags/example_latest_only.py for tasks to queue
[2024-12-18T13:27:46.745+0000] {logging_mixin.py:188} INFO - [2024-12-18T13:27:46.745+0000] {dagbag.py:538} INFO - Filling up the DagBag from /home/airflow/.local/lib/python3.8/site-packages/airflow/example_dags/example_latest_only.py
[2024-12-18T13:27:46.747+0000] {processor.py:840} INFO - DAG(s) 'latest_only' retrieved from /home/airflow/.local/lib/python3.8/site-packages/airflow/example_dags/example_latest_only.py
[2024-12-18T13:27:46.760+0000] {logging_mixin.py:188} INFO - [2024-12-18T13:27:46.760+0000] {dag.py:3036} INFO - Sync 1 DAGs
[2024-12-18T13:27:46.777+0000] {logging_mixin.py:188} INFO - [2024-12-18T13:27:46.777+0000] {dag.py:3823} INFO - Setting next_dagrun for latest_only to 2024-12-18 08:00:00+00:00, run_after=2024-12-18 12:00:00+00:00
[2024-12-18T13:27:46.788+0000] {processor.py:183} INFO - Processing /home/airflow/.local/lib/python3.8/site-packages/airflow/example_dags/example_latest_only.py took 0.046 seconds
[2024-12-18T13:28:16.980+0000] {processor.py:161} INFO - Started process (PID=2761) to work on /home/airflow/.local/lib/python3.8/site-packages/airflow/example_dags/example_latest_only.py
[2024-12-18T13:28:16.981+0000] {processor.py:830} INFO - Processing file /home/airflow/.local/lib/python3.8/site-packages/airflow/example_dags/example_latest_only.py for tasks to queue
[2024-12-18T13:28:16.982+0000] {logging_mixin.py:188} INFO - [2024-12-18T13:28:16.982+0000] {dagbag.py:538} INFO - Filling up the DagBag from /home/airflow/.local/lib/python3.8/site-packages/airflow/example_dags/example_latest_only.py
[2024-12-18T13:28:16.985+0000] {processor.py:840} INFO - DAG(s) 'latest_only' retrieved from /home/airflow/.local/lib/python3.8/site-packages/airflow/example_dags/example_latest_only.py
[2024-12-18T13:28:16.996+0000] {logging_mixin.py:188} INFO - [2024-12-18T13:28:16.996+0000] {dag.py:3036} INFO - Sync 1 DAGs
[2024-12-18T13:28:17.008+0000] {logging_mixin.py:188} INFO - [2024-12-18T13:28:17.008+0000] {dag.py:3823} INFO - Setting next_dagrun for latest_only to 2024-12-18 08:00:00+00:00, run_after=2024-12-18 12:00:00+00:00
[2024-12-18T13:28:17.021+0000] {processor.py:183} INFO - Processing /home/airflow/.local/lib/python3.8/site-packages/airflow/example_dags/example_latest_only.py took 0.043 seconds
