[2024-12-18T09:10:58.850+0000] {processor.py:161} INFO - Started process (PID=96) to work on /home/airflow/.local/lib/python3.8/site-packages/airflow/example_dags/example_python_operator.py
[2024-12-18T09:10:58.855+0000] {processor.py:830} INFO - Processing file /home/airflow/.local/lib/python3.8/site-packages/airflow/example_dags/example_python_operator.py for tasks to queue
[2024-12-18T09:10:58.864+0000] {logging_mixin.py:188} INFO - [2024-12-18T09:10:58.863+0000] {dagbag.py:538} INFO - Filling up the DagBag from /home/airflow/.local/lib/python3.8/site-packages/airflow/example_dags/example_python_operator.py
[2024-12-18T09:10:58.883+0000] {processor.py:840} INFO - DAG(s) 'example_python_operator' retrieved from /home/airflow/.local/lib/python3.8/site-packages/airflow/example_dags/example_python_operator.py
[2024-12-18T09:10:58.980+0000] {logging_mixin.py:188} INFO - [2024-12-18T09:10:58.980+0000] {dag.py:3036} INFO - Sync 1 DAGs
[2024-12-18T09:10:58.991+0000] {logging_mixin.py:188} INFO - [2024-12-18T09:10:58.991+0000] {dag.py:3823} INFO - Setting next_dagrun for example_python_operator to None, run_after=None
[2024-12-18T09:10:59.008+0000] {processor.py:183} INFO - Processing /home/airflow/.local/lib/python3.8/site-packages/airflow/example_dags/example_python_operator.py took 0.178 seconds
[2024-12-18T13:13:31.289+0000] {processor.py:161} INFO - Started process (PID=96) to work on /home/airflow/.local/lib/python3.8/site-packages/airflow/example_dags/example_python_operator.py
[2024-12-18T13:13:31.290+0000] {processor.py:830} INFO - Processing file /home/airflow/.local/lib/python3.8/site-packages/airflow/example_dags/example_python_operator.py for tasks to queue
[2024-12-18T13:13:31.291+0000] {logging_mixin.py:188} INFO - [2024-12-18T13:13:31.291+0000] {dagbag.py:538} INFO - Filling up the DagBag from /home/airflow/.local/lib/python3.8/site-packages/airflow/example_dags/example_python_operator.py
[2024-12-18T13:13:31.301+0000] {processor.py:840} INFO - DAG(s) 'example_python_operator' retrieved from /home/airflow/.local/lib/python3.8/site-packages/airflow/example_dags/example_python_operator.py
[2024-12-18T13:13:31.506+0000] {logging_mixin.py:188} INFO - [2024-12-18T13:13:31.505+0000] {dag.py:3036} INFO - Sync 1 DAGs
[2024-12-18T13:13:31.537+0000] {logging_mixin.py:188} INFO - [2024-12-18T13:13:31.537+0000] {dag.py:3823} INFO - Setting next_dagrun for example_python_operator to None, run_after=None
[2024-12-18T13:13:31.615+0000] {processor.py:183} INFO - Processing /home/airflow/.local/lib/python3.8/site-packages/airflow/example_dags/example_python_operator.py took 0.328 seconds
[2024-12-18T13:14:02.362+0000] {processor.py:161} INFO - Started process (PID=162) to work on /home/airflow/.local/lib/python3.8/site-packages/airflow/example_dags/example_python_operator.py
[2024-12-18T13:14:02.363+0000] {processor.py:830} INFO - Processing file /home/airflow/.local/lib/python3.8/site-packages/airflow/example_dags/example_python_operator.py for tasks to queue
[2024-12-18T13:14:02.365+0000] {logging_mixin.py:188} INFO - [2024-12-18T13:14:02.365+0000] {dagbag.py:538} INFO - Filling up the DagBag from /home/airflow/.local/lib/python3.8/site-packages/airflow/example_dags/example_python_operator.py
[2024-12-18T13:14:02.373+0000] {processor.py:840} INFO - DAG(s) 'example_python_operator' retrieved from /home/airflow/.local/lib/python3.8/site-packages/airflow/example_dags/example_python_operator.py
[2024-12-18T13:14:02.386+0000] {logging_mixin.py:188} INFO - [2024-12-18T13:14:02.385+0000] {dag.py:3036} INFO - Sync 1 DAGs
[2024-12-18T13:14:02.393+0000] {logging_mixin.py:188} INFO - [2024-12-18T13:14:02.392+0000] {dag.py:3823} INFO - Setting next_dagrun for example_python_operator to None, run_after=None
[2024-12-18T13:14:02.407+0000] {processor.py:183} INFO - Processing /home/airflow/.local/lib/python3.8/site-packages/airflow/example_dags/example_python_operator.py took 0.048 seconds
[2024-12-18T13:14:32.531+0000] {processor.py:161} INFO - Started process (PID=255) to work on /home/airflow/.local/lib/python3.8/site-packages/airflow/example_dags/example_python_operator.py
[2024-12-18T13:14:32.534+0000] {processor.py:830} INFO - Processing file /home/airflow/.local/lib/python3.8/site-packages/airflow/example_dags/example_python_operator.py for tasks to queue
[2024-12-18T13:14:32.536+0000] {logging_mixin.py:188} INFO - [2024-12-18T13:14:32.536+0000] {dagbag.py:538} INFO - Filling up the DagBag from /home/airflow/.local/lib/python3.8/site-packages/airflow/example_dags/example_python_operator.py
[2024-12-18T13:14:32.542+0000] {processor.py:840} INFO - DAG(s) 'example_python_operator' retrieved from /home/airflow/.local/lib/python3.8/site-packages/airflow/example_dags/example_python_operator.py
[2024-12-18T13:14:32.561+0000] {logging_mixin.py:188} INFO - [2024-12-18T13:14:32.560+0000] {dag.py:3036} INFO - Sync 1 DAGs
[2024-12-18T13:14:32.571+0000] {logging_mixin.py:188} INFO - [2024-12-18T13:14:32.570+0000] {dag.py:3823} INFO - Setting next_dagrun for example_python_operator to None, run_after=None
[2024-12-18T13:14:32.582+0000] {processor.py:183} INFO - Processing /home/airflow/.local/lib/python3.8/site-packages/airflow/example_dags/example_python_operator.py took 0.054 seconds
[2024-12-18T13:15:02.717+0000] {processor.py:161} INFO - Started process (PID=348) to work on /home/airflow/.local/lib/python3.8/site-packages/airflow/example_dags/example_python_operator.py
[2024-12-18T13:15:02.718+0000] {processor.py:830} INFO - Processing file /home/airflow/.local/lib/python3.8/site-packages/airflow/example_dags/example_python_operator.py for tasks to queue
[2024-12-18T13:15:02.720+0000] {logging_mixin.py:188} INFO - [2024-12-18T13:15:02.720+0000] {dagbag.py:538} INFO - Filling up the DagBag from /home/airflow/.local/lib/python3.8/site-packages/airflow/example_dags/example_python_operator.py
[2024-12-18T13:15:02.726+0000] {processor.py:840} INFO - DAG(s) 'example_python_operator' retrieved from /home/airflow/.local/lib/python3.8/site-packages/airflow/example_dags/example_python_operator.py
[2024-12-18T13:15:02.743+0000] {logging_mixin.py:188} INFO - [2024-12-18T13:15:02.743+0000] {dag.py:3036} INFO - Sync 1 DAGs
[2024-12-18T13:15:02.754+0000] {logging_mixin.py:188} INFO - [2024-12-18T13:15:02.754+0000] {dag.py:3823} INFO - Setting next_dagrun for example_python_operator to None, run_after=None
[2024-12-18T13:15:02.764+0000] {processor.py:183} INFO - Processing /home/airflow/.local/lib/python3.8/site-packages/airflow/example_dags/example_python_operator.py took 0.049 seconds
[2024-12-18T13:15:32.845+0000] {processor.py:161} INFO - Started process (PID=435) to work on /home/airflow/.local/lib/python3.8/site-packages/airflow/example_dags/example_python_operator.py
[2024-12-18T13:15:32.848+0000] {processor.py:830} INFO - Processing file /home/airflow/.local/lib/python3.8/site-packages/airflow/example_dags/example_python_operator.py for tasks to queue
[2024-12-18T13:15:32.851+0000] {logging_mixin.py:188} INFO - [2024-12-18T13:15:32.850+0000] {dagbag.py:538} INFO - Filling up the DagBag from /home/airflow/.local/lib/python3.8/site-packages/airflow/example_dags/example_python_operator.py
[2024-12-18T13:15:32.863+0000] {processor.py:840} INFO - DAG(s) 'example_python_operator' retrieved from /home/airflow/.local/lib/python3.8/site-packages/airflow/example_dags/example_python_operator.py
[2024-12-18T13:15:32.879+0000] {logging_mixin.py:188} INFO - [2024-12-18T13:15:32.879+0000] {dag.py:3036} INFO - Sync 1 DAGs
[2024-12-18T13:15:32.886+0000] {logging_mixin.py:188} INFO - [2024-12-18T13:15:32.886+0000] {dag.py:3823} INFO - Setting next_dagrun for example_python_operator to None, run_after=None
[2024-12-18T13:15:32.897+0000] {processor.py:183} INFO - Processing /home/airflow/.local/lib/python3.8/site-packages/airflow/example_dags/example_python_operator.py took 0.055 seconds
[2024-12-18T13:16:03.076+0000] {processor.py:161} INFO - Started process (PID=529) to work on /home/airflow/.local/lib/python3.8/site-packages/airflow/example_dags/example_python_operator.py
[2024-12-18T13:16:03.079+0000] {processor.py:830} INFO - Processing file /home/airflow/.local/lib/python3.8/site-packages/airflow/example_dags/example_python_operator.py for tasks to queue
[2024-12-18T13:16:03.081+0000] {logging_mixin.py:188} INFO - [2024-12-18T13:16:03.081+0000] {dagbag.py:538} INFO - Filling up the DagBag from /home/airflow/.local/lib/python3.8/site-packages/airflow/example_dags/example_python_operator.py
[2024-12-18T13:16:03.087+0000] {processor.py:840} INFO - DAG(s) 'example_python_operator' retrieved from /home/airflow/.local/lib/python3.8/site-packages/airflow/example_dags/example_python_operator.py
[2024-12-18T13:16:03.103+0000] {logging_mixin.py:188} INFO - [2024-12-18T13:16:03.103+0000] {dag.py:3036} INFO - Sync 1 DAGs
[2024-12-18T13:16:03.111+0000] {logging_mixin.py:188} INFO - [2024-12-18T13:16:03.110+0000] {dag.py:3823} INFO - Setting next_dagrun for example_python_operator to None, run_after=None
[2024-12-18T13:16:03.123+0000] {processor.py:183} INFO - Processing /home/airflow/.local/lib/python3.8/site-packages/airflow/example_dags/example_python_operator.py took 0.049 seconds
[2024-12-18T13:16:33.263+0000] {processor.py:161} INFO - Started process (PID=615) to work on /home/airflow/.local/lib/python3.8/site-packages/airflow/example_dags/example_python_operator.py
[2024-12-18T13:16:33.266+0000] {processor.py:830} INFO - Processing file /home/airflow/.local/lib/python3.8/site-packages/airflow/example_dags/example_python_operator.py for tasks to queue
[2024-12-18T13:16:33.267+0000] {logging_mixin.py:188} INFO - [2024-12-18T13:16:33.267+0000] {dagbag.py:538} INFO - Filling up the DagBag from /home/airflow/.local/lib/python3.8/site-packages/airflow/example_dags/example_python_operator.py
[2024-12-18T13:16:33.278+0000] {processor.py:840} INFO - DAG(s) 'example_python_operator' retrieved from /home/airflow/.local/lib/python3.8/site-packages/airflow/example_dags/example_python_operator.py
[2024-12-18T13:16:33.296+0000] {logging_mixin.py:188} INFO - [2024-12-18T13:16:33.295+0000] {dag.py:3036} INFO - Sync 1 DAGs
[2024-12-18T13:16:33.306+0000] {logging_mixin.py:188} INFO - [2024-12-18T13:16:33.306+0000] {dag.py:3823} INFO - Setting next_dagrun for example_python_operator to None, run_after=None
[2024-12-18T13:16:33.322+0000] {processor.py:183} INFO - Processing /home/airflow/.local/lib/python3.8/site-packages/airflow/example_dags/example_python_operator.py took 0.063 seconds
[2024-12-18T13:17:03.785+0000] {processor.py:161} INFO - Started process (PID=709) to work on /home/airflow/.local/lib/python3.8/site-packages/airflow/example_dags/example_python_operator.py
[2024-12-18T13:17:03.787+0000] {processor.py:830} INFO - Processing file /home/airflow/.local/lib/python3.8/site-packages/airflow/example_dags/example_python_operator.py for tasks to queue
[2024-12-18T13:17:03.789+0000] {logging_mixin.py:188} INFO - [2024-12-18T13:17:03.789+0000] {dagbag.py:538} INFO - Filling up the DagBag from /home/airflow/.local/lib/python3.8/site-packages/airflow/example_dags/example_python_operator.py
[2024-12-18T13:17:03.798+0000] {processor.py:840} INFO - DAG(s) 'example_python_operator' retrieved from /home/airflow/.local/lib/python3.8/site-packages/airflow/example_dags/example_python_operator.py
[2024-12-18T13:17:03.819+0000] {logging_mixin.py:188} INFO - [2024-12-18T13:17:03.818+0000] {dag.py:3036} INFO - Sync 1 DAGs
[2024-12-18T13:17:03.828+0000] {logging_mixin.py:188} INFO - [2024-12-18T13:17:03.828+0000] {dag.py:3823} INFO - Setting next_dagrun for example_python_operator to None, run_after=None
[2024-12-18T13:17:03.841+0000] {processor.py:183} INFO - Processing /home/airflow/.local/lib/python3.8/site-packages/airflow/example_dags/example_python_operator.py took 0.059 seconds
[2024-12-18T13:17:34.099+0000] {processor.py:161} INFO - Started process (PID=803) to work on /home/airflow/.local/lib/python3.8/site-packages/airflow/example_dags/example_python_operator.py
[2024-12-18T13:17:34.100+0000] {processor.py:830} INFO - Processing file /home/airflow/.local/lib/python3.8/site-packages/airflow/example_dags/example_python_operator.py for tasks to queue
[2024-12-18T13:17:34.102+0000] {logging_mixin.py:188} INFO - [2024-12-18T13:17:34.101+0000] {dagbag.py:538} INFO - Filling up the DagBag from /home/airflow/.local/lib/python3.8/site-packages/airflow/example_dags/example_python_operator.py
[2024-12-18T13:17:34.109+0000] {processor.py:840} INFO - DAG(s) 'example_python_operator' retrieved from /home/airflow/.local/lib/python3.8/site-packages/airflow/example_dags/example_python_operator.py
[2024-12-18T13:17:34.123+0000] {logging_mixin.py:188} INFO - [2024-12-18T13:17:34.123+0000] {dag.py:3036} INFO - Sync 1 DAGs
[2024-12-18T13:17:34.132+0000] {logging_mixin.py:188} INFO - [2024-12-18T13:17:34.132+0000] {dag.py:3823} INFO - Setting next_dagrun for example_python_operator to None, run_after=None
[2024-12-18T13:17:34.145+0000] {processor.py:183} INFO - Processing /home/airflow/.local/lib/python3.8/site-packages/airflow/example_dags/example_python_operator.py took 0.050 seconds
[2024-12-18T13:18:04.389+0000] {processor.py:161} INFO - Started process (PID=889) to work on /home/airflow/.local/lib/python3.8/site-packages/airflow/example_dags/example_python_operator.py
[2024-12-18T13:18:04.392+0000] {processor.py:830} INFO - Processing file /home/airflow/.local/lib/python3.8/site-packages/airflow/example_dags/example_python_operator.py for tasks to queue
[2024-12-18T13:18:04.394+0000] {logging_mixin.py:188} INFO - [2024-12-18T13:18:04.394+0000] {dagbag.py:538} INFO - Filling up the DagBag from /home/airflow/.local/lib/python3.8/site-packages/airflow/example_dags/example_python_operator.py
[2024-12-18T13:18:04.402+0000] {processor.py:840} INFO - DAG(s) 'example_python_operator' retrieved from /home/airflow/.local/lib/python3.8/site-packages/airflow/example_dags/example_python_operator.py
[2024-12-18T13:18:04.421+0000] {logging_mixin.py:188} INFO - [2024-12-18T13:18:04.421+0000] {dag.py:3036} INFO - Sync 1 DAGs
[2024-12-18T13:18:04.428+0000] {logging_mixin.py:188} INFO - [2024-12-18T13:18:04.428+0000] {dag.py:3823} INFO - Setting next_dagrun for example_python_operator to None, run_after=None
[2024-12-18T13:18:04.439+0000] {processor.py:183} INFO - Processing /home/airflow/.local/lib/python3.8/site-packages/airflow/example_dags/example_python_operator.py took 0.054 seconds
[2024-12-18T13:18:34.555+0000] {processor.py:161} INFO - Started process (PID=983) to work on /home/airflow/.local/lib/python3.8/site-packages/airflow/example_dags/example_python_operator.py
[2024-12-18T13:18:34.556+0000] {processor.py:830} INFO - Processing file /home/airflow/.local/lib/python3.8/site-packages/airflow/example_dags/example_python_operator.py for tasks to queue
[2024-12-18T13:18:34.558+0000] {logging_mixin.py:188} INFO - [2024-12-18T13:18:34.558+0000] {dagbag.py:538} INFO - Filling up the DagBag from /home/airflow/.local/lib/python3.8/site-packages/airflow/example_dags/example_python_operator.py
[2024-12-18T13:18:34.565+0000] {processor.py:840} INFO - DAG(s) 'example_python_operator' retrieved from /home/airflow/.local/lib/python3.8/site-packages/airflow/example_dags/example_python_operator.py
[2024-12-18T13:18:34.581+0000] {logging_mixin.py:188} INFO - [2024-12-18T13:18:34.581+0000] {dag.py:3036} INFO - Sync 1 DAGs
[2024-12-18T13:18:34.588+0000] {logging_mixin.py:188} INFO - [2024-12-18T13:18:34.588+0000] {dag.py:3823} INFO - Setting next_dagrun for example_python_operator to None, run_after=None
[2024-12-18T13:18:34.610+0000] {processor.py:183} INFO - Processing /home/airflow/.local/lib/python3.8/site-packages/airflow/example_dags/example_python_operator.py took 0.057 seconds
[2024-12-18T13:19:04.712+0000] {processor.py:161} INFO - Started process (PID=1077) to work on /home/airflow/.local/lib/python3.8/site-packages/airflow/example_dags/example_python_operator.py
[2024-12-18T13:19:04.715+0000] {processor.py:830} INFO - Processing file /home/airflow/.local/lib/python3.8/site-packages/airflow/example_dags/example_python_operator.py for tasks to queue
[2024-12-18T13:19:04.716+0000] {logging_mixin.py:188} INFO - [2024-12-18T13:19:04.715+0000] {dagbag.py:538} INFO - Filling up the DagBag from /home/airflow/.local/lib/python3.8/site-packages/airflow/example_dags/example_python_operator.py
[2024-12-18T13:19:04.722+0000] {processor.py:840} INFO - DAG(s) 'example_python_operator' retrieved from /home/airflow/.local/lib/python3.8/site-packages/airflow/example_dags/example_python_operator.py
[2024-12-18T13:19:04.736+0000] {logging_mixin.py:188} INFO - [2024-12-18T13:19:04.736+0000] {dag.py:3036} INFO - Sync 1 DAGs
[2024-12-18T13:19:04.743+0000] {logging_mixin.py:188} INFO - [2024-12-18T13:19:04.743+0000] {dag.py:3823} INFO - Setting next_dagrun for example_python_operator to None, run_after=None
[2024-12-18T13:19:04.754+0000] {processor.py:183} INFO - Processing /home/airflow/.local/lib/python3.8/site-packages/airflow/example_dags/example_python_operator.py took 0.045 seconds
[2024-12-18T13:19:34.804+0000] {processor.py:161} INFO - Started process (PID=1163) to work on /home/airflow/.local/lib/python3.8/site-packages/airflow/example_dags/example_python_operator.py
[2024-12-18T13:19:34.805+0000] {processor.py:830} INFO - Processing file /home/airflow/.local/lib/python3.8/site-packages/airflow/example_dags/example_python_operator.py for tasks to queue
[2024-12-18T13:19:34.806+0000] {logging_mixin.py:188} INFO - [2024-12-18T13:19:34.806+0000] {dagbag.py:538} INFO - Filling up the DagBag from /home/airflow/.local/lib/python3.8/site-packages/airflow/example_dags/example_python_operator.py
[2024-12-18T13:19:34.812+0000] {processor.py:840} INFO - DAG(s) 'example_python_operator' retrieved from /home/airflow/.local/lib/python3.8/site-packages/airflow/example_dags/example_python_operator.py
[2024-12-18T13:19:34.826+0000] {logging_mixin.py:188} INFO - [2024-12-18T13:19:34.826+0000] {dag.py:3036} INFO - Sync 1 DAGs
[2024-12-18T13:19:34.833+0000] {logging_mixin.py:188} INFO - [2024-12-18T13:19:34.832+0000] {dag.py:3823} INFO - Setting next_dagrun for example_python_operator to None, run_after=None
[2024-12-18T13:19:34.846+0000] {processor.py:183} INFO - Processing /home/airflow/.local/lib/python3.8/site-packages/airflow/example_dags/example_python_operator.py took 0.044 seconds
[2024-12-18T13:20:04.904+0000] {processor.py:161} INFO - Started process (PID=1256) to work on /home/airflow/.local/lib/python3.8/site-packages/airflow/example_dags/example_python_operator.py
[2024-12-18T13:20:04.907+0000] {processor.py:830} INFO - Processing file /home/airflow/.local/lib/python3.8/site-packages/airflow/example_dags/example_python_operator.py for tasks to queue
[2024-12-18T13:20:04.909+0000] {logging_mixin.py:188} INFO - [2024-12-18T13:20:04.909+0000] {dagbag.py:538} INFO - Filling up the DagBag from /home/airflow/.local/lib/python3.8/site-packages/airflow/example_dags/example_python_operator.py
[2024-12-18T13:20:04.921+0000] {processor.py:840} INFO - DAG(s) 'example_python_operator' retrieved from /home/airflow/.local/lib/python3.8/site-packages/airflow/example_dags/example_python_operator.py
[2024-12-18T13:20:04.934+0000] {logging_mixin.py:188} INFO - [2024-12-18T13:20:04.934+0000] {dag.py:3036} INFO - Sync 1 DAGs
[2024-12-18T13:20:04.940+0000] {logging_mixin.py:188} INFO - [2024-12-18T13:20:04.940+0000] {dag.py:3823} INFO - Setting next_dagrun for example_python_operator to None, run_after=None
[2024-12-18T13:20:04.954+0000] {processor.py:183} INFO - Processing /home/airflow/.local/lib/python3.8/site-packages/airflow/example_dags/example_python_operator.py took 0.054 seconds
[2024-12-18T13:20:35.086+0000] {processor.py:161} INFO - Started process (PID=1342) to work on /home/airflow/.local/lib/python3.8/site-packages/airflow/example_dags/example_python_operator.py
[2024-12-18T13:20:35.088+0000] {processor.py:830} INFO - Processing file /home/airflow/.local/lib/python3.8/site-packages/airflow/example_dags/example_python_operator.py for tasks to queue
[2024-12-18T13:20:35.090+0000] {logging_mixin.py:188} INFO - [2024-12-18T13:20:35.089+0000] {dagbag.py:538} INFO - Filling up the DagBag from /home/airflow/.local/lib/python3.8/site-packages/airflow/example_dags/example_python_operator.py
[2024-12-18T13:20:35.098+0000] {processor.py:840} INFO - DAG(s) 'example_python_operator' retrieved from /home/airflow/.local/lib/python3.8/site-packages/airflow/example_dags/example_python_operator.py
[2024-12-18T13:20:35.114+0000] {logging_mixin.py:188} INFO - [2024-12-18T13:20:35.114+0000] {dag.py:3036} INFO - Sync 1 DAGs
[2024-12-18T13:20:35.122+0000] {logging_mixin.py:188} INFO - [2024-12-18T13:20:35.121+0000] {dag.py:3823} INFO - Setting next_dagrun for example_python_operator to None, run_after=None
[2024-12-18T13:20:35.134+0000] {processor.py:183} INFO - Processing /home/airflow/.local/lib/python3.8/site-packages/airflow/example_dags/example_python_operator.py took 0.051 seconds
[2024-12-18T13:21:05.182+0000] {processor.py:161} INFO - Started process (PID=1437) to work on /home/airflow/.local/lib/python3.8/site-packages/airflow/example_dags/example_python_operator.py
[2024-12-18T13:21:05.184+0000] {processor.py:830} INFO - Processing file /home/airflow/.local/lib/python3.8/site-packages/airflow/example_dags/example_python_operator.py for tasks to queue
[2024-12-18T13:21:05.185+0000] {logging_mixin.py:188} INFO - [2024-12-18T13:21:05.185+0000] {dagbag.py:538} INFO - Filling up the DagBag from /home/airflow/.local/lib/python3.8/site-packages/airflow/example_dags/example_python_operator.py
[2024-12-18T13:21:05.192+0000] {processor.py:840} INFO - DAG(s) 'example_python_operator' retrieved from /home/airflow/.local/lib/python3.8/site-packages/airflow/example_dags/example_python_operator.py
[2024-12-18T13:21:05.213+0000] {logging_mixin.py:188} INFO - [2024-12-18T13:21:05.213+0000] {dag.py:3036} INFO - Sync 1 DAGs
[2024-12-18T13:21:05.222+0000] {logging_mixin.py:188} INFO - [2024-12-18T13:21:05.222+0000] {dag.py:3823} INFO - Setting next_dagrun for example_python_operator to None, run_after=None
[2024-12-18T13:21:05.238+0000] {processor.py:183} INFO - Processing /home/airflow/.local/lib/python3.8/site-packages/airflow/example_dags/example_python_operator.py took 0.058 seconds
[2024-12-18T13:21:35.288+0000] {processor.py:161} INFO - Started process (PID=1531) to work on /home/airflow/.local/lib/python3.8/site-packages/airflow/example_dags/example_python_operator.py
[2024-12-18T13:21:35.291+0000] {processor.py:830} INFO - Processing file /home/airflow/.local/lib/python3.8/site-packages/airflow/example_dags/example_python_operator.py for tasks to queue
[2024-12-18T13:21:35.293+0000] {logging_mixin.py:188} INFO - [2024-12-18T13:21:35.293+0000] {dagbag.py:538} INFO - Filling up the DagBag from /home/airflow/.local/lib/python3.8/site-packages/airflow/example_dags/example_python_operator.py
[2024-12-18T13:21:35.305+0000] {processor.py:840} INFO - DAG(s) 'example_python_operator' retrieved from /home/airflow/.local/lib/python3.8/site-packages/airflow/example_dags/example_python_operator.py
[2024-12-18T13:21:35.320+0000] {logging_mixin.py:188} INFO - [2024-12-18T13:21:35.320+0000] {dag.py:3036} INFO - Sync 1 DAGs
[2024-12-18T13:21:35.327+0000] {logging_mixin.py:188} INFO - [2024-12-18T13:21:35.327+0000] {dag.py:3823} INFO - Setting next_dagrun for example_python_operator to None, run_after=None
[2024-12-18T13:21:35.338+0000] {processor.py:183} INFO - Processing /home/airflow/.local/lib/python3.8/site-packages/airflow/example_dags/example_python_operator.py took 0.054 seconds
[2024-12-18T13:22:05.437+0000] {processor.py:161} INFO - Started process (PID=1617) to work on /home/airflow/.local/lib/python3.8/site-packages/airflow/example_dags/example_python_operator.py
[2024-12-18T13:22:05.438+0000] {processor.py:830} INFO - Processing file /home/airflow/.local/lib/python3.8/site-packages/airflow/example_dags/example_python_operator.py for tasks to queue
[2024-12-18T13:22:05.439+0000] {logging_mixin.py:188} INFO - [2024-12-18T13:22:05.439+0000] {dagbag.py:538} INFO - Filling up the DagBag from /home/airflow/.local/lib/python3.8/site-packages/airflow/example_dags/example_python_operator.py
[2024-12-18T13:22:05.448+0000] {processor.py:840} INFO - DAG(s) 'example_python_operator' retrieved from /home/airflow/.local/lib/python3.8/site-packages/airflow/example_dags/example_python_operator.py
[2024-12-18T13:22:05.466+0000] {logging_mixin.py:188} INFO - [2024-12-18T13:22:05.465+0000] {dag.py:3036} INFO - Sync 1 DAGs
[2024-12-18T13:22:05.474+0000] {logging_mixin.py:188} INFO - [2024-12-18T13:22:05.474+0000] {dag.py:3823} INFO - Setting next_dagrun for example_python_operator to None, run_after=None
[2024-12-18T13:22:05.492+0000] {processor.py:183} INFO - Processing /home/airflow/.local/lib/python3.8/site-packages/airflow/example_dags/example_python_operator.py took 0.060 seconds
[2024-12-18T13:22:35.616+0000] {processor.py:161} INFO - Started process (PID=1711) to work on /home/airflow/.local/lib/python3.8/site-packages/airflow/example_dags/example_python_operator.py
[2024-12-18T13:22:35.619+0000] {processor.py:830} INFO - Processing file /home/airflow/.local/lib/python3.8/site-packages/airflow/example_dags/example_python_operator.py for tasks to queue
[2024-12-18T13:22:35.621+0000] {logging_mixin.py:188} INFO - [2024-12-18T13:22:35.621+0000] {dagbag.py:538} INFO - Filling up the DagBag from /home/airflow/.local/lib/python3.8/site-packages/airflow/example_dags/example_python_operator.py
[2024-12-18T13:22:35.627+0000] {processor.py:840} INFO - DAG(s) 'example_python_operator' retrieved from /home/airflow/.local/lib/python3.8/site-packages/airflow/example_dags/example_python_operator.py
[2024-12-18T13:22:35.651+0000] {logging_mixin.py:188} INFO - [2024-12-18T13:22:35.651+0000] {dag.py:3036} INFO - Sync 1 DAGs
[2024-12-18T13:22:35.663+0000] {logging_mixin.py:188} INFO - [2024-12-18T13:22:35.663+0000] {dag.py:3823} INFO - Setting next_dagrun for example_python_operator to None, run_after=None
[2024-12-18T13:22:35.679+0000] {processor.py:183} INFO - Processing /home/airflow/.local/lib/python3.8/site-packages/airflow/example_dags/example_python_operator.py took 0.067 seconds
[2024-12-18T13:23:05.717+0000] {processor.py:161} INFO - Started process (PID=1805) to work on /home/airflow/.local/lib/python3.8/site-packages/airflow/example_dags/example_python_operator.py
[2024-12-18T13:23:05.719+0000] {processor.py:830} INFO - Processing file /home/airflow/.local/lib/python3.8/site-packages/airflow/example_dags/example_python_operator.py for tasks to queue
[2024-12-18T13:23:05.721+0000] {logging_mixin.py:188} INFO - [2024-12-18T13:23:05.721+0000] {dagbag.py:538} INFO - Filling up the DagBag from /home/airflow/.local/lib/python3.8/site-packages/airflow/example_dags/example_python_operator.py
[2024-12-18T13:23:05.727+0000] {processor.py:840} INFO - DAG(s) 'example_python_operator' retrieved from /home/airflow/.local/lib/python3.8/site-packages/airflow/example_dags/example_python_operator.py
[2024-12-18T13:23:05.743+0000] {logging_mixin.py:188} INFO - [2024-12-18T13:23:05.743+0000] {dag.py:3036} INFO - Sync 1 DAGs
[2024-12-18T13:23:05.751+0000] {logging_mixin.py:188} INFO - [2024-12-18T13:23:05.751+0000] {dag.py:3823} INFO - Setting next_dagrun for example_python_operator to None, run_after=None
[2024-12-18T13:23:05.766+0000] {processor.py:183} INFO - Processing /home/airflow/.local/lib/python3.8/site-packages/airflow/example_dags/example_python_operator.py took 0.054 seconds
[2024-12-18T13:23:35.883+0000] {processor.py:161} INFO - Started process (PID=1891) to work on /home/airflow/.local/lib/python3.8/site-packages/airflow/example_dags/example_python_operator.py
[2024-12-18T13:23:35.885+0000] {processor.py:830} INFO - Processing file /home/airflow/.local/lib/python3.8/site-packages/airflow/example_dags/example_python_operator.py for tasks to queue
[2024-12-18T13:23:35.888+0000] {logging_mixin.py:188} INFO - [2024-12-18T13:23:35.888+0000] {dagbag.py:538} INFO - Filling up the DagBag from /home/airflow/.local/lib/python3.8/site-packages/airflow/example_dags/example_python_operator.py
[2024-12-18T13:23:35.900+0000] {processor.py:840} INFO - DAG(s) 'example_python_operator' retrieved from /home/airflow/.local/lib/python3.8/site-packages/airflow/example_dags/example_python_operator.py
[2024-12-18T13:23:35.922+0000] {logging_mixin.py:188} INFO - [2024-12-18T13:23:35.922+0000] {dag.py:3036} INFO - Sync 1 DAGs
[2024-12-18T13:23:35.931+0000] {logging_mixin.py:188} INFO - [2024-12-18T13:23:35.930+0000] {dag.py:3823} INFO - Setting next_dagrun for example_python_operator to None, run_after=None
[2024-12-18T13:23:35.945+0000] {processor.py:183} INFO - Processing /home/airflow/.local/lib/python3.8/site-packages/airflow/example_dags/example_python_operator.py took 0.067 seconds
[2024-12-18T13:24:05.996+0000] {processor.py:161} INFO - Started process (PID=1985) to work on /home/airflow/.local/lib/python3.8/site-packages/airflow/example_dags/example_python_operator.py
[2024-12-18T13:24:05.998+0000] {processor.py:830} INFO - Processing file /home/airflow/.local/lib/python3.8/site-packages/airflow/example_dags/example_python_operator.py for tasks to queue
[2024-12-18T13:24:05.999+0000] {logging_mixin.py:188} INFO - [2024-12-18T13:24:05.999+0000] {dagbag.py:538} INFO - Filling up the DagBag from /home/airflow/.local/lib/python3.8/site-packages/airflow/example_dags/example_python_operator.py
[2024-12-18T13:24:06.008+0000] {processor.py:840} INFO - DAG(s) 'example_python_operator' retrieved from /home/airflow/.local/lib/python3.8/site-packages/airflow/example_dags/example_python_operator.py
[2024-12-18T13:24:06.021+0000] {logging_mixin.py:188} INFO - [2024-12-18T13:24:06.021+0000] {dag.py:3036} INFO - Sync 1 DAGs
[2024-12-18T13:24:06.028+0000] {logging_mixin.py:188} INFO - [2024-12-18T13:24:06.028+0000] {dag.py:3823} INFO - Setting next_dagrun for example_python_operator to None, run_after=None
[2024-12-18T13:24:06.038+0000] {processor.py:183} INFO - Processing /home/airflow/.local/lib/python3.8/site-packages/airflow/example_dags/example_python_operator.py took 0.046 seconds
[2024-12-18T13:24:36.086+0000] {processor.py:161} INFO - Started process (PID=2078) to work on /home/airflow/.local/lib/python3.8/site-packages/airflow/example_dags/example_python_operator.py
[2024-12-18T13:24:36.089+0000] {processor.py:830} INFO - Processing file /home/airflow/.local/lib/python3.8/site-packages/airflow/example_dags/example_python_operator.py for tasks to queue
[2024-12-18T13:24:36.090+0000] {logging_mixin.py:188} INFO - [2024-12-18T13:24:36.090+0000] {dagbag.py:538} INFO - Filling up the DagBag from /home/airflow/.local/lib/python3.8/site-packages/airflow/example_dags/example_python_operator.py
[2024-12-18T13:24:36.099+0000] {processor.py:840} INFO - DAG(s) 'example_python_operator' retrieved from /home/airflow/.local/lib/python3.8/site-packages/airflow/example_dags/example_python_operator.py
[2024-12-18T13:24:36.115+0000] {logging_mixin.py:188} INFO - [2024-12-18T13:24:36.114+0000] {dag.py:3036} INFO - Sync 1 DAGs
[2024-12-18T13:24:36.126+0000] {logging_mixin.py:188} INFO - [2024-12-18T13:24:36.126+0000] {dag.py:3823} INFO - Setting next_dagrun for example_python_operator to None, run_after=None
[2024-12-18T13:24:36.141+0000] {processor.py:183} INFO - Processing /home/airflow/.local/lib/python3.8/site-packages/airflow/example_dags/example_python_operator.py took 0.057 seconds
[2024-12-18T13:25:06.330+0000] {processor.py:161} INFO - Started process (PID=2165) to work on /home/airflow/.local/lib/python3.8/site-packages/airflow/example_dags/example_python_operator.py
[2024-12-18T13:25:06.333+0000] {processor.py:830} INFO - Processing file /home/airflow/.local/lib/python3.8/site-packages/airflow/example_dags/example_python_operator.py for tasks to queue
[2024-12-18T13:25:06.334+0000] {logging_mixin.py:188} INFO - [2024-12-18T13:25:06.334+0000] {dagbag.py:538} INFO - Filling up the DagBag from /home/airflow/.local/lib/python3.8/site-packages/airflow/example_dags/example_python_operator.py
[2024-12-18T13:25:06.346+0000] {processor.py:840} INFO - DAG(s) 'example_python_operator' retrieved from /home/airflow/.local/lib/python3.8/site-packages/airflow/example_dags/example_python_operator.py
[2024-12-18T13:25:06.364+0000] {logging_mixin.py:188} INFO - [2024-12-18T13:25:06.364+0000] {dag.py:3036} INFO - Sync 1 DAGs
[2024-12-18T13:25:06.371+0000] {logging_mixin.py:188} INFO - [2024-12-18T13:25:06.371+0000] {dag.py:3823} INFO - Setting next_dagrun for example_python_operator to None, run_after=None
[2024-12-18T13:25:06.384+0000] {processor.py:183} INFO - Processing /home/airflow/.local/lib/python3.8/site-packages/airflow/example_dags/example_python_operator.py took 0.057 seconds
[2024-12-18T13:25:36.604+0000] {processor.py:161} INFO - Started process (PID=2259) to work on /home/airflow/.local/lib/python3.8/site-packages/airflow/example_dags/example_python_operator.py
[2024-12-18T13:25:36.607+0000] {processor.py:830} INFO - Processing file /home/airflow/.local/lib/python3.8/site-packages/airflow/example_dags/example_python_operator.py for tasks to queue
[2024-12-18T13:25:36.609+0000] {logging_mixin.py:188} INFO - [2024-12-18T13:25:36.608+0000] {dagbag.py:538} INFO - Filling up the DagBag from /home/airflow/.local/lib/python3.8/site-packages/airflow/example_dags/example_python_operator.py
[2024-12-18T13:25:36.617+0000] {processor.py:840} INFO - DAG(s) 'example_python_operator' retrieved from /home/airflow/.local/lib/python3.8/site-packages/airflow/example_dags/example_python_operator.py
[2024-12-18T13:25:36.636+0000] {logging_mixin.py:188} INFO - [2024-12-18T13:25:36.636+0000] {dag.py:3036} INFO - Sync 1 DAGs
[2024-12-18T13:25:36.643+0000] {logging_mixin.py:188} INFO - [2024-12-18T13:25:36.643+0000] {dag.py:3823} INFO - Setting next_dagrun for example_python_operator to None, run_after=None
[2024-12-18T13:25:36.653+0000] {processor.py:183} INFO - Processing /home/airflow/.local/lib/python3.8/site-packages/airflow/example_dags/example_python_operator.py took 0.053 seconds
[2024-12-18T13:26:06.736+0000] {processor.py:161} INFO - Started process (PID=2345) to work on /home/airflow/.local/lib/python3.8/site-packages/airflow/example_dags/example_python_operator.py
[2024-12-18T13:26:06.738+0000] {processor.py:830} INFO - Processing file /home/airflow/.local/lib/python3.8/site-packages/airflow/example_dags/example_python_operator.py for tasks to queue
[2024-12-18T13:26:06.740+0000] {logging_mixin.py:188} INFO - [2024-12-18T13:26:06.740+0000] {dagbag.py:538} INFO - Filling up the DagBag from /home/airflow/.local/lib/python3.8/site-packages/airflow/example_dags/example_python_operator.py
[2024-12-18T13:26:06.748+0000] {processor.py:840} INFO - DAG(s) 'example_python_operator' retrieved from /home/airflow/.local/lib/python3.8/site-packages/airflow/example_dags/example_python_operator.py
[2024-12-18T13:26:06.760+0000] {logging_mixin.py:188} INFO - [2024-12-18T13:26:06.760+0000] {dag.py:3036} INFO - Sync 1 DAGs
[2024-12-18T13:26:06.767+0000] {logging_mixin.py:188} INFO - [2024-12-18T13:26:06.766+0000] {dag.py:3823} INFO - Setting next_dagrun for example_python_operator to None, run_after=None
[2024-12-18T13:26:06.776+0000] {processor.py:183} INFO - Processing /home/airflow/.local/lib/python3.8/site-packages/airflow/example_dags/example_python_operator.py took 0.043 seconds
[2024-12-18T13:26:36.910+0000] {processor.py:161} INFO - Started process (PID=2439) to work on /home/airflow/.local/lib/python3.8/site-packages/airflow/example_dags/example_python_operator.py
[2024-12-18T13:26:36.913+0000] {processor.py:830} INFO - Processing file /home/airflow/.local/lib/python3.8/site-packages/airflow/example_dags/example_python_operator.py for tasks to queue
[2024-12-18T13:26:36.914+0000] {logging_mixin.py:188} INFO - [2024-12-18T13:26:36.913+0000] {dagbag.py:538} INFO - Filling up the DagBag from /home/airflow/.local/lib/python3.8/site-packages/airflow/example_dags/example_python_operator.py
[2024-12-18T13:26:36.919+0000] {processor.py:840} INFO - DAG(s) 'example_python_operator' retrieved from /home/airflow/.local/lib/python3.8/site-packages/airflow/example_dags/example_python_operator.py
[2024-12-18T13:26:36.940+0000] {logging_mixin.py:188} INFO - [2024-12-18T13:26:36.939+0000] {dag.py:3036} INFO - Sync 1 DAGs
[2024-12-18T13:26:36.950+0000] {logging_mixin.py:188} INFO - [2024-12-18T13:26:36.950+0000] {dag.py:3823} INFO - Setting next_dagrun for example_python_operator to None, run_after=None
[2024-12-18T13:26:36.966+0000] {processor.py:183} INFO - Processing /home/airflow/.local/lib/python3.8/site-packages/airflow/example_dags/example_python_operator.py took 0.057 seconds
[2024-12-18T13:27:07.034+0000] {processor.py:161} INFO - Started process (PID=2533) to work on /home/airflow/.local/lib/python3.8/site-packages/airflow/example_dags/example_python_operator.py
[2024-12-18T13:27:07.037+0000] {processor.py:830} INFO - Processing file /home/airflow/.local/lib/python3.8/site-packages/airflow/example_dags/example_python_operator.py for tasks to queue
[2024-12-18T13:27:07.038+0000] {logging_mixin.py:188} INFO - [2024-12-18T13:27:07.038+0000] {dagbag.py:538} INFO - Filling up the DagBag from /home/airflow/.local/lib/python3.8/site-packages/airflow/example_dags/example_python_operator.py
[2024-12-18T13:27:07.050+0000] {processor.py:840} INFO - DAG(s) 'example_python_operator' retrieved from /home/airflow/.local/lib/python3.8/site-packages/airflow/example_dags/example_python_operator.py
[2024-12-18T13:27:07.077+0000] {logging_mixin.py:188} INFO - [2024-12-18T13:27:07.077+0000] {dag.py:3036} INFO - Sync 1 DAGs
[2024-12-18T13:27:07.087+0000] {logging_mixin.py:188} INFO - [2024-12-18T13:27:07.087+0000] {dag.py:3823} INFO - Setting next_dagrun for example_python_operator to None, run_after=None
[2024-12-18T13:27:07.105+0000] {processor.py:183} INFO - Processing /home/airflow/.local/lib/python3.8/site-packages/airflow/example_dags/example_python_operator.py took 0.074 seconds
[2024-12-18T13:27:37.288+0000] {processor.py:161} INFO - Started process (PID=2619) to work on /home/airflow/.local/lib/python3.8/site-packages/airflow/example_dags/example_python_operator.py
[2024-12-18T13:27:37.290+0000] {processor.py:830} INFO - Processing file /home/airflow/.local/lib/python3.8/site-packages/airflow/example_dags/example_python_operator.py for tasks to queue
[2024-12-18T13:27:37.291+0000] {logging_mixin.py:188} INFO - [2024-12-18T13:27:37.291+0000] {dagbag.py:538} INFO - Filling up the DagBag from /home/airflow/.local/lib/python3.8/site-packages/airflow/example_dags/example_python_operator.py
[2024-12-18T13:27:37.298+0000] {processor.py:840} INFO - DAG(s) 'example_python_operator' retrieved from /home/airflow/.local/lib/python3.8/site-packages/airflow/example_dags/example_python_operator.py
[2024-12-18T13:27:37.315+0000] {logging_mixin.py:188} INFO - [2024-12-18T13:27:37.315+0000] {dag.py:3036} INFO - Sync 1 DAGs
[2024-12-18T13:27:37.327+0000] {logging_mixin.py:188} INFO - [2024-12-18T13:27:37.327+0000] {dag.py:3823} INFO - Setting next_dagrun for example_python_operator to None, run_after=None
[2024-12-18T13:27:37.355+0000] {processor.py:183} INFO - Processing /home/airflow/.local/lib/python3.8/site-packages/airflow/example_dags/example_python_operator.py took 0.069 seconds
[2024-12-18T13:28:07.507+0000] {processor.py:161} INFO - Started process (PID=2713) to work on /home/airflow/.local/lib/python3.8/site-packages/airflow/example_dags/example_python_operator.py
[2024-12-18T13:28:07.510+0000] {processor.py:830} INFO - Processing file /home/airflow/.local/lib/python3.8/site-packages/airflow/example_dags/example_python_operator.py for tasks to queue
[2024-12-18T13:28:07.512+0000] {logging_mixin.py:188} INFO - [2024-12-18T13:28:07.511+0000] {dagbag.py:538} INFO - Filling up the DagBag from /home/airflow/.local/lib/python3.8/site-packages/airflow/example_dags/example_python_operator.py
[2024-12-18T13:28:07.522+0000] {processor.py:840} INFO - DAG(s) 'example_python_operator' retrieved from /home/airflow/.local/lib/python3.8/site-packages/airflow/example_dags/example_python_operator.py
[2024-12-18T13:28:07.536+0000] {logging_mixin.py:188} INFO - [2024-12-18T13:28:07.536+0000] {dag.py:3036} INFO - Sync 1 DAGs
[2024-12-18T13:28:07.543+0000] {logging_mixin.py:188} INFO - [2024-12-18T13:28:07.542+0000] {dag.py:3823} INFO - Setting next_dagrun for example_python_operator to None, run_after=None
[2024-12-18T13:28:07.553+0000] {processor.py:183} INFO - Processing /home/airflow/.local/lib/python3.8/site-packages/airflow/example_dags/example_python_operator.py took 0.050 seconds
