[2024-12-18T09:10:59.966+0000] {processor.py:161} INFO - Started process (PID=112) to work on /home/airflow/.local/lib/python3.8/site-packages/airflow/example_dags/example_trigger_target_dag.py
[2024-12-18T09:10:59.967+0000] {processor.py:830} INFO - Processing file /home/airflow/.local/lib/python3.8/site-packages/airflow/example_dags/example_trigger_target_dag.py for tasks to queue
[2024-12-18T09:10:59.968+0000] {logging_mixin.py:188} INFO - [2024-12-18T09:10:59.968+0000] {dagbag.py:538} INFO - Filling up the DagBag from /home/airflow/.local/lib/python3.8/site-packages/airflow/example_dags/example_trigger_target_dag.py
[2024-12-18T09:10:59.974+0000] {processor.py:840} INFO - DAG(s) 'example_trigger_target_dag' retrieved from /home/airflow/.local/lib/python3.8/site-packages/airflow/example_dags/example_trigger_target_dag.py
[2024-12-18T09:11:00.017+0000] {logging_mixin.py:188} INFO - [2024-12-18T09:11:00.017+0000] {dag.py:3036} INFO - Sync 1 DAGs
[2024-12-18T09:11:00.028+0000] {logging_mixin.py:188} INFO - [2024-12-18T09:11:00.028+0000] {dag.py:3823} INFO - Setting next_dagrun for example_trigger_target_dag to None, run_after=None
[2024-12-18T09:11:00.043+0000] {processor.py:183} INFO - Processing /home/airflow/.local/lib/python3.8/site-packages/airflow/example_dags/example_trigger_target_dag.py took 0.079 seconds
[2024-12-18T13:13:32.430+0000] {processor.py:161} INFO - Started process (PID=112) to work on /home/airflow/.local/lib/python3.8/site-packages/airflow/example_dags/example_trigger_target_dag.py
[2024-12-18T13:13:32.431+0000] {processor.py:830} INFO - Processing file /home/airflow/.local/lib/python3.8/site-packages/airflow/example_dags/example_trigger_target_dag.py for tasks to queue
[2024-12-18T13:13:32.432+0000] {logging_mixin.py:188} INFO - [2024-12-18T13:13:32.432+0000] {dagbag.py:538} INFO - Filling up the DagBag from /home/airflow/.local/lib/python3.8/site-packages/airflow/example_dags/example_trigger_target_dag.py
[2024-12-18T13:13:32.438+0000] {processor.py:840} INFO - DAG(s) 'example_trigger_target_dag' retrieved from /home/airflow/.local/lib/python3.8/site-packages/airflow/example_dags/example_trigger_target_dag.py
[2024-12-18T13:13:32.460+0000] {logging_mixin.py:188} INFO - [2024-12-18T13:13:32.459+0000] {dag.py:3036} INFO - Sync 1 DAGs
[2024-12-18T13:13:32.469+0000] {logging_mixin.py:188} INFO - [2024-12-18T13:13:32.469+0000] {dag.py:3823} INFO - Setting next_dagrun for example_trigger_target_dag to None, run_after=None
[2024-12-18T13:13:32.487+0000] {processor.py:183} INFO - Processing /home/airflow/.local/lib/python3.8/site-packages/airflow/example_dags/example_trigger_target_dag.py took 0.059 seconds
[2024-12-18T13:14:03.113+0000] {processor.py:161} INFO - Started process (PID=198) to work on /home/airflow/.local/lib/python3.8/site-packages/airflow/example_dags/example_trigger_target_dag.py
[2024-12-18T13:14:03.114+0000] {processor.py:830} INFO - Processing file /home/airflow/.local/lib/python3.8/site-packages/airflow/example_dags/example_trigger_target_dag.py for tasks to queue
[2024-12-18T13:14:03.114+0000] {logging_mixin.py:188} INFO - [2024-12-18T13:14:03.114+0000] {dagbag.py:538} INFO - Filling up the DagBag from /home/airflow/.local/lib/python3.8/site-packages/airflow/example_dags/example_trigger_target_dag.py
[2024-12-18T13:14:03.118+0000] {processor.py:840} INFO - DAG(s) 'example_trigger_target_dag' retrieved from /home/airflow/.local/lib/python3.8/site-packages/airflow/example_dags/example_trigger_target_dag.py
[2024-12-18T13:14:03.130+0000] {logging_mixin.py:188} INFO - [2024-12-18T13:14:03.129+0000] {dag.py:3036} INFO - Sync 1 DAGs
[2024-12-18T13:14:03.137+0000] {logging_mixin.py:188} INFO - [2024-12-18T13:14:03.137+0000] {dag.py:3823} INFO - Setting next_dagrun for example_trigger_target_dag to None, run_after=None
[2024-12-18T13:14:03.147+0000] {processor.py:183} INFO - Processing /home/airflow/.local/lib/python3.8/site-packages/airflow/example_dags/example_trigger_target_dag.py took 0.036 seconds
[2024-12-18T13:14:34.448+0000] {processor.py:161} INFO - Started process (PID=292) to work on /home/airflow/.local/lib/python3.8/site-packages/airflow/example_dags/example_trigger_target_dag.py
[2024-12-18T13:14:34.450+0000] {processor.py:830} INFO - Processing file /home/airflow/.local/lib/python3.8/site-packages/airflow/example_dags/example_trigger_target_dag.py for tasks to queue
[2024-12-18T13:14:34.452+0000] {logging_mixin.py:188} INFO - [2024-12-18T13:14:34.452+0000] {dagbag.py:538} INFO - Filling up the DagBag from /home/airflow/.local/lib/python3.8/site-packages/airflow/example_dags/example_trigger_target_dag.py
[2024-12-18T13:14:34.458+0000] {processor.py:840} INFO - DAG(s) 'example_trigger_target_dag' retrieved from /home/airflow/.local/lib/python3.8/site-packages/airflow/example_dags/example_trigger_target_dag.py
[2024-12-18T13:14:34.478+0000] {logging_mixin.py:188} INFO - [2024-12-18T13:14:34.477+0000] {dag.py:3036} INFO - Sync 1 DAGs
[2024-12-18T13:14:34.484+0000] {logging_mixin.py:188} INFO - [2024-12-18T13:14:34.484+0000] {dag.py:3823} INFO - Setting next_dagrun for example_trigger_target_dag to None, run_after=None
[2024-12-18T13:14:34.494+0000] {processor.py:183} INFO - Processing /home/airflow/.local/lib/python3.8/site-packages/airflow/example_dags/example_trigger_target_dag.py took 0.049 seconds
[2024-12-18T13:15:05.508+0000] {processor.py:161} INFO - Started process (PID=386) to work on /home/airflow/.local/lib/python3.8/site-packages/airflow/example_dags/example_trigger_target_dag.py
[2024-12-18T13:15:05.509+0000] {processor.py:830} INFO - Processing file /home/airflow/.local/lib/python3.8/site-packages/airflow/example_dags/example_trigger_target_dag.py for tasks to queue
[2024-12-18T13:15:05.511+0000] {logging_mixin.py:188} INFO - [2024-12-18T13:15:05.511+0000] {dagbag.py:538} INFO - Filling up the DagBag from /home/airflow/.local/lib/python3.8/site-packages/airflow/example_dags/example_trigger_target_dag.py
[2024-12-18T13:15:05.516+0000] {processor.py:840} INFO - DAG(s) 'example_trigger_target_dag' retrieved from /home/airflow/.local/lib/python3.8/site-packages/airflow/example_dags/example_trigger_target_dag.py
[2024-12-18T13:15:05.529+0000] {logging_mixin.py:188} INFO - [2024-12-18T13:15:05.529+0000] {dag.py:3036} INFO - Sync 1 DAGs
[2024-12-18T13:15:05.537+0000] {logging_mixin.py:188} INFO - [2024-12-18T13:15:05.537+0000] {dag.py:3823} INFO - Setting next_dagrun for example_trigger_target_dag to None, run_after=None
[2024-12-18T13:15:05.548+0000] {processor.py:183} INFO - Processing /home/airflow/.local/lib/python3.8/site-packages/airflow/example_dags/example_trigger_target_dag.py took 0.042 seconds
[2024-12-18T13:15:36.566+0000] {processor.py:161} INFO - Started process (PID=472) to work on /home/airflow/.local/lib/python3.8/site-packages/airflow/example_dags/example_trigger_target_dag.py
[2024-12-18T13:15:36.568+0000] {processor.py:830} INFO - Processing file /home/airflow/.local/lib/python3.8/site-packages/airflow/example_dags/example_trigger_target_dag.py for tasks to queue
[2024-12-18T13:15:36.571+0000] {logging_mixin.py:188} INFO - [2024-12-18T13:15:36.570+0000] {dagbag.py:538} INFO - Filling up the DagBag from /home/airflow/.local/lib/python3.8/site-packages/airflow/example_dags/example_trigger_target_dag.py
[2024-12-18T13:15:36.586+0000] {processor.py:840} INFO - DAG(s) 'example_trigger_target_dag' retrieved from /home/airflow/.local/lib/python3.8/site-packages/airflow/example_dags/example_trigger_target_dag.py
[2024-12-18T13:15:36.616+0000] {logging_mixin.py:188} INFO - [2024-12-18T13:15:36.616+0000] {dag.py:3036} INFO - Sync 1 DAGs
[2024-12-18T13:15:36.623+0000] {logging_mixin.py:188} INFO - [2024-12-18T13:15:36.623+0000] {dag.py:3823} INFO - Setting next_dagrun for example_trigger_target_dag to None, run_after=None
[2024-12-18T13:15:36.635+0000] {processor.py:183} INFO - Processing /home/airflow/.local/lib/python3.8/site-packages/airflow/example_dags/example_trigger_target_dag.py took 0.076 seconds
[2024-12-18T13:16:06.667+0000] {processor.py:161} INFO - Started process (PID=545) to work on /home/airflow/.local/lib/python3.8/site-packages/airflow/example_dags/example_trigger_target_dag.py
[2024-12-18T13:16:06.667+0000] {processor.py:830} INFO - Processing file /home/airflow/.local/lib/python3.8/site-packages/airflow/example_dags/example_trigger_target_dag.py for tasks to queue
[2024-12-18T13:16:06.668+0000] {logging_mixin.py:188} INFO - [2024-12-18T13:16:06.668+0000] {dagbag.py:538} INFO - Filling up the DagBag from /home/airflow/.local/lib/python3.8/site-packages/airflow/example_dags/example_trigger_target_dag.py
[2024-12-18T13:16:06.672+0000] {processor.py:840} INFO - DAG(s) 'example_trigger_target_dag' retrieved from /home/airflow/.local/lib/python3.8/site-packages/airflow/example_dags/example_trigger_target_dag.py
[2024-12-18T13:16:06.683+0000] {logging_mixin.py:188} INFO - [2024-12-18T13:16:06.683+0000] {dag.py:3036} INFO - Sync 1 DAGs
[2024-12-18T13:16:06.690+0000] {logging_mixin.py:188} INFO - [2024-12-18T13:16:06.690+0000] {dag.py:3823} INFO - Setting next_dagrun for example_trigger_target_dag to None, run_after=None
[2024-12-18T13:16:06.701+0000] {processor.py:183} INFO - Processing /home/airflow/.local/lib/python3.8/site-packages/airflow/example_dags/example_trigger_target_dag.py took 0.036 seconds
[2024-12-18T13:16:36.764+0000] {processor.py:161} INFO - Started process (PID=639) to work on /home/airflow/.local/lib/python3.8/site-packages/airflow/example_dags/example_trigger_target_dag.py
[2024-12-18T13:16:36.765+0000] {processor.py:830} INFO - Processing file /home/airflow/.local/lib/python3.8/site-packages/airflow/example_dags/example_trigger_target_dag.py for tasks to queue
[2024-12-18T13:16:36.766+0000] {logging_mixin.py:188} INFO - [2024-12-18T13:16:36.766+0000] {dagbag.py:538} INFO - Filling up the DagBag from /home/airflow/.local/lib/python3.8/site-packages/airflow/example_dags/example_trigger_target_dag.py
[2024-12-18T13:16:36.769+0000] {processor.py:840} INFO - DAG(s) 'example_trigger_target_dag' retrieved from /home/airflow/.local/lib/python3.8/site-packages/airflow/example_dags/example_trigger_target_dag.py
[2024-12-18T13:16:36.787+0000] {logging_mixin.py:188} INFO - [2024-12-18T13:16:36.786+0000] {dag.py:3036} INFO - Sync 1 DAGs
[2024-12-18T13:16:36.798+0000] {logging_mixin.py:188} INFO - [2024-12-18T13:16:36.798+0000] {dag.py:3823} INFO - Setting next_dagrun for example_trigger_target_dag to None, run_after=None
[2024-12-18T13:16:36.820+0000] {processor.py:183} INFO - Processing /home/airflow/.local/lib/python3.8/site-packages/airflow/example_dags/example_trigger_target_dag.py took 0.057 seconds
[2024-12-18T13:17:07.388+0000] {processor.py:161} INFO - Started process (PID=725) to work on /home/airflow/.local/lib/python3.8/site-packages/airflow/example_dags/example_trigger_target_dag.py
[2024-12-18T13:17:07.389+0000] {processor.py:830} INFO - Processing file /home/airflow/.local/lib/python3.8/site-packages/airflow/example_dags/example_trigger_target_dag.py for tasks to queue
[2024-12-18T13:17:07.390+0000] {logging_mixin.py:188} INFO - [2024-12-18T13:17:07.390+0000] {dagbag.py:538} INFO - Filling up the DagBag from /home/airflow/.local/lib/python3.8/site-packages/airflow/example_dags/example_trigger_target_dag.py
[2024-12-18T13:17:07.393+0000] {processor.py:840} INFO - DAG(s) 'example_trigger_target_dag' retrieved from /home/airflow/.local/lib/python3.8/site-packages/airflow/example_dags/example_trigger_target_dag.py
[2024-12-18T13:17:07.412+0000] {logging_mixin.py:188} INFO - [2024-12-18T13:17:07.412+0000] {dag.py:3036} INFO - Sync 1 DAGs
[2024-12-18T13:17:07.422+0000] {logging_mixin.py:188} INFO - [2024-12-18T13:17:07.422+0000] {dag.py:3823} INFO - Setting next_dagrun for example_trigger_target_dag to None, run_after=None
[2024-12-18T13:17:07.438+0000] {processor.py:183} INFO - Processing /home/airflow/.local/lib/python3.8/site-packages/airflow/example_dags/example_trigger_target_dag.py took 0.052 seconds
[2024-12-18T13:17:37.682+0000] {processor.py:161} INFO - Started process (PID=819) to work on /home/airflow/.local/lib/python3.8/site-packages/airflow/example_dags/example_trigger_target_dag.py
[2024-12-18T13:17:37.682+0000] {processor.py:830} INFO - Processing file /home/airflow/.local/lib/python3.8/site-packages/airflow/example_dags/example_trigger_target_dag.py for tasks to queue
[2024-12-18T13:17:37.683+0000] {logging_mixin.py:188} INFO - [2024-12-18T13:17:37.683+0000] {dagbag.py:538} INFO - Filling up the DagBag from /home/airflow/.local/lib/python3.8/site-packages/airflow/example_dags/example_trigger_target_dag.py
[2024-12-18T13:17:37.687+0000] {processor.py:840} INFO - DAG(s) 'example_trigger_target_dag' retrieved from /home/airflow/.local/lib/python3.8/site-packages/airflow/example_dags/example_trigger_target_dag.py
[2024-12-18T13:17:37.699+0000] {logging_mixin.py:188} INFO - [2024-12-18T13:17:37.699+0000] {dag.py:3036} INFO - Sync 1 DAGs
[2024-12-18T13:17:37.705+0000] {logging_mixin.py:188} INFO - [2024-12-18T13:17:37.705+0000] {dag.py:3823} INFO - Setting next_dagrun for example_trigger_target_dag to None, run_after=None
[2024-12-18T13:17:37.714+0000] {processor.py:183} INFO - Processing /home/airflow/.local/lib/python3.8/site-packages/airflow/example_dags/example_trigger_target_dag.py took 0.034 seconds
[2024-12-18T13:18:07.944+0000] {processor.py:161} INFO - Started process (PID=913) to work on /home/airflow/.local/lib/python3.8/site-packages/airflow/example_dags/example_trigger_target_dag.py
[2024-12-18T13:18:07.944+0000] {processor.py:830} INFO - Processing file /home/airflow/.local/lib/python3.8/site-packages/airflow/example_dags/example_trigger_target_dag.py for tasks to queue
[2024-12-18T13:18:07.945+0000] {logging_mixin.py:188} INFO - [2024-12-18T13:18:07.945+0000] {dagbag.py:538} INFO - Filling up the DagBag from /home/airflow/.local/lib/python3.8/site-packages/airflow/example_dags/example_trigger_target_dag.py
[2024-12-18T13:18:07.948+0000] {processor.py:840} INFO - DAG(s) 'example_trigger_target_dag' retrieved from /home/airflow/.local/lib/python3.8/site-packages/airflow/example_dags/example_trigger_target_dag.py
[2024-12-18T13:18:07.961+0000] {logging_mixin.py:188} INFO - [2024-12-18T13:18:07.961+0000] {dag.py:3036} INFO - Sync 1 DAGs
[2024-12-18T13:18:07.968+0000] {logging_mixin.py:188} INFO - [2024-12-18T13:18:07.968+0000] {dag.py:3823} INFO - Setting next_dagrun for example_trigger_target_dag to None, run_after=None
[2024-12-18T13:18:07.979+0000] {processor.py:183} INFO - Processing /home/airflow/.local/lib/python3.8/site-packages/airflow/example_dags/example_trigger_target_dag.py took 0.037 seconds
[2024-12-18T13:18:38.168+0000] {processor.py:161} INFO - Started process (PID=999) to work on /home/airflow/.local/lib/python3.8/site-packages/airflow/example_dags/example_trigger_target_dag.py
[2024-12-18T13:18:38.169+0000] {processor.py:830} INFO - Processing file /home/airflow/.local/lib/python3.8/site-packages/airflow/example_dags/example_trigger_target_dag.py for tasks to queue
[2024-12-18T13:18:38.170+0000] {logging_mixin.py:188} INFO - [2024-12-18T13:18:38.170+0000] {dagbag.py:538} INFO - Filling up the DagBag from /home/airflow/.local/lib/python3.8/site-packages/airflow/example_dags/example_trigger_target_dag.py
[2024-12-18T13:18:38.174+0000] {processor.py:840} INFO - DAG(s) 'example_trigger_target_dag' retrieved from /home/airflow/.local/lib/python3.8/site-packages/airflow/example_dags/example_trigger_target_dag.py
[2024-12-18T13:18:38.186+0000] {logging_mixin.py:188} INFO - [2024-12-18T13:18:38.185+0000] {dag.py:3036} INFO - Sync 1 DAGs
[2024-12-18T13:18:38.193+0000] {logging_mixin.py:188} INFO - [2024-12-18T13:18:38.192+0000] {dag.py:3823} INFO - Setting next_dagrun for example_trigger_target_dag to None, run_after=None
[2024-12-18T13:18:38.207+0000] {processor.py:183} INFO - Processing /home/airflow/.local/lib/python3.8/site-packages/airflow/example_dags/example_trigger_target_dag.py took 0.042 seconds
[2024-12-18T13:19:08.297+0000] {processor.py:161} INFO - Started process (PID=1093) to work on /home/airflow/.local/lib/python3.8/site-packages/airflow/example_dags/example_trigger_target_dag.py
[2024-12-18T13:19:08.297+0000] {processor.py:830} INFO - Processing file /home/airflow/.local/lib/python3.8/site-packages/airflow/example_dags/example_trigger_target_dag.py for tasks to queue
[2024-12-18T13:19:08.298+0000] {logging_mixin.py:188} INFO - [2024-12-18T13:19:08.298+0000] {dagbag.py:538} INFO - Filling up the DagBag from /home/airflow/.local/lib/python3.8/site-packages/airflow/example_dags/example_trigger_target_dag.py
[2024-12-18T13:19:08.302+0000] {processor.py:840} INFO - DAG(s) 'example_trigger_target_dag' retrieved from /home/airflow/.local/lib/python3.8/site-packages/airflow/example_dags/example_trigger_target_dag.py
[2024-12-18T13:19:08.315+0000] {logging_mixin.py:188} INFO - [2024-12-18T13:19:08.315+0000] {dag.py:3036} INFO - Sync 1 DAGs
[2024-12-18T13:19:08.321+0000] {logging_mixin.py:188} INFO - [2024-12-18T13:19:08.321+0000] {dag.py:3823} INFO - Setting next_dagrun for example_trigger_target_dag to None, run_after=None
[2024-12-18T13:19:08.329+0000] {processor.py:183} INFO - Processing /home/airflow/.local/lib/python3.8/site-packages/airflow/example_dags/example_trigger_target_dag.py took 0.035 seconds
[2024-12-18T13:19:38.407+0000] {processor.py:161} INFO - Started process (PID=1187) to work on /home/airflow/.local/lib/python3.8/site-packages/airflow/example_dags/example_trigger_target_dag.py
[2024-12-18T13:19:38.407+0000] {processor.py:830} INFO - Processing file /home/airflow/.local/lib/python3.8/site-packages/airflow/example_dags/example_trigger_target_dag.py for tasks to queue
[2024-12-18T13:19:38.408+0000] {logging_mixin.py:188} INFO - [2024-12-18T13:19:38.408+0000] {dagbag.py:538} INFO - Filling up the DagBag from /home/airflow/.local/lib/python3.8/site-packages/airflow/example_dags/example_trigger_target_dag.py
[2024-12-18T13:19:38.411+0000] {processor.py:840} INFO - DAG(s) 'example_trigger_target_dag' retrieved from /home/airflow/.local/lib/python3.8/site-packages/airflow/example_dags/example_trigger_target_dag.py
[2024-12-18T13:19:38.422+0000] {logging_mixin.py:188} INFO - [2024-12-18T13:19:38.422+0000] {dag.py:3036} INFO - Sync 1 DAGs
[2024-12-18T13:19:38.429+0000] {logging_mixin.py:188} INFO - [2024-12-18T13:19:38.429+0000] {dag.py:3823} INFO - Setting next_dagrun for example_trigger_target_dag to None, run_after=None
[2024-12-18T13:19:38.437+0000] {processor.py:183} INFO - Processing /home/airflow/.local/lib/python3.8/site-packages/airflow/example_dags/example_trigger_target_dag.py took 0.033 seconds
[2024-12-18T13:20:08.593+0000] {processor.py:161} INFO - Started process (PID=1273) to work on /home/airflow/.local/lib/python3.8/site-packages/airflow/example_dags/example_trigger_target_dag.py
[2024-12-18T13:20:08.594+0000] {processor.py:830} INFO - Processing file /home/airflow/.local/lib/python3.8/site-packages/airflow/example_dags/example_trigger_target_dag.py for tasks to queue
[2024-12-18T13:20:08.595+0000] {logging_mixin.py:188} INFO - [2024-12-18T13:20:08.595+0000] {dagbag.py:538} INFO - Filling up the DagBag from /home/airflow/.local/lib/python3.8/site-packages/airflow/example_dags/example_trigger_target_dag.py
[2024-12-18T13:20:08.599+0000] {processor.py:840} INFO - DAG(s) 'example_trigger_target_dag' retrieved from /home/airflow/.local/lib/python3.8/site-packages/airflow/example_dags/example_trigger_target_dag.py
[2024-12-18T13:20:08.613+0000] {logging_mixin.py:188} INFO - [2024-12-18T13:20:08.612+0000] {dag.py:3036} INFO - Sync 1 DAGs
[2024-12-18T13:20:08.621+0000] {logging_mixin.py:188} INFO - [2024-12-18T13:20:08.621+0000] {dag.py:3823} INFO - Setting next_dagrun for example_trigger_target_dag to None, run_after=None
[2024-12-18T13:20:08.632+0000] {processor.py:183} INFO - Processing /home/airflow/.local/lib/python3.8/site-packages/airflow/example_dags/example_trigger_target_dag.py took 0.040 seconds
[2024-12-18T13:20:38.673+0000] {processor.py:161} INFO - Started process (PID=1367) to work on /home/airflow/.local/lib/python3.8/site-packages/airflow/example_dags/example_trigger_target_dag.py
[2024-12-18T13:20:38.674+0000] {processor.py:830} INFO - Processing file /home/airflow/.local/lib/python3.8/site-packages/airflow/example_dags/example_trigger_target_dag.py for tasks to queue
[2024-12-18T13:20:38.675+0000] {logging_mixin.py:188} INFO - [2024-12-18T13:20:38.674+0000] {dagbag.py:538} INFO - Filling up the DagBag from /home/airflow/.local/lib/python3.8/site-packages/airflow/example_dags/example_trigger_target_dag.py
[2024-12-18T13:20:38.678+0000] {processor.py:840} INFO - DAG(s) 'example_trigger_target_dag' retrieved from /home/airflow/.local/lib/python3.8/site-packages/airflow/example_dags/example_trigger_target_dag.py
[2024-12-18T13:20:38.689+0000] {logging_mixin.py:188} INFO - [2024-12-18T13:20:38.689+0000] {dag.py:3036} INFO - Sync 1 DAGs
[2024-12-18T13:20:38.696+0000] {logging_mixin.py:188} INFO - [2024-12-18T13:20:38.696+0000] {dag.py:3823} INFO - Setting next_dagrun for example_trigger_target_dag to None, run_after=None
[2024-12-18T13:20:38.704+0000] {processor.py:183} INFO - Processing /home/airflow/.local/lib/python3.8/site-packages/airflow/example_dags/example_trigger_target_dag.py took 0.033 seconds
[2024-12-18T13:21:08.858+0000] {processor.py:161} INFO - Started process (PID=1454) to work on /home/airflow/.local/lib/python3.8/site-packages/airflow/example_dags/example_trigger_target_dag.py
[2024-12-18T13:21:08.859+0000] {processor.py:830} INFO - Processing file /home/airflow/.local/lib/python3.8/site-packages/airflow/example_dags/example_trigger_target_dag.py for tasks to queue
[2024-12-18T13:21:08.861+0000] {logging_mixin.py:188} INFO - [2024-12-18T13:21:08.861+0000] {dagbag.py:538} INFO - Filling up the DagBag from /home/airflow/.local/lib/python3.8/site-packages/airflow/example_dags/example_trigger_target_dag.py
[2024-12-18T13:21:08.866+0000] {processor.py:840} INFO - DAG(s) 'example_trigger_target_dag' retrieved from /home/airflow/.local/lib/python3.8/site-packages/airflow/example_dags/example_trigger_target_dag.py
[2024-12-18T13:21:08.892+0000] {logging_mixin.py:188} INFO - [2024-12-18T13:21:08.892+0000] {dag.py:3036} INFO - Sync 1 DAGs
[2024-12-18T13:21:08.902+0000] {logging_mixin.py:188} INFO - [2024-12-18T13:21:08.902+0000] {dag.py:3823} INFO - Setting next_dagrun for example_trigger_target_dag to None, run_after=None
[2024-12-18T13:21:08.913+0000] {processor.py:183} INFO - Processing /home/airflow/.local/lib/python3.8/site-packages/airflow/example_dags/example_trigger_target_dag.py took 0.058 seconds
[2024-12-18T13:21:38.927+0000] {processor.py:161} INFO - Started process (PID=1547) to work on /home/airflow/.local/lib/python3.8/site-packages/airflow/example_dags/example_trigger_target_dag.py
[2024-12-18T13:21:38.928+0000] {processor.py:830} INFO - Processing file /home/airflow/.local/lib/python3.8/site-packages/airflow/example_dags/example_trigger_target_dag.py for tasks to queue
[2024-12-18T13:21:38.930+0000] {logging_mixin.py:188} INFO - [2024-12-18T13:21:38.930+0000] {dagbag.py:538} INFO - Filling up the DagBag from /home/airflow/.local/lib/python3.8/site-packages/airflow/example_dags/example_trigger_target_dag.py
[2024-12-18T13:21:38.933+0000] {processor.py:840} INFO - DAG(s) 'example_trigger_target_dag' retrieved from /home/airflow/.local/lib/python3.8/site-packages/airflow/example_dags/example_trigger_target_dag.py
[2024-12-18T13:21:38.944+0000] {logging_mixin.py:188} INFO - [2024-12-18T13:21:38.944+0000] {dag.py:3036} INFO - Sync 1 DAGs
[2024-12-18T13:21:38.952+0000] {logging_mixin.py:188} INFO - [2024-12-18T13:21:38.952+0000] {dag.py:3823} INFO - Setting next_dagrun for example_trigger_target_dag to None, run_after=None
[2024-12-18T13:21:38.962+0000] {processor.py:183} INFO - Processing /home/airflow/.local/lib/python3.8/site-packages/airflow/example_dags/example_trigger_target_dag.py took 0.038 seconds
[2024-12-18T13:22:09.106+0000] {processor.py:161} INFO - Started process (PID=1641) to work on /home/airflow/.local/lib/python3.8/site-packages/airflow/example_dags/example_trigger_target_dag.py
[2024-12-18T13:22:09.107+0000] {processor.py:830} INFO - Processing file /home/airflow/.local/lib/python3.8/site-packages/airflow/example_dags/example_trigger_target_dag.py for tasks to queue
[2024-12-18T13:22:09.109+0000] {logging_mixin.py:188} INFO - [2024-12-18T13:22:09.109+0000] {dagbag.py:538} INFO - Filling up the DagBag from /home/airflow/.local/lib/python3.8/site-packages/airflow/example_dags/example_trigger_target_dag.py
[2024-12-18T13:22:09.114+0000] {processor.py:840} INFO - DAG(s) 'example_trigger_target_dag' retrieved from /home/airflow/.local/lib/python3.8/site-packages/airflow/example_dags/example_trigger_target_dag.py
[2024-12-18T13:22:09.135+0000] {logging_mixin.py:188} INFO - [2024-12-18T13:22:09.135+0000] {dag.py:3036} INFO - Sync 1 DAGs
[2024-12-18T13:22:09.142+0000] {logging_mixin.py:188} INFO - [2024-12-18T13:22:09.141+0000] {dag.py:3823} INFO - Setting next_dagrun for example_trigger_target_dag to None, run_after=None
[2024-12-18T13:22:09.153+0000] {processor.py:183} INFO - Processing /home/airflow/.local/lib/python3.8/site-packages/airflow/example_dags/example_trigger_target_dag.py took 0.050 seconds
[2024-12-18T13:22:39.218+0000] {processor.py:161} INFO - Started process (PID=1727) to work on /home/airflow/.local/lib/python3.8/site-packages/airflow/example_dags/example_trigger_target_dag.py
[2024-12-18T13:22:39.218+0000] {processor.py:830} INFO - Processing file /home/airflow/.local/lib/python3.8/site-packages/airflow/example_dags/example_trigger_target_dag.py for tasks to queue
[2024-12-18T13:22:39.220+0000] {logging_mixin.py:188} INFO - [2024-12-18T13:22:39.220+0000] {dagbag.py:538} INFO - Filling up the DagBag from /home/airflow/.local/lib/python3.8/site-packages/airflow/example_dags/example_trigger_target_dag.py
[2024-12-18T13:22:39.226+0000] {processor.py:840} INFO - DAG(s) 'example_trigger_target_dag' retrieved from /home/airflow/.local/lib/python3.8/site-packages/airflow/example_dags/example_trigger_target_dag.py
[2024-12-18T13:22:39.244+0000] {logging_mixin.py:188} INFO - [2024-12-18T13:22:39.244+0000] {dag.py:3036} INFO - Sync 1 DAGs
[2024-12-18T13:22:39.256+0000] {logging_mixin.py:188} INFO - [2024-12-18T13:22:39.256+0000] {dag.py:3823} INFO - Setting next_dagrun for example_trigger_target_dag to None, run_after=None
[2024-12-18T13:22:39.268+0000] {processor.py:183} INFO - Processing /home/airflow/.local/lib/python3.8/site-packages/airflow/example_dags/example_trigger_target_dag.py took 0.052 seconds
[2024-12-18T13:23:09.376+0000] {processor.py:161} INFO - Started process (PID=1821) to work on /home/airflow/.local/lib/python3.8/site-packages/airflow/example_dags/example_trigger_target_dag.py
[2024-12-18T13:23:09.376+0000] {processor.py:830} INFO - Processing file /home/airflow/.local/lib/python3.8/site-packages/airflow/example_dags/example_trigger_target_dag.py for tasks to queue
[2024-12-18T13:23:09.377+0000] {logging_mixin.py:188} INFO - [2024-12-18T13:23:09.377+0000] {dagbag.py:538} INFO - Filling up the DagBag from /home/airflow/.local/lib/python3.8/site-packages/airflow/example_dags/example_trigger_target_dag.py
[2024-12-18T13:23:09.380+0000] {processor.py:840} INFO - DAG(s) 'example_trigger_target_dag' retrieved from /home/airflow/.local/lib/python3.8/site-packages/airflow/example_dags/example_trigger_target_dag.py
[2024-12-18T13:23:09.392+0000] {logging_mixin.py:188} INFO - [2024-12-18T13:23:09.391+0000] {dag.py:3036} INFO - Sync 1 DAGs
[2024-12-18T13:23:09.400+0000] {logging_mixin.py:188} INFO - [2024-12-18T13:23:09.399+0000] {dag.py:3823} INFO - Setting next_dagrun for example_trigger_target_dag to None, run_after=None
[2024-12-18T13:23:09.417+0000] {processor.py:183} INFO - Processing /home/airflow/.local/lib/python3.8/site-packages/airflow/example_dags/example_trigger_target_dag.py took 0.043 seconds
[2024-12-18T13:23:39.463+0000] {processor.py:161} INFO - Started process (PID=1915) to work on /home/airflow/.local/lib/python3.8/site-packages/airflow/example_dags/example_trigger_target_dag.py
[2024-12-18T13:23:39.464+0000] {processor.py:830} INFO - Processing file /home/airflow/.local/lib/python3.8/site-packages/airflow/example_dags/example_trigger_target_dag.py for tasks to queue
[2024-12-18T13:23:39.465+0000] {logging_mixin.py:188} INFO - [2024-12-18T13:23:39.465+0000] {dagbag.py:538} INFO - Filling up the DagBag from /home/airflow/.local/lib/python3.8/site-packages/airflow/example_dags/example_trigger_target_dag.py
[2024-12-18T13:23:39.469+0000] {processor.py:840} INFO - DAG(s) 'example_trigger_target_dag' retrieved from /home/airflow/.local/lib/python3.8/site-packages/airflow/example_dags/example_trigger_target_dag.py
[2024-12-18T13:23:39.481+0000] {logging_mixin.py:188} INFO - [2024-12-18T13:23:39.481+0000] {dag.py:3036} INFO - Sync 1 DAGs
[2024-12-18T13:23:39.488+0000] {logging_mixin.py:188} INFO - [2024-12-18T13:23:39.487+0000] {dag.py:3823} INFO - Setting next_dagrun for example_trigger_target_dag to None, run_after=None
[2024-12-18T13:23:39.497+0000] {processor.py:183} INFO - Processing /home/airflow/.local/lib/python3.8/site-packages/airflow/example_dags/example_trigger_target_dag.py took 0.036 seconds
[2024-12-18T13:24:09.655+0000] {processor.py:161} INFO - Started process (PID=2002) to work on /home/airflow/.local/lib/python3.8/site-packages/airflow/example_dags/example_trigger_target_dag.py
[2024-12-18T13:24:09.656+0000] {processor.py:830} INFO - Processing file /home/airflow/.local/lib/python3.8/site-packages/airflow/example_dags/example_trigger_target_dag.py for tasks to queue
[2024-12-18T13:24:09.657+0000] {logging_mixin.py:188} INFO - [2024-12-18T13:24:09.656+0000] {dagbag.py:538} INFO - Filling up the DagBag from /home/airflow/.local/lib/python3.8/site-packages/airflow/example_dags/example_trigger_target_dag.py
[2024-12-18T13:24:09.660+0000] {processor.py:840} INFO - DAG(s) 'example_trigger_target_dag' retrieved from /home/airflow/.local/lib/python3.8/site-packages/airflow/example_dags/example_trigger_target_dag.py
[2024-12-18T13:24:09.673+0000] {logging_mixin.py:188} INFO - [2024-12-18T13:24:09.673+0000] {dag.py:3036} INFO - Sync 1 DAGs
[2024-12-18T13:24:09.680+0000] {logging_mixin.py:188} INFO - [2024-12-18T13:24:09.680+0000] {dag.py:3823} INFO - Setting next_dagrun for example_trigger_target_dag to None, run_after=None
[2024-12-18T13:24:09.690+0000] {processor.py:183} INFO - Processing /home/airflow/.local/lib/python3.8/site-packages/airflow/example_dags/example_trigger_target_dag.py took 0.036 seconds
[2024-12-18T13:24:39.853+0000] {processor.py:161} INFO - Started process (PID=2096) to work on /home/airflow/.local/lib/python3.8/site-packages/airflow/example_dags/example_trigger_target_dag.py
[2024-12-18T13:24:39.853+0000] {processor.py:830} INFO - Processing file /home/airflow/.local/lib/python3.8/site-packages/airflow/example_dags/example_trigger_target_dag.py for tasks to queue
[2024-12-18T13:24:39.854+0000] {logging_mixin.py:188} INFO - [2024-12-18T13:24:39.854+0000] {dagbag.py:538} INFO - Filling up the DagBag from /home/airflow/.local/lib/python3.8/site-packages/airflow/example_dags/example_trigger_target_dag.py
[2024-12-18T13:24:39.858+0000] {processor.py:840} INFO - DAG(s) 'example_trigger_target_dag' retrieved from /home/airflow/.local/lib/python3.8/site-packages/airflow/example_dags/example_trigger_target_dag.py
[2024-12-18T13:24:39.870+0000] {logging_mixin.py:188} INFO - [2024-12-18T13:24:39.870+0000] {dag.py:3036} INFO - Sync 1 DAGs
[2024-12-18T13:24:39.877+0000] {logging_mixin.py:188} INFO - [2024-12-18T13:24:39.877+0000] {dag.py:3823} INFO - Setting next_dagrun for example_trigger_target_dag to None, run_after=None
[2024-12-18T13:24:39.888+0000] {processor.py:183} INFO - Processing /home/airflow/.local/lib/python3.8/site-packages/airflow/example_dags/example_trigger_target_dag.py took 0.037 seconds
[2024-12-18T13:25:09.955+0000] {processor.py:161} INFO - Started process (PID=2181) to work on /home/airflow/.local/lib/python3.8/site-packages/airflow/example_dags/example_trigger_target_dag.py
[2024-12-18T13:25:09.956+0000] {processor.py:830} INFO - Processing file /home/airflow/.local/lib/python3.8/site-packages/airflow/example_dags/example_trigger_target_dag.py for tasks to queue
[2024-12-18T13:25:09.958+0000] {logging_mixin.py:188} INFO - [2024-12-18T13:25:09.957+0000] {dagbag.py:538} INFO - Filling up the DagBag from /home/airflow/.local/lib/python3.8/site-packages/airflow/example_dags/example_trigger_target_dag.py
[2024-12-18T13:25:09.962+0000] {processor.py:840} INFO - DAG(s) 'example_trigger_target_dag' retrieved from /home/airflow/.local/lib/python3.8/site-packages/airflow/example_dags/example_trigger_target_dag.py
[2024-12-18T13:25:09.979+0000] {logging_mixin.py:188} INFO - [2024-12-18T13:25:09.978+0000] {dag.py:3036} INFO - Sync 1 DAGs
[2024-12-18T13:25:09.988+0000] {logging_mixin.py:188} INFO - [2024-12-18T13:25:09.988+0000] {dag.py:3823} INFO - Setting next_dagrun for example_trigger_target_dag to None, run_after=None
[2024-12-18T13:25:10.004+0000] {processor.py:183} INFO - Processing /home/airflow/.local/lib/python3.8/site-packages/airflow/example_dags/example_trigger_target_dag.py took 0.053 seconds
[2024-12-18T13:25:40.179+0000] {processor.py:161} INFO - Started process (PID=2275) to work on /home/airflow/.local/lib/python3.8/site-packages/airflow/example_dags/example_trigger_target_dag.py
[2024-12-18T13:25:40.180+0000] {processor.py:830} INFO - Processing file /home/airflow/.local/lib/python3.8/site-packages/airflow/example_dags/example_trigger_target_dag.py for tasks to queue
[2024-12-18T13:25:40.181+0000] {logging_mixin.py:188} INFO - [2024-12-18T13:25:40.181+0000] {dagbag.py:538} INFO - Filling up the DagBag from /home/airflow/.local/lib/python3.8/site-packages/airflow/example_dags/example_trigger_target_dag.py
[2024-12-18T13:25:40.186+0000] {processor.py:840} INFO - DAG(s) 'example_trigger_target_dag' retrieved from /home/airflow/.local/lib/python3.8/site-packages/airflow/example_dags/example_trigger_target_dag.py
[2024-12-18T13:25:40.201+0000] {logging_mixin.py:188} INFO - [2024-12-18T13:25:40.200+0000] {dag.py:3036} INFO - Sync 1 DAGs
[2024-12-18T13:25:40.208+0000] {logging_mixin.py:188} INFO - [2024-12-18T13:25:40.208+0000] {dag.py:3823} INFO - Setting next_dagrun for example_trigger_target_dag to None, run_after=None
[2024-12-18T13:25:40.226+0000] {processor.py:183} INFO - Processing /home/airflow/.local/lib/python3.8/site-packages/airflow/example_dags/example_trigger_target_dag.py took 0.049 seconds
[2024-12-18T13:26:10.287+0000] {processor.py:161} INFO - Started process (PID=2369) to work on /home/airflow/.local/lib/python3.8/site-packages/airflow/example_dags/example_trigger_target_dag.py
[2024-12-18T13:26:10.288+0000] {processor.py:830} INFO - Processing file /home/airflow/.local/lib/python3.8/site-packages/airflow/example_dags/example_trigger_target_dag.py for tasks to queue
[2024-12-18T13:26:10.288+0000] {logging_mixin.py:188} INFO - [2024-12-18T13:26:10.288+0000] {dagbag.py:538} INFO - Filling up the DagBag from /home/airflow/.local/lib/python3.8/site-packages/airflow/example_dags/example_trigger_target_dag.py
[2024-12-18T13:26:10.291+0000] {processor.py:840} INFO - DAG(s) 'example_trigger_target_dag' retrieved from /home/airflow/.local/lib/python3.8/site-packages/airflow/example_dags/example_trigger_target_dag.py
[2024-12-18T13:26:10.305+0000] {logging_mixin.py:188} INFO - [2024-12-18T13:26:10.305+0000] {dag.py:3036} INFO - Sync 1 DAGs
[2024-12-18T13:26:10.311+0000] {logging_mixin.py:188} INFO - [2024-12-18T13:26:10.311+0000] {dag.py:3823} INFO - Setting next_dagrun for example_trigger_target_dag to None, run_after=None
[2024-12-18T13:26:10.321+0000] {processor.py:183} INFO - Processing /home/airflow/.local/lib/python3.8/site-packages/airflow/example_dags/example_trigger_target_dag.py took 0.035 seconds
[2024-12-18T13:26:40.469+0000] {processor.py:161} INFO - Started process (PID=2455) to work on /home/airflow/.local/lib/python3.8/site-packages/airflow/example_dags/example_trigger_target_dag.py
[2024-12-18T13:26:40.470+0000] {processor.py:830} INFO - Processing file /home/airflow/.local/lib/python3.8/site-packages/airflow/example_dags/example_trigger_target_dag.py for tasks to queue
[2024-12-18T13:26:40.471+0000] {logging_mixin.py:188} INFO - [2024-12-18T13:26:40.471+0000] {dagbag.py:538} INFO - Filling up the DagBag from /home/airflow/.local/lib/python3.8/site-packages/airflow/example_dags/example_trigger_target_dag.py
[2024-12-18T13:26:40.474+0000] {processor.py:840} INFO - DAG(s) 'example_trigger_target_dag' retrieved from /home/airflow/.local/lib/python3.8/site-packages/airflow/example_dags/example_trigger_target_dag.py
[2024-12-18T13:26:40.489+0000] {logging_mixin.py:188} INFO - [2024-12-18T13:26:40.489+0000] {dag.py:3036} INFO - Sync 1 DAGs
[2024-12-18T13:26:40.498+0000] {logging_mixin.py:188} INFO - [2024-12-18T13:26:40.497+0000] {dag.py:3823} INFO - Setting next_dagrun for example_trigger_target_dag to None, run_after=None
[2024-12-18T13:26:40.510+0000] {processor.py:183} INFO - Processing /home/airflow/.local/lib/python3.8/site-packages/airflow/example_dags/example_trigger_target_dag.py took 0.043 seconds
[2024-12-18T13:27:10.682+0000] {processor.py:161} INFO - Started process (PID=2549) to work on /home/airflow/.local/lib/python3.8/site-packages/airflow/example_dags/example_trigger_target_dag.py
[2024-12-18T13:27:10.682+0000] {processor.py:830} INFO - Processing file /home/airflow/.local/lib/python3.8/site-packages/airflow/example_dags/example_trigger_target_dag.py for tasks to queue
[2024-12-18T13:27:10.683+0000] {logging_mixin.py:188} INFO - [2024-12-18T13:27:10.683+0000] {dagbag.py:538} INFO - Filling up the DagBag from /home/airflow/.local/lib/python3.8/site-packages/airflow/example_dags/example_trigger_target_dag.py
[2024-12-18T13:27:10.687+0000] {processor.py:840} INFO - DAG(s) 'example_trigger_target_dag' retrieved from /home/airflow/.local/lib/python3.8/site-packages/airflow/example_dags/example_trigger_target_dag.py
[2024-12-18T13:27:10.699+0000] {logging_mixin.py:188} INFO - [2024-12-18T13:27:10.698+0000] {dag.py:3036} INFO - Sync 1 DAGs
[2024-12-18T13:27:10.705+0000] {logging_mixin.py:188} INFO - [2024-12-18T13:27:10.705+0000] {dag.py:3823} INFO - Setting next_dagrun for example_trigger_target_dag to None, run_after=None
[2024-12-18T13:27:10.716+0000] {processor.py:183} INFO - Processing /home/airflow/.local/lib/python3.8/site-packages/airflow/example_dags/example_trigger_target_dag.py took 0.036 seconds
[2024-12-18T13:27:40.833+0000] {processor.py:161} INFO - Started process (PID=2643) to work on /home/airflow/.local/lib/python3.8/site-packages/airflow/example_dags/example_trigger_target_dag.py
[2024-12-18T13:27:40.834+0000] {processor.py:830} INFO - Processing file /home/airflow/.local/lib/python3.8/site-packages/airflow/example_dags/example_trigger_target_dag.py for tasks to queue
[2024-12-18T13:27:40.835+0000] {logging_mixin.py:188} INFO - [2024-12-18T13:27:40.835+0000] {dagbag.py:538} INFO - Filling up the DagBag from /home/airflow/.local/lib/python3.8/site-packages/airflow/example_dags/example_trigger_target_dag.py
[2024-12-18T13:27:40.838+0000] {processor.py:840} INFO - DAG(s) 'example_trigger_target_dag' retrieved from /home/airflow/.local/lib/python3.8/site-packages/airflow/example_dags/example_trigger_target_dag.py
[2024-12-18T13:27:40.855+0000] {logging_mixin.py:188} INFO - [2024-12-18T13:27:40.855+0000] {dag.py:3036} INFO - Sync 1 DAGs
[2024-12-18T13:27:40.868+0000] {logging_mixin.py:188} INFO - [2024-12-18T13:27:40.867+0000] {dag.py:3823} INFO - Setting next_dagrun for example_trigger_target_dag to None, run_after=None
[2024-12-18T13:27:40.887+0000] {processor.py:183} INFO - Processing /home/airflow/.local/lib/python3.8/site-packages/airflow/example_dags/example_trigger_target_dag.py took 0.055 seconds
[2024-12-18T13:28:11.066+0000] {processor.py:161} INFO - Started process (PID=2729) to work on /home/airflow/.local/lib/python3.8/site-packages/airflow/example_dags/example_trigger_target_dag.py
[2024-12-18T13:28:11.067+0000] {processor.py:830} INFO - Processing file /home/airflow/.local/lib/python3.8/site-packages/airflow/example_dags/example_trigger_target_dag.py for tasks to queue
[2024-12-18T13:28:11.068+0000] {logging_mixin.py:188} INFO - [2024-12-18T13:28:11.068+0000] {dagbag.py:538} INFO - Filling up the DagBag from /home/airflow/.local/lib/python3.8/site-packages/airflow/example_dags/example_trigger_target_dag.py
[2024-12-18T13:28:11.071+0000] {processor.py:840} INFO - DAG(s) 'example_trigger_target_dag' retrieved from /home/airflow/.local/lib/python3.8/site-packages/airflow/example_dags/example_trigger_target_dag.py
[2024-12-18T13:28:11.090+0000] {logging_mixin.py:188} INFO - [2024-12-18T13:28:11.090+0000] {dag.py:3036} INFO - Sync 1 DAGs
[2024-12-18T13:28:11.103+0000] {logging_mixin.py:188} INFO - [2024-12-18T13:28:11.103+0000] {dag.py:3823} INFO - Setting next_dagrun for example_trigger_target_dag to None, run_after=None
[2024-12-18T13:28:11.115+0000] {processor.py:183} INFO - Processing /home/airflow/.local/lib/python3.8/site-packages/airflow/example_dags/example_trigger_target_dag.py took 0.050 seconds
