[2024-12-18T09:11:01.700+0000] {processor.py:161} INFO - Started process (PID=134) to work on /home/airflow/.local/lib/python3.8/site-packages/airflow/example_dags/example_sensors.py
[2024-12-18T09:11:01.700+0000] {processor.py:830} INFO - Processing file /home/airflow/.local/lib/python3.8/site-packages/airflow/example_dags/example_sensors.py for tasks to queue
[2024-12-18T09:11:01.702+0000] {logging_mixin.py:188} INFO - [2024-12-18T09:11:01.701+0000] {dagbag.py:538} INFO - Filling up the DagBag from /home/airflow/.local/lib/python3.8/site-packages/airflow/example_dags/example_sensors.py
[2024-12-18T09:11:01.709+0000] {processor.py:840} INFO - DAG(s) 'example_sensors' retrieved from /home/airflow/.local/lib/python3.8/site-packages/airflow/example_dags/example_sensors.py
[2024-12-18T09:11:01.745+0000] {logging_mixin.py:188} INFO - [2024-12-18T09:11:01.745+0000] {dag.py:3036} INFO - Sync 1 DAGs
[2024-12-18T09:11:01.755+0000] {logging_mixin.py:188} INFO - [2024-12-18T09:11:01.754+0000] {dag.py:3823} INFO - Setting next_dagrun for example_sensors to None, run_after=None
[2024-12-18T09:11:01.769+0000] {processor.py:183} INFO - Processing /home/airflow/.local/lib/python3.8/site-packages/airflow/example_dags/example_sensors.py took 0.071 seconds
[2024-12-18T13:13:33.783+0000] {processor.py:161} INFO - Started process (PID=134) to work on /home/airflow/.local/lib/python3.8/site-packages/airflow/example_dags/example_sensors.py
[2024-12-18T13:13:33.784+0000] {processor.py:830} INFO - Processing file /home/airflow/.local/lib/python3.8/site-packages/airflow/example_dags/example_sensors.py for tasks to queue
[2024-12-18T13:13:33.785+0000] {logging_mixin.py:188} INFO - [2024-12-18T13:13:33.784+0000] {dagbag.py:538} INFO - Filling up the DagBag from /home/airflow/.local/lib/python3.8/site-packages/airflow/example_dags/example_sensors.py
[2024-12-18T13:13:33.792+0000] {processor.py:840} INFO - DAG(s) 'example_sensors' retrieved from /home/airflow/.local/lib/python3.8/site-packages/airflow/example_dags/example_sensors.py
[2024-12-18T13:13:33.810+0000] {logging_mixin.py:188} INFO - [2024-12-18T13:13:33.810+0000] {dag.py:3036} INFO - Sync 1 DAGs
[2024-12-18T13:13:33.819+0000] {logging_mixin.py:188} INFO - [2024-12-18T13:13:33.819+0000] {dag.py:3823} INFO - Setting next_dagrun for example_sensors to None, run_after=None
[2024-12-18T13:13:33.834+0000] {processor.py:183} INFO - Processing /home/airflow/.local/lib/python3.8/site-packages/airflow/example_dags/example_sensors.py took 0.054 seconds
[2024-12-18T13:14:04.876+0000] {processor.py:161} INFO - Started process (PID=227) to work on /home/airflow/.local/lib/python3.8/site-packages/airflow/example_dags/example_sensors.py
[2024-12-18T13:14:04.876+0000] {processor.py:830} INFO - Processing file /home/airflow/.local/lib/python3.8/site-packages/airflow/example_dags/example_sensors.py for tasks to queue
[2024-12-18T13:14:04.877+0000] {logging_mixin.py:188} INFO - [2024-12-18T13:14:04.877+0000] {dagbag.py:538} INFO - Filling up the DagBag from /home/airflow/.local/lib/python3.8/site-packages/airflow/example_dags/example_sensors.py
[2024-12-18T13:14:04.883+0000] {processor.py:840} INFO - DAG(s) 'example_sensors' retrieved from /home/airflow/.local/lib/python3.8/site-packages/airflow/example_dags/example_sensors.py
[2024-12-18T13:14:04.902+0000] {logging_mixin.py:188} INFO - [2024-12-18T13:14:04.902+0000] {dag.py:3036} INFO - Sync 1 DAGs
[2024-12-18T13:14:04.911+0000] {logging_mixin.py:188} INFO - [2024-12-18T13:14:04.911+0000] {dag.py:3823} INFO - Setting next_dagrun for example_sensors to None, run_after=None
[2024-12-18T13:14:04.926+0000] {processor.py:183} INFO - Processing /home/airflow/.local/lib/python3.8/site-packages/airflow/example_dags/example_sensors.py took 0.053 seconds
[2024-12-18T13:14:35.179+0000] {processor.py:161} INFO - Started process (PID=314) to work on /home/airflow/.local/lib/python3.8/site-packages/airflow/example_dags/example_sensors.py
[2024-12-18T13:14:35.180+0000] {processor.py:830} INFO - Processing file /home/airflow/.local/lib/python3.8/site-packages/airflow/example_dags/example_sensors.py for tasks to queue
[2024-12-18T13:14:35.181+0000] {logging_mixin.py:188} INFO - [2024-12-18T13:14:35.181+0000] {dagbag.py:538} INFO - Filling up the DagBag from /home/airflow/.local/lib/python3.8/site-packages/airflow/example_dags/example_sensors.py
[2024-12-18T13:14:35.186+0000] {processor.py:840} INFO - DAG(s) 'example_sensors' retrieved from /home/airflow/.local/lib/python3.8/site-packages/airflow/example_dags/example_sensors.py
[2024-12-18T13:14:35.199+0000] {logging_mixin.py:188} INFO - [2024-12-18T13:14:35.199+0000] {dag.py:3036} INFO - Sync 1 DAGs
[2024-12-18T13:14:35.206+0000] {logging_mixin.py:188} INFO - [2024-12-18T13:14:35.206+0000] {dag.py:3823} INFO - Setting next_dagrun for example_sensors to None, run_after=None
[2024-12-18T13:14:35.217+0000] {processor.py:183} INFO - Processing /home/airflow/.local/lib/python3.8/site-packages/airflow/example_dags/example_sensors.py took 0.040 seconds
[2024-12-18T13:15:06.292+0000] {processor.py:161} INFO - Started process (PID=408) to work on /home/airflow/.local/lib/python3.8/site-packages/airflow/example_dags/example_sensors.py
[2024-12-18T13:15:06.293+0000] {processor.py:830} INFO - Processing file /home/airflow/.local/lib/python3.8/site-packages/airflow/example_dags/example_sensors.py for tasks to queue
[2024-12-18T13:15:06.294+0000] {logging_mixin.py:188} INFO - [2024-12-18T13:15:06.293+0000] {dagbag.py:538} INFO - Filling up the DagBag from /home/airflow/.local/lib/python3.8/site-packages/airflow/example_dags/example_sensors.py
[2024-12-18T13:15:06.299+0000] {processor.py:840} INFO - DAG(s) 'example_sensors' retrieved from /home/airflow/.local/lib/python3.8/site-packages/airflow/example_dags/example_sensors.py
[2024-12-18T13:15:06.316+0000] {logging_mixin.py:188} INFO - [2024-12-18T13:15:06.316+0000] {dag.py:3036} INFO - Sync 1 DAGs
[2024-12-18T13:15:06.322+0000] {logging_mixin.py:188} INFO - [2024-12-18T13:15:06.322+0000] {dag.py:3823} INFO - Setting next_dagrun for example_sensors to None, run_after=None
[2024-12-18T13:15:06.339+0000] {processor.py:183} INFO - Processing /home/airflow/.local/lib/python3.8/site-packages/airflow/example_dags/example_sensors.py took 0.049 seconds
[2024-12-18T13:15:37.649+0000] {processor.py:161} INFO - Started process (PID=502) to work on /home/airflow/.local/lib/python3.8/site-packages/airflow/example_dags/example_sensors.py
[2024-12-18T13:15:37.649+0000] {processor.py:830} INFO - Processing file /home/airflow/.local/lib/python3.8/site-packages/airflow/example_dags/example_sensors.py for tasks to queue
[2024-12-18T13:15:37.650+0000] {logging_mixin.py:188} INFO - [2024-12-18T13:15:37.650+0000] {dagbag.py:538} INFO - Filling up the DagBag from /home/airflow/.local/lib/python3.8/site-packages/airflow/example_dags/example_sensors.py
[2024-12-18T13:15:37.656+0000] {processor.py:840} INFO - DAG(s) 'example_sensors' retrieved from /home/airflow/.local/lib/python3.8/site-packages/airflow/example_dags/example_sensors.py
[2024-12-18T13:15:37.673+0000] {logging_mixin.py:188} INFO - [2024-12-18T13:15:37.672+0000] {dag.py:3036} INFO - Sync 1 DAGs
[2024-12-18T13:15:37.681+0000] {logging_mixin.py:188} INFO - [2024-12-18T13:15:37.681+0000] {dag.py:3823} INFO - Setting next_dagrun for example_sensors to None, run_after=None
[2024-12-18T13:15:37.696+0000] {processor.py:183} INFO - Processing /home/airflow/.local/lib/python3.8/site-packages/airflow/example_dags/example_sensors.py took 0.049 seconds
[2024-12-18T13:16:08.627+0000] {processor.py:161} INFO - Started process (PID=588) to work on /home/airflow/.local/lib/python3.8/site-packages/airflow/example_dags/example_sensors.py
[2024-12-18T13:16:08.628+0000] {processor.py:830} INFO - Processing file /home/airflow/.local/lib/python3.8/site-packages/airflow/example_dags/example_sensors.py for tasks to queue
[2024-12-18T13:16:08.629+0000] {logging_mixin.py:188} INFO - [2024-12-18T13:16:08.629+0000] {dagbag.py:538} INFO - Filling up the DagBag from /home/airflow/.local/lib/python3.8/site-packages/airflow/example_dags/example_sensors.py
[2024-12-18T13:16:08.634+0000] {processor.py:840} INFO - DAG(s) 'example_sensors' retrieved from /home/airflow/.local/lib/python3.8/site-packages/airflow/example_dags/example_sensors.py
[2024-12-18T13:16:08.649+0000] {logging_mixin.py:188} INFO - [2024-12-18T13:16:08.649+0000] {dag.py:3036} INFO - Sync 1 DAGs
[2024-12-18T13:16:08.655+0000] {logging_mixin.py:188} INFO - [2024-12-18T13:16:08.655+0000] {dag.py:3823} INFO - Setting next_dagrun for example_sensors to None, run_after=None
[2024-12-18T13:16:08.665+0000] {processor.py:183} INFO - Processing /home/airflow/.local/lib/python3.8/site-packages/airflow/example_dags/example_sensors.py took 0.040 seconds
[2024-12-18T13:16:39.277+0000] {processor.py:161} INFO - Started process (PID=682) to work on /home/airflow/.local/lib/python3.8/site-packages/airflow/example_dags/example_sensors.py
[2024-12-18T13:16:39.278+0000] {processor.py:830} INFO - Processing file /home/airflow/.local/lib/python3.8/site-packages/airflow/example_dags/example_sensors.py for tasks to queue
[2024-12-18T13:16:39.279+0000] {logging_mixin.py:188} INFO - [2024-12-18T13:16:39.279+0000] {dagbag.py:538} INFO - Filling up the DagBag from /home/airflow/.local/lib/python3.8/site-packages/airflow/example_dags/example_sensors.py
[2024-12-18T13:16:39.285+0000] {processor.py:840} INFO - DAG(s) 'example_sensors' retrieved from /home/airflow/.local/lib/python3.8/site-packages/airflow/example_dags/example_sensors.py
[2024-12-18T13:16:39.303+0000] {logging_mixin.py:188} INFO - [2024-12-18T13:16:39.302+0000] {dag.py:3036} INFO - Sync 1 DAGs
[2024-12-18T13:16:39.311+0000] {logging_mixin.py:188} INFO - [2024-12-18T13:16:39.311+0000] {dag.py:3823} INFO - Setting next_dagrun for example_sensors to None, run_after=None
[2024-12-18T13:16:39.324+0000] {processor.py:183} INFO - Processing /home/airflow/.local/lib/python3.8/site-packages/airflow/example_dags/example_sensors.py took 0.050 seconds
[2024-12-18T13:17:10.671+0000] {processor.py:161} INFO - Started process (PID=776) to work on /home/airflow/.local/lib/python3.8/site-packages/airflow/example_dags/example_sensors.py
[2024-12-18T13:17:10.671+0000] {processor.py:830} INFO - Processing file /home/airflow/.local/lib/python3.8/site-packages/airflow/example_dags/example_sensors.py for tasks to queue
[2024-12-18T13:17:10.673+0000] {logging_mixin.py:188} INFO - [2024-12-18T13:17:10.673+0000] {dagbag.py:538} INFO - Filling up the DagBag from /home/airflow/.local/lib/python3.8/site-packages/airflow/example_dags/example_sensors.py
[2024-12-18T13:17:10.678+0000] {processor.py:840} INFO - DAG(s) 'example_sensors' retrieved from /home/airflow/.local/lib/python3.8/site-packages/airflow/example_dags/example_sensors.py
[2024-12-18T13:17:10.698+0000] {logging_mixin.py:188} INFO - [2024-12-18T13:17:10.697+0000] {dag.py:3036} INFO - Sync 1 DAGs
[2024-12-18T13:17:10.704+0000] {logging_mixin.py:188} INFO - [2024-12-18T13:17:10.704+0000] {dag.py:3823} INFO - Setting next_dagrun for example_sensors to None, run_after=None
[2024-12-18T13:17:10.714+0000] {processor.py:183} INFO - Processing /home/airflow/.local/lib/python3.8/site-packages/airflow/example_dags/example_sensors.py took 0.048 seconds
[2024-12-18T13:17:41.722+0000] {processor.py:161} INFO - Started process (PID=862) to work on /home/airflow/.local/lib/python3.8/site-packages/airflow/example_dags/example_sensors.py
[2024-12-18T13:17:41.723+0000] {processor.py:830} INFO - Processing file /home/airflow/.local/lib/python3.8/site-packages/airflow/example_dags/example_sensors.py for tasks to queue
[2024-12-18T13:17:41.724+0000] {logging_mixin.py:188} INFO - [2024-12-18T13:17:41.724+0000] {dagbag.py:538} INFO - Filling up the DagBag from /home/airflow/.local/lib/python3.8/site-packages/airflow/example_dags/example_sensors.py
[2024-12-18T13:17:41.732+0000] {processor.py:840} INFO - DAG(s) 'example_sensors' retrieved from /home/airflow/.local/lib/python3.8/site-packages/airflow/example_dags/example_sensors.py
[2024-12-18T13:17:41.750+0000] {logging_mixin.py:188} INFO - [2024-12-18T13:17:41.749+0000] {dag.py:3036} INFO - Sync 1 DAGs
[2024-12-18T13:17:41.757+0000] {logging_mixin.py:188} INFO - [2024-12-18T13:17:41.757+0000] {dag.py:3823} INFO - Setting next_dagrun for example_sensors to None, run_after=None
[2024-12-18T13:17:41.766+0000] {processor.py:183} INFO - Processing /home/airflow/.local/lib/python3.8/site-packages/airflow/example_dags/example_sensors.py took 0.047 seconds
[2024-12-18T13:18:11.990+0000] {processor.py:161} INFO - Started process (PID=956) to work on /home/airflow/.local/lib/python3.8/site-packages/airflow/example_dags/example_sensors.py
[2024-12-18T13:18:11.991+0000] {processor.py:830} INFO - Processing file /home/airflow/.local/lib/python3.8/site-packages/airflow/example_dags/example_sensors.py for tasks to queue
[2024-12-18T13:18:11.992+0000] {logging_mixin.py:188} INFO - [2024-12-18T13:18:11.992+0000] {dagbag.py:538} INFO - Filling up the DagBag from /home/airflow/.local/lib/python3.8/site-packages/airflow/example_dags/example_sensors.py
[2024-12-18T13:18:11.997+0000] {processor.py:840} INFO - DAG(s) 'example_sensors' retrieved from /home/airflow/.local/lib/python3.8/site-packages/airflow/example_dags/example_sensors.py
[2024-12-18T13:18:12.017+0000] {logging_mixin.py:188} INFO - [2024-12-18T13:18:12.017+0000] {dag.py:3036} INFO - Sync 1 DAGs
[2024-12-18T13:18:12.024+0000] {logging_mixin.py:188} INFO - [2024-12-18T13:18:12.023+0000] {dag.py:3823} INFO - Setting next_dagrun for example_sensors to None, run_after=None
[2024-12-18T13:18:12.033+0000] {processor.py:183} INFO - Processing /home/airflow/.local/lib/python3.8/site-packages/airflow/example_dags/example_sensors.py took 0.045 seconds
[2024-12-18T13:18:42.994+0000] {processor.py:161} INFO - Started process (PID=1031) to work on /home/airflow/.local/lib/python3.8/site-packages/airflow/example_dags/example_sensors.py
[2024-12-18T13:18:42.994+0000] {processor.py:830} INFO - Processing file /home/airflow/.local/lib/python3.8/site-packages/airflow/example_dags/example_sensors.py for tasks to queue
[2024-12-18T13:18:42.995+0000] {logging_mixin.py:188} INFO - [2024-12-18T13:18:42.995+0000] {dagbag.py:538} INFO - Filling up the DagBag from /home/airflow/.local/lib/python3.8/site-packages/airflow/example_dags/example_sensors.py
[2024-12-18T13:18:43.000+0000] {processor.py:840} INFO - DAG(s) 'example_sensors' retrieved from /home/airflow/.local/lib/python3.8/site-packages/airflow/example_dags/example_sensors.py
[2024-12-18T13:18:43.015+0000] {logging_mixin.py:188} INFO - [2024-12-18T13:18:43.015+0000] {dag.py:3036} INFO - Sync 1 DAGs
[2024-12-18T13:18:43.022+0000] {logging_mixin.py:188} INFO - [2024-12-18T13:18:43.021+0000] {dag.py:3823} INFO - Setting next_dagrun for example_sensors to None, run_after=None
[2024-12-18T13:18:43.032+0000] {processor.py:183} INFO - Processing /home/airflow/.local/lib/python3.8/site-packages/airflow/example_dags/example_sensors.py took 0.040 seconds
[2024-12-18T13:19:13.070+0000] {processor.py:161} INFO - Started process (PID=1115) to work on /home/airflow/.local/lib/python3.8/site-packages/airflow/example_dags/example_sensors.py
[2024-12-18T13:19:13.071+0000] {processor.py:830} INFO - Processing file /home/airflow/.local/lib/python3.8/site-packages/airflow/example_dags/example_sensors.py for tasks to queue
[2024-12-18T13:19:13.072+0000] {logging_mixin.py:188} INFO - [2024-12-18T13:19:13.072+0000] {dagbag.py:538} INFO - Filling up the DagBag from /home/airflow/.local/lib/python3.8/site-packages/airflow/example_dags/example_sensors.py
[2024-12-18T13:19:13.076+0000] {processor.py:840} INFO - DAG(s) 'example_sensors' retrieved from /home/airflow/.local/lib/python3.8/site-packages/airflow/example_dags/example_sensors.py
[2024-12-18T13:19:13.098+0000] {logging_mixin.py:188} INFO - [2024-12-18T13:19:13.098+0000] {dag.py:3036} INFO - Sync 1 DAGs
[2024-12-18T13:19:13.106+0000] {logging_mixin.py:188} INFO - [2024-12-18T13:19:13.106+0000] {dag.py:3823} INFO - Setting next_dagrun for example_sensors to None, run_after=None
[2024-12-18T13:19:13.121+0000] {processor.py:183} INFO - Processing /home/airflow/.local/lib/python3.8/site-packages/airflow/example_dags/example_sensors.py took 0.054 seconds
[2024-12-18T13:19:43.232+0000] {processor.py:161} INFO - Started process (PID=1209) to work on /home/airflow/.local/lib/python3.8/site-packages/airflow/example_dags/example_sensors.py
[2024-12-18T13:19:43.233+0000] {processor.py:830} INFO - Processing file /home/airflow/.local/lib/python3.8/site-packages/airflow/example_dags/example_sensors.py for tasks to queue
[2024-12-18T13:19:43.234+0000] {logging_mixin.py:188} INFO - [2024-12-18T13:19:43.234+0000] {dagbag.py:538} INFO - Filling up the DagBag from /home/airflow/.local/lib/python3.8/site-packages/airflow/example_dags/example_sensors.py
[2024-12-18T13:19:43.240+0000] {processor.py:840} INFO - DAG(s) 'example_sensors' retrieved from /home/airflow/.local/lib/python3.8/site-packages/airflow/example_dags/example_sensors.py
[2024-12-18T13:19:43.255+0000] {logging_mixin.py:188} INFO - [2024-12-18T13:19:43.255+0000] {dag.py:3036} INFO - Sync 1 DAGs
[2024-12-18T13:19:43.261+0000] {logging_mixin.py:188} INFO - [2024-12-18T13:19:43.261+0000] {dag.py:3823} INFO - Setting next_dagrun for example_sensors to None, run_after=None
[2024-12-18T13:19:43.273+0000] {processor.py:183} INFO - Processing /home/airflow/.local/lib/python3.8/site-packages/airflow/example_dags/example_sensors.py took 0.044 seconds
[2024-12-18T13:20:13.423+0000] {processor.py:161} INFO - Started process (PID=1303) to work on /home/airflow/.local/lib/python3.8/site-packages/airflow/example_dags/example_sensors.py
[2024-12-18T13:20:13.423+0000] {processor.py:830} INFO - Processing file /home/airflow/.local/lib/python3.8/site-packages/airflow/example_dags/example_sensors.py for tasks to queue
[2024-12-18T13:20:13.424+0000] {logging_mixin.py:188} INFO - [2024-12-18T13:20:13.424+0000] {dagbag.py:538} INFO - Filling up the DagBag from /home/airflow/.local/lib/python3.8/site-packages/airflow/example_dags/example_sensors.py
[2024-12-18T13:20:13.431+0000] {processor.py:840} INFO - DAG(s) 'example_sensors' retrieved from /home/airflow/.local/lib/python3.8/site-packages/airflow/example_dags/example_sensors.py
[2024-12-18T13:20:13.446+0000] {logging_mixin.py:188} INFO - [2024-12-18T13:20:13.446+0000] {dag.py:3036} INFO - Sync 1 DAGs
[2024-12-18T13:20:13.453+0000] {logging_mixin.py:188} INFO - [2024-12-18T13:20:13.453+0000] {dag.py:3823} INFO - Setting next_dagrun for example_sensors to None, run_after=None
[2024-12-18T13:20:13.466+0000] {processor.py:183} INFO - Processing /home/airflow/.local/lib/python3.8/site-packages/airflow/example_dags/example_sensors.py took 0.046 seconds
[2024-12-18T13:20:43.521+0000] {processor.py:161} INFO - Started process (PID=1388) to work on /home/airflow/.local/lib/python3.8/site-packages/airflow/example_dags/example_sensors.py
[2024-12-18T13:20:43.521+0000] {processor.py:830} INFO - Processing file /home/airflow/.local/lib/python3.8/site-packages/airflow/example_dags/example_sensors.py for tasks to queue
[2024-12-18T13:20:43.522+0000] {logging_mixin.py:188} INFO - [2024-12-18T13:20:43.522+0000] {dagbag.py:538} INFO - Filling up the DagBag from /home/airflow/.local/lib/python3.8/site-packages/airflow/example_dags/example_sensors.py
[2024-12-18T13:20:43.527+0000] {processor.py:840} INFO - DAG(s) 'example_sensors' retrieved from /home/airflow/.local/lib/python3.8/site-packages/airflow/example_dags/example_sensors.py
[2024-12-18T13:20:43.541+0000] {logging_mixin.py:188} INFO - [2024-12-18T13:20:43.540+0000] {dag.py:3036} INFO - Sync 1 DAGs
[2024-12-18T13:20:43.548+0000] {logging_mixin.py:188} INFO - [2024-12-18T13:20:43.548+0000] {dag.py:3823} INFO - Setting next_dagrun for example_sensors to None, run_after=None
[2024-12-18T13:20:43.561+0000] {processor.py:183} INFO - Processing /home/airflow/.local/lib/python3.8/site-packages/airflow/example_dags/example_sensors.py took 0.042 seconds
[2024-12-18T13:21:13.658+0000] {processor.py:161} INFO - Started process (PID=1484) to work on /home/airflow/.local/lib/python3.8/site-packages/airflow/example_dags/example_sensors.py
[2024-12-18T13:21:13.659+0000] {processor.py:830} INFO - Processing file /home/airflow/.local/lib/python3.8/site-packages/airflow/example_dags/example_sensors.py for tasks to queue
[2024-12-18T13:21:13.661+0000] {logging_mixin.py:188} INFO - [2024-12-18T13:21:13.660+0000] {dagbag.py:538} INFO - Filling up the DagBag from /home/airflow/.local/lib/python3.8/site-packages/airflow/example_dags/example_sensors.py
[2024-12-18T13:21:13.666+0000] {processor.py:840} INFO - DAG(s) 'example_sensors' retrieved from /home/airflow/.local/lib/python3.8/site-packages/airflow/example_dags/example_sensors.py
[2024-12-18T13:21:13.679+0000] {logging_mixin.py:188} INFO - [2024-12-18T13:21:13.679+0000] {dag.py:3036} INFO - Sync 1 DAGs
[2024-12-18T13:21:13.686+0000] {logging_mixin.py:188} INFO - [2024-12-18T13:21:13.686+0000] {dag.py:3823} INFO - Setting next_dagrun for example_sensors to None, run_after=None
[2024-12-18T13:21:13.697+0000] {processor.py:183} INFO - Processing /home/airflow/.local/lib/python3.8/site-packages/airflow/example_dags/example_sensors.py took 0.041 seconds
[2024-12-18T13:21:43.774+0000] {processor.py:161} INFO - Started process (PID=1570) to work on /home/airflow/.local/lib/python3.8/site-packages/airflow/example_dags/example_sensors.py
[2024-12-18T13:21:43.775+0000] {processor.py:830} INFO - Processing file /home/airflow/.local/lib/python3.8/site-packages/airflow/example_dags/example_sensors.py for tasks to queue
[2024-12-18T13:21:43.777+0000] {logging_mixin.py:188} INFO - [2024-12-18T13:21:43.776+0000] {dagbag.py:538} INFO - Filling up the DagBag from /home/airflow/.local/lib/python3.8/site-packages/airflow/example_dags/example_sensors.py
[2024-12-18T13:21:43.785+0000] {processor.py:840} INFO - DAG(s) 'example_sensors' retrieved from /home/airflow/.local/lib/python3.8/site-packages/airflow/example_dags/example_sensors.py
[2024-12-18T13:21:43.804+0000] {logging_mixin.py:188} INFO - [2024-12-18T13:21:43.803+0000] {dag.py:3036} INFO - Sync 1 DAGs
[2024-12-18T13:21:43.810+0000] {logging_mixin.py:188} INFO - [2024-12-18T13:21:43.810+0000] {dag.py:3823} INFO - Setting next_dagrun for example_sensors to None, run_after=None
[2024-12-18T13:21:43.820+0000] {processor.py:183} INFO - Processing /home/airflow/.local/lib/python3.8/site-packages/airflow/example_dags/example_sensors.py took 0.049 seconds
[2024-12-18T13:22:13.949+0000] {processor.py:161} INFO - Started process (PID=1664) to work on /home/airflow/.local/lib/python3.8/site-packages/airflow/example_dags/example_sensors.py
[2024-12-18T13:22:13.950+0000] {processor.py:830} INFO - Processing file /home/airflow/.local/lib/python3.8/site-packages/airflow/example_dags/example_sensors.py for tasks to queue
[2024-12-18T13:22:13.951+0000] {logging_mixin.py:188} INFO - [2024-12-18T13:22:13.951+0000] {dagbag.py:538} INFO - Filling up the DagBag from /home/airflow/.local/lib/python3.8/site-packages/airflow/example_dags/example_sensors.py
[2024-12-18T13:22:13.956+0000] {processor.py:840} INFO - DAG(s) 'example_sensors' retrieved from /home/airflow/.local/lib/python3.8/site-packages/airflow/example_dags/example_sensors.py
[2024-12-18T13:22:13.970+0000] {logging_mixin.py:188} INFO - [2024-12-18T13:22:13.970+0000] {dag.py:3036} INFO - Sync 1 DAGs
[2024-12-18T13:22:13.977+0000] {logging_mixin.py:188} INFO - [2024-12-18T13:22:13.977+0000] {dag.py:3823} INFO - Setting next_dagrun for example_sensors to None, run_after=None
[2024-12-18T13:22:13.990+0000] {processor.py:183} INFO - Processing /home/airflow/.local/lib/python3.8/site-packages/airflow/example_dags/example_sensors.py took 0.043 seconds
[2024-12-18T13:22:44.023+0000] {processor.py:161} INFO - Started process (PID=1757) to work on /home/airflow/.local/lib/python3.8/site-packages/airflow/example_dags/example_sensors.py
[2024-12-18T13:22:44.026+0000] {processor.py:830} INFO - Processing file /home/airflow/.local/lib/python3.8/site-packages/airflow/example_dags/example_sensors.py for tasks to queue
[2024-12-18T13:22:44.028+0000] {logging_mixin.py:188} INFO - [2024-12-18T13:22:44.027+0000] {dagbag.py:538} INFO - Filling up the DagBag from /home/airflow/.local/lib/python3.8/site-packages/airflow/example_dags/example_sensors.py
[2024-12-18T13:22:44.036+0000] {processor.py:840} INFO - DAG(s) 'example_sensors' retrieved from /home/airflow/.local/lib/python3.8/site-packages/airflow/example_dags/example_sensors.py
[2024-12-18T13:22:44.064+0000] {logging_mixin.py:188} INFO - [2024-12-18T13:22:44.063+0000] {dag.py:3036} INFO - Sync 1 DAGs
[2024-12-18T13:22:44.075+0000] {logging_mixin.py:188} INFO - [2024-12-18T13:22:44.075+0000] {dag.py:3823} INFO - Setting next_dagrun for example_sensors to None, run_after=None
[2024-12-18T13:22:44.089+0000] {processor.py:183} INFO - Processing /home/airflow/.local/lib/python3.8/site-packages/airflow/example_dags/example_sensors.py took 0.068 seconds
[2024-12-18T13:23:14.219+0000] {processor.py:161} INFO - Started process (PID=1844) to work on /home/airflow/.local/lib/python3.8/site-packages/airflow/example_dags/example_sensors.py
[2024-12-18T13:23:14.220+0000] {processor.py:830} INFO - Processing file /home/airflow/.local/lib/python3.8/site-packages/airflow/example_dags/example_sensors.py for tasks to queue
[2024-12-18T13:23:14.221+0000] {logging_mixin.py:188} INFO - [2024-12-18T13:23:14.221+0000] {dagbag.py:538} INFO - Filling up the DagBag from /home/airflow/.local/lib/python3.8/site-packages/airflow/example_dags/example_sensors.py
[2024-12-18T13:23:14.227+0000] {processor.py:840} INFO - DAG(s) 'example_sensors' retrieved from /home/airflow/.local/lib/python3.8/site-packages/airflow/example_dags/example_sensors.py
[2024-12-18T13:23:14.251+0000] {logging_mixin.py:188} INFO - [2024-12-18T13:23:14.251+0000] {dag.py:3036} INFO - Sync 1 DAGs
[2024-12-18T13:23:14.261+0000] {logging_mixin.py:188} INFO - [2024-12-18T13:23:14.261+0000] {dag.py:3823} INFO - Setting next_dagrun for example_sensors to None, run_after=None
[2024-12-18T13:23:14.279+0000] {processor.py:183} INFO - Processing /home/airflow/.local/lib/python3.8/site-packages/airflow/example_dags/example_sensors.py took 0.064 seconds
[2024-12-18T13:23:44.344+0000] {processor.py:161} INFO - Started process (PID=1938) to work on /home/airflow/.local/lib/python3.8/site-packages/airflow/example_dags/example_sensors.py
[2024-12-18T13:23:44.345+0000] {processor.py:830} INFO - Processing file /home/airflow/.local/lib/python3.8/site-packages/airflow/example_dags/example_sensors.py for tasks to queue
[2024-12-18T13:23:44.347+0000] {logging_mixin.py:188} INFO - [2024-12-18T13:23:44.346+0000] {dagbag.py:538} INFO - Filling up the DagBag from /home/airflow/.local/lib/python3.8/site-packages/airflow/example_dags/example_sensors.py
[2024-12-18T13:23:44.355+0000] {processor.py:840} INFO - DAG(s) 'example_sensors' retrieved from /home/airflow/.local/lib/python3.8/site-packages/airflow/example_dags/example_sensors.py
[2024-12-18T13:23:44.375+0000] {logging_mixin.py:188} INFO - [2024-12-18T13:23:44.375+0000] {dag.py:3036} INFO - Sync 1 DAGs
[2024-12-18T13:23:44.382+0000] {logging_mixin.py:188} INFO - [2024-12-18T13:23:44.381+0000] {dag.py:3823} INFO - Setting next_dagrun for example_sensors to None, run_after=None
[2024-12-18T13:23:44.393+0000] {processor.py:183} INFO - Processing /home/airflow/.local/lib/python3.8/site-packages/airflow/example_dags/example_sensors.py took 0.052 seconds
[2024-12-18T13:24:14.418+0000] {processor.py:161} INFO - Started process (PID=2031) to work on /home/airflow/.local/lib/python3.8/site-packages/airflow/example_dags/example_sensors.py
[2024-12-18T13:24:14.419+0000] {processor.py:830} INFO - Processing file /home/airflow/.local/lib/python3.8/site-packages/airflow/example_dags/example_sensors.py for tasks to queue
[2024-12-18T13:24:14.421+0000] {logging_mixin.py:188} INFO - [2024-12-18T13:24:14.420+0000] {dagbag.py:538} INFO - Filling up the DagBag from /home/airflow/.local/lib/python3.8/site-packages/airflow/example_dags/example_sensors.py
[2024-12-18T13:24:14.427+0000] {processor.py:840} INFO - DAG(s) 'example_sensors' retrieved from /home/airflow/.local/lib/python3.8/site-packages/airflow/example_dags/example_sensors.py
[2024-12-18T13:24:14.442+0000] {logging_mixin.py:188} INFO - [2024-12-18T13:24:14.442+0000] {dag.py:3036} INFO - Sync 1 DAGs
[2024-12-18T13:24:14.449+0000] {logging_mixin.py:188} INFO - [2024-12-18T13:24:14.449+0000] {dag.py:3823} INFO - Setting next_dagrun for example_sensors to None, run_after=None
[2024-12-18T13:24:14.459+0000] {processor.py:183} INFO - Processing /home/airflow/.local/lib/python3.8/site-packages/airflow/example_dags/example_sensors.py took 0.045 seconds
[2024-12-18T13:24:44.678+0000] {processor.py:161} INFO - Started process (PID=2117) to work on /home/airflow/.local/lib/python3.8/site-packages/airflow/example_dags/example_sensors.py
[2024-12-18T13:24:44.679+0000] {processor.py:830} INFO - Processing file /home/airflow/.local/lib/python3.8/site-packages/airflow/example_dags/example_sensors.py for tasks to queue
[2024-12-18T13:24:44.680+0000] {logging_mixin.py:188} INFO - [2024-12-18T13:24:44.680+0000] {dagbag.py:538} INFO - Filling up the DagBag from /home/airflow/.local/lib/python3.8/site-packages/airflow/example_dags/example_sensors.py
[2024-12-18T13:24:44.687+0000] {processor.py:840} INFO - DAG(s) 'example_sensors' retrieved from /home/airflow/.local/lib/python3.8/site-packages/airflow/example_dags/example_sensors.py
[2024-12-18T13:24:44.701+0000] {logging_mixin.py:188} INFO - [2024-12-18T13:24:44.701+0000] {dag.py:3036} INFO - Sync 1 DAGs
[2024-12-18T13:24:44.708+0000] {logging_mixin.py:188} INFO - [2024-12-18T13:24:44.708+0000] {dag.py:3823} INFO - Setting next_dagrun for example_sensors to None, run_after=None
[2024-12-18T13:24:44.717+0000] {processor.py:183} INFO - Processing /home/airflow/.local/lib/python3.8/site-packages/airflow/example_dags/example_sensors.py took 0.042 seconds
[2024-12-18T13:25:15.039+0000] {processor.py:161} INFO - Started process (PID=2212) to work on /home/airflow/.local/lib/python3.8/site-packages/airflow/example_dags/example_sensors.py
[2024-12-18T13:25:15.040+0000] {processor.py:830} INFO - Processing file /home/airflow/.local/lib/python3.8/site-packages/airflow/example_dags/example_sensors.py for tasks to queue
[2024-12-18T13:25:15.041+0000] {logging_mixin.py:188} INFO - [2024-12-18T13:25:15.041+0000] {dagbag.py:538} INFO - Filling up the DagBag from /home/airflow/.local/lib/python3.8/site-packages/airflow/example_dags/example_sensors.py
[2024-12-18T13:25:15.049+0000] {processor.py:840} INFO - DAG(s) 'example_sensors' retrieved from /home/airflow/.local/lib/python3.8/site-packages/airflow/example_dags/example_sensors.py
[2024-12-18T13:25:15.069+0000] {logging_mixin.py:188} INFO - [2024-12-18T13:25:15.069+0000] {dag.py:3036} INFO - Sync 1 DAGs
[2024-12-18T13:25:15.076+0000] {logging_mixin.py:188} INFO - [2024-12-18T13:25:15.076+0000] {dag.py:3823} INFO - Setting next_dagrun for example_sensors to None, run_after=None
[2024-12-18T13:25:15.086+0000] {processor.py:183} INFO - Processing /home/airflow/.local/lib/python3.8/site-packages/airflow/example_dags/example_sensors.py took 0.049 seconds
[2024-12-18T13:25:45.119+0000] {processor.py:161} INFO - Started process (PID=2306) to work on /home/airflow/.local/lib/python3.8/site-packages/airflow/example_dags/example_sensors.py
[2024-12-18T13:25:45.120+0000] {processor.py:830} INFO - Processing file /home/airflow/.local/lib/python3.8/site-packages/airflow/example_dags/example_sensors.py for tasks to queue
[2024-12-18T13:25:45.121+0000] {logging_mixin.py:188} INFO - [2024-12-18T13:25:45.120+0000] {dagbag.py:538} INFO - Filling up the DagBag from /home/airflow/.local/lib/python3.8/site-packages/airflow/example_dags/example_sensors.py
[2024-12-18T13:25:45.125+0000] {processor.py:840} INFO - DAG(s) 'example_sensors' retrieved from /home/airflow/.local/lib/python3.8/site-packages/airflow/example_dags/example_sensors.py
[2024-12-18T13:25:45.144+0000] {logging_mixin.py:188} INFO - [2024-12-18T13:25:45.144+0000] {dag.py:3036} INFO - Sync 1 DAGs
[2024-12-18T13:25:45.153+0000] {logging_mixin.py:188} INFO - [2024-12-18T13:25:45.153+0000] {dag.py:3823} INFO - Setting next_dagrun for example_sensors to None, run_after=None
[2024-12-18T13:25:45.173+0000] {processor.py:183} INFO - Processing /home/airflow/.local/lib/python3.8/site-packages/airflow/example_dags/example_sensors.py took 0.056 seconds
[2024-12-18T13:26:15.337+0000] {processor.py:161} INFO - Started process (PID=2392) to work on /home/airflow/.local/lib/python3.8/site-packages/airflow/example_dags/example_sensors.py
[2024-12-18T13:26:15.338+0000] {processor.py:830} INFO - Processing file /home/airflow/.local/lib/python3.8/site-packages/airflow/example_dags/example_sensors.py for tasks to queue
[2024-12-18T13:26:15.339+0000] {logging_mixin.py:188} INFO - [2024-12-18T13:26:15.339+0000] {dagbag.py:538} INFO - Filling up the DagBag from /home/airflow/.local/lib/python3.8/site-packages/airflow/example_dags/example_sensors.py
[2024-12-18T13:26:15.346+0000] {processor.py:840} INFO - DAG(s) 'example_sensors' retrieved from /home/airflow/.local/lib/python3.8/site-packages/airflow/example_dags/example_sensors.py
[2024-12-18T13:26:15.365+0000] {logging_mixin.py:188} INFO - [2024-12-18T13:26:15.365+0000] {dag.py:3036} INFO - Sync 1 DAGs
[2024-12-18T13:26:15.374+0000] {logging_mixin.py:188} INFO - [2024-12-18T13:26:15.374+0000] {dag.py:3823} INFO - Setting next_dagrun for example_sensors to None, run_after=None
[2024-12-18T13:26:15.394+0000] {processor.py:183} INFO - Processing /home/airflow/.local/lib/python3.8/site-packages/airflow/example_dags/example_sensors.py took 0.058 seconds
[2024-12-18T13:26:45.477+0000] {processor.py:161} INFO - Started process (PID=2486) to work on /home/airflow/.local/lib/python3.8/site-packages/airflow/example_dags/example_sensors.py
[2024-12-18T13:26:45.478+0000] {processor.py:830} INFO - Processing file /home/airflow/.local/lib/python3.8/site-packages/airflow/example_dags/example_sensors.py for tasks to queue
[2024-12-18T13:26:45.479+0000] {logging_mixin.py:188} INFO - [2024-12-18T13:26:45.478+0000] {dagbag.py:538} INFO - Filling up the DagBag from /home/airflow/.local/lib/python3.8/site-packages/airflow/example_dags/example_sensors.py
[2024-12-18T13:26:45.484+0000] {processor.py:840} INFO - DAG(s) 'example_sensors' retrieved from /home/airflow/.local/lib/python3.8/site-packages/airflow/example_dags/example_sensors.py
[2024-12-18T13:26:45.500+0000] {logging_mixin.py:188} INFO - [2024-12-18T13:26:45.499+0000] {dag.py:3036} INFO - Sync 1 DAGs
[2024-12-18T13:26:45.507+0000] {logging_mixin.py:188} INFO - [2024-12-18T13:26:45.507+0000] {dag.py:3823} INFO - Setting next_dagrun for example_sensors to None, run_after=None
[2024-12-18T13:26:45.518+0000] {processor.py:183} INFO - Processing /home/airflow/.local/lib/python3.8/site-packages/airflow/example_dags/example_sensors.py took 0.043 seconds
[2024-12-18T13:27:15.720+0000] {processor.py:161} INFO - Started process (PID=2572) to work on /home/airflow/.local/lib/python3.8/site-packages/airflow/example_dags/example_sensors.py
[2024-12-18T13:27:15.721+0000] {processor.py:830} INFO - Processing file /home/airflow/.local/lib/python3.8/site-packages/airflow/example_dags/example_sensors.py for tasks to queue
[2024-12-18T13:27:15.722+0000] {logging_mixin.py:188} INFO - [2024-12-18T13:27:15.722+0000] {dagbag.py:538} INFO - Filling up the DagBag from /home/airflow/.local/lib/python3.8/site-packages/airflow/example_dags/example_sensors.py
[2024-12-18T13:27:15.733+0000] {processor.py:840} INFO - DAG(s) 'example_sensors' retrieved from /home/airflow/.local/lib/python3.8/site-packages/airflow/example_dags/example_sensors.py
[2024-12-18T13:27:15.755+0000] {logging_mixin.py:188} INFO - [2024-12-18T13:27:15.755+0000] {dag.py:3036} INFO - Sync 1 DAGs
[2024-12-18T13:27:15.761+0000] {logging_mixin.py:188} INFO - [2024-12-18T13:27:15.761+0000] {dag.py:3823} INFO - Setting next_dagrun for example_sensors to None, run_after=None
[2024-12-18T13:27:15.772+0000] {processor.py:183} INFO - Processing /home/airflow/.local/lib/python3.8/site-packages/airflow/example_dags/example_sensors.py took 0.056 seconds
[2024-12-18T13:27:46.687+0000] {processor.py:161} INFO - Started process (PID=2666) to work on /home/airflow/.local/lib/python3.8/site-packages/airflow/example_dags/example_sensors.py
[2024-12-18T13:27:46.688+0000] {processor.py:830} INFO - Processing file /home/airflow/.local/lib/python3.8/site-packages/airflow/example_dags/example_sensors.py for tasks to queue
[2024-12-18T13:27:46.690+0000] {logging_mixin.py:188} INFO - [2024-12-18T13:27:46.689+0000] {dagbag.py:538} INFO - Filling up the DagBag from /home/airflow/.local/lib/python3.8/site-packages/airflow/example_dags/example_sensors.py
[2024-12-18T13:27:46.698+0000] {processor.py:840} INFO - DAG(s) 'example_sensors' retrieved from /home/airflow/.local/lib/python3.8/site-packages/airflow/example_dags/example_sensors.py
[2024-12-18T13:27:46.713+0000] {logging_mixin.py:188} INFO - [2024-12-18T13:27:46.713+0000] {dag.py:3036} INFO - Sync 1 DAGs
[2024-12-18T13:27:46.720+0000] {logging_mixin.py:188} INFO - [2024-12-18T13:27:46.720+0000] {dag.py:3823} INFO - Setting next_dagrun for example_sensors to None, run_after=None
[2024-12-18T13:27:46.731+0000] {processor.py:183} INFO - Processing /home/airflow/.local/lib/python3.8/site-packages/airflow/example_dags/example_sensors.py took 0.047 seconds
[2024-12-18T13:28:16.926+0000] {processor.py:161} INFO - Started process (PID=2760) to work on /home/airflow/.local/lib/python3.8/site-packages/airflow/example_dags/example_sensors.py
[2024-12-18T13:28:16.928+0000] {processor.py:830} INFO - Processing file /home/airflow/.local/lib/python3.8/site-packages/airflow/example_dags/example_sensors.py for tasks to queue
[2024-12-18T13:28:16.928+0000] {logging_mixin.py:188} INFO - [2024-12-18T13:28:16.928+0000] {dagbag.py:538} INFO - Filling up the DagBag from /home/airflow/.local/lib/python3.8/site-packages/airflow/example_dags/example_sensors.py
[2024-12-18T13:28:16.933+0000] {processor.py:840} INFO - DAG(s) 'example_sensors' retrieved from /home/airflow/.local/lib/python3.8/site-packages/airflow/example_dags/example_sensors.py
[2024-12-18T13:28:16.949+0000] {logging_mixin.py:188} INFO - [2024-12-18T13:28:16.949+0000] {dag.py:3036} INFO - Sync 1 DAGs
[2024-12-18T13:28:16.958+0000] {logging_mixin.py:188} INFO - [2024-12-18T13:28:16.958+0000] {dag.py:3823} INFO - Setting next_dagrun for example_sensors to None, run_after=None
[2024-12-18T13:28:16.968+0000] {processor.py:183} INFO - Processing /home/airflow/.local/lib/python3.8/site-packages/airflow/example_dags/example_sensors.py took 0.044 seconds
