[2024-12-18T09:11:00.809+0000] {processor.py:161} INFO - Started process (PID=122) to work on /home/airflow/.local/lib/python3.8/site-packages/airflow/example_dags/example_external_task_marker_dag.py
[2024-12-18T09:11:00.809+0000] {processor.py:830} INFO - Processing file /home/airflow/.local/lib/python3.8/site-packages/airflow/example_dags/example_external_task_marker_dag.py for tasks to queue
[2024-12-18T09:11:00.811+0000] {logging_mixin.py:188} INFO - [2024-12-18T09:11:00.810+0000] {dagbag.py:538} INFO - Filling up the DagBag from /home/airflow/.local/lib/python3.8/site-packages/airflow/example_dags/example_external_task_marker_dag.py
[2024-12-18T09:11:00.817+0000] {processor.py:840} INFO - DAG(s) 'example_external_task_marker_child', 'example_external_task_marker_parent' retrieved from /home/airflow/.local/lib/python3.8/site-packages/airflow/example_dags/example_external_task_marker_dag.py
[2024-12-18T09:11:00.856+0000] {logging_mixin.py:188} INFO - [2024-12-18T09:11:00.855+0000] {dag.py:3036} INFO - Sync 2 DAGs
[2024-12-18T09:11:00.889+0000] {logging_mixin.py:188} INFO - [2024-12-18T09:11:00.887+0000] {dag.py:3823} INFO - Setting next_dagrun for example_external_task_marker_child to None, run_after=None
[2024-12-18T09:11:00.899+0000] {logging_mixin.py:188} INFO - [2024-12-18T09:11:00.898+0000] {dag.py:3823} INFO - Setting next_dagrun for example_external_task_marker_parent to None, run_after=None
[2024-12-18T09:11:00.939+0000] {processor.py:183} INFO - Processing /home/airflow/.local/lib/python3.8/site-packages/airflow/example_dags/example_external_task_marker_dag.py took 0.132 seconds
[2024-12-18T13:13:32.983+0000] {processor.py:161} INFO - Started process (PID=122) to work on /home/airflow/.local/lib/python3.8/site-packages/airflow/example_dags/example_external_task_marker_dag.py
[2024-12-18T13:13:32.983+0000] {processor.py:830} INFO - Processing file /home/airflow/.local/lib/python3.8/site-packages/airflow/example_dags/example_external_task_marker_dag.py for tasks to queue
[2024-12-18T13:13:32.985+0000] {logging_mixin.py:188} INFO - [2024-12-18T13:13:32.984+0000] {dagbag.py:538} INFO - Filling up the DagBag from /home/airflow/.local/lib/python3.8/site-packages/airflow/example_dags/example_external_task_marker_dag.py
[2024-12-18T13:13:32.991+0000] {processor.py:840} INFO - DAG(s) 'example_external_task_marker_parent', 'example_external_task_marker_child' retrieved from /home/airflow/.local/lib/python3.8/site-packages/airflow/example_dags/example_external_task_marker_dag.py
[2024-12-18T13:13:33.009+0000] {logging_mixin.py:188} INFO - [2024-12-18T13:13:33.009+0000] {dag.py:3036} INFO - Sync 2 DAGs
[2024-12-18T13:13:33.021+0000] {logging_mixin.py:188} INFO - [2024-12-18T13:13:33.021+0000] {dag.py:3823} INFO - Setting next_dagrun for example_external_task_marker_child to None, run_after=None
[2024-12-18T13:13:33.024+0000] {logging_mixin.py:188} INFO - [2024-12-18T13:13:33.024+0000] {dag.py:3823} INFO - Setting next_dagrun for example_external_task_marker_parent to None, run_after=None
[2024-12-18T13:13:33.066+0000] {processor.py:183} INFO - Processing /home/airflow/.local/lib/python3.8/site-packages/airflow/example_dags/example_external_task_marker_dag.py took 0.086 seconds
[2024-12-18T13:14:03.396+0000] {processor.py:161} INFO - Started process (PID=208) to work on /home/airflow/.local/lib/python3.8/site-packages/airflow/example_dags/example_external_task_marker_dag.py
[2024-12-18T13:14:03.396+0000] {processor.py:830} INFO - Processing file /home/airflow/.local/lib/python3.8/site-packages/airflow/example_dags/example_external_task_marker_dag.py for tasks to queue
[2024-12-18T13:14:03.397+0000] {logging_mixin.py:188} INFO - [2024-12-18T13:14:03.397+0000] {dagbag.py:538} INFO - Filling up the DagBag from /home/airflow/.local/lib/python3.8/site-packages/airflow/example_dags/example_external_task_marker_dag.py
[2024-12-18T13:14:03.400+0000] {processor.py:840} INFO - DAG(s) 'example_external_task_marker_child', 'example_external_task_marker_parent' retrieved from /home/airflow/.local/lib/python3.8/site-packages/airflow/example_dags/example_external_task_marker_dag.py
[2024-12-18T13:14:03.418+0000] {logging_mixin.py:188} INFO - [2024-12-18T13:14:03.418+0000] {dag.py:3036} INFO - Sync 2 DAGs
[2024-12-18T13:14:03.425+0000] {logging_mixin.py:188} INFO - [2024-12-18T13:14:03.425+0000] {dag.py:3823} INFO - Setting next_dagrun for example_external_task_marker_child to None, run_after=None
[2024-12-18T13:14:03.427+0000] {logging_mixin.py:188} INFO - [2024-12-18T13:14:03.427+0000] {dag.py:3823} INFO - Setting next_dagrun for example_external_task_marker_parent to None, run_after=None
[2024-12-18T13:14:03.434+0000] {processor.py:183} INFO - Processing /home/airflow/.local/lib/python3.8/site-packages/airflow/example_dags/example_external_task_marker_dag.py took 0.040 seconds
[2024-12-18T13:14:34.809+0000] {processor.py:161} INFO - Started process (PID=302) to work on /home/airflow/.local/lib/python3.8/site-packages/airflow/example_dags/example_external_task_marker_dag.py
[2024-12-18T13:14:34.811+0000] {processor.py:830} INFO - Processing file /home/airflow/.local/lib/python3.8/site-packages/airflow/example_dags/example_external_task_marker_dag.py for tasks to queue
[2024-12-18T13:14:34.812+0000] {logging_mixin.py:188} INFO - [2024-12-18T13:14:34.812+0000] {dagbag.py:538} INFO - Filling up the DagBag from /home/airflow/.local/lib/python3.8/site-packages/airflow/example_dags/example_external_task_marker_dag.py
[2024-12-18T13:14:34.819+0000] {processor.py:840} INFO - DAG(s) 'example_external_task_marker_child', 'example_external_task_marker_parent' retrieved from /home/airflow/.local/lib/python3.8/site-packages/airflow/example_dags/example_external_task_marker_dag.py
[2024-12-18T13:14:34.839+0000] {logging_mixin.py:188} INFO - [2024-12-18T13:14:34.839+0000] {dag.py:3036} INFO - Sync 2 DAGs
[2024-12-18T13:14:34.847+0000] {logging_mixin.py:188} INFO - [2024-12-18T13:14:34.846+0000] {dag.py:3823} INFO - Setting next_dagrun for example_external_task_marker_child to None, run_after=None
[2024-12-18T13:14:34.849+0000] {logging_mixin.py:188} INFO - [2024-12-18T13:14:34.849+0000] {dag.py:3823} INFO - Setting next_dagrun for example_external_task_marker_parent to None, run_after=None
[2024-12-18T13:14:34.857+0000] {processor.py:183} INFO - Processing /home/airflow/.local/lib/python3.8/site-packages/airflow/example_dags/example_external_task_marker_dag.py took 0.051 seconds
[2024-12-18T13:15:05.832+0000] {processor.py:161} INFO - Started process (PID=396) to work on /home/airflow/.local/lib/python3.8/site-packages/airflow/example_dags/example_external_task_marker_dag.py
[2024-12-18T13:15:05.833+0000] {processor.py:830} INFO - Processing file /home/airflow/.local/lib/python3.8/site-packages/airflow/example_dags/example_external_task_marker_dag.py for tasks to queue
[2024-12-18T13:15:05.834+0000] {logging_mixin.py:188} INFO - [2024-12-18T13:15:05.834+0000] {dagbag.py:538} INFO - Filling up the DagBag from /home/airflow/.local/lib/python3.8/site-packages/airflow/example_dags/example_external_task_marker_dag.py
[2024-12-18T13:15:05.840+0000] {processor.py:840} INFO - DAG(s) 'example_external_task_marker_child', 'example_external_task_marker_parent' retrieved from /home/airflow/.local/lib/python3.8/site-packages/airflow/example_dags/example_external_task_marker_dag.py
[2024-12-18T13:15:05.863+0000] {logging_mixin.py:188} INFO - [2024-12-18T13:15:05.863+0000] {dag.py:3036} INFO - Sync 2 DAGs
[2024-12-18T13:15:05.876+0000] {logging_mixin.py:188} INFO - [2024-12-18T13:15:05.875+0000] {dag.py:3823} INFO - Setting next_dagrun for example_external_task_marker_child to None, run_after=None
[2024-12-18T13:15:05.879+0000] {logging_mixin.py:188} INFO - [2024-12-18T13:15:05.879+0000] {dag.py:3823} INFO - Setting next_dagrun for example_external_task_marker_parent to None, run_after=None
[2024-12-18T13:15:05.891+0000] {processor.py:183} INFO - Processing /home/airflow/.local/lib/python3.8/site-packages/airflow/example_dags/example_external_task_marker_dag.py took 0.062 seconds
[2024-12-18T13:15:37.134+0000] {processor.py:161} INFO - Started process (PID=489) to work on /home/airflow/.local/lib/python3.8/site-packages/airflow/example_dags/example_external_task_marker_dag.py
[2024-12-18T13:15:37.135+0000] {processor.py:830} INFO - Processing file /home/airflow/.local/lib/python3.8/site-packages/airflow/example_dags/example_external_task_marker_dag.py for tasks to queue
[2024-12-18T13:15:37.137+0000] {logging_mixin.py:188} INFO - [2024-12-18T13:15:37.136+0000] {dagbag.py:538} INFO - Filling up the DagBag from /home/airflow/.local/lib/python3.8/site-packages/airflow/example_dags/example_external_task_marker_dag.py
[2024-12-18T13:15:37.142+0000] {processor.py:840} INFO - DAG(s) 'example_external_task_marker_parent', 'example_external_task_marker_child' retrieved from /home/airflow/.local/lib/python3.8/site-packages/airflow/example_dags/example_external_task_marker_dag.py
[2024-12-18T13:15:37.160+0000] {logging_mixin.py:188} INFO - [2024-12-18T13:15:37.159+0000] {dag.py:3036} INFO - Sync 2 DAGs
[2024-12-18T13:15:37.167+0000] {logging_mixin.py:188} INFO - [2024-12-18T13:15:37.167+0000] {dag.py:3823} INFO - Setting next_dagrun for example_external_task_marker_child to None, run_after=None
[2024-12-18T13:15:37.169+0000] {logging_mixin.py:188} INFO - [2024-12-18T13:15:37.169+0000] {dag.py:3823} INFO - Setting next_dagrun for example_external_task_marker_parent to None, run_after=None
[2024-12-18T13:15:37.180+0000] {processor.py:183} INFO - Processing /home/airflow/.local/lib/python3.8/site-packages/airflow/example_dags/example_external_task_marker_dag.py took 0.049 seconds
[2024-12-18T13:16:08.210+0000] {processor.py:161} INFO - Started process (PID=576) to work on /home/airflow/.local/lib/python3.8/site-packages/airflow/example_dags/example_external_task_marker_dag.py
[2024-12-18T13:16:08.210+0000] {processor.py:830} INFO - Processing file /home/airflow/.local/lib/python3.8/site-packages/airflow/example_dags/example_external_task_marker_dag.py for tasks to queue
[2024-12-18T13:16:08.211+0000] {logging_mixin.py:188} INFO - [2024-12-18T13:16:08.211+0000] {dagbag.py:538} INFO - Filling up the DagBag from /home/airflow/.local/lib/python3.8/site-packages/airflow/example_dags/example_external_task_marker_dag.py
[2024-12-18T13:16:08.214+0000] {processor.py:840} INFO - DAG(s) 'example_external_task_marker_parent', 'example_external_task_marker_child' retrieved from /home/airflow/.local/lib/python3.8/site-packages/airflow/example_dags/example_external_task_marker_dag.py
[2024-12-18T13:16:08.227+0000] {logging_mixin.py:188} INFO - [2024-12-18T13:16:08.227+0000] {dag.py:3036} INFO - Sync 2 DAGs
[2024-12-18T13:16:08.234+0000] {logging_mixin.py:188} INFO - [2024-12-18T13:16:08.233+0000] {dag.py:3823} INFO - Setting next_dagrun for example_external_task_marker_child to None, run_after=None
[2024-12-18T13:16:08.235+0000] {logging_mixin.py:188} INFO - [2024-12-18T13:16:08.235+0000] {dag.py:3823} INFO - Setting next_dagrun for example_external_task_marker_parent to None, run_after=None
[2024-12-18T13:16:08.244+0000] {processor.py:183} INFO - Processing /home/airflow/.local/lib/python3.8/site-packages/airflow/example_dags/example_external_task_marker_dag.py took 0.036 seconds
[2024-12-18T13:16:38.850+0000] {processor.py:161} INFO - Started process (PID=670) to work on /home/airflow/.local/lib/python3.8/site-packages/airflow/example_dags/example_external_task_marker_dag.py
[2024-12-18T13:16:38.851+0000] {processor.py:830} INFO - Processing file /home/airflow/.local/lib/python3.8/site-packages/airflow/example_dags/example_external_task_marker_dag.py for tasks to queue
[2024-12-18T13:16:38.853+0000] {logging_mixin.py:188} INFO - [2024-12-18T13:16:38.852+0000] {dagbag.py:538} INFO - Filling up the DagBag from /home/airflow/.local/lib/python3.8/site-packages/airflow/example_dags/example_external_task_marker_dag.py
[2024-12-18T13:16:38.859+0000] {processor.py:840} INFO - DAG(s) 'example_external_task_marker_parent', 'example_external_task_marker_child' retrieved from /home/airflow/.local/lib/python3.8/site-packages/airflow/example_dags/example_external_task_marker_dag.py
[2024-12-18T13:16:38.884+0000] {logging_mixin.py:188} INFO - [2024-12-18T13:16:38.884+0000] {dag.py:3036} INFO - Sync 2 DAGs
[2024-12-18T13:16:38.891+0000] {logging_mixin.py:188} INFO - [2024-12-18T13:16:38.891+0000] {dag.py:3823} INFO - Setting next_dagrun for example_external_task_marker_child to None, run_after=None
[2024-12-18T13:16:38.893+0000] {logging_mixin.py:188} INFO - [2024-12-18T13:16:38.893+0000] {dag.py:3823} INFO - Setting next_dagrun for example_external_task_marker_parent to None, run_after=None
[2024-12-18T13:16:38.901+0000] {processor.py:183} INFO - Processing /home/airflow/.local/lib/python3.8/site-packages/airflow/example_dags/example_external_task_marker_dag.py took 0.054 seconds
[2024-12-18T13:17:09.711+0000] {processor.py:161} INFO - Started process (PID=744) to work on /home/airflow/.local/lib/python3.8/site-packages/airflow/example_dags/example_external_task_marker_dag.py
[2024-12-18T13:17:09.711+0000] {processor.py:830} INFO - Processing file /home/airflow/.local/lib/python3.8/site-packages/airflow/example_dags/example_external_task_marker_dag.py for tasks to queue
[2024-12-18T13:17:09.712+0000] {logging_mixin.py:188} INFO - [2024-12-18T13:17:09.712+0000] {dagbag.py:538} INFO - Filling up the DagBag from /home/airflow/.local/lib/python3.8/site-packages/airflow/example_dags/example_external_task_marker_dag.py
[2024-12-18T13:17:09.715+0000] {processor.py:840} INFO - DAG(s) 'example_external_task_marker_child', 'example_external_task_marker_parent' retrieved from /home/airflow/.local/lib/python3.8/site-packages/airflow/example_dags/example_external_task_marker_dag.py
[2024-12-18T13:17:09.728+0000] {logging_mixin.py:188} INFO - [2024-12-18T13:17:09.728+0000] {dag.py:3036} INFO - Sync 2 DAGs
[2024-12-18T13:17:09.735+0000] {logging_mixin.py:188} INFO - [2024-12-18T13:17:09.735+0000] {dag.py:3823} INFO - Setting next_dagrun for example_external_task_marker_child to None, run_after=None
[2024-12-18T13:17:09.737+0000] {logging_mixin.py:188} INFO - [2024-12-18T13:17:09.736+0000] {dag.py:3823} INFO - Setting next_dagrun for example_external_task_marker_parent to None, run_after=None
[2024-12-18T13:17:09.744+0000] {processor.py:183} INFO - Processing /home/airflow/.local/lib/python3.8/site-packages/airflow/example_dags/example_external_task_marker_dag.py took 0.035 seconds
[2024-12-18T13:17:40.012+0000] {processor.py:161} INFO - Started process (PID=829) to work on /home/airflow/.local/lib/python3.8/site-packages/airflow/example_dags/example_external_task_marker_dag.py
[2024-12-18T13:17:40.014+0000] {processor.py:830} INFO - Processing file /home/airflow/.local/lib/python3.8/site-packages/airflow/example_dags/example_external_task_marker_dag.py for tasks to queue
[2024-12-18T13:17:40.016+0000] {logging_mixin.py:188} INFO - [2024-12-18T13:17:40.016+0000] {dagbag.py:538} INFO - Filling up the DagBag from /home/airflow/.local/lib/python3.8/site-packages/airflow/example_dags/example_external_task_marker_dag.py
[2024-12-18T13:17:40.022+0000] {processor.py:840} INFO - DAG(s) 'example_external_task_marker_child', 'example_external_task_marker_parent' retrieved from /home/airflow/.local/lib/python3.8/site-packages/airflow/example_dags/example_external_task_marker_dag.py
[2024-12-18T13:17:40.045+0000] {logging_mixin.py:188} INFO - [2024-12-18T13:17:40.045+0000] {dag.py:3036} INFO - Sync 2 DAGs
[2024-12-18T13:17:40.055+0000] {logging_mixin.py:188} INFO - [2024-12-18T13:17:40.055+0000] {dag.py:3823} INFO - Setting next_dagrun for example_external_task_marker_child to None, run_after=None
[2024-12-18T13:17:40.057+0000] {logging_mixin.py:188} INFO - [2024-12-18T13:17:40.057+0000] {dag.py:3823} INFO - Setting next_dagrun for example_external_task_marker_parent to None, run_after=None
[2024-12-18T13:17:40.067+0000] {processor.py:183} INFO - Processing /home/airflow/.local/lib/python3.8/site-packages/airflow/example_dags/example_external_task_marker_dag.py took 0.058 seconds
[2024-12-18T13:18:10.314+0000] {processor.py:161} INFO - Started process (PID=923) to work on /home/airflow/.local/lib/python3.8/site-packages/airflow/example_dags/example_external_task_marker_dag.py
[2024-12-18T13:18:10.316+0000] {processor.py:830} INFO - Processing file /home/airflow/.local/lib/python3.8/site-packages/airflow/example_dags/example_external_task_marker_dag.py for tasks to queue
[2024-12-18T13:18:10.318+0000] {logging_mixin.py:188} INFO - [2024-12-18T13:18:10.317+0000] {dagbag.py:538} INFO - Filling up the DagBag from /home/airflow/.local/lib/python3.8/site-packages/airflow/example_dags/example_external_task_marker_dag.py
[2024-12-18T13:18:10.323+0000] {processor.py:840} INFO - DAG(s) 'example_external_task_marker_child', 'example_external_task_marker_parent' retrieved from /home/airflow/.local/lib/python3.8/site-packages/airflow/example_dags/example_external_task_marker_dag.py
[2024-12-18T13:18:10.347+0000] {logging_mixin.py:188} INFO - [2024-12-18T13:18:10.346+0000] {dag.py:3036} INFO - Sync 2 DAGs
[2024-12-18T13:18:10.357+0000] {logging_mixin.py:188} INFO - [2024-12-18T13:18:10.357+0000] {dag.py:3823} INFO - Setting next_dagrun for example_external_task_marker_child to None, run_after=None
[2024-12-18T13:18:10.361+0000] {logging_mixin.py:188} INFO - [2024-12-18T13:18:10.361+0000] {dag.py:3823} INFO - Setting next_dagrun for example_external_task_marker_parent to None, run_after=None
[2024-12-18T13:18:10.371+0000] {processor.py:183} INFO - Processing /home/airflow/.local/lib/python3.8/site-packages/airflow/example_dags/example_external_task_marker_dag.py took 0.060 seconds
[2024-12-18T13:18:40.533+0000] {processor.py:161} INFO - Started process (PID=1016) to work on /home/airflow/.local/lib/python3.8/site-packages/airflow/example_dags/example_external_task_marker_dag.py
[2024-12-18T13:18:40.535+0000] {processor.py:830} INFO - Processing file /home/airflow/.local/lib/python3.8/site-packages/airflow/example_dags/example_external_task_marker_dag.py for tasks to queue
[2024-12-18T13:18:40.536+0000] {logging_mixin.py:188} INFO - [2024-12-18T13:18:40.536+0000] {dagbag.py:538} INFO - Filling up the DagBag from /home/airflow/.local/lib/python3.8/site-packages/airflow/example_dags/example_external_task_marker_dag.py
[2024-12-18T13:18:40.539+0000] {processor.py:840} INFO - DAG(s) 'example_external_task_marker_parent', 'example_external_task_marker_child' retrieved from /home/airflow/.local/lib/python3.8/site-packages/airflow/example_dags/example_external_task_marker_dag.py
[2024-12-18T13:18:40.558+0000] {logging_mixin.py:188} INFO - [2024-12-18T13:18:40.558+0000] {dag.py:3036} INFO - Sync 2 DAGs
[2024-12-18T13:18:40.569+0000] {logging_mixin.py:188} INFO - [2024-12-18T13:18:40.569+0000] {dag.py:3823} INFO - Setting next_dagrun for example_external_task_marker_child to None, run_after=None
[2024-12-18T13:18:40.571+0000] {logging_mixin.py:188} INFO - [2024-12-18T13:18:40.571+0000] {dag.py:3823} INFO - Setting next_dagrun for example_external_task_marker_parent to None, run_after=None
[2024-12-18T13:18:40.584+0000] {processor.py:183} INFO - Processing /home/airflow/.local/lib/python3.8/site-packages/airflow/example_dags/example_external_task_marker_dag.py took 0.053 seconds
[2024-12-18T13:19:10.628+0000] {processor.py:161} INFO - Started process (PID=1103) to work on /home/airflow/.local/lib/python3.8/site-packages/airflow/example_dags/example_external_task_marker_dag.py
[2024-12-18T13:19:10.630+0000] {processor.py:830} INFO - Processing file /home/airflow/.local/lib/python3.8/site-packages/airflow/example_dags/example_external_task_marker_dag.py for tasks to queue
[2024-12-18T13:19:10.633+0000] {logging_mixin.py:188} INFO - [2024-12-18T13:19:10.632+0000] {dagbag.py:538} INFO - Filling up the DagBag from /home/airflow/.local/lib/python3.8/site-packages/airflow/example_dags/example_external_task_marker_dag.py
[2024-12-18T13:19:10.640+0000] {processor.py:840} INFO - DAG(s) 'example_external_task_marker_child', 'example_external_task_marker_parent' retrieved from /home/airflow/.local/lib/python3.8/site-packages/airflow/example_dags/example_external_task_marker_dag.py
[2024-12-18T13:19:10.661+0000] {logging_mixin.py:188} INFO - [2024-12-18T13:19:10.661+0000] {dag.py:3036} INFO - Sync 2 DAGs
[2024-12-18T13:19:10.672+0000] {logging_mixin.py:188} INFO - [2024-12-18T13:19:10.672+0000] {dag.py:3823} INFO - Setting next_dagrun for example_external_task_marker_child to None, run_after=None
[2024-12-18T13:19:10.674+0000] {logging_mixin.py:188} INFO - [2024-12-18T13:19:10.674+0000] {dag.py:3823} INFO - Setting next_dagrun for example_external_task_marker_parent to None, run_after=None
[2024-12-18T13:19:10.683+0000] {processor.py:183} INFO - Processing /home/airflow/.local/lib/python3.8/site-packages/airflow/example_dags/example_external_task_marker_dag.py took 0.059 seconds
[2024-12-18T13:19:40.792+0000] {processor.py:161} INFO - Started process (PID=1197) to work on /home/airflow/.local/lib/python3.8/site-packages/airflow/example_dags/example_external_task_marker_dag.py
[2024-12-18T13:19:40.794+0000] {processor.py:830} INFO - Processing file /home/airflow/.local/lib/python3.8/site-packages/airflow/example_dags/example_external_task_marker_dag.py for tasks to queue
[2024-12-18T13:19:40.796+0000] {logging_mixin.py:188} INFO - [2024-12-18T13:19:40.796+0000] {dagbag.py:538} INFO - Filling up the DagBag from /home/airflow/.local/lib/python3.8/site-packages/airflow/example_dags/example_external_task_marker_dag.py
[2024-12-18T13:19:40.803+0000] {processor.py:840} INFO - DAG(s) 'example_external_task_marker_parent', 'example_external_task_marker_child' retrieved from /home/airflow/.local/lib/python3.8/site-packages/airflow/example_dags/example_external_task_marker_dag.py
[2024-12-18T13:19:40.824+0000] {logging_mixin.py:188} INFO - [2024-12-18T13:19:40.824+0000] {dag.py:3036} INFO - Sync 2 DAGs
[2024-12-18T13:19:40.833+0000] {logging_mixin.py:188} INFO - [2024-12-18T13:19:40.833+0000] {dag.py:3823} INFO - Setting next_dagrun for example_external_task_marker_child to None, run_after=None
[2024-12-18T13:19:40.836+0000] {logging_mixin.py:188} INFO - [2024-12-18T13:19:40.836+0000] {dag.py:3823} INFO - Setting next_dagrun for example_external_task_marker_parent to None, run_after=None
[2024-12-18T13:19:40.846+0000] {processor.py:183} INFO - Processing /home/airflow/.local/lib/python3.8/site-packages/airflow/example_dags/example_external_task_marker_dag.py took 0.060 seconds
[2024-12-18T13:20:11.029+0000] {processor.py:161} INFO - Started process (PID=1283) to work on /home/airflow/.local/lib/python3.8/site-packages/airflow/example_dags/example_external_task_marker_dag.py
[2024-12-18T13:20:11.031+0000] {processor.py:830} INFO - Processing file /home/airflow/.local/lib/python3.8/site-packages/airflow/example_dags/example_external_task_marker_dag.py for tasks to queue
[2024-12-18T13:20:11.032+0000] {logging_mixin.py:188} INFO - [2024-12-18T13:20:11.032+0000] {dagbag.py:538} INFO - Filling up the DagBag from /home/airflow/.local/lib/python3.8/site-packages/airflow/example_dags/example_external_task_marker_dag.py
[2024-12-18T13:20:11.036+0000] {processor.py:840} INFO - DAG(s) 'example_external_task_marker_parent', 'example_external_task_marker_child' retrieved from /home/airflow/.local/lib/python3.8/site-packages/airflow/example_dags/example_external_task_marker_dag.py
[2024-12-18T13:20:11.059+0000] {logging_mixin.py:188} INFO - [2024-12-18T13:20:11.059+0000] {dag.py:3036} INFO - Sync 2 DAGs
[2024-12-18T13:20:11.073+0000] {logging_mixin.py:188} INFO - [2024-12-18T13:20:11.073+0000] {dag.py:3823} INFO - Setting next_dagrun for example_external_task_marker_child to None, run_after=None
[2024-12-18T13:20:11.077+0000] {logging_mixin.py:188} INFO - [2024-12-18T13:20:11.076+0000] {dag.py:3823} INFO - Setting next_dagrun for example_external_task_marker_parent to None, run_after=None
[2024-12-18T13:20:11.087+0000] {processor.py:183} INFO - Processing /home/airflow/.local/lib/python3.8/site-packages/airflow/example_dags/example_external_task_marker_dag.py took 0.060 seconds
[2024-12-18T13:20:41.138+0000] {processor.py:161} INFO - Started process (PID=1377) to work on /home/airflow/.local/lib/python3.8/site-packages/airflow/example_dags/example_external_task_marker_dag.py
[2024-12-18T13:20:41.140+0000] {processor.py:830} INFO - Processing file /home/airflow/.local/lib/python3.8/site-packages/airflow/example_dags/example_external_task_marker_dag.py for tasks to queue
[2024-12-18T13:20:41.143+0000] {logging_mixin.py:188} INFO - [2024-12-18T13:20:41.143+0000] {dagbag.py:538} INFO - Filling up the DagBag from /home/airflow/.local/lib/python3.8/site-packages/airflow/example_dags/example_external_task_marker_dag.py
[2024-12-18T13:20:41.151+0000] {processor.py:840} INFO - DAG(s) 'example_external_task_marker_child', 'example_external_task_marker_parent' retrieved from /home/airflow/.local/lib/python3.8/site-packages/airflow/example_dags/example_external_task_marker_dag.py
[2024-12-18T13:20:41.182+0000] {logging_mixin.py:188} INFO - [2024-12-18T13:20:41.182+0000] {dag.py:3036} INFO - Sync 2 DAGs
[2024-12-18T13:20:41.194+0000] {logging_mixin.py:188} INFO - [2024-12-18T13:20:41.193+0000] {dag.py:3823} INFO - Setting next_dagrun for example_external_task_marker_child to None, run_after=None
[2024-12-18T13:20:41.198+0000] {logging_mixin.py:188} INFO - [2024-12-18T13:20:41.198+0000] {dag.py:3823} INFO - Setting next_dagrun for example_external_task_marker_parent to None, run_after=None
[2024-12-18T13:20:41.211+0000] {processor.py:183} INFO - Processing /home/airflow/.local/lib/python3.8/site-packages/airflow/example_dags/example_external_task_marker_dag.py took 0.076 seconds
[2024-12-18T13:21:11.299+0000] {processor.py:161} INFO - Started process (PID=1472) to work on /home/airflow/.local/lib/python3.8/site-packages/airflow/example_dags/example_external_task_marker_dag.py
[2024-12-18T13:21:11.302+0000] {processor.py:830} INFO - Processing file /home/airflow/.local/lib/python3.8/site-packages/airflow/example_dags/example_external_task_marker_dag.py for tasks to queue
[2024-12-18T13:21:11.303+0000] {logging_mixin.py:188} INFO - [2024-12-18T13:21:11.303+0000] {dagbag.py:538} INFO - Filling up the DagBag from /home/airflow/.local/lib/python3.8/site-packages/airflow/example_dags/example_external_task_marker_dag.py
[2024-12-18T13:21:11.309+0000] {processor.py:840} INFO - DAG(s) 'example_external_task_marker_child', 'example_external_task_marker_parent' retrieved from /home/airflow/.local/lib/python3.8/site-packages/airflow/example_dags/example_external_task_marker_dag.py
[2024-12-18T13:21:11.324+0000] {logging_mixin.py:188} INFO - [2024-12-18T13:21:11.323+0000] {dag.py:3036} INFO - Sync 2 DAGs
[2024-12-18T13:21:11.332+0000] {logging_mixin.py:188} INFO - [2024-12-18T13:21:11.332+0000] {dag.py:3823} INFO - Setting next_dagrun for example_external_task_marker_child to None, run_after=None
[2024-12-18T13:21:11.335+0000] {logging_mixin.py:188} INFO - [2024-12-18T13:21:11.335+0000] {dag.py:3823} INFO - Setting next_dagrun for example_external_task_marker_parent to None, run_after=None
[2024-12-18T13:21:11.345+0000] {processor.py:183} INFO - Processing /home/airflow/.local/lib/python3.8/site-packages/airflow/example_dags/example_external_task_marker_dag.py took 0.051 seconds
[2024-12-18T13:21:41.385+0000] {processor.py:161} INFO - Started process (PID=1558) to work on /home/airflow/.local/lib/python3.8/site-packages/airflow/example_dags/example_external_task_marker_dag.py
[2024-12-18T13:21:41.388+0000] {processor.py:830} INFO - Processing file /home/airflow/.local/lib/python3.8/site-packages/airflow/example_dags/example_external_task_marker_dag.py for tasks to queue
[2024-12-18T13:21:41.389+0000] {logging_mixin.py:188} INFO - [2024-12-18T13:21:41.389+0000] {dagbag.py:538} INFO - Filling up the DagBag from /home/airflow/.local/lib/python3.8/site-packages/airflow/example_dags/example_external_task_marker_dag.py
[2024-12-18T13:21:41.395+0000] {processor.py:840} INFO - DAG(s) 'example_external_task_marker_parent', 'example_external_task_marker_child' retrieved from /home/airflow/.local/lib/python3.8/site-packages/airflow/example_dags/example_external_task_marker_dag.py
[2024-12-18T13:21:41.415+0000] {logging_mixin.py:188} INFO - [2024-12-18T13:21:41.415+0000] {dag.py:3036} INFO - Sync 2 DAGs
[2024-12-18T13:21:41.421+0000] {logging_mixin.py:188} INFO - [2024-12-18T13:21:41.421+0000] {dag.py:3823} INFO - Setting next_dagrun for example_external_task_marker_child to None, run_after=None
[2024-12-18T13:21:41.423+0000] {logging_mixin.py:188} INFO - [2024-12-18T13:21:41.423+0000] {dag.py:3823} INFO - Setting next_dagrun for example_external_task_marker_parent to None, run_after=None
[2024-12-18T13:21:41.432+0000] {processor.py:183} INFO - Processing /home/airflow/.local/lib/python3.8/site-packages/airflow/example_dags/example_external_task_marker_dag.py took 0.050 seconds
[2024-12-18T13:22:11.567+0000] {processor.py:161} INFO - Started process (PID=1652) to work on /home/airflow/.local/lib/python3.8/site-packages/airflow/example_dags/example_external_task_marker_dag.py
[2024-12-18T13:22:11.569+0000] {processor.py:830} INFO - Processing file /home/airflow/.local/lib/python3.8/site-packages/airflow/example_dags/example_external_task_marker_dag.py for tasks to queue
[2024-12-18T13:22:11.571+0000] {logging_mixin.py:188} INFO - [2024-12-18T13:22:11.570+0000] {dagbag.py:538} INFO - Filling up the DagBag from /home/airflow/.local/lib/python3.8/site-packages/airflow/example_dags/example_external_task_marker_dag.py
[2024-12-18T13:22:11.579+0000] {processor.py:840} INFO - DAG(s) 'example_external_task_marker_parent', 'example_external_task_marker_child' retrieved from /home/airflow/.local/lib/python3.8/site-packages/airflow/example_dags/example_external_task_marker_dag.py
[2024-12-18T13:22:11.607+0000] {logging_mixin.py:188} INFO - [2024-12-18T13:22:11.606+0000] {dag.py:3036} INFO - Sync 2 DAGs
[2024-12-18T13:22:11.618+0000] {logging_mixin.py:188} INFO - [2024-12-18T13:22:11.618+0000] {dag.py:3823} INFO - Setting next_dagrun for example_external_task_marker_child to None, run_after=None
[2024-12-18T13:22:11.621+0000] {logging_mixin.py:188} INFO - [2024-12-18T13:22:11.621+0000] {dag.py:3823} INFO - Setting next_dagrun for example_external_task_marker_parent to None, run_after=None
[2024-12-18T13:22:11.634+0000] {processor.py:183} INFO - Processing /home/airflow/.local/lib/python3.8/site-packages/airflow/example_dags/example_external_task_marker_dag.py took 0.070 seconds
[2024-12-18T13:22:41.659+0000] {processor.py:161} INFO - Started process (PID=1746) to work on /home/airflow/.local/lib/python3.8/site-packages/airflow/example_dags/example_external_task_marker_dag.py
[2024-12-18T13:22:41.661+0000] {processor.py:830} INFO - Processing file /home/airflow/.local/lib/python3.8/site-packages/airflow/example_dags/example_external_task_marker_dag.py for tasks to queue
[2024-12-18T13:22:41.662+0000] {logging_mixin.py:188} INFO - [2024-12-18T13:22:41.662+0000] {dagbag.py:538} INFO - Filling up the DagBag from /home/airflow/.local/lib/python3.8/site-packages/airflow/example_dags/example_external_task_marker_dag.py
[2024-12-18T13:22:41.665+0000] {processor.py:840} INFO - DAG(s) 'example_external_task_marker_child', 'example_external_task_marker_parent' retrieved from /home/airflow/.local/lib/python3.8/site-packages/airflow/example_dags/example_external_task_marker_dag.py
[2024-12-18T13:22:41.679+0000] {logging_mixin.py:188} INFO - [2024-12-18T13:22:41.679+0000] {dag.py:3036} INFO - Sync 2 DAGs
[2024-12-18T13:22:41.686+0000] {logging_mixin.py:188} INFO - [2024-12-18T13:22:41.686+0000] {dag.py:3823} INFO - Setting next_dagrun for example_external_task_marker_child to None, run_after=None
[2024-12-18T13:22:41.688+0000] {logging_mixin.py:188} INFO - [2024-12-18T13:22:41.688+0000] {dag.py:3823} INFO - Setting next_dagrun for example_external_task_marker_parent to None, run_after=None
[2024-12-18T13:22:41.696+0000] {processor.py:183} INFO - Processing /home/airflow/.local/lib/python3.8/site-packages/airflow/example_dags/example_external_task_marker_dag.py took 0.041 seconds
[2024-12-18T13:23:11.836+0000] {processor.py:161} INFO - Started process (PID=1832) to work on /home/airflow/.local/lib/python3.8/site-packages/airflow/example_dags/example_external_task_marker_dag.py
[2024-12-18T13:23:11.838+0000] {processor.py:830} INFO - Processing file /home/airflow/.local/lib/python3.8/site-packages/airflow/example_dags/example_external_task_marker_dag.py for tasks to queue
[2024-12-18T13:23:11.840+0000] {logging_mixin.py:188} INFO - [2024-12-18T13:23:11.840+0000] {dagbag.py:538} INFO - Filling up the DagBag from /home/airflow/.local/lib/python3.8/site-packages/airflow/example_dags/example_external_task_marker_dag.py
[2024-12-18T13:23:11.847+0000] {processor.py:840} INFO - DAG(s) 'example_external_task_marker_parent', 'example_external_task_marker_child' retrieved from /home/airflow/.local/lib/python3.8/site-packages/airflow/example_dags/example_external_task_marker_dag.py
[2024-12-18T13:23:11.868+0000] {logging_mixin.py:188} INFO - [2024-12-18T13:23:11.867+0000] {dag.py:3036} INFO - Sync 2 DAGs
[2024-12-18T13:23:11.881+0000] {logging_mixin.py:188} INFO - [2024-12-18T13:23:11.880+0000] {dag.py:3823} INFO - Setting next_dagrun for example_external_task_marker_child to None, run_after=None
[2024-12-18T13:23:11.883+0000] {logging_mixin.py:188} INFO - [2024-12-18T13:23:11.883+0000] {dag.py:3823} INFO - Setting next_dagrun for example_external_task_marker_parent to None, run_after=None
[2024-12-18T13:23:11.893+0000] {processor.py:183} INFO - Processing /home/airflow/.local/lib/python3.8/site-packages/airflow/example_dags/example_external_task_marker_dag.py took 0.061 seconds
[2024-12-18T13:23:41.940+0000] {processor.py:161} INFO - Started process (PID=1926) to work on /home/airflow/.local/lib/python3.8/site-packages/airflow/example_dags/example_external_task_marker_dag.py
[2024-12-18T13:23:41.943+0000] {processor.py:830} INFO - Processing file /home/airflow/.local/lib/python3.8/site-packages/airflow/example_dags/example_external_task_marker_dag.py for tasks to queue
[2024-12-18T13:23:41.944+0000] {logging_mixin.py:188} INFO - [2024-12-18T13:23:41.944+0000] {dagbag.py:538} INFO - Filling up the DagBag from /home/airflow/.local/lib/python3.8/site-packages/airflow/example_dags/example_external_task_marker_dag.py
[2024-12-18T13:23:41.947+0000] {processor.py:840} INFO - DAG(s) 'example_external_task_marker_parent', 'example_external_task_marker_child' retrieved from /home/airflow/.local/lib/python3.8/site-packages/airflow/example_dags/example_external_task_marker_dag.py
[2024-12-18T13:23:41.961+0000] {logging_mixin.py:188} INFO - [2024-12-18T13:23:41.961+0000] {dag.py:3036} INFO - Sync 2 DAGs
[2024-12-18T13:23:41.967+0000] {logging_mixin.py:188} INFO - [2024-12-18T13:23:41.967+0000] {dag.py:3823} INFO - Setting next_dagrun for example_external_task_marker_child to None, run_after=None
[2024-12-18T13:23:41.969+0000] {logging_mixin.py:188} INFO - [2024-12-18T13:23:41.969+0000] {dag.py:3823} INFO - Setting next_dagrun for example_external_task_marker_parent to None, run_after=None
[2024-12-18T13:23:41.977+0000] {processor.py:183} INFO - Processing /home/airflow/.local/lib/python3.8/site-packages/airflow/example_dags/example_external_task_marker_dag.py took 0.040 seconds
[2024-12-18T13:24:11.991+0000] {processor.py:161} INFO - Started process (PID=2012) to work on /home/airflow/.local/lib/python3.8/site-packages/airflow/example_dags/example_external_task_marker_dag.py
[2024-12-18T13:24:11.992+0000] {processor.py:830} INFO - Processing file /home/airflow/.local/lib/python3.8/site-packages/airflow/example_dags/example_external_task_marker_dag.py for tasks to queue
[2024-12-18T13:24:11.993+0000] {logging_mixin.py:188} INFO - [2024-12-18T13:24:11.993+0000] {dagbag.py:538} INFO - Filling up the DagBag from /home/airflow/.local/lib/python3.8/site-packages/airflow/example_dags/example_external_task_marker_dag.py
[2024-12-18T13:24:11.999+0000] {processor.py:840} INFO - DAG(s) 'example_external_task_marker_parent', 'example_external_task_marker_child' retrieved from /home/airflow/.local/lib/python3.8/site-packages/airflow/example_dags/example_external_task_marker_dag.py
[2024-12-18T13:24:12.025+0000] {logging_mixin.py:188} INFO - [2024-12-18T13:24:12.025+0000] {dag.py:3036} INFO - Sync 2 DAGs
[2024-12-18T13:24:12.032+0000] {logging_mixin.py:188} INFO - [2024-12-18T13:24:12.032+0000] {dag.py:3823} INFO - Setting next_dagrun for example_external_task_marker_child to None, run_after=None
[2024-12-18T13:24:12.034+0000] {logging_mixin.py:188} INFO - [2024-12-18T13:24:12.034+0000] {dag.py:3823} INFO - Setting next_dagrun for example_external_task_marker_parent to None, run_after=None
[2024-12-18T13:24:12.043+0000] {processor.py:183} INFO - Processing /home/airflow/.local/lib/python3.8/site-packages/airflow/example_dags/example_external_task_marker_dag.py took 0.054 seconds
[2024-12-18T13:24:42.196+0000] {processor.py:161} INFO - Started process (PID=2106) to work on /home/airflow/.local/lib/python3.8/site-packages/airflow/example_dags/example_external_task_marker_dag.py
[2024-12-18T13:24:42.196+0000] {processor.py:830} INFO - Processing file /home/airflow/.local/lib/python3.8/site-packages/airflow/example_dags/example_external_task_marker_dag.py for tasks to queue
[2024-12-18T13:24:42.197+0000] {logging_mixin.py:188} INFO - [2024-12-18T13:24:42.197+0000] {dagbag.py:538} INFO - Filling up the DagBag from /home/airflow/.local/lib/python3.8/site-packages/airflow/example_dags/example_external_task_marker_dag.py
[2024-12-18T13:24:42.201+0000] {processor.py:840} INFO - DAG(s) 'example_external_task_marker_parent', 'example_external_task_marker_child' retrieved from /home/airflow/.local/lib/python3.8/site-packages/airflow/example_dags/example_external_task_marker_dag.py
[2024-12-18T13:24:42.219+0000] {logging_mixin.py:188} INFO - [2024-12-18T13:24:42.219+0000] {dag.py:3036} INFO - Sync 2 DAGs
[2024-12-18T13:24:42.229+0000] {logging_mixin.py:188} INFO - [2024-12-18T13:24:42.229+0000] {dag.py:3823} INFO - Setting next_dagrun for example_external_task_marker_child to None, run_after=None
[2024-12-18T13:24:42.231+0000] {logging_mixin.py:188} INFO - [2024-12-18T13:24:42.231+0000] {dag.py:3823} INFO - Setting next_dagrun for example_external_task_marker_parent to None, run_after=None
[2024-12-18T13:24:42.245+0000] {processor.py:183} INFO - Processing /home/airflow/.local/lib/python3.8/site-packages/airflow/example_dags/example_external_task_marker_dag.py took 0.051 seconds
[2024-12-18T13:25:12.526+0000] {processor.py:161} INFO - Started process (PID=2200) to work on /home/airflow/.local/lib/python3.8/site-packages/airflow/example_dags/example_external_task_marker_dag.py
[2024-12-18T13:25:12.526+0000] {processor.py:830} INFO - Processing file /home/airflow/.local/lib/python3.8/site-packages/airflow/example_dags/example_external_task_marker_dag.py for tasks to queue
[2024-12-18T13:25:12.527+0000] {logging_mixin.py:188} INFO - [2024-12-18T13:25:12.527+0000] {dagbag.py:538} INFO - Filling up the DagBag from /home/airflow/.local/lib/python3.8/site-packages/airflow/example_dags/example_external_task_marker_dag.py
[2024-12-18T13:25:12.531+0000] {processor.py:840} INFO - DAG(s) 'example_external_task_marker_parent', 'example_external_task_marker_child' retrieved from /home/airflow/.local/lib/python3.8/site-packages/airflow/example_dags/example_external_task_marker_dag.py
[2024-12-18T13:25:12.550+0000] {logging_mixin.py:188} INFO - [2024-12-18T13:25:12.550+0000] {dag.py:3036} INFO - Sync 2 DAGs
[2024-12-18T13:25:12.557+0000] {logging_mixin.py:188} INFO - [2024-12-18T13:25:12.557+0000] {dag.py:3823} INFO - Setting next_dagrun for example_external_task_marker_child to None, run_after=None
[2024-12-18T13:25:12.559+0000] {logging_mixin.py:188} INFO - [2024-12-18T13:25:12.559+0000] {dag.py:3823} INFO - Setting next_dagrun for example_external_task_marker_parent to None, run_after=None
[2024-12-18T13:25:12.567+0000] {processor.py:183} INFO - Processing /home/airflow/.local/lib/python3.8/site-packages/airflow/example_dags/example_external_task_marker_dag.py took 0.044 seconds
[2024-12-18T13:25:42.709+0000] {processor.py:161} INFO - Started process (PID=2286) to work on /home/airflow/.local/lib/python3.8/site-packages/airflow/example_dags/example_external_task_marker_dag.py
[2024-12-18T13:25:42.709+0000] {processor.py:830} INFO - Processing file /home/airflow/.local/lib/python3.8/site-packages/airflow/example_dags/example_external_task_marker_dag.py for tasks to queue
[2024-12-18T13:25:42.710+0000] {logging_mixin.py:188} INFO - [2024-12-18T13:25:42.710+0000] {dagbag.py:538} INFO - Filling up the DagBag from /home/airflow/.local/lib/python3.8/site-packages/airflow/example_dags/example_external_task_marker_dag.py
[2024-12-18T13:25:42.713+0000] {processor.py:840} INFO - DAG(s) 'example_external_task_marker_child', 'example_external_task_marker_parent' retrieved from /home/airflow/.local/lib/python3.8/site-packages/airflow/example_dags/example_external_task_marker_dag.py
[2024-12-18T13:25:42.730+0000] {logging_mixin.py:188} INFO - [2024-12-18T13:25:42.729+0000] {dag.py:3036} INFO - Sync 2 DAGs
[2024-12-18T13:25:42.737+0000] {logging_mixin.py:188} INFO - [2024-12-18T13:25:42.737+0000] {dag.py:3823} INFO - Setting next_dagrun for example_external_task_marker_child to None, run_after=None
[2024-12-18T13:25:42.740+0000] {logging_mixin.py:188} INFO - [2024-12-18T13:25:42.739+0000] {dag.py:3823} INFO - Setting next_dagrun for example_external_task_marker_parent to None, run_after=None
[2024-12-18T13:25:42.752+0000] {processor.py:183} INFO - Processing /home/airflow/.local/lib/python3.8/site-packages/airflow/example_dags/example_external_task_marker_dag.py took 0.046 seconds
[2024-12-18T13:26:13.837+0000] {processor.py:161} INFO - Started process (PID=2380) to work on /home/airflow/.local/lib/python3.8/site-packages/airflow/example_dags/example_external_task_marker_dag.py
[2024-12-18T13:26:13.838+0000] {processor.py:830} INFO - Processing file /home/airflow/.local/lib/python3.8/site-packages/airflow/example_dags/example_external_task_marker_dag.py for tasks to queue
[2024-12-18T13:26:13.839+0000] {logging_mixin.py:188} INFO - [2024-12-18T13:26:13.839+0000] {dagbag.py:538} INFO - Filling up the DagBag from /home/airflow/.local/lib/python3.8/site-packages/airflow/example_dags/example_external_task_marker_dag.py
[2024-12-18T13:26:13.843+0000] {processor.py:840} INFO - DAG(s) 'example_external_task_marker_child', 'example_external_task_marker_parent' retrieved from /home/airflow/.local/lib/python3.8/site-packages/airflow/example_dags/example_external_task_marker_dag.py
[2024-12-18T13:26:13.858+0000] {logging_mixin.py:188} INFO - [2024-12-18T13:26:13.858+0000] {dag.py:3036} INFO - Sync 2 DAGs
[2024-12-18T13:26:13.865+0000] {logging_mixin.py:188} INFO - [2024-12-18T13:26:13.865+0000] {dag.py:3823} INFO - Setting next_dagrun for example_external_task_marker_child to None, run_after=None
[2024-12-18T13:26:13.867+0000] {logging_mixin.py:188} INFO - [2024-12-18T13:26:13.867+0000] {dag.py:3823} INFO - Setting next_dagrun for example_external_task_marker_parent to None, run_after=None
[2024-12-18T13:26:13.880+0000] {processor.py:183} INFO - Processing /home/airflow/.local/lib/python3.8/site-packages/airflow/example_dags/example_external_task_marker_dag.py took 0.046 seconds
[2024-12-18T13:26:43.942+0000] {processor.py:161} INFO - Started process (PID=2474) to work on /home/airflow/.local/lib/python3.8/site-packages/airflow/example_dags/example_external_task_marker_dag.py
[2024-12-18T13:26:43.942+0000] {processor.py:830} INFO - Processing file /home/airflow/.local/lib/python3.8/site-packages/airflow/example_dags/example_external_task_marker_dag.py for tasks to queue
[2024-12-18T13:26:43.943+0000] {logging_mixin.py:188} INFO - [2024-12-18T13:26:43.943+0000] {dagbag.py:538} INFO - Filling up the DagBag from /home/airflow/.local/lib/python3.8/site-packages/airflow/example_dags/example_external_task_marker_dag.py
[2024-12-18T13:26:43.947+0000] {processor.py:840} INFO - DAG(s) 'example_external_task_marker_child', 'example_external_task_marker_parent' retrieved from /home/airflow/.local/lib/python3.8/site-packages/airflow/example_dags/example_external_task_marker_dag.py
[2024-12-18T13:26:43.972+0000] {logging_mixin.py:188} INFO - [2024-12-18T13:26:43.971+0000] {dag.py:3036} INFO - Sync 2 DAGs
[2024-12-18T13:26:43.979+0000] {logging_mixin.py:188} INFO - [2024-12-18T13:26:43.979+0000] {dag.py:3823} INFO - Setting next_dagrun for example_external_task_marker_child to None, run_after=None
[2024-12-18T13:26:43.981+0000] {logging_mixin.py:188} INFO - [2024-12-18T13:26:43.981+0000] {dag.py:3823} INFO - Setting next_dagrun for example_external_task_marker_parent to None, run_after=None
[2024-12-18T13:26:43.990+0000] {processor.py:183} INFO - Processing /home/airflow/.local/lib/python3.8/site-packages/airflow/example_dags/example_external_task_marker_dag.py took 0.051 seconds
[2024-12-18T13:27:14.060+0000] {processor.py:161} INFO - Started process (PID=2560) to work on /home/airflow/.local/lib/python3.8/site-packages/airflow/example_dags/example_external_task_marker_dag.py
[2024-12-18T13:27:14.061+0000] {processor.py:830} INFO - Processing file /home/airflow/.local/lib/python3.8/site-packages/airflow/example_dags/example_external_task_marker_dag.py for tasks to queue
[2024-12-18T13:27:14.063+0000] {logging_mixin.py:188} INFO - [2024-12-18T13:27:14.062+0000] {dagbag.py:538} INFO - Filling up the DagBag from /home/airflow/.local/lib/python3.8/site-packages/airflow/example_dags/example_external_task_marker_dag.py
[2024-12-18T13:27:14.067+0000] {processor.py:840} INFO - DAG(s) 'example_external_task_marker_parent', 'example_external_task_marker_child' retrieved from /home/airflow/.local/lib/python3.8/site-packages/airflow/example_dags/example_external_task_marker_dag.py
[2024-12-18T13:27:14.088+0000] {logging_mixin.py:188} INFO - [2024-12-18T13:27:14.088+0000] {dag.py:3036} INFO - Sync 2 DAGs
[2024-12-18T13:27:14.095+0000] {logging_mixin.py:188} INFO - [2024-12-18T13:27:14.095+0000] {dag.py:3823} INFO - Setting next_dagrun for example_external_task_marker_child to None, run_after=None
[2024-12-18T13:27:14.097+0000] {logging_mixin.py:188} INFO - [2024-12-18T13:27:14.097+0000] {dag.py:3823} INFO - Setting next_dagrun for example_external_task_marker_parent to None, run_after=None
[2024-12-18T13:27:14.105+0000] {processor.py:183} INFO - Processing /home/airflow/.local/lib/python3.8/site-packages/airflow/example_dags/example_external_task_marker_dag.py took 0.047 seconds
[2024-12-18T13:27:44.244+0000] {processor.py:161} INFO - Started process (PID=2654) to work on /home/airflow/.local/lib/python3.8/site-packages/airflow/example_dags/example_external_task_marker_dag.py
[2024-12-18T13:27:44.245+0000] {processor.py:830} INFO - Processing file /home/airflow/.local/lib/python3.8/site-packages/airflow/example_dags/example_external_task_marker_dag.py for tasks to queue
[2024-12-18T13:27:44.246+0000] {logging_mixin.py:188} INFO - [2024-12-18T13:27:44.245+0000] {dagbag.py:538} INFO - Filling up the DagBag from /home/airflow/.local/lib/python3.8/site-packages/airflow/example_dags/example_external_task_marker_dag.py
[2024-12-18T13:27:44.249+0000] {processor.py:840} INFO - DAG(s) 'example_external_task_marker_child', 'example_external_task_marker_parent' retrieved from /home/airflow/.local/lib/python3.8/site-packages/airflow/example_dags/example_external_task_marker_dag.py
[2024-12-18T13:27:44.265+0000] {logging_mixin.py:188} INFO - [2024-12-18T13:27:44.264+0000] {dag.py:3036} INFO - Sync 2 DAGs
[2024-12-18T13:27:44.272+0000] {logging_mixin.py:188} INFO - [2024-12-18T13:27:44.271+0000] {dag.py:3823} INFO - Setting next_dagrun for example_external_task_marker_child to None, run_after=None
[2024-12-18T13:27:44.274+0000] {logging_mixin.py:188} INFO - [2024-12-18T13:27:44.273+0000] {dag.py:3823} INFO - Setting next_dagrun for example_external_task_marker_parent to None, run_after=None
[2024-12-18T13:27:44.282+0000] {processor.py:183} INFO - Processing /home/airflow/.local/lib/python3.8/site-packages/airflow/example_dags/example_external_task_marker_dag.py took 0.040 seconds
[2024-12-18T13:28:14.540+0000] {processor.py:161} INFO - Started process (PID=2748) to work on /home/airflow/.local/lib/python3.8/site-packages/airflow/example_dags/example_external_task_marker_dag.py
[2024-12-18T13:28:14.541+0000] {processor.py:830} INFO - Processing file /home/airflow/.local/lib/python3.8/site-packages/airflow/example_dags/example_external_task_marker_dag.py for tasks to queue
[2024-12-18T13:28:14.543+0000] {logging_mixin.py:188} INFO - [2024-12-18T13:28:14.542+0000] {dagbag.py:538} INFO - Filling up the DagBag from /home/airflow/.local/lib/python3.8/site-packages/airflow/example_dags/example_external_task_marker_dag.py
[2024-12-18T13:28:14.548+0000] {processor.py:840} INFO - DAG(s) 'example_external_task_marker_parent', 'example_external_task_marker_child' retrieved from /home/airflow/.local/lib/python3.8/site-packages/airflow/example_dags/example_external_task_marker_dag.py
[2024-12-18T13:28:14.563+0000] {logging_mixin.py:188} INFO - [2024-12-18T13:28:14.563+0000] {dag.py:3036} INFO - Sync 2 DAGs
[2024-12-18T13:28:14.569+0000] {logging_mixin.py:188} INFO - [2024-12-18T13:28:14.569+0000] {dag.py:3823} INFO - Setting next_dagrun for example_external_task_marker_child to None, run_after=None
[2024-12-18T13:28:14.571+0000] {logging_mixin.py:188} INFO - [2024-12-18T13:28:14.571+0000] {dag.py:3823} INFO - Setting next_dagrun for example_external_task_marker_parent to None, run_after=None
[2024-12-18T13:28:14.583+0000] {processor.py:183} INFO - Processing /home/airflow/.local/lib/python3.8/site-packages/airflow/example_dags/example_external_task_marker_dag.py took 0.044 seconds
