[2024-12-18T09:11:00.059+0000] {processor.py:161} INFO - Started process (PID=113) to work on /home/airflow/.local/lib/python3.8/site-packages/airflow/example_dags/example_sensor_decorator.py
[2024-12-18T09:11:00.060+0000] {processor.py:830} INFO - Processing file /home/airflow/.local/lib/python3.8/site-packages/airflow/example_dags/example_sensor_decorator.py for tasks to queue
[2024-12-18T09:11:00.061+0000] {logging_mixin.py:188} INFO - [2024-12-18T09:11:00.061+0000] {dagbag.py:538} INFO - Filling up the DagBag from /home/airflow/.local/lib/python3.8/site-packages/airflow/example_dags/example_sensor_decorator.py
[2024-12-18T09:11:00.067+0000] {processor.py:840} INFO - DAG(s) 'example_sensor_decorator' retrieved from /home/airflow/.local/lib/python3.8/site-packages/airflow/example_dags/example_sensor_decorator.py
[2024-12-18T09:11:00.090+0000] {logging_mixin.py:188} INFO - [2024-12-18T09:11:00.090+0000] {dag.py:3036} INFO - Sync 1 DAGs
[2024-12-18T09:11:00.099+0000] {logging_mixin.py:188} INFO - [2024-12-18T09:11:00.099+0000] {dag.py:3823} INFO - Setting next_dagrun for example_sensor_decorator to None, run_after=None
[2024-12-18T09:11:00.115+0000] {processor.py:183} INFO - Processing /home/airflow/.local/lib/python3.8/site-packages/airflow/example_dags/example_sensor_decorator.py took 0.058 seconds
[2024-12-18T13:13:32.501+0000] {processor.py:161} INFO - Started process (PID=113) to work on /home/airflow/.local/lib/python3.8/site-packages/airflow/example_dags/example_sensor_decorator.py
[2024-12-18T13:13:32.501+0000] {processor.py:830} INFO - Processing file /home/airflow/.local/lib/python3.8/site-packages/airflow/example_dags/example_sensor_decorator.py for tasks to queue
[2024-12-18T13:13:32.503+0000] {logging_mixin.py:188} INFO - [2024-12-18T13:13:32.502+0000] {dagbag.py:538} INFO - Filling up the DagBag from /home/airflow/.local/lib/python3.8/site-packages/airflow/example_dags/example_sensor_decorator.py
[2024-12-18T13:13:32.509+0000] {processor.py:840} INFO - DAG(s) 'example_sensor_decorator' retrieved from /home/airflow/.local/lib/python3.8/site-packages/airflow/example_dags/example_sensor_decorator.py
[2024-12-18T13:13:32.531+0000] {logging_mixin.py:188} INFO - [2024-12-18T13:13:32.530+0000] {dag.py:3036} INFO - Sync 1 DAGs
[2024-12-18T13:13:32.540+0000] {logging_mixin.py:188} INFO - [2024-12-18T13:13:32.540+0000] {dag.py:3823} INFO - Setting next_dagrun for example_sensor_decorator to None, run_after=None
[2024-12-18T13:13:32.558+0000] {processor.py:183} INFO - Processing /home/airflow/.local/lib/python3.8/site-packages/airflow/example_dags/example_sensor_decorator.py took 0.060 seconds
[2024-12-18T13:14:03.137+0000] {processor.py:161} INFO - Started process (PID=199) to work on /home/airflow/.local/lib/python3.8/site-packages/airflow/example_dags/example_sensor_decorator.py
[2024-12-18T13:14:03.138+0000] {processor.py:830} INFO - Processing file /home/airflow/.local/lib/python3.8/site-packages/airflow/example_dags/example_sensor_decorator.py for tasks to queue
[2024-12-18T13:14:03.139+0000] {logging_mixin.py:188} INFO - [2024-12-18T13:14:03.138+0000] {dagbag.py:538} INFO - Filling up the DagBag from /home/airflow/.local/lib/python3.8/site-packages/airflow/example_dags/example_sensor_decorator.py
[2024-12-18T13:14:03.142+0000] {processor.py:840} INFO - DAG(s) 'example_sensor_decorator' retrieved from /home/airflow/.local/lib/python3.8/site-packages/airflow/example_dags/example_sensor_decorator.py
[2024-12-18T13:14:03.155+0000] {logging_mixin.py:188} INFO - [2024-12-18T13:14:03.155+0000] {dag.py:3036} INFO - Sync 1 DAGs
[2024-12-18T13:14:03.162+0000] {logging_mixin.py:188} INFO - [2024-12-18T13:14:03.162+0000] {dag.py:3823} INFO - Setting next_dagrun for example_sensor_decorator to None, run_after=None
[2024-12-18T13:14:03.171+0000] {processor.py:183} INFO - Processing /home/airflow/.local/lib/python3.8/site-packages/airflow/example_dags/example_sensor_decorator.py took 0.036 seconds
[2024-12-18T13:14:34.508+0000] {processor.py:161} INFO - Started process (PID=293) to work on /home/airflow/.local/lib/python3.8/site-packages/airflow/example_dags/example_sensor_decorator.py
[2024-12-18T13:14:34.508+0000] {processor.py:830} INFO - Processing file /home/airflow/.local/lib/python3.8/site-packages/airflow/example_dags/example_sensor_decorator.py for tasks to queue
[2024-12-18T13:14:34.509+0000] {logging_mixin.py:188} INFO - [2024-12-18T13:14:34.509+0000] {dagbag.py:538} INFO - Filling up the DagBag from /home/airflow/.local/lib/python3.8/site-packages/airflow/example_dags/example_sensor_decorator.py
[2024-12-18T13:14:34.513+0000] {processor.py:840} INFO - DAG(s) 'example_sensor_decorator' retrieved from /home/airflow/.local/lib/python3.8/site-packages/airflow/example_dags/example_sensor_decorator.py
[2024-12-18T13:14:34.529+0000] {logging_mixin.py:188} INFO - [2024-12-18T13:14:34.529+0000] {dag.py:3036} INFO - Sync 1 DAGs
[2024-12-18T13:14:34.537+0000] {logging_mixin.py:188} INFO - [2024-12-18T13:14:34.537+0000] {dag.py:3823} INFO - Setting next_dagrun for example_sensor_decorator to None, run_after=None
[2024-12-18T13:14:34.548+0000] {processor.py:183} INFO - Processing /home/airflow/.local/lib/python3.8/site-packages/airflow/example_dags/example_sensor_decorator.py took 0.042 seconds
[2024-12-18T13:15:05.520+0000] {processor.py:161} INFO - Started process (PID=387) to work on /home/airflow/.local/lib/python3.8/site-packages/airflow/example_dags/example_sensor_decorator.py
[2024-12-18T13:15:05.520+0000] {processor.py:830} INFO - Processing file /home/airflow/.local/lib/python3.8/site-packages/airflow/example_dags/example_sensor_decorator.py for tasks to queue
[2024-12-18T13:15:05.521+0000] {logging_mixin.py:188} INFO - [2024-12-18T13:15:05.521+0000] {dagbag.py:538} INFO - Filling up the DagBag from /home/airflow/.local/lib/python3.8/site-packages/airflow/example_dags/example_sensor_decorator.py
[2024-12-18T13:15:05.525+0000] {processor.py:840} INFO - DAG(s) 'example_sensor_decorator' retrieved from /home/airflow/.local/lib/python3.8/site-packages/airflow/example_dags/example_sensor_decorator.py
[2024-12-18T13:15:05.538+0000] {logging_mixin.py:188} INFO - [2024-12-18T13:15:05.538+0000] {dag.py:3036} INFO - Sync 1 DAGs
[2024-12-18T13:15:05.545+0000] {logging_mixin.py:188} INFO - [2024-12-18T13:15:05.545+0000] {dag.py:3823} INFO - Setting next_dagrun for example_sensor_decorator to None, run_after=None
[2024-12-18T13:15:05.556+0000] {processor.py:183} INFO - Processing /home/airflow/.local/lib/python3.8/site-packages/airflow/example_dags/example_sensor_decorator.py took 0.038 seconds
[2024-12-18T13:15:36.648+0000] {processor.py:161} INFO - Started process (PID=473) to work on /home/airflow/.local/lib/python3.8/site-packages/airflow/example_dags/example_sensor_decorator.py
[2024-12-18T13:15:36.648+0000] {processor.py:830} INFO - Processing file /home/airflow/.local/lib/python3.8/site-packages/airflow/example_dags/example_sensor_decorator.py for tasks to queue
[2024-12-18T13:15:36.649+0000] {logging_mixin.py:188} INFO - [2024-12-18T13:15:36.649+0000] {dagbag.py:538} INFO - Filling up the DagBag from /home/airflow/.local/lib/python3.8/site-packages/airflow/example_dags/example_sensor_decorator.py
[2024-12-18T13:15:36.652+0000] {processor.py:840} INFO - DAG(s) 'example_sensor_decorator' retrieved from /home/airflow/.local/lib/python3.8/site-packages/airflow/example_dags/example_sensor_decorator.py
[2024-12-18T13:15:36.668+0000] {logging_mixin.py:188} INFO - [2024-12-18T13:15:36.668+0000] {dag.py:3036} INFO - Sync 1 DAGs
[2024-12-18T13:15:36.680+0000] {logging_mixin.py:188} INFO - [2024-12-18T13:15:36.680+0000] {dag.py:3823} INFO - Setting next_dagrun for example_sensor_decorator to None, run_after=None
[2024-12-18T13:15:36.696+0000] {processor.py:183} INFO - Processing /home/airflow/.local/lib/python3.8/site-packages/airflow/example_dags/example_sensor_decorator.py took 0.051 seconds
[2024-12-18T13:16:06.713+0000] {processor.py:161} INFO - Started process (PID=546) to work on /home/airflow/.local/lib/python3.8/site-packages/airflow/example_dags/example_sensor_decorator.py
[2024-12-18T13:16:06.713+0000] {processor.py:830} INFO - Processing file /home/airflow/.local/lib/python3.8/site-packages/airflow/example_dags/example_sensor_decorator.py for tasks to queue
[2024-12-18T13:16:06.714+0000] {logging_mixin.py:188} INFO - [2024-12-18T13:16:06.714+0000] {dagbag.py:538} INFO - Filling up the DagBag from /home/airflow/.local/lib/python3.8/site-packages/airflow/example_dags/example_sensor_decorator.py
[2024-12-18T13:16:06.718+0000] {processor.py:840} INFO - DAG(s) 'example_sensor_decorator' retrieved from /home/airflow/.local/lib/python3.8/site-packages/airflow/example_dags/example_sensor_decorator.py
[2024-12-18T13:16:06.732+0000] {logging_mixin.py:188} INFO - [2024-12-18T13:16:06.731+0000] {dag.py:3036} INFO - Sync 1 DAGs
[2024-12-18T13:16:06.738+0000] {logging_mixin.py:188} INFO - [2024-12-18T13:16:06.738+0000] {dag.py:3823} INFO - Setting next_dagrun for example_sensor_decorator to None, run_after=None
[2024-12-18T13:16:06.748+0000] {processor.py:183} INFO - Processing /home/airflow/.local/lib/python3.8/site-packages/airflow/example_dags/example_sensor_decorator.py took 0.036 seconds
[2024-12-18T13:16:36.778+0000] {processor.py:161} INFO - Started process (PID=640) to work on /home/airflow/.local/lib/python3.8/site-packages/airflow/example_dags/example_sensor_decorator.py
[2024-12-18T13:16:36.779+0000] {processor.py:830} INFO - Processing file /home/airflow/.local/lib/python3.8/site-packages/airflow/example_dags/example_sensor_decorator.py for tasks to queue
[2024-12-18T13:16:36.781+0000] {logging_mixin.py:188} INFO - [2024-12-18T13:16:36.781+0000] {dagbag.py:538} INFO - Filling up the DagBag from /home/airflow/.local/lib/python3.8/site-packages/airflow/example_dags/example_sensor_decorator.py
[2024-12-18T13:16:36.787+0000] {processor.py:840} INFO - DAG(s) 'example_sensor_decorator' retrieved from /home/airflow/.local/lib/python3.8/site-packages/airflow/example_dags/example_sensor_decorator.py
[2024-12-18T13:16:36.807+0000] {logging_mixin.py:188} INFO - [2024-12-18T13:16:36.806+0000] {dag.py:3036} INFO - Sync 1 DAGs
[2024-12-18T13:16:36.820+0000] {logging_mixin.py:188} INFO - [2024-12-18T13:16:36.819+0000] {dag.py:3823} INFO - Setting next_dagrun for example_sensor_decorator to None, run_after=None
[2024-12-18T13:16:36.845+0000] {processor.py:183} INFO - Processing /home/airflow/.local/lib/python3.8/site-packages/airflow/example_dags/example_sensor_decorator.py took 0.070 seconds
[2024-12-18T13:17:07.445+0000] {processor.py:161} INFO - Started process (PID=726) to work on /home/airflow/.local/lib/python3.8/site-packages/airflow/example_dags/example_sensor_decorator.py
[2024-12-18T13:17:07.446+0000] {processor.py:830} INFO - Processing file /home/airflow/.local/lib/python3.8/site-packages/airflow/example_dags/example_sensor_decorator.py for tasks to queue
[2024-12-18T13:17:07.447+0000] {logging_mixin.py:188} INFO - [2024-12-18T13:17:07.446+0000] {dagbag.py:538} INFO - Filling up the DagBag from /home/airflow/.local/lib/python3.8/site-packages/airflow/example_dags/example_sensor_decorator.py
[2024-12-18T13:17:07.450+0000] {processor.py:840} INFO - DAG(s) 'example_sensor_decorator' retrieved from /home/airflow/.local/lib/python3.8/site-packages/airflow/example_dags/example_sensor_decorator.py
[2024-12-18T13:17:07.469+0000] {logging_mixin.py:188} INFO - [2024-12-18T13:17:07.469+0000] {dag.py:3036} INFO - Sync 1 DAGs
[2024-12-18T13:17:07.480+0000] {logging_mixin.py:188} INFO - [2024-12-18T13:17:07.480+0000] {dag.py:3823} INFO - Setting next_dagrun for example_sensor_decorator to None, run_after=None
[2024-12-18T13:17:07.497+0000] {processor.py:183} INFO - Processing /home/airflow/.local/lib/python3.8/site-packages/airflow/example_dags/example_sensor_decorator.py took 0.054 seconds
[2024-12-18T13:17:37.726+0000] {processor.py:161} INFO - Started process (PID=820) to work on /home/airflow/.local/lib/python3.8/site-packages/airflow/example_dags/example_sensor_decorator.py
[2024-12-18T13:17:37.726+0000] {processor.py:830} INFO - Processing file /home/airflow/.local/lib/python3.8/site-packages/airflow/example_dags/example_sensor_decorator.py for tasks to queue
[2024-12-18T13:17:37.727+0000] {logging_mixin.py:188} INFO - [2024-12-18T13:17:37.727+0000] {dagbag.py:538} INFO - Filling up the DagBag from /home/airflow/.local/lib/python3.8/site-packages/airflow/example_dags/example_sensor_decorator.py
[2024-12-18T13:17:37.732+0000] {processor.py:840} INFO - DAG(s) 'example_sensor_decorator' retrieved from /home/airflow/.local/lib/python3.8/site-packages/airflow/example_dags/example_sensor_decorator.py
[2024-12-18T13:17:37.756+0000] {logging_mixin.py:188} INFO - [2024-12-18T13:17:37.755+0000] {dag.py:3036} INFO - Sync 1 DAGs
[2024-12-18T13:17:37.771+0000] {logging_mixin.py:188} INFO - [2024-12-18T13:17:37.771+0000] {dag.py:3823} INFO - Setting next_dagrun for example_sensor_decorator to None, run_after=None
[2024-12-18T13:17:37.790+0000] {processor.py:183} INFO - Processing /home/airflow/.local/lib/python3.8/site-packages/airflow/example_dags/example_sensor_decorator.py took 0.066 seconds
[2024-12-18T13:18:07.956+0000] {processor.py:161} INFO - Started process (PID=914) to work on /home/airflow/.local/lib/python3.8/site-packages/airflow/example_dags/example_sensor_decorator.py
[2024-12-18T13:18:07.957+0000] {processor.py:830} INFO - Processing file /home/airflow/.local/lib/python3.8/site-packages/airflow/example_dags/example_sensor_decorator.py for tasks to queue
[2024-12-18T13:18:07.958+0000] {logging_mixin.py:188} INFO - [2024-12-18T13:18:07.957+0000] {dagbag.py:538} INFO - Filling up the DagBag from /home/airflow/.local/lib/python3.8/site-packages/airflow/example_dags/example_sensor_decorator.py
[2024-12-18T13:18:07.961+0000] {processor.py:840} INFO - DAG(s) 'example_sensor_decorator' retrieved from /home/airflow/.local/lib/python3.8/site-packages/airflow/example_dags/example_sensor_decorator.py
[2024-12-18T13:18:07.977+0000] {logging_mixin.py:188} INFO - [2024-12-18T13:18:07.977+0000] {dag.py:3036} INFO - Sync 1 DAGs
[2024-12-18T13:18:07.984+0000] {logging_mixin.py:188} INFO - [2024-12-18T13:18:07.983+0000] {dag.py:3823} INFO - Setting next_dagrun for example_sensor_decorator to None, run_after=None
[2024-12-18T13:18:07.994+0000] {processor.py:183} INFO - Processing /home/airflow/.local/lib/python3.8/site-packages/airflow/example_dags/example_sensor_decorator.py took 0.040 seconds
[2024-12-18T13:18:38.217+0000] {processor.py:161} INFO - Started process (PID=1000) to work on /home/airflow/.local/lib/python3.8/site-packages/airflow/example_dags/example_sensor_decorator.py
[2024-12-18T13:18:38.217+0000] {processor.py:830} INFO - Processing file /home/airflow/.local/lib/python3.8/site-packages/airflow/example_dags/example_sensor_decorator.py for tasks to queue
[2024-12-18T13:18:38.218+0000] {logging_mixin.py:188} INFO - [2024-12-18T13:18:38.218+0000] {dagbag.py:538} INFO - Filling up the DagBag from /home/airflow/.local/lib/python3.8/site-packages/airflow/example_dags/example_sensor_decorator.py
[2024-12-18T13:18:38.222+0000] {processor.py:840} INFO - DAG(s) 'example_sensor_decorator' retrieved from /home/airflow/.local/lib/python3.8/site-packages/airflow/example_dags/example_sensor_decorator.py
[2024-12-18T13:18:38.233+0000] {logging_mixin.py:188} INFO - [2024-12-18T13:18:38.233+0000] {dag.py:3036} INFO - Sync 1 DAGs
[2024-12-18T13:18:38.239+0000] {logging_mixin.py:188} INFO - [2024-12-18T13:18:38.239+0000] {dag.py:3823} INFO - Setting next_dagrun for example_sensor_decorator to None, run_after=None
[2024-12-18T13:18:38.249+0000] {processor.py:183} INFO - Processing /home/airflow/.local/lib/python3.8/site-packages/airflow/example_dags/example_sensor_decorator.py took 0.034 seconds
[2024-12-18T13:19:08.341+0000] {processor.py:161} INFO - Started process (PID=1094) to work on /home/airflow/.local/lib/python3.8/site-packages/airflow/example_dags/example_sensor_decorator.py
[2024-12-18T13:19:08.341+0000] {processor.py:830} INFO - Processing file /home/airflow/.local/lib/python3.8/site-packages/airflow/example_dags/example_sensor_decorator.py for tasks to queue
[2024-12-18T13:19:08.342+0000] {logging_mixin.py:188} INFO - [2024-12-18T13:19:08.342+0000] {dagbag.py:538} INFO - Filling up the DagBag from /home/airflow/.local/lib/python3.8/site-packages/airflow/example_dags/example_sensor_decorator.py
[2024-12-18T13:19:08.345+0000] {processor.py:840} INFO - DAG(s) 'example_sensor_decorator' retrieved from /home/airflow/.local/lib/python3.8/site-packages/airflow/example_dags/example_sensor_decorator.py
[2024-12-18T13:19:08.366+0000] {logging_mixin.py:188} INFO - [2024-12-18T13:19:08.365+0000] {dag.py:3036} INFO - Sync 1 DAGs
[2024-12-18T13:19:08.380+0000] {logging_mixin.py:188} INFO - [2024-12-18T13:19:08.379+0000] {dag.py:3823} INFO - Setting next_dagrun for example_sensor_decorator to None, run_after=None
[2024-12-18T13:19:08.401+0000] {processor.py:183} INFO - Processing /home/airflow/.local/lib/python3.8/site-packages/airflow/example_dags/example_sensor_decorator.py took 0.063 seconds
[2024-12-18T13:19:38.450+0000] {processor.py:161} INFO - Started process (PID=1188) to work on /home/airflow/.local/lib/python3.8/site-packages/airflow/example_dags/example_sensor_decorator.py
[2024-12-18T13:19:38.451+0000] {processor.py:830} INFO - Processing file /home/airflow/.local/lib/python3.8/site-packages/airflow/example_dags/example_sensor_decorator.py for tasks to queue
[2024-12-18T13:19:38.452+0000] {logging_mixin.py:188} INFO - [2024-12-18T13:19:38.452+0000] {dagbag.py:538} INFO - Filling up the DagBag from /home/airflow/.local/lib/python3.8/site-packages/airflow/example_dags/example_sensor_decorator.py
[2024-12-18T13:19:38.456+0000] {processor.py:840} INFO - DAG(s) 'example_sensor_decorator' retrieved from /home/airflow/.local/lib/python3.8/site-packages/airflow/example_dags/example_sensor_decorator.py
[2024-12-18T13:19:38.471+0000] {logging_mixin.py:188} INFO - [2024-12-18T13:19:38.471+0000] {dag.py:3036} INFO - Sync 1 DAGs
[2024-12-18T13:19:38.479+0000] {logging_mixin.py:188} INFO - [2024-12-18T13:19:38.479+0000] {dag.py:3823} INFO - Setting next_dagrun for example_sensor_decorator to None, run_after=None
[2024-12-18T13:19:38.493+0000] {processor.py:183} INFO - Processing /home/airflow/.local/lib/python3.8/site-packages/airflow/example_dags/example_sensor_decorator.py took 0.045 seconds
[2024-12-18T13:20:08.646+0000] {processor.py:161} INFO - Started process (PID=1274) to work on /home/airflow/.local/lib/python3.8/site-packages/airflow/example_dags/example_sensor_decorator.py
[2024-12-18T13:20:08.646+0000] {processor.py:830} INFO - Processing file /home/airflow/.local/lib/python3.8/site-packages/airflow/example_dags/example_sensor_decorator.py for tasks to queue
[2024-12-18T13:20:08.647+0000] {logging_mixin.py:188} INFO - [2024-12-18T13:20:08.647+0000] {dagbag.py:538} INFO - Filling up the DagBag from /home/airflow/.local/lib/python3.8/site-packages/airflow/example_dags/example_sensor_decorator.py
[2024-12-18T13:20:08.651+0000] {processor.py:840} INFO - DAG(s) 'example_sensor_decorator' retrieved from /home/airflow/.local/lib/python3.8/site-packages/airflow/example_dags/example_sensor_decorator.py
[2024-12-18T13:20:08.667+0000] {logging_mixin.py:188} INFO - [2024-12-18T13:20:08.667+0000] {dag.py:3036} INFO - Sync 1 DAGs
[2024-12-18T13:20:08.679+0000] {logging_mixin.py:188} INFO - [2024-12-18T13:20:08.679+0000] {dag.py:3823} INFO - Setting next_dagrun for example_sensor_decorator to None, run_after=None
[2024-12-18T13:20:08.698+0000] {processor.py:183} INFO - Processing /home/airflow/.local/lib/python3.8/site-packages/airflow/example_dags/example_sensor_decorator.py took 0.054 seconds
[2024-12-18T13:20:38.713+0000] {processor.py:161} INFO - Started process (PID=1368) to work on /home/airflow/.local/lib/python3.8/site-packages/airflow/example_dags/example_sensor_decorator.py
[2024-12-18T13:20:38.714+0000] {processor.py:830} INFO - Processing file /home/airflow/.local/lib/python3.8/site-packages/airflow/example_dags/example_sensor_decorator.py for tasks to queue
[2024-12-18T13:20:38.715+0000] {logging_mixin.py:188} INFO - [2024-12-18T13:20:38.715+0000] {dagbag.py:538} INFO - Filling up the DagBag from /home/airflow/.local/lib/python3.8/site-packages/airflow/example_dags/example_sensor_decorator.py
[2024-12-18T13:20:38.718+0000] {processor.py:840} INFO - DAG(s) 'example_sensor_decorator' retrieved from /home/airflow/.local/lib/python3.8/site-packages/airflow/example_dags/example_sensor_decorator.py
[2024-12-18T13:20:38.731+0000] {logging_mixin.py:188} INFO - [2024-12-18T13:20:38.731+0000] {dag.py:3036} INFO - Sync 1 DAGs
[2024-12-18T13:20:38.739+0000] {logging_mixin.py:188} INFO - [2024-12-18T13:20:38.738+0000] {dag.py:3823} INFO - Setting next_dagrun for example_sensor_decorator to None, run_after=None
[2024-12-18T13:20:38.748+0000] {processor.py:183} INFO - Processing /home/airflow/.local/lib/python3.8/site-packages/airflow/example_dags/example_sensor_decorator.py took 0.036 seconds
[2024-12-18T13:21:08.926+0000] {processor.py:161} INFO - Started process (PID=1455) to work on /home/airflow/.local/lib/python3.8/site-packages/airflow/example_dags/example_sensor_decorator.py
[2024-12-18T13:21:08.926+0000] {processor.py:830} INFO - Processing file /home/airflow/.local/lib/python3.8/site-packages/airflow/example_dags/example_sensor_decorator.py for tasks to queue
[2024-12-18T13:21:08.927+0000] {logging_mixin.py:188} INFO - [2024-12-18T13:21:08.927+0000] {dagbag.py:538} INFO - Filling up the DagBag from /home/airflow/.local/lib/python3.8/site-packages/airflow/example_dags/example_sensor_decorator.py
[2024-12-18T13:21:08.930+0000] {processor.py:840} INFO - DAG(s) 'example_sensor_decorator' retrieved from /home/airflow/.local/lib/python3.8/site-packages/airflow/example_dags/example_sensor_decorator.py
[2024-12-18T13:21:08.949+0000] {logging_mixin.py:188} INFO - [2024-12-18T13:21:08.948+0000] {dag.py:3036} INFO - Sync 1 DAGs
[2024-12-18T13:21:08.962+0000] {logging_mixin.py:188} INFO - [2024-12-18T13:21:08.962+0000] {dag.py:3823} INFO - Setting next_dagrun for example_sensor_decorator to None, run_after=None
[2024-12-18T13:21:08.983+0000] {processor.py:183} INFO - Processing /home/airflow/.local/lib/python3.8/site-packages/airflow/example_dags/example_sensor_decorator.py took 0.059 seconds
[2024-12-18T13:21:39.010+0000] {processor.py:161} INFO - Started process (PID=1549) to work on /home/airflow/.local/lib/python3.8/site-packages/airflow/example_dags/example_sensor_decorator.py
[2024-12-18T13:21:39.011+0000] {processor.py:830} INFO - Processing file /home/airflow/.local/lib/python3.8/site-packages/airflow/example_dags/example_sensor_decorator.py for tasks to queue
[2024-12-18T13:21:39.012+0000] {logging_mixin.py:188} INFO - [2024-12-18T13:21:39.012+0000] {dagbag.py:538} INFO - Filling up the DagBag from /home/airflow/.local/lib/python3.8/site-packages/airflow/example_dags/example_sensor_decorator.py
[2024-12-18T13:21:39.016+0000] {processor.py:840} INFO - DAG(s) 'example_sensor_decorator' retrieved from /home/airflow/.local/lib/python3.8/site-packages/airflow/example_dags/example_sensor_decorator.py
[2024-12-18T13:21:39.033+0000] {logging_mixin.py:188} INFO - [2024-12-18T13:21:39.033+0000] {dag.py:3036} INFO - Sync 1 DAGs
[2024-12-18T13:21:39.040+0000] {logging_mixin.py:188} INFO - [2024-12-18T13:21:39.040+0000] {dag.py:3823} INFO - Setting next_dagrun for example_sensor_decorator to None, run_after=None
[2024-12-18T13:21:39.052+0000] {processor.py:183} INFO - Processing /home/airflow/.local/lib/python3.8/site-packages/airflow/example_dags/example_sensor_decorator.py took 0.043 seconds
[2024-12-18T13:22:09.170+0000] {processor.py:161} INFO - Started process (PID=1643) to work on /home/airflow/.local/lib/python3.8/site-packages/airflow/example_dags/example_sensor_decorator.py
[2024-12-18T13:22:09.171+0000] {processor.py:830} INFO - Processing file /home/airflow/.local/lib/python3.8/site-packages/airflow/example_dags/example_sensor_decorator.py for tasks to queue
[2024-12-18T13:22:09.172+0000] {logging_mixin.py:188} INFO - [2024-12-18T13:22:09.172+0000] {dagbag.py:538} INFO - Filling up the DagBag from /home/airflow/.local/lib/python3.8/site-packages/airflow/example_dags/example_sensor_decorator.py
[2024-12-18T13:22:09.175+0000] {processor.py:840} INFO - DAG(s) 'example_sensor_decorator' retrieved from /home/airflow/.local/lib/python3.8/site-packages/airflow/example_dags/example_sensor_decorator.py
[2024-12-18T13:22:09.191+0000] {logging_mixin.py:188} INFO - [2024-12-18T13:22:09.191+0000] {dag.py:3036} INFO - Sync 1 DAGs
[2024-12-18T13:22:09.202+0000] {logging_mixin.py:188} INFO - [2024-12-18T13:22:09.202+0000] {dag.py:3823} INFO - Setting next_dagrun for example_sensor_decorator to None, run_after=None
[2024-12-18T13:22:09.219+0000] {processor.py:183} INFO - Processing /home/airflow/.local/lib/python3.8/site-packages/airflow/example_dags/example_sensor_decorator.py took 0.050 seconds
[2024-12-18T13:22:39.284+0000] {processor.py:161} INFO - Started process (PID=1729) to work on /home/airflow/.local/lib/python3.8/site-packages/airflow/example_dags/example_sensor_decorator.py
[2024-12-18T13:22:39.285+0000] {processor.py:830} INFO - Processing file /home/airflow/.local/lib/python3.8/site-packages/airflow/example_dags/example_sensor_decorator.py for tasks to queue
[2024-12-18T13:22:39.286+0000] {logging_mixin.py:188} INFO - [2024-12-18T13:22:39.286+0000] {dagbag.py:538} INFO - Filling up the DagBag from /home/airflow/.local/lib/python3.8/site-packages/airflow/example_dags/example_sensor_decorator.py
[2024-12-18T13:22:39.290+0000] {processor.py:840} INFO - DAG(s) 'example_sensor_decorator' retrieved from /home/airflow/.local/lib/python3.8/site-packages/airflow/example_dags/example_sensor_decorator.py
[2024-12-18T13:22:39.309+0000] {logging_mixin.py:188} INFO - [2024-12-18T13:22:39.309+0000] {dag.py:3036} INFO - Sync 1 DAGs
[2024-12-18T13:22:39.318+0000] {logging_mixin.py:188} INFO - [2024-12-18T13:22:39.318+0000] {dag.py:3823} INFO - Setting next_dagrun for example_sensor_decorator to None, run_after=None
[2024-12-18T13:22:39.335+0000] {processor.py:183} INFO - Processing /home/airflow/.local/lib/python3.8/site-packages/airflow/example_dags/example_sensor_decorator.py took 0.052 seconds
[2024-12-18T13:23:09.432+0000] {processor.py:161} INFO - Started process (PID=1823) to work on /home/airflow/.local/lib/python3.8/site-packages/airflow/example_dags/example_sensor_decorator.py
[2024-12-18T13:23:09.433+0000] {processor.py:830} INFO - Processing file /home/airflow/.local/lib/python3.8/site-packages/airflow/example_dags/example_sensor_decorator.py for tasks to queue
[2024-12-18T13:23:09.434+0000] {logging_mixin.py:188} INFO - [2024-12-18T13:23:09.434+0000] {dagbag.py:538} INFO - Filling up the DagBag from /home/airflow/.local/lib/python3.8/site-packages/airflow/example_dags/example_sensor_decorator.py
[2024-12-18T13:23:09.440+0000] {processor.py:840} INFO - DAG(s) 'example_sensor_decorator' retrieved from /home/airflow/.local/lib/python3.8/site-packages/airflow/example_dags/example_sensor_decorator.py
[2024-12-18T13:23:09.458+0000] {logging_mixin.py:188} INFO - [2024-12-18T13:23:09.458+0000] {dag.py:3036} INFO - Sync 1 DAGs
[2024-12-18T13:23:09.466+0000] {logging_mixin.py:188} INFO - [2024-12-18T13:23:09.466+0000] {dag.py:3823} INFO - Setting next_dagrun for example_sensor_decorator to None, run_after=None
[2024-12-18T13:23:09.477+0000] {processor.py:183} INFO - Processing /home/airflow/.local/lib/python3.8/site-packages/airflow/example_dags/example_sensor_decorator.py took 0.048 seconds
[2024-12-18T13:23:39.578+0000] {processor.py:161} INFO - Started process (PID=1917) to work on /home/airflow/.local/lib/python3.8/site-packages/airflow/example_dags/example_sensor_decorator.py
[2024-12-18T13:23:39.579+0000] {processor.py:830} INFO - Processing file /home/airflow/.local/lib/python3.8/site-packages/airflow/example_dags/example_sensor_decorator.py for tasks to queue
[2024-12-18T13:23:39.580+0000] {logging_mixin.py:188} INFO - [2024-12-18T13:23:39.580+0000] {dagbag.py:538} INFO - Filling up the DagBag from /home/airflow/.local/lib/python3.8/site-packages/airflow/example_dags/example_sensor_decorator.py
[2024-12-18T13:23:39.583+0000] {processor.py:840} INFO - DAG(s) 'example_sensor_decorator' retrieved from /home/airflow/.local/lib/python3.8/site-packages/airflow/example_dags/example_sensor_decorator.py
[2024-12-18T13:23:39.599+0000] {logging_mixin.py:188} INFO - [2024-12-18T13:23:39.599+0000] {dag.py:3036} INFO - Sync 1 DAGs
[2024-12-18T13:23:39.609+0000] {logging_mixin.py:188} INFO - [2024-12-18T13:23:39.609+0000] {dag.py:3823} INFO - Setting next_dagrun for example_sensor_decorator to None, run_after=None
[2024-12-18T13:23:39.625+0000] {processor.py:183} INFO - Processing /home/airflow/.local/lib/python3.8/site-packages/airflow/example_dags/example_sensor_decorator.py took 0.049 seconds
[2024-12-18T13:24:09.705+0000] {processor.py:161} INFO - Started process (PID=2003) to work on /home/airflow/.local/lib/python3.8/site-packages/airflow/example_dags/example_sensor_decorator.py
[2024-12-18T13:24:09.706+0000] {processor.py:830} INFO - Processing file /home/airflow/.local/lib/python3.8/site-packages/airflow/example_dags/example_sensor_decorator.py for tasks to queue
[2024-12-18T13:24:09.706+0000] {logging_mixin.py:188} INFO - [2024-12-18T13:24:09.706+0000] {dagbag.py:538} INFO - Filling up the DagBag from /home/airflow/.local/lib/python3.8/site-packages/airflow/example_dags/example_sensor_decorator.py
[2024-12-18T13:24:09.710+0000] {processor.py:840} INFO - DAG(s) 'example_sensor_decorator' retrieved from /home/airflow/.local/lib/python3.8/site-packages/airflow/example_dags/example_sensor_decorator.py
[2024-12-18T13:24:09.723+0000] {logging_mixin.py:188} INFO - [2024-12-18T13:24:09.723+0000] {dag.py:3036} INFO - Sync 1 DAGs
[2024-12-18T13:24:09.731+0000] {logging_mixin.py:188} INFO - [2024-12-18T13:24:09.731+0000] {dag.py:3823} INFO - Setting next_dagrun for example_sensor_decorator to None, run_after=None
[2024-12-18T13:24:09.744+0000] {processor.py:183} INFO - Processing /home/airflow/.local/lib/python3.8/site-packages/airflow/example_dags/example_sensor_decorator.py took 0.041 seconds
[2024-12-18T13:24:39.902+0000] {processor.py:161} INFO - Started process (PID=2097) to work on /home/airflow/.local/lib/python3.8/site-packages/airflow/example_dags/example_sensor_decorator.py
[2024-12-18T13:24:39.903+0000] {processor.py:830} INFO - Processing file /home/airflow/.local/lib/python3.8/site-packages/airflow/example_dags/example_sensor_decorator.py for tasks to queue
[2024-12-18T13:24:39.904+0000] {logging_mixin.py:188} INFO - [2024-12-18T13:24:39.904+0000] {dagbag.py:538} INFO - Filling up the DagBag from /home/airflow/.local/lib/python3.8/site-packages/airflow/example_dags/example_sensor_decorator.py
[2024-12-18T13:24:39.907+0000] {processor.py:840} INFO - DAG(s) 'example_sensor_decorator' retrieved from /home/airflow/.local/lib/python3.8/site-packages/airflow/example_dags/example_sensor_decorator.py
[2024-12-18T13:24:39.921+0000] {logging_mixin.py:188} INFO - [2024-12-18T13:24:39.920+0000] {dag.py:3036} INFO - Sync 1 DAGs
[2024-12-18T13:24:39.929+0000] {logging_mixin.py:188} INFO - [2024-12-18T13:24:39.929+0000] {dag.py:3823} INFO - Setting next_dagrun for example_sensor_decorator to None, run_after=None
[2024-12-18T13:24:39.941+0000] {processor.py:183} INFO - Processing /home/airflow/.local/lib/python3.8/site-packages/airflow/example_dags/example_sensor_decorator.py took 0.040 seconds
[2024-12-18T13:25:10.261+0000] {processor.py:161} INFO - Started process (PID=2190) to work on /home/airflow/.local/lib/python3.8/site-packages/airflow/example_dags/example_sensor_decorator.py
[2024-12-18T13:25:10.262+0000] {processor.py:830} INFO - Processing file /home/airflow/.local/lib/python3.8/site-packages/airflow/example_dags/example_sensor_decorator.py for tasks to queue
[2024-12-18T13:25:10.263+0000] {logging_mixin.py:188} INFO - [2024-12-18T13:25:10.262+0000] {dagbag.py:538} INFO - Filling up the DagBag from /home/airflow/.local/lib/python3.8/site-packages/airflow/example_dags/example_sensor_decorator.py
[2024-12-18T13:25:10.266+0000] {processor.py:840} INFO - DAG(s) 'example_sensor_decorator' retrieved from /home/airflow/.local/lib/python3.8/site-packages/airflow/example_dags/example_sensor_decorator.py
[2024-12-18T13:25:10.278+0000] {logging_mixin.py:188} INFO - [2024-12-18T13:25:10.278+0000] {dag.py:3036} INFO - Sync 1 DAGs
[2024-12-18T13:25:10.285+0000] {logging_mixin.py:188} INFO - [2024-12-18T13:25:10.285+0000] {dag.py:3823} INFO - Setting next_dagrun for example_sensor_decorator to None, run_after=None
[2024-12-18T13:25:10.294+0000] {processor.py:183} INFO - Processing /home/airflow/.local/lib/python3.8/site-packages/airflow/example_dags/example_sensor_decorator.py took 0.036 seconds
[2024-12-18T13:25:41.256+0000] {processor.py:161} INFO - Started process (PID=2277) to work on /home/airflow/.local/lib/python3.8/site-packages/airflow/example_dags/example_sensor_decorator.py
[2024-12-18T13:25:41.257+0000] {processor.py:830} INFO - Processing file /home/airflow/.local/lib/python3.8/site-packages/airflow/example_dags/example_sensor_decorator.py for tasks to queue
[2024-12-18T13:25:41.257+0000] {logging_mixin.py:188} INFO - [2024-12-18T13:25:41.257+0000] {dagbag.py:538} INFO - Filling up the DagBag from /home/airflow/.local/lib/python3.8/site-packages/airflow/example_dags/example_sensor_decorator.py
[2024-12-18T13:25:41.261+0000] {processor.py:840} INFO - DAG(s) 'example_sensor_decorator' retrieved from /home/airflow/.local/lib/python3.8/site-packages/airflow/example_dags/example_sensor_decorator.py
[2024-12-18T13:25:41.274+0000] {logging_mixin.py:188} INFO - [2024-12-18T13:25:41.274+0000] {dag.py:3036} INFO - Sync 1 DAGs
[2024-12-18T13:25:41.282+0000] {logging_mixin.py:188} INFO - [2024-12-18T13:25:41.282+0000] {dag.py:3823} INFO - Setting next_dagrun for example_sensor_decorator to None, run_after=None
[2024-12-18T13:25:41.297+0000] {processor.py:183} INFO - Processing /home/airflow/.local/lib/python3.8/site-packages/airflow/example_dags/example_sensor_decorator.py took 0.042 seconds
[2024-12-18T13:26:11.337+0000] {processor.py:161} INFO - Started process (PID=2370) to work on /home/airflow/.local/lib/python3.8/site-packages/airflow/example_dags/example_sensor_decorator.py
[2024-12-18T13:26:11.339+0000] {processor.py:830} INFO - Processing file /home/airflow/.local/lib/python3.8/site-packages/airflow/example_dags/example_sensor_decorator.py for tasks to queue
[2024-12-18T13:26:11.341+0000] {logging_mixin.py:188} INFO - [2024-12-18T13:26:11.340+0000] {dagbag.py:538} INFO - Filling up the DagBag from /home/airflow/.local/lib/python3.8/site-packages/airflow/example_dags/example_sensor_decorator.py
[2024-12-18T13:26:11.348+0000] {processor.py:840} INFO - DAG(s) 'example_sensor_decorator' retrieved from /home/airflow/.local/lib/python3.8/site-packages/airflow/example_dags/example_sensor_decorator.py
[2024-12-18T13:26:11.370+0000] {logging_mixin.py:188} INFO - [2024-12-18T13:26:11.370+0000] {dag.py:3036} INFO - Sync 1 DAGs
[2024-12-18T13:26:11.381+0000] {logging_mixin.py:188} INFO - [2024-12-18T13:26:11.381+0000] {dag.py:3823} INFO - Setting next_dagrun for example_sensor_decorator to None, run_after=None
[2024-12-18T13:26:11.392+0000] {processor.py:183} INFO - Processing /home/airflow/.local/lib/python3.8/site-packages/airflow/example_dags/example_sensor_decorator.py took 0.058 seconds
[2024-12-18T13:26:41.480+0000] {processor.py:161} INFO - Started process (PID=2456) to work on /home/airflow/.local/lib/python3.8/site-packages/airflow/example_dags/example_sensor_decorator.py
[2024-12-18T13:26:41.483+0000] {processor.py:830} INFO - Processing file /home/airflow/.local/lib/python3.8/site-packages/airflow/example_dags/example_sensor_decorator.py for tasks to queue
[2024-12-18T13:26:41.484+0000] {logging_mixin.py:188} INFO - [2024-12-18T13:26:41.484+0000] {dagbag.py:538} INFO - Filling up the DagBag from /home/airflow/.local/lib/python3.8/site-packages/airflow/example_dags/example_sensor_decorator.py
[2024-12-18T13:26:41.492+0000] {processor.py:840} INFO - DAG(s) 'example_sensor_decorator' retrieved from /home/airflow/.local/lib/python3.8/site-packages/airflow/example_dags/example_sensor_decorator.py
[2024-12-18T13:26:41.518+0000] {logging_mixin.py:188} INFO - [2024-12-18T13:26:41.518+0000] {dag.py:3036} INFO - Sync 1 DAGs
[2024-12-18T13:26:41.535+0000] {logging_mixin.py:188} INFO - [2024-12-18T13:26:41.535+0000] {dag.py:3823} INFO - Setting next_dagrun for example_sensor_decorator to None, run_after=None
[2024-12-18T13:26:41.555+0000] {processor.py:183} INFO - Processing /home/airflow/.local/lib/python3.8/site-packages/airflow/example_dags/example_sensor_decorator.py took 0.078 seconds
[2024-12-18T13:27:11.740+0000] {processor.py:161} INFO - Started process (PID=2550) to work on /home/airflow/.local/lib/python3.8/site-packages/airflow/example_dags/example_sensor_decorator.py
[2024-12-18T13:27:11.743+0000] {processor.py:830} INFO - Processing file /home/airflow/.local/lib/python3.8/site-packages/airflow/example_dags/example_sensor_decorator.py for tasks to queue
[2024-12-18T13:27:11.745+0000] {logging_mixin.py:188} INFO - [2024-12-18T13:27:11.744+0000] {dagbag.py:538} INFO - Filling up the DagBag from /home/airflow/.local/lib/python3.8/site-packages/airflow/example_dags/example_sensor_decorator.py
[2024-12-18T13:27:11.751+0000] {processor.py:840} INFO - DAG(s) 'example_sensor_decorator' retrieved from /home/airflow/.local/lib/python3.8/site-packages/airflow/example_dags/example_sensor_decorator.py
[2024-12-18T13:27:11.773+0000] {logging_mixin.py:188} INFO - [2024-12-18T13:27:11.772+0000] {dag.py:3036} INFO - Sync 1 DAGs
[2024-12-18T13:27:11.781+0000] {logging_mixin.py:188} INFO - [2024-12-18T13:27:11.781+0000] {dag.py:3823} INFO - Setting next_dagrun for example_sensor_decorator to None, run_after=None
[2024-12-18T13:27:11.790+0000] {processor.py:183} INFO - Processing /home/airflow/.local/lib/python3.8/site-packages/airflow/example_dags/example_sensor_decorator.py took 0.053 seconds
[2024-12-18T13:27:41.907+0000] {processor.py:161} INFO - Started process (PID=2644) to work on /home/airflow/.local/lib/python3.8/site-packages/airflow/example_dags/example_sensor_decorator.py
[2024-12-18T13:27:41.909+0000] {processor.py:830} INFO - Processing file /home/airflow/.local/lib/python3.8/site-packages/airflow/example_dags/example_sensor_decorator.py for tasks to queue
[2024-12-18T13:27:41.911+0000] {logging_mixin.py:188} INFO - [2024-12-18T13:27:41.910+0000] {dagbag.py:538} INFO - Filling up the DagBag from /home/airflow/.local/lib/python3.8/site-packages/airflow/example_dags/example_sensor_decorator.py
[2024-12-18T13:27:41.917+0000] {processor.py:840} INFO - DAG(s) 'example_sensor_decorator' retrieved from /home/airflow/.local/lib/python3.8/site-packages/airflow/example_dags/example_sensor_decorator.py
[2024-12-18T13:27:41.941+0000] {logging_mixin.py:188} INFO - [2024-12-18T13:27:41.940+0000] {dag.py:3036} INFO - Sync 1 DAGs
[2024-12-18T13:27:41.948+0000] {logging_mixin.py:188} INFO - [2024-12-18T13:27:41.948+0000] {dag.py:3823} INFO - Setting next_dagrun for example_sensor_decorator to None, run_after=None
[2024-12-18T13:27:41.959+0000] {processor.py:183} INFO - Processing /home/airflow/.local/lib/python3.8/site-packages/airflow/example_dags/example_sensor_decorator.py took 0.054 seconds
[2024-12-18T13:28:12.082+0000] {processor.py:161} INFO - Started process (PID=2730) to work on /home/airflow/.local/lib/python3.8/site-packages/airflow/example_dags/example_sensor_decorator.py
[2024-12-18T13:28:12.083+0000] {processor.py:830} INFO - Processing file /home/airflow/.local/lib/python3.8/site-packages/airflow/example_dags/example_sensor_decorator.py for tasks to queue
[2024-12-18T13:28:12.086+0000] {logging_mixin.py:188} INFO - [2024-12-18T13:28:12.085+0000] {dagbag.py:538} INFO - Filling up the DagBag from /home/airflow/.local/lib/python3.8/site-packages/airflow/example_dags/example_sensor_decorator.py
[2024-12-18T13:28:12.091+0000] {processor.py:840} INFO - DAG(s) 'example_sensor_decorator' retrieved from /home/airflow/.local/lib/python3.8/site-packages/airflow/example_dags/example_sensor_decorator.py
[2024-12-18T13:28:12.113+0000] {logging_mixin.py:188} INFO - [2024-12-18T13:28:12.113+0000] {dag.py:3036} INFO - Sync 1 DAGs
[2024-12-18T13:28:12.125+0000] {logging_mixin.py:188} INFO - [2024-12-18T13:28:12.125+0000] {dag.py:3823} INFO - Setting next_dagrun for example_sensor_decorator to None, run_after=None
[2024-12-18T13:28:12.137+0000] {processor.py:183} INFO - Processing /home/airflow/.local/lib/python3.8/site-packages/airflow/example_dags/example_sensor_decorator.py took 0.059 seconds
