[2024-12-18T09:10:59.775+0000] {processor.py:161} INFO - Started process (PID=109) to work on /home/airflow/.local/lib/python3.8/site-packages/airflow/example_dags/tutorial.py
[2024-12-18T09:10:59.775+0000] {processor.py:830} INFO - Processing file /home/airflow/.local/lib/python3.8/site-packages/airflow/example_dags/tutorial.py for tasks to queue
[2024-12-18T09:10:59.777+0000] {logging_mixin.py:188} INFO - [2024-12-18T09:10:59.777+0000] {dagbag.py:538} INFO - Filling up the DagBag from /home/airflow/.local/lib/python3.8/site-packages/airflow/example_dags/tutorial.py
[2024-12-18T09:10:59.783+0000] {processor.py:840} INFO - DAG(s) 'tutorial' retrieved from /home/airflow/.local/lib/python3.8/site-packages/airflow/example_dags/tutorial.py
[2024-12-18T09:10:59.801+0000] {logging_mixin.py:188} INFO - [2024-12-18T09:10:59.800+0000] {dag.py:3036} INFO - Sync 1 DAGs
[2024-12-18T09:10:59.820+0000] {logging_mixin.py:188} INFO - [2024-12-18T09:10:59.820+0000] {dag.py:3823} INFO - Setting next_dagrun for tutorial to 2024-12-17 00:00:00+00:00, run_after=2024-12-18 00:00:00+00:00
[2024-12-18T09:10:59.864+0000] {processor.py:183} INFO - Processing /home/airflow/.local/lib/python3.8/site-packages/airflow/example_dags/tutorial.py took 0.092 seconds
[2024-12-18T13:13:32.307+0000] {processor.py:161} INFO - Started process (PID=109) to work on /home/airflow/.local/lib/python3.8/site-packages/airflow/example_dags/tutorial.py
[2024-12-18T13:13:32.308+0000] {processor.py:830} INFO - Processing file /home/airflow/.local/lib/python3.8/site-packages/airflow/example_dags/tutorial.py for tasks to queue
[2024-12-18T13:13:32.309+0000] {logging_mixin.py:188} INFO - [2024-12-18T13:13:32.309+0000] {dagbag.py:538} INFO - Filling up the DagBag from /home/airflow/.local/lib/python3.8/site-packages/airflow/example_dags/tutorial.py
[2024-12-18T13:13:32.314+0000] {processor.py:840} INFO - DAG(s) 'tutorial' retrieved from /home/airflow/.local/lib/python3.8/site-packages/airflow/example_dags/tutorial.py
[2024-12-18T13:13:32.333+0000] {logging_mixin.py:188} INFO - [2024-12-18T13:13:32.332+0000] {dag.py:3036} INFO - Sync 1 DAGs
[2024-12-18T13:13:32.370+0000] {logging_mixin.py:188} INFO - [2024-12-18T13:13:32.370+0000] {dag.py:3823} INFO - Setting next_dagrun for tutorial to 2024-12-17 00:00:00+00:00, run_after=2024-12-18 00:00:00+00:00
[2024-12-18T13:13:32.386+0000] {processor.py:183} INFO - Processing /home/airflow/.local/lib/python3.8/site-packages/airflow/example_dags/tutorial.py took 0.081 seconds
[2024-12-18T13:14:03.033+0000] {processor.py:161} INFO - Started process (PID=195) to work on /home/airflow/.local/lib/python3.8/site-packages/airflow/example_dags/tutorial.py
[2024-12-18T13:14:03.034+0000] {processor.py:830} INFO - Processing file /home/airflow/.local/lib/python3.8/site-packages/airflow/example_dags/tutorial.py for tasks to queue
[2024-12-18T13:14:03.035+0000] {logging_mixin.py:188} INFO - [2024-12-18T13:14:03.035+0000] {dagbag.py:538} INFO - Filling up the DagBag from /home/airflow/.local/lib/python3.8/site-packages/airflow/example_dags/tutorial.py
[2024-12-18T13:14:03.039+0000] {processor.py:840} INFO - DAG(s) 'tutorial' retrieved from /home/airflow/.local/lib/python3.8/site-packages/airflow/example_dags/tutorial.py
[2024-12-18T13:14:03.052+0000] {logging_mixin.py:188} INFO - [2024-12-18T13:14:03.052+0000] {dag.py:3036} INFO - Sync 1 DAGs
[2024-12-18T13:14:03.066+0000] {logging_mixin.py:188} INFO - [2024-12-18T13:14:03.066+0000] {dag.py:3823} INFO - Setting next_dagrun for tutorial to 2024-12-17 00:00:00+00:00, run_after=2024-12-18 00:00:00+00:00
[2024-12-18T13:14:03.075+0000] {processor.py:183} INFO - Processing /home/airflow/.local/lib/python3.8/site-packages/airflow/example_dags/tutorial.py took 0.045 seconds
[2024-12-18T13:14:34.275+0000] {processor.py:161} INFO - Started process (PID=289) to work on /home/airflow/.local/lib/python3.8/site-packages/airflow/example_dags/tutorial.py
[2024-12-18T13:14:34.276+0000] {processor.py:830} INFO - Processing file /home/airflow/.local/lib/python3.8/site-packages/airflow/example_dags/tutorial.py for tasks to queue
[2024-12-18T13:14:34.278+0000] {logging_mixin.py:188} INFO - [2024-12-18T13:14:34.278+0000] {dagbag.py:538} INFO - Filling up the DagBag from /home/airflow/.local/lib/python3.8/site-packages/airflow/example_dags/tutorial.py
[2024-12-18T13:14:34.284+0000] {processor.py:840} INFO - DAG(s) 'tutorial' retrieved from /home/airflow/.local/lib/python3.8/site-packages/airflow/example_dags/tutorial.py
[2024-12-18T13:14:34.303+0000] {logging_mixin.py:188} INFO - [2024-12-18T13:14:34.303+0000] {dag.py:3036} INFO - Sync 1 DAGs
[2024-12-18T13:14:34.317+0000] {logging_mixin.py:188} INFO - [2024-12-18T13:14:34.316+0000] {dag.py:3823} INFO - Setting next_dagrun for tutorial to 2024-12-17 00:00:00+00:00, run_after=2024-12-18 00:00:00+00:00
[2024-12-18T13:14:34.326+0000] {processor.py:183} INFO - Processing /home/airflow/.local/lib/python3.8/site-packages/airflow/example_dags/tutorial.py took 0.055 seconds
[2024-12-18T13:15:05.329+0000] {processor.py:161} INFO - Started process (PID=383) to work on /home/airflow/.local/lib/python3.8/site-packages/airflow/example_dags/tutorial.py
[2024-12-18T13:15:05.330+0000] {processor.py:830} INFO - Processing file /home/airflow/.local/lib/python3.8/site-packages/airflow/example_dags/tutorial.py for tasks to queue
[2024-12-18T13:15:05.332+0000] {logging_mixin.py:188} INFO - [2024-12-18T13:15:05.332+0000] {dagbag.py:538} INFO - Filling up the DagBag from /home/airflow/.local/lib/python3.8/site-packages/airflow/example_dags/tutorial.py
[2024-12-18T13:15:05.336+0000] {processor.py:840} INFO - DAG(s) 'tutorial' retrieved from /home/airflow/.local/lib/python3.8/site-packages/airflow/example_dags/tutorial.py
[2024-12-18T13:15:05.347+0000] {logging_mixin.py:188} INFO - [2024-12-18T13:15:05.347+0000] {dag.py:3036} INFO - Sync 1 DAGs
[2024-12-18T13:15:05.359+0000] {logging_mixin.py:188} INFO - [2024-12-18T13:15:05.359+0000] {dag.py:3823} INFO - Setting next_dagrun for tutorial to 2024-12-17 00:00:00+00:00, run_after=2024-12-18 00:00:00+00:00
[2024-12-18T13:15:05.369+0000] {processor.py:183} INFO - Processing /home/airflow/.local/lib/python3.8/site-packages/airflow/example_dags/tutorial.py took 0.042 seconds
[2024-12-18T13:15:36.346+0000] {processor.py:161} INFO - Started process (PID=450) to work on /home/airflow/.local/lib/python3.8/site-packages/airflow/example_dags/tutorial.py
[2024-12-18T13:15:36.347+0000] {processor.py:830} INFO - Processing file /home/airflow/.local/lib/python3.8/site-packages/airflow/example_dags/tutorial.py for tasks to queue
[2024-12-18T13:15:36.348+0000] {logging_mixin.py:188} INFO - [2024-12-18T13:15:36.348+0000] {dagbag.py:538} INFO - Filling up the DagBag from /home/airflow/.local/lib/python3.8/site-packages/airflow/example_dags/tutorial.py
[2024-12-18T13:15:36.351+0000] {processor.py:840} INFO - DAG(s) 'tutorial' retrieved from /home/airflow/.local/lib/python3.8/site-packages/airflow/example_dags/tutorial.py
[2024-12-18T13:15:36.369+0000] {logging_mixin.py:188} INFO - [2024-12-18T13:15:36.368+0000] {dag.py:3036} INFO - Sync 1 DAGs
[2024-12-18T13:15:36.386+0000] {logging_mixin.py:188} INFO - [2024-12-18T13:15:36.385+0000] {dag.py:3823} INFO - Setting next_dagrun for tutorial to 2024-12-17 00:00:00+00:00, run_after=2024-12-18 00:00:00+00:00
[2024-12-18T13:15:36.402+0000] {processor.py:183} INFO - Processing /home/airflow/.local/lib/python3.8/site-packages/airflow/example_dags/tutorial.py took 0.058 seconds
[2024-12-18T13:16:06.478+0000] {processor.py:161} INFO - Started process (PID=542) to work on /home/airflow/.local/lib/python3.8/site-packages/airflow/example_dags/tutorial.py
[2024-12-18T13:16:06.478+0000] {processor.py:830} INFO - Processing file /home/airflow/.local/lib/python3.8/site-packages/airflow/example_dags/tutorial.py for tasks to queue
[2024-12-18T13:16:06.480+0000] {logging_mixin.py:188} INFO - [2024-12-18T13:16:06.479+0000] {dagbag.py:538} INFO - Filling up the DagBag from /home/airflow/.local/lib/python3.8/site-packages/airflow/example_dags/tutorial.py
[2024-12-18T13:16:06.483+0000] {processor.py:840} INFO - DAG(s) 'tutorial' retrieved from /home/airflow/.local/lib/python3.8/site-packages/airflow/example_dags/tutorial.py
[2024-12-18T13:16:06.498+0000] {logging_mixin.py:188} INFO - [2024-12-18T13:16:06.498+0000] {dag.py:3036} INFO - Sync 1 DAGs
[2024-12-18T13:16:06.513+0000] {logging_mixin.py:188} INFO - [2024-12-18T13:16:06.513+0000] {dag.py:3823} INFO - Setting next_dagrun for tutorial to 2024-12-17 00:00:00+00:00, run_after=2024-12-18 00:00:00+00:00
[2024-12-18T13:16:06.526+0000] {processor.py:183} INFO - Processing /home/airflow/.local/lib/python3.8/site-packages/airflow/example_dags/tutorial.py took 0.049 seconds
[2024-12-18T13:16:36.643+0000] {processor.py:161} INFO - Started process (PID=636) to work on /home/airflow/.local/lib/python3.8/site-packages/airflow/example_dags/tutorial.py
[2024-12-18T13:16:36.644+0000] {processor.py:830} INFO - Processing file /home/airflow/.local/lib/python3.8/site-packages/airflow/example_dags/tutorial.py for tasks to queue
[2024-12-18T13:16:36.646+0000] {logging_mixin.py:188} INFO - [2024-12-18T13:16:36.646+0000] {dagbag.py:538} INFO - Filling up the DagBag from /home/airflow/.local/lib/python3.8/site-packages/airflow/example_dags/tutorial.py
[2024-12-18T13:16:36.652+0000] {processor.py:840} INFO - DAG(s) 'tutorial' retrieved from /home/airflow/.local/lib/python3.8/site-packages/airflow/example_dags/tutorial.py
[2024-12-18T13:16:36.671+0000] {logging_mixin.py:188} INFO - [2024-12-18T13:16:36.671+0000] {dag.py:3036} INFO - Sync 1 DAGs
[2024-12-18T13:16:36.692+0000] {logging_mixin.py:188} INFO - [2024-12-18T13:16:36.692+0000] {dag.py:3823} INFO - Setting next_dagrun for tutorial to 2024-12-17 00:00:00+00:00, run_after=2024-12-18 00:00:00+00:00
[2024-12-18T13:16:36.710+0000] {processor.py:183} INFO - Processing /home/airflow/.local/lib/python3.8/site-packages/airflow/example_dags/tutorial.py took 0.071 seconds
[2024-12-18T13:17:07.204+0000] {processor.py:161} INFO - Started process (PID=722) to work on /home/airflow/.local/lib/python3.8/site-packages/airflow/example_dags/tutorial.py
[2024-12-18T13:17:07.205+0000] {processor.py:830} INFO - Processing file /home/airflow/.local/lib/python3.8/site-packages/airflow/example_dags/tutorial.py for tasks to queue
[2024-12-18T13:17:07.206+0000] {logging_mixin.py:188} INFO - [2024-12-18T13:17:07.206+0000] {dagbag.py:538} INFO - Filling up the DagBag from /home/airflow/.local/lib/python3.8/site-packages/airflow/example_dags/tutorial.py
[2024-12-18T13:17:07.212+0000] {processor.py:840} INFO - DAG(s) 'tutorial' retrieved from /home/airflow/.local/lib/python3.8/site-packages/airflow/example_dags/tutorial.py
[2024-12-18T13:17:07.238+0000] {logging_mixin.py:188} INFO - [2024-12-18T13:17:07.238+0000] {dag.py:3036} INFO - Sync 1 DAGs
[2024-12-18T13:17:07.260+0000] {logging_mixin.py:188} INFO - [2024-12-18T13:17:07.260+0000] {dag.py:3823} INFO - Setting next_dagrun for tutorial to 2024-12-17 00:00:00+00:00, run_after=2024-12-18 00:00:00+00:00
[2024-12-18T13:17:07.274+0000] {processor.py:183} INFO - Processing /home/airflow/.local/lib/python3.8/site-packages/airflow/example_dags/tutorial.py took 0.073 seconds
[2024-12-18T13:17:37.568+0000] {processor.py:161} INFO - Started process (PID=816) to work on /home/airflow/.local/lib/python3.8/site-packages/airflow/example_dags/tutorial.py
[2024-12-18T13:17:37.569+0000] {processor.py:830} INFO - Processing file /home/airflow/.local/lib/python3.8/site-packages/airflow/example_dags/tutorial.py for tasks to queue
[2024-12-18T13:17:37.570+0000] {logging_mixin.py:188} INFO - [2024-12-18T13:17:37.570+0000] {dagbag.py:538} INFO - Filling up the DagBag from /home/airflow/.local/lib/python3.8/site-packages/airflow/example_dags/tutorial.py
[2024-12-18T13:17:37.574+0000] {processor.py:840} INFO - DAG(s) 'tutorial' retrieved from /home/airflow/.local/lib/python3.8/site-packages/airflow/example_dags/tutorial.py
[2024-12-18T13:17:37.588+0000] {logging_mixin.py:188} INFO - [2024-12-18T13:17:37.588+0000] {dag.py:3036} INFO - Sync 1 DAGs
[2024-12-18T13:17:37.600+0000] {logging_mixin.py:188} INFO - [2024-12-18T13:17:37.600+0000] {dag.py:3823} INFO - Setting next_dagrun for tutorial to 2024-12-17 00:00:00+00:00, run_after=2024-12-18 00:00:00+00:00
[2024-12-18T13:17:37.612+0000] {processor.py:183} INFO - Processing /home/airflow/.local/lib/python3.8/site-packages/airflow/example_dags/tutorial.py took 0.045 seconds
[2024-12-18T13:18:07.806+0000] {processor.py:161} INFO - Started process (PID=910) to work on /home/airflow/.local/lib/python3.8/site-packages/airflow/example_dags/tutorial.py
[2024-12-18T13:18:07.807+0000] {processor.py:830} INFO - Processing file /home/airflow/.local/lib/python3.8/site-packages/airflow/example_dags/tutorial.py for tasks to queue
[2024-12-18T13:18:07.808+0000] {logging_mixin.py:188} INFO - [2024-12-18T13:18:07.808+0000] {dagbag.py:538} INFO - Filling up the DagBag from /home/airflow/.local/lib/python3.8/site-packages/airflow/example_dags/tutorial.py
[2024-12-18T13:18:07.811+0000] {processor.py:840} INFO - DAG(s) 'tutorial' retrieved from /home/airflow/.local/lib/python3.8/site-packages/airflow/example_dags/tutorial.py
[2024-12-18T13:18:07.832+0000] {logging_mixin.py:188} INFO - [2024-12-18T13:18:07.832+0000] {dag.py:3036} INFO - Sync 1 DAGs
[2024-12-18T13:18:07.850+0000] {logging_mixin.py:188} INFO - [2024-12-18T13:18:07.850+0000] {dag.py:3823} INFO - Setting next_dagrun for tutorial to 2024-12-17 00:00:00+00:00, run_after=2024-12-18 00:00:00+00:00
[2024-12-18T13:18:07.861+0000] {processor.py:183} INFO - Processing /home/airflow/.local/lib/python3.8/site-packages/airflow/example_dags/tutorial.py took 0.058 seconds
[2024-12-18T13:18:38.037+0000] {processor.py:161} INFO - Started process (PID=996) to work on /home/airflow/.local/lib/python3.8/site-packages/airflow/example_dags/tutorial.py
[2024-12-18T13:18:38.038+0000] {processor.py:830} INFO - Processing file /home/airflow/.local/lib/python3.8/site-packages/airflow/example_dags/tutorial.py for tasks to queue
[2024-12-18T13:18:38.039+0000] {logging_mixin.py:188} INFO - [2024-12-18T13:18:38.039+0000] {dagbag.py:538} INFO - Filling up the DagBag from /home/airflow/.local/lib/python3.8/site-packages/airflow/example_dags/tutorial.py
[2024-12-18T13:18:38.042+0000] {processor.py:840} INFO - DAG(s) 'tutorial' retrieved from /home/airflow/.local/lib/python3.8/site-packages/airflow/example_dags/tutorial.py
[2024-12-18T13:18:38.055+0000] {logging_mixin.py:188} INFO - [2024-12-18T13:18:38.055+0000] {dag.py:3036} INFO - Sync 1 DAGs
[2024-12-18T13:18:38.067+0000] {logging_mixin.py:188} INFO - [2024-12-18T13:18:38.067+0000] {dag.py:3823} INFO - Setting next_dagrun for tutorial to 2024-12-17 00:00:00+00:00, run_after=2024-12-18 00:00:00+00:00
[2024-12-18T13:18:38.077+0000] {processor.py:183} INFO - Processing /home/airflow/.local/lib/python3.8/site-packages/airflow/example_dags/tutorial.py took 0.043 seconds
[2024-12-18T13:19:08.173+0000] {processor.py:161} INFO - Started process (PID=1090) to work on /home/airflow/.local/lib/python3.8/site-packages/airflow/example_dags/tutorial.py
[2024-12-18T13:19:08.176+0000] {processor.py:830} INFO - Processing file /home/airflow/.local/lib/python3.8/site-packages/airflow/example_dags/tutorial.py for tasks to queue
[2024-12-18T13:19:08.178+0000] {logging_mixin.py:188} INFO - [2024-12-18T13:19:08.178+0000] {dagbag.py:538} INFO - Filling up the DagBag from /home/airflow/.local/lib/python3.8/site-packages/airflow/example_dags/tutorial.py
[2024-12-18T13:19:08.183+0000] {processor.py:840} INFO - DAG(s) 'tutorial' retrieved from /home/airflow/.local/lib/python3.8/site-packages/airflow/example_dags/tutorial.py
[2024-12-18T13:19:08.199+0000] {logging_mixin.py:188} INFO - [2024-12-18T13:19:08.199+0000] {dag.py:3036} INFO - Sync 1 DAGs
[2024-12-18T13:19:08.214+0000] {logging_mixin.py:188} INFO - [2024-12-18T13:19:08.213+0000] {dag.py:3823} INFO - Setting next_dagrun for tutorial to 2024-12-17 00:00:00+00:00, run_after=2024-12-18 00:00:00+00:00
[2024-12-18T13:19:08.225+0000] {processor.py:183} INFO - Processing /home/airflow/.local/lib/python3.8/site-packages/airflow/example_dags/tutorial.py took 0.055 seconds
[2024-12-18T13:19:38.284+0000] {processor.py:161} INFO - Started process (PID=1184) to work on /home/airflow/.local/lib/python3.8/site-packages/airflow/example_dags/tutorial.py
[2024-12-18T13:19:38.286+0000] {processor.py:830} INFO - Processing file /home/airflow/.local/lib/python3.8/site-packages/airflow/example_dags/tutorial.py for tasks to queue
[2024-12-18T13:19:38.287+0000] {logging_mixin.py:188} INFO - [2024-12-18T13:19:38.287+0000] {dagbag.py:538} INFO - Filling up the DagBag from /home/airflow/.local/lib/python3.8/site-packages/airflow/example_dags/tutorial.py
[2024-12-18T13:19:38.290+0000] {processor.py:840} INFO - DAG(s) 'tutorial' retrieved from /home/airflow/.local/lib/python3.8/site-packages/airflow/example_dags/tutorial.py
[2024-12-18T13:19:38.302+0000] {logging_mixin.py:188} INFO - [2024-12-18T13:19:38.302+0000] {dag.py:3036} INFO - Sync 1 DAGs
[2024-12-18T13:19:38.314+0000] {logging_mixin.py:188} INFO - [2024-12-18T13:19:38.314+0000] {dag.py:3823} INFO - Setting next_dagrun for tutorial to 2024-12-17 00:00:00+00:00, run_after=2024-12-18 00:00:00+00:00
[2024-12-18T13:19:38.328+0000] {processor.py:183} INFO - Processing /home/airflow/.local/lib/python3.8/site-packages/airflow/example_dags/tutorial.py took 0.046 seconds
[2024-12-18T13:20:08.457+0000] {processor.py:161} INFO - Started process (PID=1270) to work on /home/airflow/.local/lib/python3.8/site-packages/airflow/example_dags/tutorial.py
[2024-12-18T13:20:08.458+0000] {processor.py:830} INFO - Processing file /home/airflow/.local/lib/python3.8/site-packages/airflow/example_dags/tutorial.py for tasks to queue
[2024-12-18T13:20:08.460+0000] {logging_mixin.py:188} INFO - [2024-12-18T13:20:08.460+0000] {dagbag.py:538} INFO - Filling up the DagBag from /home/airflow/.local/lib/python3.8/site-packages/airflow/example_dags/tutorial.py
[2024-12-18T13:20:08.466+0000] {processor.py:840} INFO - DAG(s) 'tutorial' retrieved from /home/airflow/.local/lib/python3.8/site-packages/airflow/example_dags/tutorial.py
[2024-12-18T13:20:08.478+0000] {logging_mixin.py:188} INFO - [2024-12-18T13:20:08.478+0000] {dag.py:3036} INFO - Sync 1 DAGs
[2024-12-18T13:20:08.498+0000] {logging_mixin.py:188} INFO - [2024-12-18T13:20:08.498+0000] {dag.py:3823} INFO - Setting next_dagrun for tutorial to 2024-12-17 00:00:00+00:00, run_after=2024-12-18 00:00:00+00:00
[2024-12-18T13:20:08.509+0000] {processor.py:183} INFO - Processing /home/airflow/.local/lib/python3.8/site-packages/airflow/example_dags/tutorial.py took 0.054 seconds
[2024-12-18T13:20:38.533+0000] {processor.py:161} INFO - Started process (PID=1363) to work on /home/airflow/.local/lib/python3.8/site-packages/airflow/example_dags/tutorial.py
[2024-12-18T13:20:38.535+0000] {processor.py:830} INFO - Processing file /home/airflow/.local/lib/python3.8/site-packages/airflow/example_dags/tutorial.py for tasks to queue
[2024-12-18T13:20:38.537+0000] {logging_mixin.py:188} INFO - [2024-12-18T13:20:38.536+0000] {dagbag.py:538} INFO - Filling up the DagBag from /home/airflow/.local/lib/python3.8/site-packages/airflow/example_dags/tutorial.py
[2024-12-18T13:20:38.541+0000] {processor.py:840} INFO - DAG(s) 'tutorial' retrieved from /home/airflow/.local/lib/python3.8/site-packages/airflow/example_dags/tutorial.py
[2024-12-18T13:20:38.564+0000] {logging_mixin.py:188} INFO - [2024-12-18T13:20:38.564+0000] {dag.py:3036} INFO - Sync 1 DAGs
[2024-12-18T13:20:38.585+0000] {logging_mixin.py:188} INFO - [2024-12-18T13:20:38.585+0000] {dag.py:3823} INFO - Setting next_dagrun for tutorial to 2024-12-17 00:00:00+00:00, run_after=2024-12-18 00:00:00+00:00
[2024-12-18T13:20:38.600+0000] {processor.py:183} INFO - Processing /home/airflow/.local/lib/python3.8/site-packages/airflow/example_dags/tutorial.py took 0.069 seconds
[2024-12-18T13:21:08.718+0000] {processor.py:161} INFO - Started process (PID=1451) to work on /home/airflow/.local/lib/python3.8/site-packages/airflow/example_dags/tutorial.py
[2024-12-18T13:21:08.719+0000] {processor.py:830} INFO - Processing file /home/airflow/.local/lib/python3.8/site-packages/airflow/example_dags/tutorial.py for tasks to queue
[2024-12-18T13:21:08.721+0000] {logging_mixin.py:188} INFO - [2024-12-18T13:21:08.721+0000] {dagbag.py:538} INFO - Filling up the DagBag from /home/airflow/.local/lib/python3.8/site-packages/airflow/example_dags/tutorial.py
[2024-12-18T13:21:08.725+0000] {processor.py:840} INFO - DAG(s) 'tutorial' retrieved from /home/airflow/.local/lib/python3.8/site-packages/airflow/example_dags/tutorial.py
[2024-12-18T13:21:08.740+0000] {logging_mixin.py:188} INFO - [2024-12-18T13:21:08.739+0000] {dag.py:3036} INFO - Sync 1 DAGs
[2024-12-18T13:21:08.754+0000] {logging_mixin.py:188} INFO - [2024-12-18T13:21:08.754+0000] {dag.py:3823} INFO - Setting next_dagrun for tutorial to 2024-12-17 00:00:00+00:00, run_after=2024-12-18 00:00:00+00:00
[2024-12-18T13:21:08.767+0000] {processor.py:183} INFO - Processing /home/airflow/.local/lib/python3.8/site-packages/airflow/example_dags/tutorial.py took 0.052 seconds
[2024-12-18T13:21:38.857+0000] {processor.py:161} INFO - Started process (PID=1545) to work on /home/airflow/.local/lib/python3.8/site-packages/airflow/example_dags/tutorial.py
[2024-12-18T13:21:38.858+0000] {processor.py:830} INFO - Processing file /home/airflow/.local/lib/python3.8/site-packages/airflow/example_dags/tutorial.py for tasks to queue
[2024-12-18T13:21:38.859+0000] {logging_mixin.py:188} INFO - [2024-12-18T13:21:38.859+0000] {dagbag.py:538} INFO - Filling up the DagBag from /home/airflow/.local/lib/python3.8/site-packages/airflow/example_dags/tutorial.py
[2024-12-18T13:21:38.862+0000] {processor.py:840} INFO - DAG(s) 'tutorial' retrieved from /home/airflow/.local/lib/python3.8/site-packages/airflow/example_dags/tutorial.py
[2024-12-18T13:21:38.874+0000] {logging_mixin.py:188} INFO - [2024-12-18T13:21:38.874+0000] {dag.py:3036} INFO - Sync 1 DAGs
[2024-12-18T13:21:38.886+0000] {logging_mixin.py:188} INFO - [2024-12-18T13:21:38.886+0000] {dag.py:3823} INFO - Setting next_dagrun for tutorial to 2024-12-17 00:00:00+00:00, run_after=2024-12-18 00:00:00+00:00
[2024-12-18T13:21:38.896+0000] {processor.py:183} INFO - Processing /home/airflow/.local/lib/python3.8/site-packages/airflow/example_dags/tutorial.py took 0.041 seconds
[2024-12-18T13:22:08.982+0000] {processor.py:161} INFO - Started process (PID=1639) to work on /home/airflow/.local/lib/python3.8/site-packages/airflow/example_dags/tutorial.py
[2024-12-18T13:22:08.983+0000] {processor.py:830} INFO - Processing file /home/airflow/.local/lib/python3.8/site-packages/airflow/example_dags/tutorial.py for tasks to queue
[2024-12-18T13:22:08.984+0000] {logging_mixin.py:188} INFO - [2024-12-18T13:22:08.984+0000] {dagbag.py:538} INFO - Filling up the DagBag from /home/airflow/.local/lib/python3.8/site-packages/airflow/example_dags/tutorial.py
[2024-12-18T13:22:08.987+0000] {processor.py:840} INFO - DAG(s) 'tutorial' retrieved from /home/airflow/.local/lib/python3.8/site-packages/airflow/example_dags/tutorial.py
[2024-12-18T13:22:09.000+0000] {logging_mixin.py:188} INFO - [2024-12-18T13:22:09.000+0000] {dag.py:3036} INFO - Sync 1 DAGs
[2024-12-18T13:22:09.013+0000] {logging_mixin.py:188} INFO - [2024-12-18T13:22:09.013+0000] {dag.py:3823} INFO - Setting next_dagrun for tutorial to 2024-12-17 00:00:00+00:00, run_after=2024-12-18 00:00:00+00:00
[2024-12-18T13:22:09.029+0000] {processor.py:183} INFO - Processing /home/airflow/.local/lib/python3.8/site-packages/airflow/example_dags/tutorial.py took 0.049 seconds
[2024-12-18T13:22:39.114+0000] {processor.py:161} INFO - Started process (PID=1725) to work on /home/airflow/.local/lib/python3.8/site-packages/airflow/example_dags/tutorial.py
[2024-12-18T13:22:39.116+0000] {processor.py:830} INFO - Processing file /home/airflow/.local/lib/python3.8/site-packages/airflow/example_dags/tutorial.py for tasks to queue
[2024-12-18T13:22:39.118+0000] {logging_mixin.py:188} INFO - [2024-12-18T13:22:39.117+0000] {dagbag.py:538} INFO - Filling up the DagBag from /home/airflow/.local/lib/python3.8/site-packages/airflow/example_dags/tutorial.py
[2024-12-18T13:22:39.122+0000] {processor.py:840} INFO - DAG(s) 'tutorial' retrieved from /home/airflow/.local/lib/python3.8/site-packages/airflow/example_dags/tutorial.py
[2024-12-18T13:22:39.135+0000] {logging_mixin.py:188} INFO - [2024-12-18T13:22:39.135+0000] {dag.py:3036} INFO - Sync 1 DAGs
[2024-12-18T13:22:39.146+0000] {logging_mixin.py:188} INFO - [2024-12-18T13:22:39.146+0000] {dag.py:3823} INFO - Setting next_dagrun for tutorial to 2024-12-17 00:00:00+00:00, run_after=2024-12-18 00:00:00+00:00
[2024-12-18T13:22:39.157+0000] {processor.py:183} INFO - Processing /home/airflow/.local/lib/python3.8/site-packages/airflow/example_dags/tutorial.py took 0.046 seconds
[2024-12-18T13:23:09.311+0000] {processor.py:161} INFO - Started process (PID=1819) to work on /home/airflow/.local/lib/python3.8/site-packages/airflow/example_dags/tutorial.py
[2024-12-18T13:23:09.312+0000] {processor.py:830} INFO - Processing file /home/airflow/.local/lib/python3.8/site-packages/airflow/example_dags/tutorial.py for tasks to queue
[2024-12-18T13:23:09.314+0000] {logging_mixin.py:188} INFO - [2024-12-18T13:23:09.314+0000] {dagbag.py:538} INFO - Filling up the DagBag from /home/airflow/.local/lib/python3.8/site-packages/airflow/example_dags/tutorial.py
[2024-12-18T13:23:09.317+0000] {processor.py:840} INFO - DAG(s) 'tutorial' retrieved from /home/airflow/.local/lib/python3.8/site-packages/airflow/example_dags/tutorial.py
[2024-12-18T13:23:09.330+0000] {logging_mixin.py:188} INFO - [2024-12-18T13:23:09.330+0000] {dag.py:3036} INFO - Sync 1 DAGs
[2024-12-18T13:23:09.342+0000] {logging_mixin.py:188} INFO - [2024-12-18T13:23:09.342+0000] {dag.py:3823} INFO - Setting next_dagrun for tutorial to 2024-12-17 00:00:00+00:00, run_after=2024-12-18 00:00:00+00:00
[2024-12-18T13:23:09.352+0000] {processor.py:183} INFO - Processing /home/airflow/.local/lib/python3.8/site-packages/airflow/example_dags/tutorial.py took 0.044 seconds
[2024-12-18T13:23:39.397+0000] {processor.py:161} INFO - Started process (PID=1913) to work on /home/airflow/.local/lib/python3.8/site-packages/airflow/example_dags/tutorial.py
[2024-12-18T13:23:39.399+0000] {processor.py:830} INFO - Processing file /home/airflow/.local/lib/python3.8/site-packages/airflow/example_dags/tutorial.py for tasks to queue
[2024-12-18T13:23:39.400+0000] {logging_mixin.py:188} INFO - [2024-12-18T13:23:39.400+0000] {dagbag.py:538} INFO - Filling up the DagBag from /home/airflow/.local/lib/python3.8/site-packages/airflow/example_dags/tutorial.py
[2024-12-18T13:23:39.403+0000] {processor.py:840} INFO - DAG(s) 'tutorial' retrieved from /home/airflow/.local/lib/python3.8/site-packages/airflow/example_dags/tutorial.py
[2024-12-18T13:23:39.416+0000] {logging_mixin.py:188} INFO - [2024-12-18T13:23:39.415+0000] {dag.py:3036} INFO - Sync 1 DAGs
[2024-12-18T13:23:39.427+0000] {logging_mixin.py:188} INFO - [2024-12-18T13:23:39.427+0000] {dag.py:3823} INFO - Setting next_dagrun for tutorial to 2024-12-17 00:00:00+00:00, run_after=2024-12-18 00:00:00+00:00
[2024-12-18T13:23:39.438+0000] {processor.py:183} INFO - Processing /home/airflow/.local/lib/python3.8/site-packages/airflow/example_dags/tutorial.py took 0.042 seconds
[2024-12-18T13:24:09.529+0000] {processor.py:161} INFO - Started process (PID=1999) to work on /home/airflow/.local/lib/python3.8/site-packages/airflow/example_dags/tutorial.py
[2024-12-18T13:24:09.529+0000] {processor.py:830} INFO - Processing file /home/airflow/.local/lib/python3.8/site-packages/airflow/example_dags/tutorial.py for tasks to queue
[2024-12-18T13:24:09.531+0000] {logging_mixin.py:188} INFO - [2024-12-18T13:24:09.530+0000] {dagbag.py:538} INFO - Filling up the DagBag from /home/airflow/.local/lib/python3.8/site-packages/airflow/example_dags/tutorial.py
[2024-12-18T13:24:09.534+0000] {processor.py:840} INFO - DAG(s) 'tutorial' retrieved from /home/airflow/.local/lib/python3.8/site-packages/airflow/example_dags/tutorial.py
[2024-12-18T13:24:09.546+0000] {logging_mixin.py:188} INFO - [2024-12-18T13:24:09.546+0000] {dag.py:3036} INFO - Sync 1 DAGs
[2024-12-18T13:24:09.559+0000] {logging_mixin.py:188} INFO - [2024-12-18T13:24:09.559+0000] {dag.py:3823} INFO - Setting next_dagrun for tutorial to 2024-12-17 00:00:00+00:00, run_after=2024-12-18 00:00:00+00:00
[2024-12-18T13:24:09.569+0000] {processor.py:183} INFO - Processing /home/airflow/.local/lib/python3.8/site-packages/airflow/example_dags/tutorial.py took 0.042 seconds
[2024-12-18T13:24:39.613+0000] {processor.py:161} INFO - Started process (PID=2092) to work on /home/airflow/.local/lib/python3.8/site-packages/airflow/example_dags/tutorial.py
[2024-12-18T13:24:39.614+0000] {processor.py:830} INFO - Processing file /home/airflow/.local/lib/python3.8/site-packages/airflow/example_dags/tutorial.py for tasks to queue
[2024-12-18T13:24:39.615+0000] {logging_mixin.py:188} INFO - [2024-12-18T13:24:39.615+0000] {dagbag.py:538} INFO - Filling up the DagBag from /home/airflow/.local/lib/python3.8/site-packages/airflow/example_dags/tutorial.py
[2024-12-18T13:24:39.620+0000] {processor.py:840} INFO - DAG(s) 'tutorial' retrieved from /home/airflow/.local/lib/python3.8/site-packages/airflow/example_dags/tutorial.py
[2024-12-18T13:24:39.643+0000] {logging_mixin.py:188} INFO - [2024-12-18T13:24:39.643+0000] {dag.py:3036} INFO - Sync 1 DAGs
[2024-12-18T13:24:39.670+0000] {logging_mixin.py:188} INFO - [2024-12-18T13:24:39.670+0000] {dag.py:3823} INFO - Setting next_dagrun for tutorial to 2024-12-17 00:00:00+00:00, run_after=2024-12-18 00:00:00+00:00
[2024-12-18T13:24:39.696+0000] {processor.py:183} INFO - Processing /home/airflow/.local/lib/python3.8/site-packages/airflow/example_dags/tutorial.py took 0.085 seconds
[2024-12-18T13:25:09.782+0000] {processor.py:161} INFO - Started process (PID=2178) to work on /home/airflow/.local/lib/python3.8/site-packages/airflow/example_dags/tutorial.py
[2024-12-18T13:25:09.782+0000] {processor.py:830} INFO - Processing file /home/airflow/.local/lib/python3.8/site-packages/airflow/example_dags/tutorial.py for tasks to queue
[2024-12-18T13:25:09.783+0000] {logging_mixin.py:188} INFO - [2024-12-18T13:25:09.783+0000] {dagbag.py:538} INFO - Filling up the DagBag from /home/airflow/.local/lib/python3.8/site-packages/airflow/example_dags/tutorial.py
[2024-12-18T13:25:09.787+0000] {processor.py:840} INFO - DAG(s) 'tutorial' retrieved from /home/airflow/.local/lib/python3.8/site-packages/airflow/example_dags/tutorial.py
[2024-12-18T13:25:09.806+0000] {logging_mixin.py:188} INFO - [2024-12-18T13:25:09.806+0000] {dag.py:3036} INFO - Sync 1 DAGs
[2024-12-18T13:25:09.826+0000] {logging_mixin.py:188} INFO - [2024-12-18T13:25:09.826+0000] {dag.py:3823} INFO - Setting next_dagrun for tutorial to 2024-12-17 00:00:00+00:00, run_after=2024-12-18 00:00:00+00:00
[2024-12-18T13:25:09.836+0000] {processor.py:183} INFO - Processing /home/airflow/.local/lib/python3.8/site-packages/airflow/example_dags/tutorial.py took 0.056 seconds
[2024-12-18T13:25:40.017+0000] {processor.py:161} INFO - Started process (PID=2272) to work on /home/airflow/.local/lib/python3.8/site-packages/airflow/example_dags/tutorial.py
[2024-12-18T13:25:40.018+0000] {processor.py:830} INFO - Processing file /home/airflow/.local/lib/python3.8/site-packages/airflow/example_dags/tutorial.py for tasks to queue
[2024-12-18T13:25:40.020+0000] {logging_mixin.py:188} INFO - [2024-12-18T13:25:40.019+0000] {dagbag.py:538} INFO - Filling up the DagBag from /home/airflow/.local/lib/python3.8/site-packages/airflow/example_dags/tutorial.py
[2024-12-18T13:25:40.026+0000] {processor.py:840} INFO - DAG(s) 'tutorial' retrieved from /home/airflow/.local/lib/python3.8/site-packages/airflow/example_dags/tutorial.py
[2024-12-18T13:25:40.042+0000] {logging_mixin.py:188} INFO - [2024-12-18T13:25:40.042+0000] {dag.py:3036} INFO - Sync 1 DAGs
[2024-12-18T13:25:40.053+0000] {logging_mixin.py:188} INFO - [2024-12-18T13:25:40.053+0000] {dag.py:3823} INFO - Setting next_dagrun for tutorial to 2024-12-17 00:00:00+00:00, run_after=2024-12-18 00:00:00+00:00
[2024-12-18T13:25:40.064+0000] {processor.py:183} INFO - Processing /home/airflow/.local/lib/python3.8/site-packages/airflow/example_dags/tutorial.py took 0.050 seconds
[2024-12-18T13:26:10.132+0000] {processor.py:161} INFO - Started process (PID=2366) to work on /home/airflow/.local/lib/python3.8/site-packages/airflow/example_dags/tutorial.py
[2024-12-18T13:26:10.132+0000] {processor.py:830} INFO - Processing file /home/airflow/.local/lib/python3.8/site-packages/airflow/example_dags/tutorial.py for tasks to queue
[2024-12-18T13:26:10.133+0000] {logging_mixin.py:188} INFO - [2024-12-18T13:26:10.133+0000] {dagbag.py:538} INFO - Filling up the DagBag from /home/airflow/.local/lib/python3.8/site-packages/airflow/example_dags/tutorial.py
[2024-12-18T13:26:10.138+0000] {processor.py:840} INFO - DAG(s) 'tutorial' retrieved from /home/airflow/.local/lib/python3.8/site-packages/airflow/example_dags/tutorial.py
[2024-12-18T13:26:10.159+0000] {logging_mixin.py:188} INFO - [2024-12-18T13:26:10.159+0000] {dag.py:3036} INFO - Sync 1 DAGs
[2024-12-18T13:26:10.190+0000] {logging_mixin.py:188} INFO - [2024-12-18T13:26:10.189+0000] {dag.py:3823} INFO - Setting next_dagrun for tutorial to 2024-12-17 00:00:00+00:00, run_after=2024-12-18 00:00:00+00:00
[2024-12-18T13:26:10.211+0000] {processor.py:183} INFO - Processing /home/airflow/.local/lib/python3.8/site-packages/airflow/example_dags/tutorial.py took 0.081 seconds
[2024-12-18T13:26:40.349+0000] {processor.py:161} INFO - Started process (PID=2452) to work on /home/airflow/.local/lib/python3.8/site-packages/airflow/example_dags/tutorial.py
[2024-12-18T13:26:40.350+0000] {processor.py:830} INFO - Processing file /home/airflow/.local/lib/python3.8/site-packages/airflow/example_dags/tutorial.py for tasks to queue
[2024-12-18T13:26:40.352+0000] {logging_mixin.py:188} INFO - [2024-12-18T13:26:40.351+0000] {dagbag.py:538} INFO - Filling up the DagBag from /home/airflow/.local/lib/python3.8/site-packages/airflow/example_dags/tutorial.py
[2024-12-18T13:26:40.358+0000] {processor.py:840} INFO - DAG(s) 'tutorial' retrieved from /home/airflow/.local/lib/python3.8/site-packages/airflow/example_dags/tutorial.py
[2024-12-18T13:26:40.371+0000] {logging_mixin.py:188} INFO - [2024-12-18T13:26:40.371+0000] {dag.py:3036} INFO - Sync 1 DAGs
[2024-12-18T13:26:40.383+0000] {logging_mixin.py:188} INFO - [2024-12-18T13:26:40.383+0000] {dag.py:3823} INFO - Setting next_dagrun for tutorial to 2024-12-17 00:00:00+00:00, run_after=2024-12-18 00:00:00+00:00
[2024-12-18T13:26:40.393+0000] {processor.py:183} INFO - Processing /home/airflow/.local/lib/python3.8/site-packages/airflow/example_dags/tutorial.py took 0.048 seconds
[2024-12-18T13:27:10.523+0000] {processor.py:161} INFO - Started process (PID=2546) to work on /home/airflow/.local/lib/python3.8/site-packages/airflow/example_dags/tutorial.py
[2024-12-18T13:27:10.524+0000] {processor.py:830} INFO - Processing file /home/airflow/.local/lib/python3.8/site-packages/airflow/example_dags/tutorial.py for tasks to queue
[2024-12-18T13:27:10.525+0000] {logging_mixin.py:188} INFO - [2024-12-18T13:27:10.525+0000] {dagbag.py:538} INFO - Filling up the DagBag from /home/airflow/.local/lib/python3.8/site-packages/airflow/example_dags/tutorial.py
[2024-12-18T13:27:10.529+0000] {processor.py:840} INFO - DAG(s) 'tutorial' retrieved from /home/airflow/.local/lib/python3.8/site-packages/airflow/example_dags/tutorial.py
[2024-12-18T13:27:10.553+0000] {logging_mixin.py:188} INFO - [2024-12-18T13:27:10.553+0000] {dag.py:3036} INFO - Sync 1 DAGs
[2024-12-18T13:27:10.575+0000] {logging_mixin.py:188} INFO - [2024-12-18T13:27:10.574+0000] {dag.py:3823} INFO - Setting next_dagrun for tutorial to 2024-12-17 00:00:00+00:00, run_after=2024-12-18 00:00:00+00:00
[2024-12-18T13:27:10.590+0000] {processor.py:183} INFO - Processing /home/airflow/.local/lib/python3.8/site-packages/airflow/example_dags/tutorial.py took 0.068 seconds
[2024-12-18T13:27:40.718+0000] {processor.py:161} INFO - Started process (PID=2640) to work on /home/airflow/.local/lib/python3.8/site-packages/airflow/example_dags/tutorial.py
[2024-12-18T13:27:40.719+0000] {processor.py:830} INFO - Processing file /home/airflow/.local/lib/python3.8/site-packages/airflow/example_dags/tutorial.py for tasks to queue
[2024-12-18T13:27:40.720+0000] {logging_mixin.py:188} INFO - [2024-12-18T13:27:40.720+0000] {dagbag.py:538} INFO - Filling up the DagBag from /home/airflow/.local/lib/python3.8/site-packages/airflow/example_dags/tutorial.py
[2024-12-18T13:27:40.723+0000] {processor.py:840} INFO - DAG(s) 'tutorial' retrieved from /home/airflow/.local/lib/python3.8/site-packages/airflow/example_dags/tutorial.py
[2024-12-18T13:27:40.736+0000] {logging_mixin.py:188} INFO - [2024-12-18T13:27:40.736+0000] {dag.py:3036} INFO - Sync 1 DAGs
[2024-12-18T13:27:40.748+0000] {logging_mixin.py:188} INFO - [2024-12-18T13:27:40.747+0000] {dag.py:3823} INFO - Setting next_dagrun for tutorial to 2024-12-17 00:00:00+00:00, run_after=2024-12-18 00:00:00+00:00
[2024-12-18T13:27:40.760+0000] {processor.py:183} INFO - Processing /home/airflow/.local/lib/python3.8/site-packages/airflow/example_dags/tutorial.py took 0.043 seconds
[2024-12-18T13:28:10.906+0000] {processor.py:161} INFO - Started process (PID=2726) to work on /home/airflow/.local/lib/python3.8/site-packages/airflow/example_dags/tutorial.py
[2024-12-18T13:28:10.907+0000] {processor.py:830} INFO - Processing file /home/airflow/.local/lib/python3.8/site-packages/airflow/example_dags/tutorial.py for tasks to queue
[2024-12-18T13:28:10.909+0000] {logging_mixin.py:188} INFO - [2024-12-18T13:28:10.909+0000] {dagbag.py:538} INFO - Filling up the DagBag from /home/airflow/.local/lib/python3.8/site-packages/airflow/example_dags/tutorial.py
[2024-12-18T13:28:10.915+0000] {processor.py:840} INFO - DAG(s) 'tutorial' retrieved from /home/airflow/.local/lib/python3.8/site-packages/airflow/example_dags/tutorial.py
[2024-12-18T13:28:10.936+0000] {logging_mixin.py:188} INFO - [2024-12-18T13:28:10.936+0000] {dag.py:3036} INFO - Sync 1 DAGs
[2024-12-18T13:28:10.952+0000] {logging_mixin.py:188} INFO - [2024-12-18T13:28:10.952+0000] {dag.py:3823} INFO - Setting next_dagrun for tutorial to 2024-12-17 00:00:00+00:00, run_after=2024-12-18 00:00:00+00:00
[2024-12-18T13:28:10.966+0000] {processor.py:183} INFO - Processing /home/airflow/.local/lib/python3.8/site-packages/airflow/example_dags/tutorial.py took 0.063 seconds
