[2024-12-18T09:10:59.424+0000] {processor.py:161} INFO - Started process (PID=103) to work on /home/airflow/.local/lib/python3.8/site-packages/airflow/example_dags/tutorial_taskflow_api.py
[2024-12-18T09:10:59.424+0000] {processor.py:830} INFO - Processing file /home/airflow/.local/lib/python3.8/site-packages/airflow/example_dags/tutorial_taskflow_api.py for tasks to queue
[2024-12-18T09:10:59.429+0000] {logging_mixin.py:188} INFO - [2024-12-18T09:10:59.427+0000] {dagbag.py:538} INFO - Filling up the DagBag from /home/airflow/.local/lib/python3.8/site-packages/airflow/example_dags/tutorial_taskflow_api.py
[2024-12-18T09:10:59.467+0000] {processor.py:840} INFO - DAG(s) 'tutorial_taskflow_api' retrieved from /home/airflow/.local/lib/python3.8/site-packages/airflow/example_dags/tutorial_taskflow_api.py
[2024-12-18T09:10:59.485+0000] {logging_mixin.py:188} INFO - [2024-12-18T09:10:59.485+0000] {dag.py:3036} INFO - Sync 1 DAGs
[2024-12-18T09:10:59.495+0000] {logging_mixin.py:188} INFO - [2024-12-18T09:10:59.494+0000] {dag.py:3823} INFO - Setting next_dagrun for tutorial_taskflow_api to None, run_after=None
[2024-12-18T09:10:59.510+0000] {processor.py:183} INFO - Processing /home/airflow/.local/lib/python3.8/site-packages/airflow/example_dags/tutorial_taskflow_api.py took 0.098 seconds
[2024-12-18T13:13:32.001+0000] {processor.py:161} INFO - Started process (PID=103) to work on /home/airflow/.local/lib/python3.8/site-packages/airflow/example_dags/tutorial_taskflow_api.py
[2024-12-18T13:13:32.002+0000] {processor.py:830} INFO - Processing file /home/airflow/.local/lib/python3.8/site-packages/airflow/example_dags/tutorial_taskflow_api.py for tasks to queue
[2024-12-18T13:13:32.003+0000] {logging_mixin.py:188} INFO - [2024-12-18T13:13:32.003+0000] {dagbag.py:538} INFO - Filling up the DagBag from /home/airflow/.local/lib/python3.8/site-packages/airflow/example_dags/tutorial_taskflow_api.py
[2024-12-18T13:13:32.009+0000] {processor.py:840} INFO - DAG(s) 'tutorial_taskflow_api' retrieved from /home/airflow/.local/lib/python3.8/site-packages/airflow/example_dags/tutorial_taskflow_api.py
[2024-12-18T13:13:32.031+0000] {logging_mixin.py:188} INFO - [2024-12-18T13:13:32.030+0000] {dag.py:3036} INFO - Sync 1 DAGs
[2024-12-18T13:13:32.040+0000] {logging_mixin.py:188} INFO - [2024-12-18T13:13:32.040+0000] {dag.py:3823} INFO - Setting next_dagrun for tutorial_taskflow_api to None, run_after=None
[2024-12-18T13:13:32.056+0000] {processor.py:183} INFO - Processing /home/airflow/.local/lib/python3.8/site-packages/airflow/example_dags/tutorial_taskflow_api.py took 0.058 seconds
[2024-12-18T13:14:02.816+0000] {processor.py:161} INFO - Started process (PID=189) to work on /home/airflow/.local/lib/python3.8/site-packages/airflow/example_dags/tutorial_taskflow_api.py
[2024-12-18T13:14:02.817+0000] {processor.py:830} INFO - Processing file /home/airflow/.local/lib/python3.8/site-packages/airflow/example_dags/tutorial_taskflow_api.py for tasks to queue
[2024-12-18T13:14:02.819+0000] {logging_mixin.py:188} INFO - [2024-12-18T13:14:02.818+0000] {dagbag.py:538} INFO - Filling up the DagBag from /home/airflow/.local/lib/python3.8/site-packages/airflow/example_dags/tutorial_taskflow_api.py
[2024-12-18T13:14:02.822+0000] {processor.py:840} INFO - DAG(s) 'tutorial_taskflow_api' retrieved from /home/airflow/.local/lib/python3.8/site-packages/airflow/example_dags/tutorial_taskflow_api.py
[2024-12-18T13:14:02.835+0000] {logging_mixin.py:188} INFO - [2024-12-18T13:14:02.835+0000] {dag.py:3036} INFO - Sync 1 DAGs
[2024-12-18T13:14:02.842+0000] {logging_mixin.py:188} INFO - [2024-12-18T13:14:02.842+0000] {dag.py:3823} INFO - Setting next_dagrun for tutorial_taskflow_api to None, run_after=None
[2024-12-18T13:14:02.853+0000] {processor.py:183} INFO - Processing /home/airflow/.local/lib/python3.8/site-packages/airflow/example_dags/tutorial_taskflow_api.py took 0.039 seconds
[2024-12-18T13:14:33.871+0000] {processor.py:161} INFO - Started process (PID=264) to work on /home/airflow/.local/lib/python3.8/site-packages/airflow/example_dags/tutorial_taskflow_api.py
[2024-12-18T13:14:33.872+0000] {processor.py:830} INFO - Processing file /home/airflow/.local/lib/python3.8/site-packages/airflow/example_dags/tutorial_taskflow_api.py for tasks to queue
[2024-12-18T13:14:33.873+0000] {logging_mixin.py:188} INFO - [2024-12-18T13:14:33.872+0000] {dagbag.py:538} INFO - Filling up the DagBag from /home/airflow/.local/lib/python3.8/site-packages/airflow/example_dags/tutorial_taskflow_api.py
[2024-12-18T13:14:33.876+0000] {processor.py:840} INFO - DAG(s) 'tutorial_taskflow_api' retrieved from /home/airflow/.local/lib/python3.8/site-packages/airflow/example_dags/tutorial_taskflow_api.py
[2024-12-18T13:14:33.892+0000] {logging_mixin.py:188} INFO - [2024-12-18T13:14:33.891+0000] {dag.py:3036} INFO - Sync 1 DAGs
[2024-12-18T13:14:33.903+0000] {logging_mixin.py:188} INFO - [2024-12-18T13:14:33.903+0000] {dag.py:3823} INFO - Setting next_dagrun for tutorial_taskflow_api to None, run_after=None
[2024-12-18T13:14:33.914+0000] {processor.py:183} INFO - Processing /home/airflow/.local/lib/python3.8/site-packages/airflow/example_dags/tutorial_taskflow_api.py took 0.045 seconds
[2024-12-18T13:15:03.947+0000] {processor.py:161} INFO - Started process (PID=356) to work on /home/airflow/.local/lib/python3.8/site-packages/airflow/example_dags/tutorial_taskflow_api.py
[2024-12-18T13:15:03.948+0000] {processor.py:830} INFO - Processing file /home/airflow/.local/lib/python3.8/site-packages/airflow/example_dags/tutorial_taskflow_api.py for tasks to queue
[2024-12-18T13:15:03.949+0000] {logging_mixin.py:188} INFO - [2024-12-18T13:15:03.949+0000] {dagbag.py:538} INFO - Filling up the DagBag from /home/airflow/.local/lib/python3.8/site-packages/airflow/example_dags/tutorial_taskflow_api.py
[2024-12-18T13:15:03.954+0000] {processor.py:840} INFO - DAG(s) 'tutorial_taskflow_api' retrieved from /home/airflow/.local/lib/python3.8/site-packages/airflow/example_dags/tutorial_taskflow_api.py
[2024-12-18T13:15:03.967+0000] {logging_mixin.py:188} INFO - [2024-12-18T13:15:03.966+0000] {dag.py:3036} INFO - Sync 1 DAGs
[2024-12-18T13:15:03.974+0000] {logging_mixin.py:188} INFO - [2024-12-18T13:15:03.974+0000] {dag.py:3823} INFO - Setting next_dagrun for tutorial_taskflow_api to None, run_after=None
[2024-12-18T13:15:03.984+0000] {processor.py:183} INFO - Processing /home/airflow/.local/lib/python3.8/site-packages/airflow/example_dags/tutorial_taskflow_api.py took 0.041 seconds
[2024-12-18T13:15:34.088+0000] {processor.py:161} INFO - Started process (PID=442) to work on /home/airflow/.local/lib/python3.8/site-packages/airflow/example_dags/tutorial_taskflow_api.py
[2024-12-18T13:15:34.089+0000] {processor.py:830} INFO - Processing file /home/airflow/.local/lib/python3.8/site-packages/airflow/example_dags/tutorial_taskflow_api.py for tasks to queue
[2024-12-18T13:15:34.091+0000] {logging_mixin.py:188} INFO - [2024-12-18T13:15:34.090+0000] {dagbag.py:538} INFO - Filling up the DagBag from /home/airflow/.local/lib/python3.8/site-packages/airflow/example_dags/tutorial_taskflow_api.py
[2024-12-18T13:15:34.096+0000] {processor.py:840} INFO - DAG(s) 'tutorial_taskflow_api' retrieved from /home/airflow/.local/lib/python3.8/site-packages/airflow/example_dags/tutorial_taskflow_api.py
[2024-12-18T13:15:34.111+0000] {logging_mixin.py:188} INFO - [2024-12-18T13:15:34.111+0000] {dag.py:3036} INFO - Sync 1 DAGs
[2024-12-18T13:15:34.119+0000] {logging_mixin.py:188} INFO - [2024-12-18T13:15:34.119+0000] {dag.py:3823} INFO - Setting next_dagrun for tutorial_taskflow_api to None, run_after=None
[2024-12-18T13:15:34.135+0000] {processor.py:183} INFO - Processing /home/airflow/.local/lib/python3.8/site-packages/airflow/example_dags/tutorial_taskflow_api.py took 0.050 seconds
[2024-12-18T13:16:04.300+0000] {processor.py:161} INFO - Started process (PID=536) to work on /home/airflow/.local/lib/python3.8/site-packages/airflow/example_dags/tutorial_taskflow_api.py
[2024-12-18T13:16:04.301+0000] {processor.py:830} INFO - Processing file /home/airflow/.local/lib/python3.8/site-packages/airflow/example_dags/tutorial_taskflow_api.py for tasks to queue
[2024-12-18T13:16:04.302+0000] {logging_mixin.py:188} INFO - [2024-12-18T13:16:04.301+0000] {dagbag.py:538} INFO - Filling up the DagBag from /home/airflow/.local/lib/python3.8/site-packages/airflow/example_dags/tutorial_taskflow_api.py
[2024-12-18T13:16:04.305+0000] {processor.py:840} INFO - DAG(s) 'tutorial_taskflow_api' retrieved from /home/airflow/.local/lib/python3.8/site-packages/airflow/example_dags/tutorial_taskflow_api.py
[2024-12-18T13:16:04.320+0000] {logging_mixin.py:188} INFO - [2024-12-18T13:16:04.320+0000] {dag.py:3036} INFO - Sync 1 DAGs
[2024-12-18T13:16:04.328+0000] {logging_mixin.py:188} INFO - [2024-12-18T13:16:04.328+0000] {dag.py:3823} INFO - Setting next_dagrun for tutorial_taskflow_api to None, run_after=None
[2024-12-18T13:16:04.341+0000] {processor.py:183} INFO - Processing /home/airflow/.local/lib/python3.8/site-packages/airflow/example_dags/tutorial_taskflow_api.py took 0.042 seconds
[2024-12-18T13:16:34.477+0000] {processor.py:161} INFO - Started process (PID=622) to work on /home/airflow/.local/lib/python3.8/site-packages/airflow/example_dags/tutorial_taskflow_api.py
[2024-12-18T13:16:34.477+0000] {processor.py:830} INFO - Processing file /home/airflow/.local/lib/python3.8/site-packages/airflow/example_dags/tutorial_taskflow_api.py for tasks to queue
[2024-12-18T13:16:34.478+0000] {logging_mixin.py:188} INFO - [2024-12-18T13:16:34.478+0000] {dagbag.py:538} INFO - Filling up the DagBag from /home/airflow/.local/lib/python3.8/site-packages/airflow/example_dags/tutorial_taskflow_api.py
[2024-12-18T13:16:34.482+0000] {processor.py:840} INFO - DAG(s) 'tutorial_taskflow_api' retrieved from /home/airflow/.local/lib/python3.8/site-packages/airflow/example_dags/tutorial_taskflow_api.py
[2024-12-18T13:16:34.493+0000] {logging_mixin.py:188} INFO - [2024-12-18T13:16:34.493+0000] {dag.py:3036} INFO - Sync 1 DAGs
[2024-12-18T13:16:34.500+0000] {logging_mixin.py:188} INFO - [2024-12-18T13:16:34.500+0000] {dag.py:3823} INFO - Setting next_dagrun for tutorial_taskflow_api to None, run_after=None
[2024-12-18T13:16:34.509+0000] {processor.py:183} INFO - Processing /home/airflow/.local/lib/python3.8/site-packages/airflow/example_dags/tutorial_taskflow_api.py took 0.034 seconds
[2024-12-18T13:17:05.033+0000] {processor.py:161} INFO - Started process (PID=716) to work on /home/airflow/.local/lib/python3.8/site-packages/airflow/example_dags/tutorial_taskflow_api.py
[2024-12-18T13:17:05.034+0000] {processor.py:830} INFO - Processing file /home/airflow/.local/lib/python3.8/site-packages/airflow/example_dags/tutorial_taskflow_api.py for tasks to queue
[2024-12-18T13:17:05.035+0000] {logging_mixin.py:188} INFO - [2024-12-18T13:17:05.035+0000] {dagbag.py:538} INFO - Filling up the DagBag from /home/airflow/.local/lib/python3.8/site-packages/airflow/example_dags/tutorial_taskflow_api.py
[2024-12-18T13:17:05.041+0000] {processor.py:840} INFO - DAG(s) 'tutorial_taskflow_api' retrieved from /home/airflow/.local/lib/python3.8/site-packages/airflow/example_dags/tutorial_taskflow_api.py
[2024-12-18T13:17:05.058+0000] {logging_mixin.py:188} INFO - [2024-12-18T13:17:05.058+0000] {dag.py:3036} INFO - Sync 1 DAGs
[2024-12-18T13:17:05.064+0000] {logging_mixin.py:188} INFO - [2024-12-18T13:17:05.064+0000] {dag.py:3823} INFO - Setting next_dagrun for tutorial_taskflow_api to None, run_after=None
[2024-12-18T13:17:05.076+0000] {processor.py:183} INFO - Processing /home/airflow/.local/lib/python3.8/site-packages/airflow/example_dags/tutorial_taskflow_api.py took 0.046 seconds
[2024-12-18T13:17:35.347+0000] {processor.py:161} INFO - Started process (PID=810) to work on /home/airflow/.local/lib/python3.8/site-packages/airflow/example_dags/tutorial_taskflow_api.py
[2024-12-18T13:17:35.347+0000] {processor.py:830} INFO - Processing file /home/airflow/.local/lib/python3.8/site-packages/airflow/example_dags/tutorial_taskflow_api.py for tasks to queue
[2024-12-18T13:17:35.348+0000] {logging_mixin.py:188} INFO - [2024-12-18T13:17:35.348+0000] {dagbag.py:538} INFO - Filling up the DagBag from /home/airflow/.local/lib/python3.8/site-packages/airflow/example_dags/tutorial_taskflow_api.py
[2024-12-18T13:17:35.352+0000] {processor.py:840} INFO - DAG(s) 'tutorial_taskflow_api' retrieved from /home/airflow/.local/lib/python3.8/site-packages/airflow/example_dags/tutorial_taskflow_api.py
[2024-12-18T13:17:35.370+0000] {logging_mixin.py:188} INFO - [2024-12-18T13:17:35.370+0000] {dag.py:3036} INFO - Sync 1 DAGs
[2024-12-18T13:17:35.380+0000] {logging_mixin.py:188} INFO - [2024-12-18T13:17:35.380+0000] {dag.py:3823} INFO - Setting next_dagrun for tutorial_taskflow_api to None, run_after=None
[2024-12-18T13:17:35.399+0000] {processor.py:183} INFO - Processing /home/airflow/.local/lib/python3.8/site-packages/airflow/example_dags/tutorial_taskflow_api.py took 0.054 seconds
[2024-12-18T13:18:05.657+0000] {processor.py:161} INFO - Started process (PID=896) to work on /home/airflow/.local/lib/python3.8/site-packages/airflow/example_dags/tutorial_taskflow_api.py
[2024-12-18T13:18:05.658+0000] {processor.py:830} INFO - Processing file /home/airflow/.local/lib/python3.8/site-packages/airflow/example_dags/tutorial_taskflow_api.py for tasks to queue
[2024-12-18T13:18:05.659+0000] {logging_mixin.py:188} INFO - [2024-12-18T13:18:05.659+0000] {dagbag.py:538} INFO - Filling up the DagBag from /home/airflow/.local/lib/python3.8/site-packages/airflow/example_dags/tutorial_taskflow_api.py
[2024-12-18T13:18:05.663+0000] {processor.py:840} INFO - DAG(s) 'tutorial_taskflow_api' retrieved from /home/airflow/.local/lib/python3.8/site-packages/airflow/example_dags/tutorial_taskflow_api.py
[2024-12-18T13:18:05.677+0000] {logging_mixin.py:188} INFO - [2024-12-18T13:18:05.676+0000] {dag.py:3036} INFO - Sync 1 DAGs
[2024-12-18T13:18:05.684+0000] {logging_mixin.py:188} INFO - [2024-12-18T13:18:05.683+0000] {dag.py:3823} INFO - Setting next_dagrun for tutorial_taskflow_api to None, run_after=None
[2024-12-18T13:18:05.695+0000] {processor.py:183} INFO - Processing /home/airflow/.local/lib/python3.8/site-packages/airflow/example_dags/tutorial_taskflow_api.py took 0.040 seconds
[2024-12-18T13:18:35.807+0000] {processor.py:161} INFO - Started process (PID=990) to work on /home/airflow/.local/lib/python3.8/site-packages/airflow/example_dags/tutorial_taskflow_api.py
[2024-12-18T13:18:35.807+0000] {processor.py:830} INFO - Processing file /home/airflow/.local/lib/python3.8/site-packages/airflow/example_dags/tutorial_taskflow_api.py for tasks to queue
[2024-12-18T13:18:35.808+0000] {logging_mixin.py:188} INFO - [2024-12-18T13:18:35.808+0000] {dagbag.py:538} INFO - Filling up the DagBag from /home/airflow/.local/lib/python3.8/site-packages/airflow/example_dags/tutorial_taskflow_api.py
[2024-12-18T13:18:35.812+0000] {processor.py:840} INFO - DAG(s) 'tutorial_taskflow_api' retrieved from /home/airflow/.local/lib/python3.8/site-packages/airflow/example_dags/tutorial_taskflow_api.py
[2024-12-18T13:18:35.836+0000] {logging_mixin.py:188} INFO - [2024-12-18T13:18:35.836+0000] {dag.py:3036} INFO - Sync 1 DAGs
[2024-12-18T13:18:35.846+0000] {logging_mixin.py:188} INFO - [2024-12-18T13:18:35.846+0000] {dag.py:3823} INFO - Setting next_dagrun for tutorial_taskflow_api to None, run_after=None
[2024-12-18T13:18:35.862+0000] {processor.py:183} INFO - Processing /home/airflow/.local/lib/python3.8/site-packages/airflow/example_dags/tutorial_taskflow_api.py took 0.057 seconds
[2024-12-18T13:19:05.947+0000] {processor.py:161} INFO - Started process (PID=1084) to work on /home/airflow/.local/lib/python3.8/site-packages/airflow/example_dags/tutorial_taskflow_api.py
[2024-12-18T13:19:05.948+0000] {processor.py:830} INFO - Processing file /home/airflow/.local/lib/python3.8/site-packages/airflow/example_dags/tutorial_taskflow_api.py for tasks to queue
[2024-12-18T13:19:05.950+0000] {logging_mixin.py:188} INFO - [2024-12-18T13:19:05.949+0000] {dagbag.py:538} INFO - Filling up the DagBag from /home/airflow/.local/lib/python3.8/site-packages/airflow/example_dags/tutorial_taskflow_api.py
[2024-12-18T13:19:05.954+0000] {processor.py:840} INFO - DAG(s) 'tutorial_taskflow_api' retrieved from /home/airflow/.local/lib/python3.8/site-packages/airflow/example_dags/tutorial_taskflow_api.py
[2024-12-18T13:19:05.969+0000] {logging_mixin.py:188} INFO - [2024-12-18T13:19:05.969+0000] {dag.py:3036} INFO - Sync 1 DAGs
[2024-12-18T13:19:05.976+0000] {logging_mixin.py:188} INFO - [2024-12-18T13:19:05.975+0000] {dag.py:3823} INFO - Setting next_dagrun for tutorial_taskflow_api to None, run_after=None
[2024-12-18T13:19:05.986+0000] {processor.py:183} INFO - Processing /home/airflow/.local/lib/python3.8/site-packages/airflow/example_dags/tutorial_taskflow_api.py took 0.043 seconds
[2024-12-18T13:19:36.104+0000] {processor.py:161} INFO - Started process (PID=1170) to work on /home/airflow/.local/lib/python3.8/site-packages/airflow/example_dags/tutorial_taskflow_api.py
[2024-12-18T13:19:36.105+0000] {processor.py:830} INFO - Processing file /home/airflow/.local/lib/python3.8/site-packages/airflow/example_dags/tutorial_taskflow_api.py for tasks to queue
[2024-12-18T13:19:36.107+0000] {logging_mixin.py:188} INFO - [2024-12-18T13:19:36.107+0000] {dagbag.py:538} INFO - Filling up the DagBag from /home/airflow/.local/lib/python3.8/site-packages/airflow/example_dags/tutorial_taskflow_api.py
[2024-12-18T13:19:36.113+0000] {processor.py:840} INFO - DAG(s) 'tutorial_taskflow_api' retrieved from /home/airflow/.local/lib/python3.8/site-packages/airflow/example_dags/tutorial_taskflow_api.py
[2024-12-18T13:19:36.127+0000] {logging_mixin.py:188} INFO - [2024-12-18T13:19:36.127+0000] {dag.py:3036} INFO - Sync 1 DAGs
[2024-12-18T13:19:36.134+0000] {logging_mixin.py:188} INFO - [2024-12-18T13:19:36.134+0000] {dag.py:3823} INFO - Setting next_dagrun for tutorial_taskflow_api to None, run_after=None
[2024-12-18T13:19:36.145+0000] {processor.py:183} INFO - Processing /home/airflow/.local/lib/python3.8/site-packages/airflow/example_dags/tutorial_taskflow_api.py took 0.044 seconds
[2024-12-18T13:20:06.314+0000] {processor.py:161} INFO - Started process (PID=1264) to work on /home/airflow/.local/lib/python3.8/site-packages/airflow/example_dags/tutorial_taskflow_api.py
[2024-12-18T13:20:06.315+0000] {processor.py:830} INFO - Processing file /home/airflow/.local/lib/python3.8/site-packages/airflow/example_dags/tutorial_taskflow_api.py for tasks to queue
[2024-12-18T13:20:06.316+0000] {logging_mixin.py:188} INFO - [2024-12-18T13:20:06.316+0000] {dagbag.py:538} INFO - Filling up the DagBag from /home/airflow/.local/lib/python3.8/site-packages/airflow/example_dags/tutorial_taskflow_api.py
[2024-12-18T13:20:06.322+0000] {processor.py:840} INFO - DAG(s) 'tutorial_taskflow_api' retrieved from /home/airflow/.local/lib/python3.8/site-packages/airflow/example_dags/tutorial_taskflow_api.py
[2024-12-18T13:20:06.344+0000] {logging_mixin.py:188} INFO - [2024-12-18T13:20:06.344+0000] {dag.py:3036} INFO - Sync 1 DAGs
[2024-12-18T13:20:06.350+0000] {logging_mixin.py:188} INFO - [2024-12-18T13:20:06.350+0000] {dag.py:3823} INFO - Setting next_dagrun for tutorial_taskflow_api to None, run_after=None
[2024-12-18T13:20:06.363+0000] {processor.py:183} INFO - Processing /home/airflow/.local/lib/python3.8/site-packages/airflow/example_dags/tutorial_taskflow_api.py took 0.051 seconds
[2024-12-18T13:20:36.376+0000] {processor.py:161} INFO - Started process (PID=1358) to work on /home/airflow/.local/lib/python3.8/site-packages/airflow/example_dags/tutorial_taskflow_api.py
[2024-12-18T13:20:36.377+0000] {processor.py:830} INFO - Processing file /home/airflow/.local/lib/python3.8/site-packages/airflow/example_dags/tutorial_taskflow_api.py for tasks to queue
[2024-12-18T13:20:36.378+0000] {logging_mixin.py:188} INFO - [2024-12-18T13:20:36.377+0000] {dagbag.py:538} INFO - Filling up the DagBag from /home/airflow/.local/lib/python3.8/site-packages/airflow/example_dags/tutorial_taskflow_api.py
[2024-12-18T13:20:36.381+0000] {processor.py:840} INFO - DAG(s) 'tutorial_taskflow_api' retrieved from /home/airflow/.local/lib/python3.8/site-packages/airflow/example_dags/tutorial_taskflow_api.py
[2024-12-18T13:20:36.397+0000] {logging_mixin.py:188} INFO - [2024-12-18T13:20:36.397+0000] {dag.py:3036} INFO - Sync 1 DAGs
[2024-12-18T13:20:36.408+0000] {logging_mixin.py:188} INFO - [2024-12-18T13:20:36.408+0000] {dag.py:3823} INFO - Setting next_dagrun for tutorial_taskflow_api to None, run_after=None
[2024-12-18T13:20:36.419+0000] {processor.py:183} INFO - Processing /home/airflow/.local/lib/python3.8/site-packages/airflow/example_dags/tutorial_taskflow_api.py took 0.045 seconds
[2024-12-18T13:21:06.539+0000] {processor.py:161} INFO - Started process (PID=1445) to work on /home/airflow/.local/lib/python3.8/site-packages/airflow/example_dags/tutorial_taskflow_api.py
[2024-12-18T13:21:06.541+0000] {processor.py:830} INFO - Processing file /home/airflow/.local/lib/python3.8/site-packages/airflow/example_dags/tutorial_taskflow_api.py for tasks to queue
[2024-12-18T13:21:06.542+0000] {logging_mixin.py:188} INFO - [2024-12-18T13:21:06.542+0000] {dagbag.py:538} INFO - Filling up the DagBag from /home/airflow/.local/lib/python3.8/site-packages/airflow/example_dags/tutorial_taskflow_api.py
[2024-12-18T13:21:06.548+0000] {processor.py:840} INFO - DAG(s) 'tutorial_taskflow_api' retrieved from /home/airflow/.local/lib/python3.8/site-packages/airflow/example_dags/tutorial_taskflow_api.py
[2024-12-18T13:21:06.566+0000] {logging_mixin.py:188} INFO - [2024-12-18T13:21:06.566+0000] {dag.py:3036} INFO - Sync 1 DAGs
[2024-12-18T13:21:06.574+0000] {logging_mixin.py:188} INFO - [2024-12-18T13:21:06.574+0000] {dag.py:3823} INFO - Setting next_dagrun for tutorial_taskflow_api to None, run_after=None
[2024-12-18T13:21:06.587+0000] {processor.py:183} INFO - Processing /home/airflow/.local/lib/python3.8/site-packages/airflow/example_dags/tutorial_taskflow_api.py took 0.051 seconds
[2024-12-18T13:21:36.652+0000] {processor.py:161} INFO - Started process (PID=1539) to work on /home/airflow/.local/lib/python3.8/site-packages/airflow/example_dags/tutorial_taskflow_api.py
[2024-12-18T13:21:36.653+0000] {processor.py:830} INFO - Processing file /home/airflow/.local/lib/python3.8/site-packages/airflow/example_dags/tutorial_taskflow_api.py for tasks to queue
[2024-12-18T13:21:36.654+0000] {logging_mixin.py:188} INFO - [2024-12-18T13:21:36.654+0000] {dagbag.py:538} INFO - Filling up the DagBag from /home/airflow/.local/lib/python3.8/site-packages/airflow/example_dags/tutorial_taskflow_api.py
[2024-12-18T13:21:36.658+0000] {processor.py:840} INFO - DAG(s) 'tutorial_taskflow_api' retrieved from /home/airflow/.local/lib/python3.8/site-packages/airflow/example_dags/tutorial_taskflow_api.py
[2024-12-18T13:21:36.681+0000] {logging_mixin.py:188} INFO - [2024-12-18T13:21:36.680+0000] {dag.py:3036} INFO - Sync 1 DAGs
[2024-12-18T13:21:36.691+0000] {logging_mixin.py:188} INFO - [2024-12-18T13:21:36.691+0000] {dag.py:3823} INFO - Setting next_dagrun for tutorial_taskflow_api to None, run_after=None
[2024-12-18T13:21:36.707+0000] {processor.py:183} INFO - Processing /home/airflow/.local/lib/python3.8/site-packages/airflow/example_dags/tutorial_taskflow_api.py took 0.058 seconds
[2024-12-18T13:22:06.751+0000] {processor.py:161} INFO - Started process (PID=1624) to work on /home/airflow/.local/lib/python3.8/site-packages/airflow/example_dags/tutorial_taskflow_api.py
[2024-12-18T13:22:06.751+0000] {processor.py:830} INFO - Processing file /home/airflow/.local/lib/python3.8/site-packages/airflow/example_dags/tutorial_taskflow_api.py for tasks to queue
[2024-12-18T13:22:06.752+0000] {logging_mixin.py:188} INFO - [2024-12-18T13:22:06.752+0000] {dagbag.py:538} INFO - Filling up the DagBag from /home/airflow/.local/lib/python3.8/site-packages/airflow/example_dags/tutorial_taskflow_api.py
[2024-12-18T13:22:06.758+0000] {processor.py:840} INFO - DAG(s) 'tutorial_taskflow_api' retrieved from /home/airflow/.local/lib/python3.8/site-packages/airflow/example_dags/tutorial_taskflow_api.py
[2024-12-18T13:22:06.783+0000] {logging_mixin.py:188} INFO - [2024-12-18T13:22:06.783+0000] {dag.py:3036} INFO - Sync 1 DAGs
[2024-12-18T13:22:06.791+0000] {logging_mixin.py:188} INFO - [2024-12-18T13:22:06.791+0000] {dag.py:3823} INFO - Setting next_dagrun for tutorial_taskflow_api to None, run_after=None
[2024-12-18T13:22:06.801+0000] {processor.py:183} INFO - Processing /home/airflow/.local/lib/python3.8/site-packages/airflow/example_dags/tutorial_taskflow_api.py took 0.053 seconds
[2024-12-18T13:22:36.889+0000] {processor.py:161} INFO - Started process (PID=1718) to work on /home/airflow/.local/lib/python3.8/site-packages/airflow/example_dags/tutorial_taskflow_api.py
[2024-12-18T13:22:36.890+0000] {processor.py:830} INFO - Processing file /home/airflow/.local/lib/python3.8/site-packages/airflow/example_dags/tutorial_taskflow_api.py for tasks to queue
[2024-12-18T13:22:36.891+0000] {logging_mixin.py:188} INFO - [2024-12-18T13:22:36.891+0000] {dagbag.py:538} INFO - Filling up the DagBag from /home/airflow/.local/lib/python3.8/site-packages/airflow/example_dags/tutorial_taskflow_api.py
[2024-12-18T13:22:36.894+0000] {processor.py:840} INFO - DAG(s) 'tutorial_taskflow_api' retrieved from /home/airflow/.local/lib/python3.8/site-packages/airflow/example_dags/tutorial_taskflow_api.py
[2024-12-18T13:22:36.907+0000] {logging_mixin.py:188} INFO - [2024-12-18T13:22:36.907+0000] {dag.py:3036} INFO - Sync 1 DAGs
[2024-12-18T13:22:36.913+0000] {logging_mixin.py:188} INFO - [2024-12-18T13:22:36.913+0000] {dag.py:3823} INFO - Setting next_dagrun for tutorial_taskflow_api to None, run_after=None
[2024-12-18T13:22:36.923+0000] {processor.py:183} INFO - Processing /home/airflow/.local/lib/python3.8/site-packages/airflow/example_dags/tutorial_taskflow_api.py took 0.036 seconds
[2024-12-18T13:23:07.026+0000] {processor.py:161} INFO - Started process (PID=1812) to work on /home/airflow/.local/lib/python3.8/site-packages/airflow/example_dags/tutorial_taskflow_api.py
[2024-12-18T13:23:07.027+0000] {processor.py:830} INFO - Processing file /home/airflow/.local/lib/python3.8/site-packages/airflow/example_dags/tutorial_taskflow_api.py for tasks to queue
[2024-12-18T13:23:07.028+0000] {logging_mixin.py:188} INFO - [2024-12-18T13:23:07.027+0000] {dagbag.py:538} INFO - Filling up the DagBag from /home/airflow/.local/lib/python3.8/site-packages/airflow/example_dags/tutorial_taskflow_api.py
[2024-12-18T13:23:07.032+0000] {processor.py:840} INFO - DAG(s) 'tutorial_taskflow_api' retrieved from /home/airflow/.local/lib/python3.8/site-packages/airflow/example_dags/tutorial_taskflow_api.py
[2024-12-18T13:23:07.056+0000] {logging_mixin.py:188} INFO - [2024-12-18T13:23:07.056+0000] {dag.py:3036} INFO - Sync 1 DAGs
[2024-12-18T13:23:07.067+0000] {logging_mixin.py:188} INFO - [2024-12-18T13:23:07.066+0000] {dag.py:3823} INFO - Setting next_dagrun for tutorial_taskflow_api to None, run_after=None
[2024-12-18T13:23:07.084+0000] {processor.py:183} INFO - Processing /home/airflow/.local/lib/python3.8/site-packages/airflow/example_dags/tutorial_taskflow_api.py took 0.060 seconds
[2024-12-18T13:23:37.139+0000] {processor.py:161} INFO - Started process (PID=1898) to work on /home/airflow/.local/lib/python3.8/site-packages/airflow/example_dags/tutorial_taskflow_api.py
[2024-12-18T13:23:37.140+0000] {processor.py:830} INFO - Processing file /home/airflow/.local/lib/python3.8/site-packages/airflow/example_dags/tutorial_taskflow_api.py for tasks to queue
[2024-12-18T13:23:37.141+0000] {logging_mixin.py:188} INFO - [2024-12-18T13:23:37.141+0000] {dagbag.py:538} INFO - Filling up the DagBag from /home/airflow/.local/lib/python3.8/site-packages/airflow/example_dags/tutorial_taskflow_api.py
[2024-12-18T13:23:37.144+0000] {processor.py:840} INFO - DAG(s) 'tutorial_taskflow_api' retrieved from /home/airflow/.local/lib/python3.8/site-packages/airflow/example_dags/tutorial_taskflow_api.py
[2024-12-18T13:23:37.155+0000] {logging_mixin.py:188} INFO - [2024-12-18T13:23:37.155+0000] {dag.py:3036} INFO - Sync 1 DAGs
[2024-12-18T13:23:37.162+0000] {logging_mixin.py:188} INFO - [2024-12-18T13:23:37.162+0000] {dag.py:3823} INFO - Setting next_dagrun for tutorial_taskflow_api to None, run_after=None
[2024-12-18T13:23:37.174+0000] {processor.py:183} INFO - Processing /home/airflow/.local/lib/python3.8/site-packages/airflow/example_dags/tutorial_taskflow_api.py took 0.037 seconds
[2024-12-18T13:24:07.259+0000] {processor.py:161} INFO - Started process (PID=1992) to work on /home/airflow/.local/lib/python3.8/site-packages/airflow/example_dags/tutorial_taskflow_api.py
[2024-12-18T13:24:07.260+0000] {processor.py:830} INFO - Processing file /home/airflow/.local/lib/python3.8/site-packages/airflow/example_dags/tutorial_taskflow_api.py for tasks to queue
[2024-12-18T13:24:07.260+0000] {logging_mixin.py:188} INFO - [2024-12-18T13:24:07.260+0000] {dagbag.py:538} INFO - Filling up the DagBag from /home/airflow/.local/lib/python3.8/site-packages/airflow/example_dags/tutorial_taskflow_api.py
[2024-12-18T13:24:07.264+0000] {processor.py:840} INFO - DAG(s) 'tutorial_taskflow_api' retrieved from /home/airflow/.local/lib/python3.8/site-packages/airflow/example_dags/tutorial_taskflow_api.py
[2024-12-18T13:24:07.276+0000] {logging_mixin.py:188} INFO - [2024-12-18T13:24:07.276+0000] {dag.py:3036} INFO - Sync 1 DAGs
[2024-12-18T13:24:07.283+0000] {logging_mixin.py:188} INFO - [2024-12-18T13:24:07.283+0000] {dag.py:3823} INFO - Setting next_dagrun for tutorial_taskflow_api to None, run_after=None
[2024-12-18T13:24:07.292+0000] {processor.py:183} INFO - Processing /home/airflow/.local/lib/python3.8/site-packages/airflow/example_dags/tutorial_taskflow_api.py took 0.035 seconds
[2024-12-18T13:24:37.346+0000] {processor.py:161} INFO - Started process (PID=2086) to work on /home/airflow/.local/lib/python3.8/site-packages/airflow/example_dags/tutorial_taskflow_api.py
[2024-12-18T13:24:37.347+0000] {processor.py:830} INFO - Processing file /home/airflow/.local/lib/python3.8/site-packages/airflow/example_dags/tutorial_taskflow_api.py for tasks to queue
[2024-12-18T13:24:37.348+0000] {logging_mixin.py:188} INFO - [2024-12-18T13:24:37.348+0000] {dagbag.py:538} INFO - Filling up the DagBag from /home/airflow/.local/lib/python3.8/site-packages/airflow/example_dags/tutorial_taskflow_api.py
[2024-12-18T13:24:37.353+0000] {processor.py:840} INFO - DAG(s) 'tutorial_taskflow_api' retrieved from /home/airflow/.local/lib/python3.8/site-packages/airflow/example_dags/tutorial_taskflow_api.py
[2024-12-18T13:24:37.378+0000] {logging_mixin.py:188} INFO - [2024-12-18T13:24:37.377+0000] {dag.py:3036} INFO - Sync 1 DAGs
[2024-12-18T13:24:37.390+0000] {logging_mixin.py:188} INFO - [2024-12-18T13:24:37.390+0000] {dag.py:3823} INFO - Setting next_dagrun for tutorial_taskflow_api to None, run_after=None
[2024-12-18T13:24:37.415+0000] {processor.py:183} INFO - Processing /home/airflow/.local/lib/python3.8/site-packages/airflow/example_dags/tutorial_taskflow_api.py took 0.071 seconds
[2024-12-18T13:25:07.621+0000] {processor.py:161} INFO - Started process (PID=2172) to work on /home/airflow/.local/lib/python3.8/site-packages/airflow/example_dags/tutorial_taskflow_api.py
[2024-12-18T13:25:07.622+0000] {processor.py:830} INFO - Processing file /home/airflow/.local/lib/python3.8/site-packages/airflow/example_dags/tutorial_taskflow_api.py for tasks to queue
[2024-12-18T13:25:07.623+0000] {logging_mixin.py:188} INFO - [2024-12-18T13:25:07.623+0000] {dagbag.py:538} INFO - Filling up the DagBag from /home/airflow/.local/lib/python3.8/site-packages/airflow/example_dags/tutorial_taskflow_api.py
[2024-12-18T13:25:07.628+0000] {processor.py:840} INFO - DAG(s) 'tutorial_taskflow_api' retrieved from /home/airflow/.local/lib/python3.8/site-packages/airflow/example_dags/tutorial_taskflow_api.py
[2024-12-18T13:25:07.639+0000] {logging_mixin.py:188} INFO - [2024-12-18T13:25:07.639+0000] {dag.py:3036} INFO - Sync 1 DAGs
[2024-12-18T13:25:07.645+0000] {logging_mixin.py:188} INFO - [2024-12-18T13:25:07.645+0000] {dag.py:3823} INFO - Setting next_dagrun for tutorial_taskflow_api to None, run_after=None
[2024-12-18T13:25:07.655+0000] {processor.py:183} INFO - Processing /home/airflow/.local/lib/python3.8/site-packages/airflow/example_dags/tutorial_taskflow_api.py took 0.038 seconds
[2024-12-18T13:25:37.824+0000] {processor.py:161} INFO - Started process (PID=2266) to work on /home/airflow/.local/lib/python3.8/site-packages/airflow/example_dags/tutorial_taskflow_api.py
[2024-12-18T13:25:37.825+0000] {processor.py:830} INFO - Processing file /home/airflow/.local/lib/python3.8/site-packages/airflow/example_dags/tutorial_taskflow_api.py for tasks to queue
[2024-12-18T13:25:37.826+0000] {logging_mixin.py:188} INFO - [2024-12-18T13:25:37.826+0000] {dagbag.py:538} INFO - Filling up the DagBag from /home/airflow/.local/lib/python3.8/site-packages/airflow/example_dags/tutorial_taskflow_api.py
[2024-12-18T13:25:37.829+0000] {processor.py:840} INFO - DAG(s) 'tutorial_taskflow_api' retrieved from /home/airflow/.local/lib/python3.8/site-packages/airflow/example_dags/tutorial_taskflow_api.py
[2024-12-18T13:25:37.841+0000] {logging_mixin.py:188} INFO - [2024-12-18T13:25:37.841+0000] {dag.py:3036} INFO - Sync 1 DAGs
[2024-12-18T13:25:37.847+0000] {logging_mixin.py:188} INFO - [2024-12-18T13:25:37.847+0000] {dag.py:3823} INFO - Setting next_dagrun for tutorial_taskflow_api to None, run_after=None
[2024-12-18T13:25:37.856+0000] {processor.py:183} INFO - Processing /home/airflow/.local/lib/python3.8/site-packages/airflow/example_dags/tutorial_taskflow_api.py took 0.034 seconds
[2024-12-18T13:26:08.001+0000] {processor.py:161} INFO - Started process (PID=2360) to work on /home/airflow/.local/lib/python3.8/site-packages/airflow/example_dags/tutorial_taskflow_api.py
[2024-12-18T13:26:08.002+0000] {processor.py:830} INFO - Processing file /home/airflow/.local/lib/python3.8/site-packages/airflow/example_dags/tutorial_taskflow_api.py for tasks to queue
[2024-12-18T13:26:08.003+0000] {logging_mixin.py:188} INFO - [2024-12-18T13:26:08.002+0000] {dagbag.py:538} INFO - Filling up the DagBag from /home/airflow/.local/lib/python3.8/site-packages/airflow/example_dags/tutorial_taskflow_api.py
[2024-12-18T13:26:08.006+0000] {processor.py:840} INFO - DAG(s) 'tutorial_taskflow_api' retrieved from /home/airflow/.local/lib/python3.8/site-packages/airflow/example_dags/tutorial_taskflow_api.py
[2024-12-18T13:26:08.019+0000] {logging_mixin.py:188} INFO - [2024-12-18T13:26:08.018+0000] {dag.py:3036} INFO - Sync 1 DAGs
[2024-12-18T13:26:08.026+0000] {logging_mixin.py:188} INFO - [2024-12-18T13:26:08.025+0000] {dag.py:3823} INFO - Setting next_dagrun for tutorial_taskflow_api to None, run_after=None
[2024-12-18T13:26:08.035+0000] {processor.py:183} INFO - Processing /home/airflow/.local/lib/python3.8/site-packages/airflow/example_dags/tutorial_taskflow_api.py took 0.035 seconds
[2024-12-18T13:26:38.168+0000] {processor.py:161} INFO - Started process (PID=2446) to work on /home/airflow/.local/lib/python3.8/site-packages/airflow/example_dags/tutorial_taskflow_api.py
[2024-12-18T13:26:38.168+0000] {processor.py:830} INFO - Processing file /home/airflow/.local/lib/python3.8/site-packages/airflow/example_dags/tutorial_taskflow_api.py for tasks to queue
[2024-12-18T13:26:38.169+0000] {logging_mixin.py:188} INFO - [2024-12-18T13:26:38.169+0000] {dagbag.py:538} INFO - Filling up the DagBag from /home/airflow/.local/lib/python3.8/site-packages/airflow/example_dags/tutorial_taskflow_api.py
[2024-12-18T13:26:38.173+0000] {processor.py:840} INFO - DAG(s) 'tutorial_taskflow_api' retrieved from /home/airflow/.local/lib/python3.8/site-packages/airflow/example_dags/tutorial_taskflow_api.py
[2024-12-18T13:26:38.188+0000] {logging_mixin.py:188} INFO - [2024-12-18T13:26:38.188+0000] {dag.py:3036} INFO - Sync 1 DAGs
[2024-12-18T13:26:38.195+0000] {logging_mixin.py:188} INFO - [2024-12-18T13:26:38.195+0000] {dag.py:3823} INFO - Setting next_dagrun for tutorial_taskflow_api to None, run_after=None
[2024-12-18T13:26:38.204+0000] {processor.py:183} INFO - Processing /home/airflow/.local/lib/python3.8/site-packages/airflow/example_dags/tutorial_taskflow_api.py took 0.039 seconds
[2024-12-18T13:27:08.385+0000] {processor.py:161} INFO - Started process (PID=2540) to work on /home/airflow/.local/lib/python3.8/site-packages/airflow/example_dags/tutorial_taskflow_api.py
[2024-12-18T13:27:08.386+0000] {processor.py:830} INFO - Processing file /home/airflow/.local/lib/python3.8/site-packages/airflow/example_dags/tutorial_taskflow_api.py for tasks to queue
[2024-12-18T13:27:08.388+0000] {logging_mixin.py:188} INFO - [2024-12-18T13:27:08.387+0000] {dagbag.py:538} INFO - Filling up the DagBag from /home/airflow/.local/lib/python3.8/site-packages/airflow/example_dags/tutorial_taskflow_api.py
[2024-12-18T13:27:08.393+0000] {processor.py:840} INFO - DAG(s) 'tutorial_taskflow_api' retrieved from /home/airflow/.local/lib/python3.8/site-packages/airflow/example_dags/tutorial_taskflow_api.py
[2024-12-18T13:27:08.412+0000] {logging_mixin.py:188} INFO - [2024-12-18T13:27:08.412+0000] {dag.py:3036} INFO - Sync 1 DAGs
[2024-12-18T13:27:08.424+0000] {logging_mixin.py:188} INFO - [2024-12-18T13:27:08.424+0000] {dag.py:3823} INFO - Setting next_dagrun for tutorial_taskflow_api to None, run_after=None
[2024-12-18T13:27:08.438+0000] {processor.py:183} INFO - Processing /home/airflow/.local/lib/python3.8/site-packages/airflow/example_dags/tutorial_taskflow_api.py took 0.056 seconds
[2024-12-18T13:27:38.577+0000] {processor.py:161} INFO - Started process (PID=2626) to work on /home/airflow/.local/lib/python3.8/site-packages/airflow/example_dags/tutorial_taskflow_api.py
[2024-12-18T13:27:38.578+0000] {processor.py:830} INFO - Processing file /home/airflow/.local/lib/python3.8/site-packages/airflow/example_dags/tutorial_taskflow_api.py for tasks to queue
[2024-12-18T13:27:38.579+0000] {logging_mixin.py:188} INFO - [2024-12-18T13:27:38.579+0000] {dagbag.py:538} INFO - Filling up the DagBag from /home/airflow/.local/lib/python3.8/site-packages/airflow/example_dags/tutorial_taskflow_api.py
[2024-12-18T13:27:38.584+0000] {processor.py:840} INFO - DAG(s) 'tutorial_taskflow_api' retrieved from /home/airflow/.local/lib/python3.8/site-packages/airflow/example_dags/tutorial_taskflow_api.py
[2024-12-18T13:27:38.606+0000] {logging_mixin.py:188} INFO - [2024-12-18T13:27:38.605+0000] {dag.py:3036} INFO - Sync 1 DAGs
[2024-12-18T13:27:38.619+0000] {logging_mixin.py:188} INFO - [2024-12-18T13:27:38.619+0000] {dag.py:3823} INFO - Setting next_dagrun for tutorial_taskflow_api to None, run_after=None
[2024-12-18T13:27:38.643+0000] {processor.py:183} INFO - Processing /home/airflow/.local/lib/python3.8/site-packages/airflow/example_dags/tutorial_taskflow_api.py took 0.068 seconds
[2024-12-18T13:28:08.755+0000] {processor.py:161} INFO - Started process (PID=2720) to work on /home/airflow/.local/lib/python3.8/site-packages/airflow/example_dags/tutorial_taskflow_api.py
[2024-12-18T13:28:08.756+0000] {processor.py:830} INFO - Processing file /home/airflow/.local/lib/python3.8/site-packages/airflow/example_dags/tutorial_taskflow_api.py for tasks to queue
[2024-12-18T13:28:08.757+0000] {logging_mixin.py:188} INFO - [2024-12-18T13:28:08.757+0000] {dagbag.py:538} INFO - Filling up the DagBag from /home/airflow/.local/lib/python3.8/site-packages/airflow/example_dags/tutorial_taskflow_api.py
[2024-12-18T13:28:08.762+0000] {processor.py:840} INFO - DAG(s) 'tutorial_taskflow_api' retrieved from /home/airflow/.local/lib/python3.8/site-packages/airflow/example_dags/tutorial_taskflow_api.py
[2024-12-18T13:28:08.779+0000] {logging_mixin.py:188} INFO - [2024-12-18T13:28:08.779+0000] {dag.py:3036} INFO - Sync 1 DAGs
[2024-12-18T13:28:08.786+0000] {logging_mixin.py:188} INFO - [2024-12-18T13:28:08.786+0000] {dag.py:3823} INFO - Setting next_dagrun for tutorial_taskflow_api to None, run_after=None
[2024-12-18T13:28:08.796+0000] {processor.py:183} INFO - Processing /home/airflow/.local/lib/python3.8/site-packages/airflow/example_dags/tutorial_taskflow_api.py took 0.042 seconds
