[2024-12-23T08:58:57.511+0000] {taskinstance.py:1956} INFO - Dependencies all met for dep_context=non-requeueable deps ti=<TaskInstance: weather_dag.prepare_data manual__2024-12-23T08:58:48.991016+00:00 [queued]>
[2024-12-23T08:58:57.524+0000] {taskinstance.py:1956} INFO - Dependencies all met for dep_context=requeueable deps ti=<TaskInstance: weather_dag.prepare_data manual__2024-12-23T08:58:48.991016+00:00 [queued]>
[2024-12-23T08:58:57.524+0000] {taskinstance.py:2170} INFO - Starting attempt 1 of 3
[2024-12-23T08:58:57.540+0000] {taskinstance.py:2191} INFO - Executing <Task(PythonOperator): prepare_data> on 2024-12-23 08:58:48.991016+00:00
[2024-12-23T08:58:57.549+0000] {standard_task_runner.py:60} INFO - Started process 1595 to run task
[2024-12-23T08:58:57.553+0000] {standard_task_runner.py:87} INFO - Running: ['***', 'tasks', 'run', 'weather_dag', 'prepare_data', 'manual__2024-12-23T08:58:48.991016+00:00', '--job-id', '169', '--raw', '--subdir', 'DAGS_FOLDER/extract.py', '--cfg-path', '/tmp/tmp7ctux5i4']
[2024-12-23T08:58:57.554+0000] {standard_task_runner.py:88} INFO - Job 169: Subtask prepare_data
[2024-12-23T08:58:57.576+0000] {warnings.py:109} WARNING - /home/***/.local/lib/python3.8/site-packages/***/settings.py:194: DeprecationWarning: The sql_alchemy_conn option in [core] has been moved to the sql_alchemy_conn option in [database] - the old setting has been used, but please update your config.
  SQL_ALCHEMY_CONN = conf.get("database", "SQL_ALCHEMY_CONN")

[2024-12-23T08:58:57.621+0000] {task_command.py:423} INFO - Running <TaskInstance: weather_dag.prepare_data manual__2024-12-23T08:58:48.991016+00:00 [running]> on host b853fb0270cd
[2024-12-23T08:58:57.730+0000] {taskinstance.py:2480} INFO - Exporting env vars: AIRFLOW_CTX_DAG_EMAIL='thiernosidybah232@gmail.com' AIRFLOW_CTX_DAG_OWNER='***' AIRFLOW_CTX_DAG_ID='weather_dag' AIRFLOW_CTX_TASK_ID='prepare_data' AIRFLOW_CTX_EXECUTION_DATE='2024-12-23T08:58:48.991016+00:00' AIRFLOW_CTX_TRY_NUMBER='1' AIRFLOW_CTX_DAG_RUN_ID='manual__2024-12-23T08:58:48.991016+00:00'
[2024-12-23T08:58:57.741+0000] {warnings.py:109} WARNING - /opt/***/dags/extract.py:90: SettingWithCopyWarning: 
A value is trying to be set on a copy of a slice from a DataFrame.
Try using .loc[row_indexer,col_indexer] = value instead

See the caveats in the documentation: https://pandas.pydata.org/pandas-docs/stable/user_guide/indexing.html#returning-a-view-versus-a-copy
  data_temp.loc[:, "target"] = data_temp['temperature'].shift(1)

[2024-12-23T08:58:57.742+0000] {warnings.py:109} WARNING - /opt/***/dags/extract.py:93: SettingWithCopyWarning: 
A value is trying to be set on a copy of a slice from a DataFrame.
Try using .loc[row_indexer,col_indexer] = value instead

See the caveats in the documentation: https://pandas.pydata.org/pandas-docs/stable/user_guide/indexing.html#returning-a-view-versus-a-copy
  data_temp.loc[:, f"temp_m-{element}"] = data_temp['temperature'].shift(-element)

[2024-12-23T08:58:57.743+0000] {warnings.py:109} WARNING - /opt/***/dags/extract.py:93: SettingWithCopyWarning: 
A value is trying to be set on a copy of a slice from a DataFrame.
Try using .loc[row_indexer,col_indexer] = value instead

See the caveats in the documentation: https://pandas.pydata.org/pandas-docs/stable/user_guide/indexing.html#returning-a-view-versus-a-copy
  data_temp.loc[:, f"temp_m-{element}"] = data_temp['temperature'].shift(-element)

[2024-12-23T08:58:57.745+0000] {warnings.py:109} WARNING - /opt/***/dags/extract.py:93: SettingWithCopyWarning: 
A value is trying to be set on a copy of a slice from a DataFrame.
Try using .loc[row_indexer,col_indexer] = value instead

See the caveats in the documentation: https://pandas.pydata.org/pandas-docs/stable/user_guide/indexing.html#returning-a-view-versus-a-copy
  data_temp.loc[:, f"temp_m-{element}"] = data_temp['temperature'].shift(-element)

[2024-12-23T08:58:57.746+0000] {warnings.py:109} WARNING - /opt/***/dags/extract.py:93: SettingWithCopyWarning: 
A value is trying to be set on a copy of a slice from a DataFrame.
Try using .loc[row_indexer,col_indexer] = value instead

See the caveats in the documentation: https://pandas.pydata.org/pandas-docs/stable/user_guide/indexing.html#returning-a-view-versus-a-copy
  data_temp.loc[:, f"temp_m-{element}"] = data_temp['temperature'].shift(-element)

[2024-12-23T08:58:57.747+0000] {warnings.py:109} WARNING - /opt/***/dags/extract.py:93: SettingWithCopyWarning: 
A value is trying to be set on a copy of a slice from a DataFrame.
Try using .loc[row_indexer,col_indexer] = value instead

See the caveats in the documentation: https://pandas.pydata.org/pandas-docs/stable/user_guide/indexing.html#returning-a-view-versus-a-copy
  data_temp.loc[:, f"temp_m-{element}"] = data_temp['temperature'].shift(-element)

[2024-12-23T08:58:57.747+0000] {warnings.py:109} WARNING - /opt/***/dags/extract.py:93: SettingWithCopyWarning: 
A value is trying to be set on a copy of a slice from a DataFrame.
Try using .loc[row_indexer,col_indexer] = value instead

See the caveats in the documentation: https://pandas.pydata.org/pandas-docs/stable/user_guide/indexing.html#returning-a-view-versus-a-copy
  data_temp.loc[:, f"temp_m-{element}"] = data_temp['temperature'].shift(-element)

[2024-12-23T08:58:57.748+0000] {warnings.py:109} WARNING - /opt/***/dags/extract.py:93: SettingWithCopyWarning: 
A value is trying to be set on a copy of a slice from a DataFrame.
Try using .loc[row_indexer,col_indexer] = value instead

See the caveats in the documentation: https://pandas.pydata.org/pandas-docs/stable/user_guide/indexing.html#returning-a-view-versus-a-copy
  data_temp.loc[:, f"temp_m-{element}"] = data_temp['temperature'].shift(-element)

[2024-12-23T08:58:57.749+0000] {warnings.py:109} WARNING - /opt/***/dags/extract.py:93: SettingWithCopyWarning: 
A value is trying to be set on a copy of a slice from a DataFrame.
Try using .loc[row_indexer,col_indexer] = value instead

See the caveats in the documentation: https://pandas.pydata.org/pandas-docs/stable/user_guide/indexing.html#returning-a-view-versus-a-copy
  data_temp.loc[:, f"temp_m-{element}"] = data_temp['temperature'].shift(-element)

[2024-12-23T08:58:57.750+0000] {warnings.py:109} WARNING - /opt/***/dags/extract.py:93: SettingWithCopyWarning: 
A value is trying to be set on a copy of a slice from a DataFrame.
Try using .loc[row_indexer,col_indexer] = value instead

See the caveats in the documentation: https://pandas.pydata.org/pandas-docs/stable/user_guide/indexing.html#returning-a-view-versus-a-copy
  data_temp.loc[:, f"temp_m-{element}"] = data_temp['temperature'].shift(-element)

[2024-12-23T08:58:57.752+0000] {warnings.py:109} WARNING - /opt/***/dags/extract.py:90: SettingWithCopyWarning: 
A value is trying to be set on a copy of a slice from a DataFrame.
Try using .loc[row_indexer,col_indexer] = value instead

See the caveats in the documentation: https://pandas.pydata.org/pandas-docs/stable/user_guide/indexing.html#returning-a-view-versus-a-copy
  data_temp.loc[:, "target"] = data_temp['temperature'].shift(1)

[2024-12-23T08:58:57.753+0000] {warnings.py:109} WARNING - /opt/***/dags/extract.py:93: SettingWithCopyWarning: 
A value is trying to be set on a copy of a slice from a DataFrame.
Try using .loc[row_indexer,col_indexer] = value instead

See the caveats in the documentation: https://pandas.pydata.org/pandas-docs/stable/user_guide/indexing.html#returning-a-view-versus-a-copy
  data_temp.loc[:, f"temp_m-{element}"] = data_temp['temperature'].shift(-element)

[2024-12-23T08:58:57.753+0000] {warnings.py:109} WARNING - /opt/***/dags/extract.py:93: SettingWithCopyWarning: 
A value is trying to be set on a copy of a slice from a DataFrame.
Try using .loc[row_indexer,col_indexer] = value instead

See the caveats in the documentation: https://pandas.pydata.org/pandas-docs/stable/user_guide/indexing.html#returning-a-view-versus-a-copy
  data_temp.loc[:, f"temp_m-{element}"] = data_temp['temperature'].shift(-element)

[2024-12-23T08:58:57.754+0000] {warnings.py:109} WARNING - /opt/***/dags/extract.py:93: SettingWithCopyWarning: 
A value is trying to be set on a copy of a slice from a DataFrame.
Try using .loc[row_indexer,col_indexer] = value instead

See the caveats in the documentation: https://pandas.pydata.org/pandas-docs/stable/user_guide/indexing.html#returning-a-view-versus-a-copy
  data_temp.loc[:, f"temp_m-{element}"] = data_temp['temperature'].shift(-element)

[2024-12-23T08:58:57.755+0000] {warnings.py:109} WARNING - /opt/***/dags/extract.py:93: SettingWithCopyWarning: 
A value is trying to be set on a copy of a slice from a DataFrame.
Try using .loc[row_indexer,col_indexer] = value instead

See the caveats in the documentation: https://pandas.pydata.org/pandas-docs/stable/user_guide/indexing.html#returning-a-view-versus-a-copy
  data_temp.loc[:, f"temp_m-{element}"] = data_temp['temperature'].shift(-element)

[2024-12-23T08:58:57.756+0000] {warnings.py:109} WARNING - /opt/***/dags/extract.py:93: SettingWithCopyWarning: 
A value is trying to be set on a copy of a slice from a DataFrame.
Try using .loc[row_indexer,col_indexer] = value instead

See the caveats in the documentation: https://pandas.pydata.org/pandas-docs/stable/user_guide/indexing.html#returning-a-view-versus-a-copy
  data_temp.loc[:, f"temp_m-{element}"] = data_temp['temperature'].shift(-element)

[2024-12-23T08:58:57.757+0000] {warnings.py:109} WARNING - /opt/***/dags/extract.py:93: SettingWithCopyWarning: 
A value is trying to be set on a copy of a slice from a DataFrame.
Try using .loc[row_indexer,col_indexer] = value instead

See the caveats in the documentation: https://pandas.pydata.org/pandas-docs/stable/user_guide/indexing.html#returning-a-view-versus-a-copy
  data_temp.loc[:, f"temp_m-{element}"] = data_temp['temperature'].shift(-element)

[2024-12-23T08:58:57.758+0000] {warnings.py:109} WARNING - /opt/***/dags/extract.py:93: SettingWithCopyWarning: 
A value is trying to be set on a copy of a slice from a DataFrame.
Try using .loc[row_indexer,col_indexer] = value instead

See the caveats in the documentation: https://pandas.pydata.org/pandas-docs/stable/user_guide/indexing.html#returning-a-view-versus-a-copy
  data_temp.loc[:, f"temp_m-{element}"] = data_temp['temperature'].shift(-element)

[2024-12-23T08:58:57.758+0000] {warnings.py:109} WARNING - /opt/***/dags/extract.py:93: SettingWithCopyWarning: 
A value is trying to be set on a copy of a slice from a DataFrame.
Try using .loc[row_indexer,col_indexer] = value instead

See the caveats in the documentation: https://pandas.pydata.org/pandas-docs/stable/user_guide/indexing.html#returning-a-view-versus-a-copy
  data_temp.loc[:, f"temp_m-{element}"] = data_temp['temperature'].shift(-element)

[2024-12-23T08:58:57.759+0000] {warnings.py:109} WARNING - /opt/***/dags/extract.py:93: SettingWithCopyWarning: 
A value is trying to be set on a copy of a slice from a DataFrame.
Try using .loc[row_indexer,col_indexer] = value instead

See the caveats in the documentation: https://pandas.pydata.org/pandas-docs/stable/user_guide/indexing.html#returning-a-view-versus-a-copy
  data_temp.loc[:, f"temp_m-{element}"] = data_temp['temperature'].shift(-element)

[2024-12-23T08:58:57.760+0000] {warnings.py:109} WARNING - /opt/***/dags/extract.py:90: SettingWithCopyWarning: 
A value is trying to be set on a copy of a slice from a DataFrame.
Try using .loc[row_indexer,col_indexer] = value instead

See the caveats in the documentation: https://pandas.pydata.org/pandas-docs/stable/user_guide/indexing.html#returning-a-view-versus-a-copy
  data_temp.loc[:, "target"] = data_temp['temperature'].shift(1)

[2024-12-23T08:58:57.761+0000] {warnings.py:109} WARNING - /opt/***/dags/extract.py:93: SettingWithCopyWarning: 
A value is trying to be set on a copy of a slice from a DataFrame.
Try using .loc[row_indexer,col_indexer] = value instead

See the caveats in the documentation: https://pandas.pydata.org/pandas-docs/stable/user_guide/indexing.html#returning-a-view-versus-a-copy
  data_temp.loc[:, f"temp_m-{element}"] = data_temp['temperature'].shift(-element)

[2024-12-23T08:58:57.761+0000] {warnings.py:109} WARNING - /opt/***/dags/extract.py:93: SettingWithCopyWarning: 
A value is trying to be set on a copy of a slice from a DataFrame.
Try using .loc[row_indexer,col_indexer] = value instead

See the caveats in the documentation: https://pandas.pydata.org/pandas-docs/stable/user_guide/indexing.html#returning-a-view-versus-a-copy
  data_temp.loc[:, f"temp_m-{element}"] = data_temp['temperature'].shift(-element)

[2024-12-23T08:58:57.762+0000] {warnings.py:109} WARNING - /opt/***/dags/extract.py:93: SettingWithCopyWarning: 
A value is trying to be set on a copy of a slice from a DataFrame.
Try using .loc[row_indexer,col_indexer] = value instead

See the caveats in the documentation: https://pandas.pydata.org/pandas-docs/stable/user_guide/indexing.html#returning-a-view-versus-a-copy
  data_temp.loc[:, f"temp_m-{element}"] = data_temp['temperature'].shift(-element)

[2024-12-23T08:58:57.762+0000] {warnings.py:109} WARNING - /opt/***/dags/extract.py:93: SettingWithCopyWarning: 
A value is trying to be set on a copy of a slice from a DataFrame.
Try using .loc[row_indexer,col_indexer] = value instead

See the caveats in the documentation: https://pandas.pydata.org/pandas-docs/stable/user_guide/indexing.html#returning-a-view-versus-a-copy
  data_temp.loc[:, f"temp_m-{element}"] = data_temp['temperature'].shift(-element)

[2024-12-23T08:58:57.763+0000] {warnings.py:109} WARNING - /opt/***/dags/extract.py:93: SettingWithCopyWarning: 
A value is trying to be set on a copy of a slice from a DataFrame.
Try using .loc[row_indexer,col_indexer] = value instead

See the caveats in the documentation: https://pandas.pydata.org/pandas-docs/stable/user_guide/indexing.html#returning-a-view-versus-a-copy
  data_temp.loc[:, f"temp_m-{element}"] = data_temp['temperature'].shift(-element)

[2024-12-23T08:58:57.763+0000] {warnings.py:109} WARNING - /opt/***/dags/extract.py:93: SettingWithCopyWarning: 
A value is trying to be set on a copy of a slice from a DataFrame.
Try using .loc[row_indexer,col_indexer] = value instead

See the caveats in the documentation: https://pandas.pydata.org/pandas-docs/stable/user_guide/indexing.html#returning-a-view-versus-a-copy
  data_temp.loc[:, f"temp_m-{element}"] = data_temp['temperature'].shift(-element)

[2024-12-23T08:58:57.763+0000] {warnings.py:109} WARNING - /opt/***/dags/extract.py:93: SettingWithCopyWarning: 
A value is trying to be set on a copy of a slice from a DataFrame.
Try using .loc[row_indexer,col_indexer] = value instead

See the caveats in the documentation: https://pandas.pydata.org/pandas-docs/stable/user_guide/indexing.html#returning-a-view-versus-a-copy
  data_temp.loc[:, f"temp_m-{element}"] = data_temp['temperature'].shift(-element)

[2024-12-23T08:58:57.764+0000] {warnings.py:109} WARNING - /opt/***/dags/extract.py:93: SettingWithCopyWarning: 
A value is trying to be set on a copy of a slice from a DataFrame.
Try using .loc[row_indexer,col_indexer] = value instead

See the caveats in the documentation: https://pandas.pydata.org/pandas-docs/stable/user_guide/indexing.html#returning-a-view-versus-a-copy
  data_temp.loc[:, f"temp_m-{element}"] = data_temp['temperature'].shift(-element)

[2024-12-23T08:58:57.764+0000] {warnings.py:109} WARNING - /opt/***/dags/extract.py:93: SettingWithCopyWarning: 
A value is trying to be set on a copy of a slice from a DataFrame.
Try using .loc[row_indexer,col_indexer] = value instead

See the caveats in the documentation: https://pandas.pydata.org/pandas-docs/stable/user_guide/indexing.html#returning-a-view-versus-a-copy
  data_temp.loc[:, f"temp_m-{element}"] = data_temp['temperature'].shift(-element)

[2024-12-23T08:58:57.766+0000] {warnings.py:109} WARNING - /opt/***/dags/extract.py:90: SettingWithCopyWarning: 
A value is trying to be set on a copy of a slice from a DataFrame.
Try using .loc[row_indexer,col_indexer] = value instead

See the caveats in the documentation: https://pandas.pydata.org/pandas-docs/stable/user_guide/indexing.html#returning-a-view-versus-a-copy
  data_temp.loc[:, "target"] = data_temp['temperature'].shift(1)

[2024-12-23T08:58:57.766+0000] {warnings.py:109} WARNING - /opt/***/dags/extract.py:93: SettingWithCopyWarning: 
A value is trying to be set on a copy of a slice from a DataFrame.
Try using .loc[row_indexer,col_indexer] = value instead

See the caveats in the documentation: https://pandas.pydata.org/pandas-docs/stable/user_guide/indexing.html#returning-a-view-versus-a-copy
  data_temp.loc[:, f"temp_m-{element}"] = data_temp['temperature'].shift(-element)

[2024-12-23T08:58:57.767+0000] {warnings.py:109} WARNING - /opt/***/dags/extract.py:93: SettingWithCopyWarning: 
A value is trying to be set on a copy of a slice from a DataFrame.
Try using .loc[row_indexer,col_indexer] = value instead

See the caveats in the documentation: https://pandas.pydata.org/pandas-docs/stable/user_guide/indexing.html#returning-a-view-versus-a-copy
  data_temp.loc[:, f"temp_m-{element}"] = data_temp['temperature'].shift(-element)

[2024-12-23T08:58:57.767+0000] {warnings.py:109} WARNING - /opt/***/dags/extract.py:93: SettingWithCopyWarning: 
A value is trying to be set on a copy of a slice from a DataFrame.
Try using .loc[row_indexer,col_indexer] = value instead

See the caveats in the documentation: https://pandas.pydata.org/pandas-docs/stable/user_guide/indexing.html#returning-a-view-versus-a-copy
  data_temp.loc[:, f"temp_m-{element}"] = data_temp['temperature'].shift(-element)

[2024-12-23T08:58:57.768+0000] {warnings.py:109} WARNING - /opt/***/dags/extract.py:93: SettingWithCopyWarning: 
A value is trying to be set on a copy of a slice from a DataFrame.
Try using .loc[row_indexer,col_indexer] = value instead

See the caveats in the documentation: https://pandas.pydata.org/pandas-docs/stable/user_guide/indexing.html#returning-a-view-versus-a-copy
  data_temp.loc[:, f"temp_m-{element}"] = data_temp['temperature'].shift(-element)

[2024-12-23T08:58:57.768+0000] {warnings.py:109} WARNING - /opt/***/dags/extract.py:93: SettingWithCopyWarning: 
A value is trying to be set on a copy of a slice from a DataFrame.
Try using .loc[row_indexer,col_indexer] = value instead

See the caveats in the documentation: https://pandas.pydata.org/pandas-docs/stable/user_guide/indexing.html#returning-a-view-versus-a-copy
  data_temp.loc[:, f"temp_m-{element}"] = data_temp['temperature'].shift(-element)

[2024-12-23T08:58:57.768+0000] {warnings.py:109} WARNING - /opt/***/dags/extract.py:93: SettingWithCopyWarning: 
A value is trying to be set on a copy of a slice from a DataFrame.
Try using .loc[row_indexer,col_indexer] = value instead

See the caveats in the documentation: https://pandas.pydata.org/pandas-docs/stable/user_guide/indexing.html#returning-a-view-versus-a-copy
  data_temp.loc[:, f"temp_m-{element}"] = data_temp['temperature'].shift(-element)

[2024-12-23T08:58:57.769+0000] {warnings.py:109} WARNING - /opt/***/dags/extract.py:93: SettingWithCopyWarning: 
A value is trying to be set on a copy of a slice from a DataFrame.
Try using .loc[row_indexer,col_indexer] = value instead

See the caveats in the documentation: https://pandas.pydata.org/pandas-docs/stable/user_guide/indexing.html#returning-a-view-versus-a-copy
  data_temp.loc[:, f"temp_m-{element}"] = data_temp['temperature'].shift(-element)

[2024-12-23T08:58:57.769+0000] {warnings.py:109} WARNING - /opt/***/dags/extract.py:93: SettingWithCopyWarning: 
A value is trying to be set on a copy of a slice from a DataFrame.
Try using .loc[row_indexer,col_indexer] = value instead

See the caveats in the documentation: https://pandas.pydata.org/pandas-docs/stable/user_guide/indexing.html#returning-a-view-versus-a-copy
  data_temp.loc[:, f"temp_m-{element}"] = data_temp['temperature'].shift(-element)

[2024-12-23T08:58:57.770+0000] {warnings.py:109} WARNING - /opt/***/dags/extract.py:93: SettingWithCopyWarning: 
A value is trying to be set on a copy of a slice from a DataFrame.
Try using .loc[row_indexer,col_indexer] = value instead

See the caveats in the documentation: https://pandas.pydata.org/pandas-docs/stable/user_guide/indexing.html#returning-a-view-versus-a-copy
  data_temp.loc[:, f"temp_m-{element}"] = data_temp['temperature'].shift(-element)

[2024-12-23T08:58:57.771+0000] {warnings.py:109} WARNING - /opt/***/dags/extract.py:90: SettingWithCopyWarning: 
A value is trying to be set on a copy of a slice from a DataFrame.
Try using .loc[row_indexer,col_indexer] = value instead

See the caveats in the documentation: https://pandas.pydata.org/pandas-docs/stable/user_guide/indexing.html#returning-a-view-versus-a-copy
  data_temp.loc[:, "target"] = data_temp['temperature'].shift(1)

[2024-12-23T08:58:57.771+0000] {warnings.py:109} WARNING - /opt/***/dags/extract.py:93: SettingWithCopyWarning: 
A value is trying to be set on a copy of a slice from a DataFrame.
Try using .loc[row_indexer,col_indexer] = value instead

See the caveats in the documentation: https://pandas.pydata.org/pandas-docs/stable/user_guide/indexing.html#returning-a-view-versus-a-copy
  data_temp.loc[:, f"temp_m-{element}"] = data_temp['temperature'].shift(-element)

[2024-12-23T08:58:57.772+0000] {warnings.py:109} WARNING - /opt/***/dags/extract.py:93: SettingWithCopyWarning: 
A value is trying to be set on a copy of a slice from a DataFrame.
Try using .loc[row_indexer,col_indexer] = value instead

See the caveats in the documentation: https://pandas.pydata.org/pandas-docs/stable/user_guide/indexing.html#returning-a-view-versus-a-copy
  data_temp.loc[:, f"temp_m-{element}"] = data_temp['temperature'].shift(-element)

[2024-12-23T08:58:57.773+0000] {warnings.py:109} WARNING - /opt/***/dags/extract.py:93: SettingWithCopyWarning: 
A value is trying to be set on a copy of a slice from a DataFrame.
Try using .loc[row_indexer,col_indexer] = value instead

See the caveats in the documentation: https://pandas.pydata.org/pandas-docs/stable/user_guide/indexing.html#returning-a-view-versus-a-copy
  data_temp.loc[:, f"temp_m-{element}"] = data_temp['temperature'].shift(-element)

[2024-12-23T08:58:57.773+0000] {warnings.py:109} WARNING - /opt/***/dags/extract.py:93: SettingWithCopyWarning: 
A value is trying to be set on a copy of a slice from a DataFrame.
Try using .loc[row_indexer,col_indexer] = value instead

See the caveats in the documentation: https://pandas.pydata.org/pandas-docs/stable/user_guide/indexing.html#returning-a-view-versus-a-copy
  data_temp.loc[:, f"temp_m-{element}"] = data_temp['temperature'].shift(-element)

[2024-12-23T08:58:57.773+0000] {warnings.py:109} WARNING - /opt/***/dags/extract.py:93: SettingWithCopyWarning: 
A value is trying to be set on a copy of a slice from a DataFrame.
Try using .loc[row_indexer,col_indexer] = value instead

See the caveats in the documentation: https://pandas.pydata.org/pandas-docs/stable/user_guide/indexing.html#returning-a-view-versus-a-copy
  data_temp.loc[:, f"temp_m-{element}"] = data_temp['temperature'].shift(-element)

[2024-12-23T08:58:57.774+0000] {warnings.py:109} WARNING - /opt/***/dags/extract.py:93: SettingWithCopyWarning: 
A value is trying to be set on a copy of a slice from a DataFrame.
Try using .loc[row_indexer,col_indexer] = value instead

See the caveats in the documentation: https://pandas.pydata.org/pandas-docs/stable/user_guide/indexing.html#returning-a-view-versus-a-copy
  data_temp.loc[:, f"temp_m-{element}"] = data_temp['temperature'].shift(-element)

[2024-12-23T08:58:57.774+0000] {warnings.py:109} WARNING - /opt/***/dags/extract.py:93: SettingWithCopyWarning: 
A value is trying to be set on a copy of a slice from a DataFrame.
Try using .loc[row_indexer,col_indexer] = value instead

See the caveats in the documentation: https://pandas.pydata.org/pandas-docs/stable/user_guide/indexing.html#returning-a-view-versus-a-copy
  data_temp.loc[:, f"temp_m-{element}"] = data_temp['temperature'].shift(-element)

[2024-12-23T08:58:57.775+0000] {warnings.py:109} WARNING - /opt/***/dags/extract.py:93: SettingWithCopyWarning: 
A value is trying to be set on a copy of a slice from a DataFrame.
Try using .loc[row_indexer,col_indexer] = value instead

See the caveats in the documentation: https://pandas.pydata.org/pandas-docs/stable/user_guide/indexing.html#returning-a-view-versus-a-copy
  data_temp.loc[:, f"temp_m-{element}"] = data_temp['temperature'].shift(-element)

[2024-12-23T08:58:57.775+0000] {warnings.py:109} WARNING - /opt/***/dags/extract.py:93: SettingWithCopyWarning: 
A value is trying to be set on a copy of a slice from a DataFrame.
Try using .loc[row_indexer,col_indexer] = value instead

See the caveats in the documentation: https://pandas.pydata.org/pandas-docs/stable/user_guide/indexing.html#returning-a-view-versus-a-copy
  data_temp.loc[:, f"temp_m-{element}"] = data_temp['temperature'].shift(-element)

[2024-12-23T08:58:57.776+0000] {warnings.py:109} WARNING - /opt/***/dags/extract.py:90: SettingWithCopyWarning: 
A value is trying to be set on a copy of a slice from a DataFrame.
Try using .loc[row_indexer,col_indexer] = value instead

See the caveats in the documentation: https://pandas.pydata.org/pandas-docs/stable/user_guide/indexing.html#returning-a-view-versus-a-copy
  data_temp.loc[:, "target"] = data_temp['temperature'].shift(1)

[2024-12-23T08:58:57.777+0000] {warnings.py:109} WARNING - /opt/***/dags/extract.py:93: SettingWithCopyWarning: 
A value is trying to be set on a copy of a slice from a DataFrame.
Try using .loc[row_indexer,col_indexer] = value instead

See the caveats in the documentation: https://pandas.pydata.org/pandas-docs/stable/user_guide/indexing.html#returning-a-view-versus-a-copy
  data_temp.loc[:, f"temp_m-{element}"] = data_temp['temperature'].shift(-element)

[2024-12-23T08:58:57.777+0000] {warnings.py:109} WARNING - /opt/***/dags/extract.py:93: SettingWithCopyWarning: 
A value is trying to be set on a copy of a slice from a DataFrame.
Try using .loc[row_indexer,col_indexer] = value instead

See the caveats in the documentation: https://pandas.pydata.org/pandas-docs/stable/user_guide/indexing.html#returning-a-view-versus-a-copy
  data_temp.loc[:, f"temp_m-{element}"] = data_temp['temperature'].shift(-element)

[2024-12-23T08:58:57.777+0000] {warnings.py:109} WARNING - /opt/***/dags/extract.py:93: SettingWithCopyWarning: 
A value is trying to be set on a copy of a slice from a DataFrame.
Try using .loc[row_indexer,col_indexer] = value instead

See the caveats in the documentation: https://pandas.pydata.org/pandas-docs/stable/user_guide/indexing.html#returning-a-view-versus-a-copy
  data_temp.loc[:, f"temp_m-{element}"] = data_temp['temperature'].shift(-element)

[2024-12-23T08:58:57.778+0000] {warnings.py:109} WARNING - /opt/***/dags/extract.py:93: SettingWithCopyWarning: 
A value is trying to be set on a copy of a slice from a DataFrame.
Try using .loc[row_indexer,col_indexer] = value instead

See the caveats in the documentation: https://pandas.pydata.org/pandas-docs/stable/user_guide/indexing.html#returning-a-view-versus-a-copy
  data_temp.loc[:, f"temp_m-{element}"] = data_temp['temperature'].shift(-element)

[2024-12-23T08:58:57.778+0000] {warnings.py:109} WARNING - /opt/***/dags/extract.py:93: SettingWithCopyWarning: 
A value is trying to be set on a copy of a slice from a DataFrame.
Try using .loc[row_indexer,col_indexer] = value instead

See the caveats in the documentation: https://pandas.pydata.org/pandas-docs/stable/user_guide/indexing.html#returning-a-view-versus-a-copy
  data_temp.loc[:, f"temp_m-{element}"] = data_temp['temperature'].shift(-element)

[2024-12-23T08:58:57.779+0000] {warnings.py:109} WARNING - /opt/***/dags/extract.py:93: SettingWithCopyWarning: 
A value is trying to be set on a copy of a slice from a DataFrame.
Try using .loc[row_indexer,col_indexer] = value instead

See the caveats in the documentation: https://pandas.pydata.org/pandas-docs/stable/user_guide/indexing.html#returning-a-view-versus-a-copy
  data_temp.loc[:, f"temp_m-{element}"] = data_temp['temperature'].shift(-element)

[2024-12-23T08:58:57.779+0000] {warnings.py:109} WARNING - /opt/***/dags/extract.py:93: SettingWithCopyWarning: 
A value is trying to be set on a copy of a slice from a DataFrame.
Try using .loc[row_indexer,col_indexer] = value instead

See the caveats in the documentation: https://pandas.pydata.org/pandas-docs/stable/user_guide/indexing.html#returning-a-view-versus-a-copy
  data_temp.loc[:, f"temp_m-{element}"] = data_temp['temperature'].shift(-element)

[2024-12-23T08:58:57.779+0000] {warnings.py:109} WARNING - /opt/***/dags/extract.py:93: SettingWithCopyWarning: 
A value is trying to be set on a copy of a slice from a DataFrame.
Try using .loc[row_indexer,col_indexer] = value instead

See the caveats in the documentation: https://pandas.pydata.org/pandas-docs/stable/user_guide/indexing.html#returning-a-view-versus-a-copy
  data_temp.loc[:, f"temp_m-{element}"] = data_temp['temperature'].shift(-element)

[2024-12-23T08:58:57.780+0000] {warnings.py:109} WARNING - /opt/***/dags/extract.py:93: SettingWithCopyWarning: 
A value is trying to be set on a copy of a slice from a DataFrame.
Try using .loc[row_indexer,col_indexer] = value instead

See the caveats in the documentation: https://pandas.pydata.org/pandas-docs/stable/user_guide/indexing.html#returning-a-view-versus-a-copy
  data_temp.loc[:, f"temp_m-{element}"] = data_temp['temperature'].shift(-element)

[2024-12-23T08:58:57.781+0000] {warnings.py:109} WARNING - /opt/***/dags/extract.py:90: SettingWithCopyWarning: 
A value is trying to be set on a copy of a slice from a DataFrame.
Try using .loc[row_indexer,col_indexer] = value instead

See the caveats in the documentation: https://pandas.pydata.org/pandas-docs/stable/user_guide/indexing.html#returning-a-view-versus-a-copy
  data_temp.loc[:, "target"] = data_temp['temperature'].shift(1)

[2024-12-23T08:58:57.782+0000] {warnings.py:109} WARNING - /opt/***/dags/extract.py:93: SettingWithCopyWarning: 
A value is trying to be set on a copy of a slice from a DataFrame.
Try using .loc[row_indexer,col_indexer] = value instead

See the caveats in the documentation: https://pandas.pydata.org/pandas-docs/stable/user_guide/indexing.html#returning-a-view-versus-a-copy
  data_temp.loc[:, f"temp_m-{element}"] = data_temp['temperature'].shift(-element)

[2024-12-23T08:58:57.782+0000] {warnings.py:109} WARNING - /opt/***/dags/extract.py:93: SettingWithCopyWarning: 
A value is trying to be set on a copy of a slice from a DataFrame.
Try using .loc[row_indexer,col_indexer] = value instead

See the caveats in the documentation: https://pandas.pydata.org/pandas-docs/stable/user_guide/indexing.html#returning-a-view-versus-a-copy
  data_temp.loc[:, f"temp_m-{element}"] = data_temp['temperature'].shift(-element)

[2024-12-23T08:58:57.783+0000] {warnings.py:109} WARNING - /opt/***/dags/extract.py:93: SettingWithCopyWarning: 
A value is trying to be set on a copy of a slice from a DataFrame.
Try using .loc[row_indexer,col_indexer] = value instead

See the caveats in the documentation: https://pandas.pydata.org/pandas-docs/stable/user_guide/indexing.html#returning-a-view-versus-a-copy
  data_temp.loc[:, f"temp_m-{element}"] = data_temp['temperature'].shift(-element)

[2024-12-23T08:58:57.783+0000] {warnings.py:109} WARNING - /opt/***/dags/extract.py:93: SettingWithCopyWarning: 
A value is trying to be set on a copy of a slice from a DataFrame.
Try using .loc[row_indexer,col_indexer] = value instead

See the caveats in the documentation: https://pandas.pydata.org/pandas-docs/stable/user_guide/indexing.html#returning-a-view-versus-a-copy
  data_temp.loc[:, f"temp_m-{element}"] = data_temp['temperature'].shift(-element)

[2024-12-23T08:58:57.784+0000] {warnings.py:109} WARNING - /opt/***/dags/extract.py:93: SettingWithCopyWarning: 
A value is trying to be set on a copy of a slice from a DataFrame.
Try using .loc[row_indexer,col_indexer] = value instead

See the caveats in the documentation: https://pandas.pydata.org/pandas-docs/stable/user_guide/indexing.html#returning-a-view-versus-a-copy
  data_temp.loc[:, f"temp_m-{element}"] = data_temp['temperature'].shift(-element)

[2024-12-23T08:58:57.784+0000] {warnings.py:109} WARNING - /opt/***/dags/extract.py:93: SettingWithCopyWarning: 
A value is trying to be set on a copy of a slice from a DataFrame.
Try using .loc[row_indexer,col_indexer] = value instead

See the caveats in the documentation: https://pandas.pydata.org/pandas-docs/stable/user_guide/indexing.html#returning-a-view-versus-a-copy
  data_temp.loc[:, f"temp_m-{element}"] = data_temp['temperature'].shift(-element)

[2024-12-23T08:58:57.784+0000] {warnings.py:109} WARNING - /opt/***/dags/extract.py:93: SettingWithCopyWarning: 
A value is trying to be set on a copy of a slice from a DataFrame.
Try using .loc[row_indexer,col_indexer] = value instead

See the caveats in the documentation: https://pandas.pydata.org/pandas-docs/stable/user_guide/indexing.html#returning-a-view-versus-a-copy
  data_temp.loc[:, f"temp_m-{element}"] = data_temp['temperature'].shift(-element)

[2024-12-23T08:58:57.785+0000] {warnings.py:109} WARNING - /opt/***/dags/extract.py:93: SettingWithCopyWarning: 
A value is trying to be set on a copy of a slice from a DataFrame.
Try using .loc[row_indexer,col_indexer] = value instead

See the caveats in the documentation: https://pandas.pydata.org/pandas-docs/stable/user_guide/indexing.html#returning-a-view-versus-a-copy
  data_temp.loc[:, f"temp_m-{element}"] = data_temp['temperature'].shift(-element)

[2024-12-23T08:58:57.785+0000] {warnings.py:109} WARNING - /opt/***/dags/extract.py:93: SettingWithCopyWarning: 
A value is trying to be set on a copy of a slice from a DataFrame.
Try using .loc[row_indexer,col_indexer] = value instead

See the caveats in the documentation: https://pandas.pydata.org/pandas-docs/stable/user_guide/indexing.html#returning-a-view-versus-a-copy
  data_temp.loc[:, f"temp_m-{element}"] = data_temp['temperature'].shift(-element)

[2024-12-23T08:58:57.786+0000] {warnings.py:109} WARNING - /opt/***/dags/extract.py:90: SettingWithCopyWarning: 
A value is trying to be set on a copy of a slice from a DataFrame.
Try using .loc[row_indexer,col_indexer] = value instead

See the caveats in the documentation: https://pandas.pydata.org/pandas-docs/stable/user_guide/indexing.html#returning-a-view-versus-a-copy
  data_temp.loc[:, "target"] = data_temp['temperature'].shift(1)

[2024-12-23T08:58:57.787+0000] {warnings.py:109} WARNING - /opt/***/dags/extract.py:93: SettingWithCopyWarning: 
A value is trying to be set on a copy of a slice from a DataFrame.
Try using .loc[row_indexer,col_indexer] = value instead

See the caveats in the documentation: https://pandas.pydata.org/pandas-docs/stable/user_guide/indexing.html#returning-a-view-versus-a-copy
  data_temp.loc[:, f"temp_m-{element}"] = data_temp['temperature'].shift(-element)

[2024-12-23T08:58:57.787+0000] {warnings.py:109} WARNING - /opt/***/dags/extract.py:93: SettingWithCopyWarning: 
A value is trying to be set on a copy of a slice from a DataFrame.
Try using .loc[row_indexer,col_indexer] = value instead

See the caveats in the documentation: https://pandas.pydata.org/pandas-docs/stable/user_guide/indexing.html#returning-a-view-versus-a-copy
  data_temp.loc[:, f"temp_m-{element}"] = data_temp['temperature'].shift(-element)

[2024-12-23T08:58:57.788+0000] {warnings.py:109} WARNING - /opt/***/dags/extract.py:93: SettingWithCopyWarning: 
A value is trying to be set on a copy of a slice from a DataFrame.
Try using .loc[row_indexer,col_indexer] = value instead

See the caveats in the documentation: https://pandas.pydata.org/pandas-docs/stable/user_guide/indexing.html#returning-a-view-versus-a-copy
  data_temp.loc[:, f"temp_m-{element}"] = data_temp['temperature'].shift(-element)

[2024-12-23T08:58:57.788+0000] {warnings.py:109} WARNING - /opt/***/dags/extract.py:93: SettingWithCopyWarning: 
A value is trying to be set on a copy of a slice from a DataFrame.
Try using .loc[row_indexer,col_indexer] = value instead

See the caveats in the documentation: https://pandas.pydata.org/pandas-docs/stable/user_guide/indexing.html#returning-a-view-versus-a-copy
  data_temp.loc[:, f"temp_m-{element}"] = data_temp['temperature'].shift(-element)

[2024-12-23T08:58:57.788+0000] {warnings.py:109} WARNING - /opt/***/dags/extract.py:93: SettingWithCopyWarning: 
A value is trying to be set on a copy of a slice from a DataFrame.
Try using .loc[row_indexer,col_indexer] = value instead

See the caveats in the documentation: https://pandas.pydata.org/pandas-docs/stable/user_guide/indexing.html#returning-a-view-versus-a-copy
  data_temp.loc[:, f"temp_m-{element}"] = data_temp['temperature'].shift(-element)

[2024-12-23T08:58:57.789+0000] {warnings.py:109} WARNING - /opt/***/dags/extract.py:93: SettingWithCopyWarning: 
A value is trying to be set on a copy of a slice from a DataFrame.
Try using .loc[row_indexer,col_indexer] = value instead

See the caveats in the documentation: https://pandas.pydata.org/pandas-docs/stable/user_guide/indexing.html#returning-a-view-versus-a-copy
  data_temp.loc[:, f"temp_m-{element}"] = data_temp['temperature'].shift(-element)

[2024-12-23T08:58:57.789+0000] {warnings.py:109} WARNING - /opt/***/dags/extract.py:93: SettingWithCopyWarning: 
A value is trying to be set on a copy of a slice from a DataFrame.
Try using .loc[row_indexer,col_indexer] = value instead

See the caveats in the documentation: https://pandas.pydata.org/pandas-docs/stable/user_guide/indexing.html#returning-a-view-versus-a-copy
  data_temp.loc[:, f"temp_m-{element}"] = data_temp['temperature'].shift(-element)

[2024-12-23T08:58:57.790+0000] {warnings.py:109} WARNING - /opt/***/dags/extract.py:93: SettingWithCopyWarning: 
A value is trying to be set on a copy of a slice from a DataFrame.
Try using .loc[row_indexer,col_indexer] = value instead

See the caveats in the documentation: https://pandas.pydata.org/pandas-docs/stable/user_guide/indexing.html#returning-a-view-versus-a-copy
  data_temp.loc[:, f"temp_m-{element}"] = data_temp['temperature'].shift(-element)

[2024-12-23T08:58:57.790+0000] {warnings.py:109} WARNING - /opt/***/dags/extract.py:93: SettingWithCopyWarning: 
A value is trying to be set on a copy of a slice from a DataFrame.
Try using .loc[row_indexer,col_indexer] = value instead

See the caveats in the documentation: https://pandas.pydata.org/pandas-docs/stable/user_guide/indexing.html#returning-a-view-versus-a-copy
  data_temp.loc[:, f"temp_m-{element}"] = data_temp['temperature'].shift(-element)

[2024-12-23T08:58:57.792+0000] {warnings.py:109} WARNING - /opt/***/dags/extract.py:90: SettingWithCopyWarning: 
A value is trying to be set on a copy of a slice from a DataFrame.
Try using .loc[row_indexer,col_indexer] = value instead

See the caveats in the documentation: https://pandas.pydata.org/pandas-docs/stable/user_guide/indexing.html#returning-a-view-versus-a-copy
  data_temp.loc[:, "target"] = data_temp['temperature'].shift(1)

[2024-12-23T08:58:57.793+0000] {warnings.py:109} WARNING - /opt/***/dags/extract.py:93: SettingWithCopyWarning: 
A value is trying to be set on a copy of a slice from a DataFrame.
Try using .loc[row_indexer,col_indexer] = value instead

See the caveats in the documentation: https://pandas.pydata.org/pandas-docs/stable/user_guide/indexing.html#returning-a-view-versus-a-copy
  data_temp.loc[:, f"temp_m-{element}"] = data_temp['temperature'].shift(-element)

[2024-12-23T08:58:57.793+0000] {warnings.py:109} WARNING - /opt/***/dags/extract.py:93: SettingWithCopyWarning: 
A value is trying to be set on a copy of a slice from a DataFrame.
Try using .loc[row_indexer,col_indexer] = value instead

See the caveats in the documentation: https://pandas.pydata.org/pandas-docs/stable/user_guide/indexing.html#returning-a-view-versus-a-copy
  data_temp.loc[:, f"temp_m-{element}"] = data_temp['temperature'].shift(-element)

[2024-12-23T08:58:57.793+0000] {warnings.py:109} WARNING - /opt/***/dags/extract.py:93: SettingWithCopyWarning: 
A value is trying to be set on a copy of a slice from a DataFrame.
Try using .loc[row_indexer,col_indexer] = value instead

See the caveats in the documentation: https://pandas.pydata.org/pandas-docs/stable/user_guide/indexing.html#returning-a-view-versus-a-copy
  data_temp.loc[:, f"temp_m-{element}"] = data_temp['temperature'].shift(-element)

[2024-12-23T08:58:57.794+0000] {warnings.py:109} WARNING - /opt/***/dags/extract.py:93: SettingWithCopyWarning: 
A value is trying to be set on a copy of a slice from a DataFrame.
Try using .loc[row_indexer,col_indexer] = value instead

See the caveats in the documentation: https://pandas.pydata.org/pandas-docs/stable/user_guide/indexing.html#returning-a-view-versus-a-copy
  data_temp.loc[:, f"temp_m-{element}"] = data_temp['temperature'].shift(-element)

[2024-12-23T08:58:57.794+0000] {warnings.py:109} WARNING - /opt/***/dags/extract.py:93: SettingWithCopyWarning: 
A value is trying to be set on a copy of a slice from a DataFrame.
Try using .loc[row_indexer,col_indexer] = value instead

See the caveats in the documentation: https://pandas.pydata.org/pandas-docs/stable/user_guide/indexing.html#returning-a-view-versus-a-copy
  data_temp.loc[:, f"temp_m-{element}"] = data_temp['temperature'].shift(-element)

[2024-12-23T08:58:57.795+0000] {warnings.py:109} WARNING - /opt/***/dags/extract.py:93: SettingWithCopyWarning: 
A value is trying to be set on a copy of a slice from a DataFrame.
Try using .loc[row_indexer,col_indexer] = value instead

See the caveats in the documentation: https://pandas.pydata.org/pandas-docs/stable/user_guide/indexing.html#returning-a-view-versus-a-copy
  data_temp.loc[:, f"temp_m-{element}"] = data_temp['temperature'].shift(-element)

[2024-12-23T08:58:57.795+0000] {warnings.py:109} WARNING - /opt/***/dags/extract.py:93: SettingWithCopyWarning: 
A value is trying to be set on a copy of a slice from a DataFrame.
Try using .loc[row_indexer,col_indexer] = value instead

See the caveats in the documentation: https://pandas.pydata.org/pandas-docs/stable/user_guide/indexing.html#returning-a-view-versus-a-copy
  data_temp.loc[:, f"temp_m-{element}"] = data_temp['temperature'].shift(-element)

[2024-12-23T08:58:57.795+0000] {warnings.py:109} WARNING - /opt/***/dags/extract.py:93: SettingWithCopyWarning: 
A value is trying to be set on a copy of a slice from a DataFrame.
Try using .loc[row_indexer,col_indexer] = value instead

See the caveats in the documentation: https://pandas.pydata.org/pandas-docs/stable/user_guide/indexing.html#returning-a-view-versus-a-copy
  data_temp.loc[:, f"temp_m-{element}"] = data_temp['temperature'].shift(-element)

[2024-12-23T08:58:57.796+0000] {warnings.py:109} WARNING - /opt/***/dags/extract.py:93: SettingWithCopyWarning: 
A value is trying to be set on a copy of a slice from a DataFrame.
Try using .loc[row_indexer,col_indexer] = value instead

See the caveats in the documentation: https://pandas.pydata.org/pandas-docs/stable/user_guide/indexing.html#returning-a-view-versus-a-copy
  data_temp.loc[:, f"temp_m-{element}"] = data_temp['temperature'].shift(-element)

[2024-12-23T08:58:57.808+0000] {logging_mixin.py:188} INFO -      temperature      city  pression  ... temp_m-7  temp_m-8  temp_m-9
288       282.14  Toulouse      1028  ...   282.14    282.14    282.14
279       282.14  Toulouse      1028  ...   282.14    282.14    282.14
270       282.14  Toulouse      1028  ...   282.14    282.14    282.14
261       282.14  Toulouse      1028  ...   282.14    282.14    282.14
252       282.14  Toulouse      1028  ...   282.14    282.14    282.14

[5 rows x 14 columns]
[2024-12-23T08:58:57.808+0000] {python.py:201} INFO - Done. Returned value was:      temperature      city  pression  ... temp_m-7  temp_m-8  temp_m-9
288       282.14  Toulouse      1028  ...   282.14    282.14    282.14
279       282.14  Toulouse      1028  ...   282.14    282.14    282.14
270       282.14  Toulouse      1028  ...   282.14    282.14    282.14
261       282.14  Toulouse      1028  ...   282.14    282.14    282.14
252       282.14  Toulouse      1028  ...   282.14    282.14    282.14
243       282.14  Toulouse      1028  ...   282.14    282.14    282.14
234       282.14  Toulouse      1028  ...   282.14    282.14    282.14
225       282.14  Toulouse      1028  ...   282.14    282.14    282.14
216       282.14  Toulouse      1028  ...   282.14    282.14    282.14
207       282.14  Toulouse      1028  ...   282.14    282.14    282.14
198       282.14  Toulouse      1028  ...   282.14    282.14    282.14
189       282.14  Toulouse      1028  ...   282.14    282.14    282.14
180       282.14  Toulouse      1028  ...   282.14    282.14    282.14
171       282.14  Toulouse      1028  ...   282.14    282.14    282.14
162       282.14  Toulouse      1028  ...   282.14    282.14    282.14
153       282.14  Toulouse      1028  ...   282.14    282.14    282.14
144       282.14  Toulouse      1028  ...   282.14    282.14    282.14
135       282.14  Toulouse      1028  ...   282.14    282.14    288.14
126       282.14  Toulouse      1028  ...   282.14    288.14    279.14
117       282.14  Toulouse      1028  ...   288.14    279.14    279.14
108       282.14  Toulouse      1028  ...   279.14    279.14    279.14
99        282.14  Toulouse      1028  ...   279.14    279.14    279.14
90        282.14  Toulouse      1028  ...   279.14    279.14    279.14
81        282.14  Toulouse      1028  ...   279.14    279.14    279.14

[24 rows x 14 columns]
[2024-12-23T08:58:57.878+0000] {taskinstance.py:1138} INFO - Marking task as SUCCESS. dag_id=weather_dag, task_id=prepare_data, execution_date=20241223T085848, start_date=20241223T085857, end_date=20241223T085857
[2024-12-23T08:58:57.926+0000] {local_task_job_runner.py:234} INFO - Task exited with return code 0
[2024-12-23T08:58:57.951+0000] {taskinstance.py:3280} INFO - 0 downstream tasks scheduled from follow-on schedule check
