[2024-12-24T12:15:13.185+0000] {taskinstance.py:1956} INFO - Dependencies all met for dep_context=non-requeueable deps ti=<TaskInstance: weather_dag.Best_model scheduled__2024-12-24T12:12:00+00:00 [queued]>
[2024-12-24T12:15:13.191+0000] {taskinstance.py:1956} INFO - Dependencies all met for dep_context=requeueable deps ti=<TaskInstance: weather_dag.Best_model scheduled__2024-12-24T12:12:00+00:00 [queued]>
[2024-12-24T12:15:13.191+0000] {taskinstance.py:2170} INFO - Starting attempt 3 of 3
[2024-12-24T12:15:13.201+0000] {taskinstance.py:2191} INFO - Executing <Task(PythonOperator): Best_model> on 2024-12-24 12:12:00+00:00
[2024-12-24T12:15:13.207+0000] {standard_task_runner.py:60} INFO - Started process 11599 to run task
[2024-12-24T12:15:13.211+0000] {standard_task_runner.py:87} INFO - Running: ['***', 'tasks', 'run', 'weather_dag', 'Best_model', 'scheduled__2024-12-24T12:12:00+00:00', '--job-id', '1636', '--raw', '--subdir', 'DAGS_FOLDER/extract.py', '--cfg-path', '/tmp/tmpinq3quv4']
[2024-12-24T12:15:13.212+0000] {standard_task_runner.py:88} INFO - Job 1636: Subtask Best_model
[2024-12-24T12:15:13.221+0000] {warnings.py:109} WARNING - /home/***/.local/lib/python3.8/site-packages/***/settings.py:194: DeprecationWarning: The sql_alchemy_conn option in [core] has been moved to the sql_alchemy_conn option in [database] - the old setting has been used, but please update your config.
  SQL_ALCHEMY_CONN = conf.get("database", "SQL_ALCHEMY_CONN")

[2024-12-24T12:15:13.257+0000] {task_command.py:423} INFO - Running <TaskInstance: weather_dag.Best_model scheduled__2024-12-24T12:12:00+00:00 [running]> on host f70f31c57d74
[2024-12-24T12:15:13.349+0000] {taskinstance.py:2480} INFO - Exporting env vars: AIRFLOW_CTX_DAG_EMAIL='thiernosidybah232@gmail.com' AIRFLOW_CTX_DAG_OWNER='***' AIRFLOW_CTX_DAG_ID='weather_dag' AIRFLOW_CTX_TASK_ID='Best_model' AIRFLOW_CTX_EXECUTION_DATE='2024-12-24T12:12:00+00:00' AIRFLOW_CTX_TRY_NUMBER='3' AIRFLOW_CTX_DAG_RUN_ID='scheduled__2024-12-24T12:12:00+00:00'
[2024-12-24T12:15:13.382+0000] {taskinstance.py:2698} ERROR - Task failed with exception
Traceback (most recent call last):
  File "/home/airflow/.local/lib/python3.8/site-packages/airflow/models/taskinstance.py", line 433, in _execute_task
    result = execute_callable(context=context, **execute_callable_kwargs)
  File "/home/airflow/.local/lib/python3.8/site-packages/airflow/operators/python.py", line 199, in execute
    return_value = self.execute_callable()
  File "/home/airflow/.local/lib/python3.8/site-packages/airflow/operators/python.py", line 216, in execute_callable
    return self.python_callable(*self.op_args, **self.op_kwargs)
  File "/opt/airflow/dags/extract.py", line 267, in best_model_function
    data, score_lr, score_random_forest, score_decision_tree = task_instance.xcom_pull(task_ids = ["preprocessing_data", "linear_regression", "Random_Forest", "Decision_tree_regressor"])
ValueError: not enough values to unpack (expected 4, got 3)
[2024-12-24T12:15:13.384+0000] {taskinstance.py:1138} INFO - Marking task as FAILED. dag_id=weather_dag, task_id=Best_model, execution_date=20241224T121200, start_date=20241224T121513, end_date=20241224T121513
[2024-12-24T12:15:13.391+0000] {standard_task_runner.py:107} ERROR - Failed to execute job 1636 for task Best_model (not enough values to unpack (expected 4, got 3); 11599)
[2024-12-24T12:15:13.422+0000] {local_task_job_runner.py:234} INFO - Task exited with return code 1
[2024-12-24T12:15:13.446+0000] {taskinstance.py:3280} INFO - 0 downstream tasks scheduled from follow-on schedule check
