[2024-12-24T11:25:09.723+0000] {taskinstance.py:1956} INFO - Dependencies all met for dep_context=non-requeueable deps ti=<TaskInstance: weather_dag.transform_data_top_20_files scheduled__2024-12-24T11:22:00+00:00 [queued]>
[2024-12-24T11:25:09.730+0000] {taskinstance.py:1956} INFO - Dependencies all met for dep_context=requeueable deps ti=<TaskInstance: weather_dag.transform_data_top_20_files scheduled__2024-12-24T11:22:00+00:00 [queued]>
[2024-12-24T11:25:09.730+0000] {taskinstance.py:2170} INFO - Starting attempt 3 of 3
[2024-12-24T11:25:09.736+0000] {taskinstance.py:2191} INFO - Executing <Task(PythonOperator): transform_data_top_20_files> on 2024-12-24 11:22:00+00:00
[2024-12-24T11:25:09.741+0000] {standard_task_runner.py:60} INFO - Started process 1235 to run task
[2024-12-24T11:25:09.744+0000] {standard_task_runner.py:87} INFO - Running: ['***', 'tasks', 'run', 'weather_dag', 'transform_data_top_20_files', 'scheduled__2024-12-24T11:22:00+00:00', '--job-id', '1318', '--raw', '--subdir', 'DAGS_FOLDER/extract.py', '--cfg-path', '/tmp/tmp8o6haftv']
[2024-12-24T11:25:09.744+0000] {standard_task_runner.py:88} INFO - Job 1318: Subtask transform_data_top_20_files
[2024-12-24T11:25:09.754+0000] {warnings.py:109} WARNING - /home/***/.local/lib/python3.8/site-packages/***/settings.py:194: DeprecationWarning: The sql_alchemy_conn option in [core] has been moved to the sql_alchemy_conn option in [database] - the old setting has been used, but please update your config.
  SQL_ALCHEMY_CONN = conf.get("database", "SQL_ALCHEMY_CONN")

[2024-12-24T11:25:09.792+0000] {task_command.py:423} INFO - Running <TaskInstance: weather_dag.transform_data_top_20_files scheduled__2024-12-24T11:22:00+00:00 [running]> on host f70f31c57d74
[2024-12-24T11:25:09.888+0000] {taskinstance.py:2480} INFO - Exporting env vars: AIRFLOW_CTX_DAG_EMAIL='thiernosidybah232@gmail.com' AIRFLOW_CTX_DAG_OWNER='***' AIRFLOW_CTX_DAG_ID='weather_dag' AIRFLOW_CTX_TASK_ID='transform_data_top_20_files' AIRFLOW_CTX_EXECUTION_DATE='2024-12-24T11:22:00+00:00' AIRFLOW_CTX_TRY_NUMBER='3' AIRFLOW_CTX_DAG_RUN_ID='scheduled__2024-12-24T11:22:00+00:00'
[2024-12-24T11:25:09.892+0000] {taskinstance.py:2698} ERROR - Task failed with exception
Traceback (most recent call last):
  File "/home/airflow/.local/lib/python3.8/site-packages/airflow/models/taskinstance.py", line 433, in _execute_task
    result = execute_callable(context=context, **execute_callable_kwargs)
  File "/home/airflow/.local/lib/python3.8/site-packages/airflow/operators/python.py", line 199, in execute
    return_value = self.execute_callable()
  File "/home/airflow/.local/lib/python3.8/site-packages/airflow/operators/python.py", line 216, in execute_callable
    return self.python_callable(*self.op_args, **self.op_kwargs)
  File "/opt/airflow/dags/extract.py", line 66, in transform_data_intro_csv_top_20_files
    data  = json.load(file)
  File "/usr/local/lib/python3.8/json/__init__.py", line 293, in load
    return loads(fp.read(),
  File "/usr/local/lib/python3.8/json/__init__.py", line 357, in loads
    return _default_decoder.decode(s)
  File "/usr/local/lib/python3.8/json/decoder.py", line 337, in decode
    obj, end = self.raw_decode(s, idx=_w(s, 0).end())
  File "/usr/local/lib/python3.8/json/decoder.py", line 353, in raw_decode
    obj, end = self.scan_once(s, idx)
json.decoder.JSONDecodeError: Expecting property name enclosed in double quotes: line 345 column 9 (char 8185)
[2024-12-24T11:25:09.902+0000] {taskinstance.py:1138} INFO - Marking task as FAILED. dag_id=weather_dag, task_id=transform_data_top_20_files, execution_date=20241224T112200, start_date=20241224T112509, end_date=20241224T112509
[2024-12-24T11:25:09.913+0000] {standard_task_runner.py:107} ERROR - Failed to execute job 1318 for task transform_data_top_20_files (Expecting property name enclosed in double quotes: line 345 column 9 (char 8185); 1235)
[2024-12-24T11:25:09.955+0000] {local_task_job_runner.py:234} INFO - Task exited with return code 1
[2024-12-24T11:25:09.978+0000] {taskinstance.py:3280} INFO - 0 downstream tasks scheduled from follow-on schedule check
