[2024-12-24T13:14:06.079+0000] {taskinstance.py:1956} INFO - Dependencies all met for dep_context=non-requeueable deps ti=<TaskInstance: weather_dag.transform_data_top_20_files scheduled__2024-12-24T13:13:00+00:00 [queued]>
[2024-12-24T13:14:06.089+0000] {taskinstance.py:1956} INFO - Dependencies all met for dep_context=requeueable deps ti=<TaskInstance: weather_dag.transform_data_top_20_files scheduled__2024-12-24T13:13:00+00:00 [queued]>
[2024-12-24T13:14:06.089+0000] {taskinstance.py:2170} INFO - Starting attempt 1 of 3
[2024-12-24T13:14:06.107+0000] {taskinstance.py:2191} INFO - Executing <Task(PythonOperator): transform_data_top_20_files> on 2024-12-24 13:13:00+00:00
[2024-12-24T13:14:06.123+0000] {standard_task_runner.py:60} INFO - Started process 28893 to run task
[2024-12-24T13:14:06.128+0000] {standard_task_runner.py:87} INFO - Running: ['***', 'tasks', 'run', 'weather_dag', 'transform_data_top_20_files', 'scheduled__2024-12-24T13:13:00+00:00', '--job-id', '2122', '--raw', '--subdir', 'DAGS_FOLDER/extract.py', '--cfg-path', '/tmp/tmpa9oulnrs']
[2024-12-24T13:14:06.130+0000] {standard_task_runner.py:88} INFO - Job 2122: Subtask transform_data_top_20_files
[2024-12-24T13:14:06.153+0000] {warnings.py:109} WARNING - /home/***/.local/lib/python3.8/site-packages/***/settings.py:194: DeprecationWarning: The sql_alchemy_conn option in [core] has been moved to the sql_alchemy_conn option in [database] - the old setting has been used, but please update your config.
  SQL_ALCHEMY_CONN = conf.get("database", "SQL_ALCHEMY_CONN")

[2024-12-24T13:14:06.199+0000] {task_command.py:423} INFO - Running <TaskInstance: weather_dag.transform_data_top_20_files scheduled__2024-12-24T13:13:00+00:00 [running]> on host f70f31c57d74
[2024-12-24T13:14:06.293+0000] {taskinstance.py:2480} INFO - Exporting env vars: AIRFLOW_CTX_DAG_EMAIL='thiernosidybah232@gmail.com' AIRFLOW_CTX_DAG_OWNER='***' AIRFLOW_CTX_DAG_ID='weather_dag' AIRFLOW_CTX_TASK_ID='transform_data_top_20_files' AIRFLOW_CTX_EXECUTION_DATE='2024-12-24T13:13:00+00:00' AIRFLOW_CTX_TRY_NUMBER='1' AIRFLOW_CTX_DAG_RUN_ID='scheduled__2024-12-24T13:13:00+00:00'
[2024-12-24T13:14:06.308+0000] {logging_mixin.py:188} INFO -    temperature        city  pression                 date
0       284.14    Toulouse      1029  2024-12-24 13:14:04
1       284.11      Nantes      1029  2024-12-24 13:14:04
2       269.58    Grenoble      1026  2024-12-24 13:14:04
3       281.98   Marseille      1019  2024-12-24 13:14:04
4       277.49        Lyon      1029  2024-12-24 13:14:04
[2024-12-24T13:14:06.311+0000] {python.py:201} INFO - Done. Returned value was: None
[2024-12-24T13:14:06.317+0000] {taskinstance.py:1138} INFO - Marking task as SUCCESS. dag_id=weather_dag, task_id=transform_data_top_20_files, execution_date=20241224T131300, start_date=20241224T131406, end_date=20241224T131406
[2024-12-24T13:14:06.340+0000] {local_task_job_runner.py:234} INFO - Task exited with return code 0
[2024-12-24T13:14:06.354+0000] {taskinstance.py:3280} INFO - 0 downstream tasks scheduled from follow-on schedule check
