[2024-12-17T14:53:00.400+0000] {taskinstance.py:1956} INFO - Dependencies all met for dep_context=non-requeueable deps ti=<TaskInstance: weather_dag.Extract_weather_data manual__2024-12-17T14:50:50.303002+00:00 [queued]>
[2024-12-17T14:53:00.408+0000] {taskinstance.py:1956} INFO - Dependencies all met for dep_context=requeueable deps ti=<TaskInstance: weather_dag.Extract_weather_data manual__2024-12-17T14:50:50.303002+00:00 [queued]>
[2024-12-17T14:53:00.408+0000] {taskinstance.py:2170} INFO - Starting attempt 3 of 3
[2024-12-17T14:53:00.422+0000] {taskinstance.py:2191} INFO - Executing <Task(PythonOperator): Extract_weather_data> on 2024-12-17 14:50:50.303002+00:00
[2024-12-17T14:53:00.428+0000] {standard_task_runner.py:60} INFO - Started process 4170 to run task
[2024-12-17T14:53:00.430+0000] {standard_task_runner.py:87} INFO - Running: ['***', 'tasks', 'run', 'weather_dag', 'Extract_weather_data', 'manual__2024-12-17T14:50:50.303002+00:00', '--job-id', '56', '--raw', '--subdir', 'DAGS_FOLDER/extract.py', '--cfg-path', '/tmp/tmp580g3chp']
[2024-12-17T14:53:00.431+0000] {standard_task_runner.py:88} INFO - Job 56: Subtask Extract_weather_data
[2024-12-17T14:53:00.442+0000] {warnings.py:109} WARNING - /home/***/.local/lib/python3.8/site-packages/***/settings.py:194: DeprecationWarning: The sql_alchemy_conn option in [core] has been moved to the sql_alchemy_conn option in [database] - the old setting has been used, but please update your config.
  SQL_ALCHEMY_CONN = conf.get("database", "SQL_ALCHEMY_CONN")

[2024-12-17T14:53:00.467+0000] {task_command.py:423} INFO - Running <TaskInstance: weather_dag.Extract_weather_data manual__2024-12-17T14:50:50.303002+00:00 [running]> on host 3b537f09ccb4
[2024-12-17T14:53:00.528+0000] {taskinstance.py:2480} INFO - Exporting env vars: AIRFLOW_CTX_DAG_EMAIL='thiernosidybah232@gmail.com' AIRFLOW_CTX_DAG_OWNER='***' AIRFLOW_CTX_DAG_ID='weather_dag' AIRFLOW_CTX_TASK_ID='Extract_weather_data' AIRFLOW_CTX_EXECUTION_DATE='2024-12-17T14:50:50.303002+00:00' AIRFLOW_CTX_TRY_NUMBER='3' AIRFLOW_CTX_DAG_RUN_ID='manual__2024-12-17T14:50:50.303002+00:00'
[2024-12-17T14:53:03.184+0000] {taskinstance.py:2698} ERROR - Task failed with exception
Traceback (most recent call last):
  File "/home/airflow/.local/lib/python3.8/site-packages/airflow/models/taskinstance.py", line 433, in _execute_task
    result = execute_callable(context=context, **execute_callable_kwargs)
  File "/home/airflow/.local/lib/python3.8/site-packages/airflow/operators/python.py", line 199, in execute
    return_value = self.execute_callable()
  File "/home/airflow/.local/lib/python3.8/site-packages/airflow/operators/python.py", line 216, in execute_callable
    return self.python_callable(*self.op_args, **self.op_kwargs)
  File "/opt/airflow/dags/extract.py", line 35, in extract_data
    json.dump(datas, file, indent=4)
  File "/usr/local/lib/python3.8/json/__init__.py", line 180, in dump
    fp.write(chunk)
TypeError: a bytes-like object is required, not 'str'
[2024-12-17T14:53:03.195+0000] {taskinstance.py:1138} INFO - Marking task as FAILED. dag_id=weather_dag, task_id=Extract_weather_data, execution_date=20241217T145050, start_date=20241217T145300, end_date=20241217T145303
[2024-12-17T14:53:03.210+0000] {standard_task_runner.py:107} ERROR - Failed to execute job 56 for task Extract_weather_data (a bytes-like object is required, not 'str'; 4170)
[2024-12-17T14:53:03.249+0000] {local_task_job_runner.py:234} INFO - Task exited with return code 1
[2024-12-17T14:53:03.281+0000] {taskinstance.py:3280} INFO - 0 downstream tasks scheduled from follow-on schedule check
