[2024-12-24T12:13:16.557+0000] {taskinstance.py:1956} INFO - Dependencies all met for dep_context=non-requeueable deps ti=<TaskInstance: weather_dag.Best_model scheduled__2024-12-24T12:09:00+00:00 [queued]>
[2024-12-24T12:13:16.572+0000] {taskinstance.py:1956} INFO - Dependencies all met for dep_context=requeueable deps ti=<TaskInstance: weather_dag.Best_model scheduled__2024-12-24T12:09:00+00:00 [queued]>
[2024-12-24T12:13:16.573+0000] {taskinstance.py:2170} INFO - Starting attempt 3 of 3
[2024-12-24T12:13:16.593+0000] {taskinstance.py:2191} INFO - Executing <Task(PythonOperator): Best_model> on 2024-12-24 12:09:00+00:00
[2024-12-24T12:13:16.602+0000] {standard_task_runner.py:60} INFO - Started process 10797 to run task
[2024-12-24T12:13:16.606+0000] {standard_task_runner.py:87} INFO - Running: ['***', 'tasks', 'run', 'weather_dag', 'Best_model', 'scheduled__2024-12-24T12:09:00+00:00', '--job-id', '1615', '--raw', '--subdir', 'DAGS_FOLDER/extract.py', '--cfg-path', '/tmp/tmp8m5qe0zr']
[2024-12-24T12:13:16.608+0000] {standard_task_runner.py:88} INFO - Job 1615: Subtask Best_model
[2024-12-24T12:13:16.630+0000] {warnings.py:109} WARNING - /home/***/.local/lib/python3.8/site-packages/***/settings.py:194: DeprecationWarning: The sql_alchemy_conn option in [core] has been moved to the sql_alchemy_conn option in [database] - the old setting has been used, but please update your config.
  SQL_ALCHEMY_CONN = conf.get("database", "SQL_ALCHEMY_CONN")

[2024-12-24T12:13:16.668+0000] {task_command.py:423} INFO - Running <TaskInstance: weather_dag.Best_model scheduled__2024-12-24T12:09:00+00:00 [running]> on host f70f31c57d74
[2024-12-24T12:13:16.785+0000] {taskinstance.py:2480} INFO - Exporting env vars: AIRFLOW_CTX_DAG_EMAIL='thiernosidybah232@gmail.com' AIRFLOW_CTX_DAG_OWNER='***' AIRFLOW_CTX_DAG_ID='weather_dag' AIRFLOW_CTX_TASK_ID='Best_model' AIRFLOW_CTX_EXECUTION_DATE='2024-12-24T12:09:00+00:00' AIRFLOW_CTX_TRY_NUMBER='3' AIRFLOW_CTX_DAG_RUN_ID='scheduled__2024-12-24T12:09:00+00:00'
[2024-12-24T12:13:16.826+0000] {taskinstance.py:2698} ERROR - Task failed with exception
Traceback (most recent call last):
  File "/home/airflow/.local/lib/python3.8/site-packages/airflow/models/taskinstance.py", line 433, in _execute_task
    result = execute_callable(context=context, **execute_callable_kwargs)
  File "/home/airflow/.local/lib/python3.8/site-packages/airflow/operators/python.py", line 199, in execute
    return_value = self.execute_callable()
  File "/home/airflow/.local/lib/python3.8/site-packages/airflow/operators/python.py", line 216, in execute_callable
    return self.python_callable(*self.op_args, **self.op_kwargs)
  File "/opt/airflow/dags/extract.py", line 267, in best_model_function
    data, score_lr, score_random_forest, score_decision_tree = task_instance.xcom_pull(task_ids = ["preprocessing_data", "linear_regression", "Random_Forest", "Decision_tree_regressor"])
ValueError: not enough values to unpack (expected 4, got 3)
[2024-12-24T12:13:16.829+0000] {taskinstance.py:1138} INFO - Marking task as FAILED. dag_id=weather_dag, task_id=Best_model, execution_date=20241224T120900, start_date=20241224T121316, end_date=20241224T121316
[2024-12-24T12:13:16.835+0000] {standard_task_runner.py:107} ERROR - Failed to execute job 1615 for task Best_model (not enough values to unpack (expected 4, got 3); 10797)
[2024-12-24T12:13:16.857+0000] {local_task_job_runner.py:234} INFO - Task exited with return code 1
[2024-12-24T12:13:16.870+0000] {taskinstance.py:3280} INFO - 0 downstream tasks scheduled from follow-on schedule check
