[2024-12-24T13:23:04.545+0000] {taskinstance.py:1956} INFO - Dependencies all met for dep_context=non-requeueable deps ti=<TaskInstance: weather_dag.transform_data_top_20_files scheduled__2024-12-24T13:22:00+00:00 [queued]>
[2024-12-24T13:23:04.551+0000] {taskinstance.py:1956} INFO - Dependencies all met for dep_context=requeueable deps ti=<TaskInstance: weather_dag.transform_data_top_20_files scheduled__2024-12-24T13:22:00+00:00 [queued]>
[2024-12-24T13:23:04.551+0000] {taskinstance.py:2170} INFO - Starting attempt 1 of 3
[2024-12-24T13:23:04.559+0000] {taskinstance.py:2191} INFO - Executing <Task(PythonOperator): transform_data_top_20_files> on 2024-12-24 13:22:00+00:00
[2024-12-24T13:23:04.565+0000] {standard_task_runner.py:60} INFO - Started process 32011 to run task
[2024-12-24T13:23:04.569+0000] {standard_task_runner.py:87} INFO - Running: ['***', 'tasks', 'run', 'weather_dag', 'transform_data_top_20_files', 'scheduled__2024-12-24T13:22:00+00:00', '--job-id', '2193', '--raw', '--subdir', 'DAGS_FOLDER/extract.py', '--cfg-path', '/tmp/tmpkphoc728']
[2024-12-24T13:23:04.570+0000] {standard_task_runner.py:88} INFO - Job 2193: Subtask transform_data_top_20_files
[2024-12-24T13:23:04.580+0000] {warnings.py:109} WARNING - /home/***/.local/lib/python3.8/site-packages/***/settings.py:194: DeprecationWarning: The sql_alchemy_conn option in [core] has been moved to the sql_alchemy_conn option in [database] - the old setting has been used, but please update your config.
  SQL_ALCHEMY_CONN = conf.get("database", "SQL_ALCHEMY_CONN")

[2024-12-24T13:23:04.608+0000] {task_command.py:423} INFO - Running <TaskInstance: weather_dag.transform_data_top_20_files scheduled__2024-12-24T13:22:00+00:00 [running]> on host f70f31c57d74
[2024-12-24T13:23:04.704+0000] {taskinstance.py:2480} INFO - Exporting env vars: AIRFLOW_CTX_DAG_EMAIL='thiernosidybah232@gmail.com' AIRFLOW_CTX_DAG_OWNER='***' AIRFLOW_CTX_DAG_ID='weather_dag' AIRFLOW_CTX_TASK_ID='transform_data_top_20_files' AIRFLOW_CTX_EXECUTION_DATE='2024-12-24T13:22:00+00:00' AIRFLOW_CTX_TRY_NUMBER='1' AIRFLOW_CTX_DAG_RUN_ID='scheduled__2024-12-24T13:22:00+00:00'
[2024-12-24T13:23:04.738+0000] {logging_mixin.py:188} INFO -    temperature        city  pression                 date
0       283.14    Toulouse      1029  2024-12-24 13:23:03
1       284.11      Nantes      1029  2024-12-24 13:23:03
2       269.58    Grenoble      1026  2024-12-24 13:23:03
3       282.10   Marseille      1019  2024-12-24 13:23:03
4       277.32        Lyon      1029  2024-12-24 13:23:03
[2024-12-24T13:23:04.746+0000] {python.py:201} INFO - Done. Returned value was: None
[2024-12-24T13:23:04.763+0000] {taskinstance.py:1138} INFO - Marking task as SUCCESS. dag_id=weather_dag, task_id=transform_data_top_20_files, execution_date=20241224T132200, start_date=20241224T132304, end_date=20241224T132304
[2024-12-24T13:23:04.820+0000] {local_task_job_runner.py:234} INFO - Task exited with return code 0
[2024-12-24T13:23:04.839+0000] {taskinstance.py:3280} INFO - 0 downstream tasks scheduled from follow-on schedule check
