[2024-12-23T13:03:35.199+0000] {taskinstance.py:1956} INFO - Dependencies all met for dep_context=non-requeueable deps ti=<TaskInstance: weather_dag.preprocessing_data manual__2024-12-23T13:03:24.993123+00:00 [queued]>
[2024-12-23T13:03:35.206+0000] {taskinstance.py:1956} INFO - Dependencies all met for dep_context=requeueable deps ti=<TaskInstance: weather_dag.preprocessing_data manual__2024-12-23T13:03:24.993123+00:00 [queued]>
[2024-12-23T13:03:35.206+0000] {taskinstance.py:2170} INFO - Starting attempt 1 of 3
[2024-12-23T13:03:35.216+0000] {taskinstance.py:2191} INFO - Executing <Task(PythonOperator): preprocessing_data> on 2024-12-23 13:03:24.993123+00:00
[2024-12-23T13:03:35.227+0000] {standard_task_runner.py:60} INFO - Started process 14376 to run task
[2024-12-23T13:03:35.231+0000] {standard_task_runner.py:87} INFO - Running: ['***', 'tasks', 'run', 'weather_dag', 'preprocessing_data', 'manual__2024-12-23T13:03:24.993123+00:00', '--job-id', '268', '--raw', '--subdir', 'DAGS_FOLDER/extract.py', '--cfg-path', '/tmp/tmpmb0mhs0g']
[2024-12-23T13:03:35.233+0000] {standard_task_runner.py:88} INFO - Job 268: Subtask preprocessing_data
[2024-12-23T13:03:35.257+0000] {warnings.py:109} WARNING - /home/***/.local/lib/python3.8/site-packages/***/settings.py:194: DeprecationWarning: The sql_alchemy_conn option in [core] has been moved to the sql_alchemy_conn option in [database] - the old setting has been used, but please update your config.
  SQL_ALCHEMY_CONN = conf.get("database", "SQL_ALCHEMY_CONN")

[2024-12-23T13:03:35.308+0000] {task_command.py:423} INFO - Running <TaskInstance: weather_dag.preprocessing_data manual__2024-12-23T13:03:24.993123+00:00 [running]> on host b853fb0270cd
[2024-12-23T13:03:35.429+0000] {taskinstance.py:2480} INFO - Exporting env vars: AIRFLOW_CTX_DAG_EMAIL='thiernosidybah232@gmail.com' AIRFLOW_CTX_DAG_OWNER='***' AIRFLOW_CTX_DAG_ID='weather_dag' AIRFLOW_CTX_TASK_ID='preprocessing_data' AIRFLOW_CTX_EXECUTION_DATE='2024-12-23T13:03:24.993123+00:00' AIRFLOW_CTX_TRY_NUMBER='1' AIRFLOW_CTX_DAG_RUN_ID='manual__2024-12-23T13:03:24.993123+00:00'
[2024-12-23T13:03:35.445+0000] {warnings.py:109} WARNING - /opt/***/dags/extract.py:117: SettingWithCopyWarning: 
A value is trying to be set on a copy of a slice from a DataFrame.
Try using .loc[row_indexer,col_indexer] = value instead

See the caveats in the documentation: https://pandas.pydata.org/pandas-docs/stable/user_guide/indexing.html#returning-a-view-versus-a-copy
  data_temp.loc[:, "target"] = data_temp['temperature'].shift(1)

[2024-12-23T13:03:35.445+0000] {warnings.py:109} WARNING - /opt/***/dags/extract.py:120: SettingWithCopyWarning: 
A value is trying to be set on a copy of a slice from a DataFrame.
Try using .loc[row_indexer,col_indexer] = value instead

See the caveats in the documentation: https://pandas.pydata.org/pandas-docs/stable/user_guide/indexing.html#returning-a-view-versus-a-copy
  data_temp.loc[:, f"temp_m-{element}"] = data_temp['temperature'].shift(-element)

[2024-12-23T13:03:35.446+0000] {warnings.py:109} WARNING - /opt/***/dags/extract.py:120: SettingWithCopyWarning: 
A value is trying to be set on a copy of a slice from a DataFrame.
Try using .loc[row_indexer,col_indexer] = value instead

See the caveats in the documentation: https://pandas.pydata.org/pandas-docs/stable/user_guide/indexing.html#returning-a-view-versus-a-copy
  data_temp.loc[:, f"temp_m-{element}"] = data_temp['temperature'].shift(-element)

[2024-12-23T13:03:35.446+0000] {warnings.py:109} WARNING - /opt/***/dags/extract.py:120: SettingWithCopyWarning: 
A value is trying to be set on a copy of a slice from a DataFrame.
Try using .loc[row_indexer,col_indexer] = value instead

See the caveats in the documentation: https://pandas.pydata.org/pandas-docs/stable/user_guide/indexing.html#returning-a-view-versus-a-copy
  data_temp.loc[:, f"temp_m-{element}"] = data_temp['temperature'].shift(-element)

[2024-12-23T13:03:35.447+0000] {warnings.py:109} WARNING - /opt/***/dags/extract.py:120: SettingWithCopyWarning: 
A value is trying to be set on a copy of a slice from a DataFrame.
Try using .loc[row_indexer,col_indexer] = value instead

See the caveats in the documentation: https://pandas.pydata.org/pandas-docs/stable/user_guide/indexing.html#returning-a-view-versus-a-copy
  data_temp.loc[:, f"temp_m-{element}"] = data_temp['temperature'].shift(-element)

[2024-12-23T13:03:35.447+0000] {warnings.py:109} WARNING - /opt/***/dags/extract.py:120: SettingWithCopyWarning: 
A value is trying to be set on a copy of a slice from a DataFrame.
Try using .loc[row_indexer,col_indexer] = value instead

See the caveats in the documentation: https://pandas.pydata.org/pandas-docs/stable/user_guide/indexing.html#returning-a-view-versus-a-copy
  data_temp.loc[:, f"temp_m-{element}"] = data_temp['temperature'].shift(-element)

[2024-12-23T13:03:35.448+0000] {warnings.py:109} WARNING - /opt/***/dags/extract.py:120: SettingWithCopyWarning: 
A value is trying to be set on a copy of a slice from a DataFrame.
Try using .loc[row_indexer,col_indexer] = value instead

See the caveats in the documentation: https://pandas.pydata.org/pandas-docs/stable/user_guide/indexing.html#returning-a-view-versus-a-copy
  data_temp.loc[:, f"temp_m-{element}"] = data_temp['temperature'].shift(-element)

[2024-12-23T13:03:35.448+0000] {warnings.py:109} WARNING - /opt/***/dags/extract.py:120: SettingWithCopyWarning: 
A value is trying to be set on a copy of a slice from a DataFrame.
Try using .loc[row_indexer,col_indexer] = value instead

See the caveats in the documentation: https://pandas.pydata.org/pandas-docs/stable/user_guide/indexing.html#returning-a-view-versus-a-copy
  data_temp.loc[:, f"temp_m-{element}"] = data_temp['temperature'].shift(-element)

[2024-12-23T13:03:35.449+0000] {warnings.py:109} WARNING - /opt/***/dags/extract.py:120: SettingWithCopyWarning: 
A value is trying to be set on a copy of a slice from a DataFrame.
Try using .loc[row_indexer,col_indexer] = value instead

See the caveats in the documentation: https://pandas.pydata.org/pandas-docs/stable/user_guide/indexing.html#returning-a-view-versus-a-copy
  data_temp.loc[:, f"temp_m-{element}"] = data_temp['temperature'].shift(-element)

[2024-12-23T13:03:35.449+0000] {warnings.py:109} WARNING - /opt/***/dags/extract.py:120: SettingWithCopyWarning: 
A value is trying to be set on a copy of a slice from a DataFrame.
Try using .loc[row_indexer,col_indexer] = value instead

See the caveats in the documentation: https://pandas.pydata.org/pandas-docs/stable/user_guide/indexing.html#returning-a-view-versus-a-copy
  data_temp.loc[:, f"temp_m-{element}"] = data_temp['temperature'].shift(-element)

[2024-12-23T13:03:35.450+0000] {warnings.py:109} WARNING - /opt/***/dags/extract.py:117: SettingWithCopyWarning: 
A value is trying to be set on a copy of a slice from a DataFrame.
Try using .loc[row_indexer,col_indexer] = value instead

See the caveats in the documentation: https://pandas.pydata.org/pandas-docs/stable/user_guide/indexing.html#returning-a-view-versus-a-copy
  data_temp.loc[:, "target"] = data_temp['temperature'].shift(1)

[2024-12-23T13:03:35.451+0000] {warnings.py:109} WARNING - /opt/***/dags/extract.py:120: SettingWithCopyWarning: 
A value is trying to be set on a copy of a slice from a DataFrame.
Try using .loc[row_indexer,col_indexer] = value instead

See the caveats in the documentation: https://pandas.pydata.org/pandas-docs/stable/user_guide/indexing.html#returning-a-view-versus-a-copy
  data_temp.loc[:, f"temp_m-{element}"] = data_temp['temperature'].shift(-element)

[2024-12-23T13:03:35.451+0000] {warnings.py:109} WARNING - /opt/***/dags/extract.py:120: SettingWithCopyWarning: 
A value is trying to be set on a copy of a slice from a DataFrame.
Try using .loc[row_indexer,col_indexer] = value instead

See the caveats in the documentation: https://pandas.pydata.org/pandas-docs/stable/user_guide/indexing.html#returning-a-view-versus-a-copy
  data_temp.loc[:, f"temp_m-{element}"] = data_temp['temperature'].shift(-element)

[2024-12-23T13:03:35.452+0000] {warnings.py:109} WARNING - /opt/***/dags/extract.py:120: SettingWithCopyWarning: 
A value is trying to be set on a copy of a slice from a DataFrame.
Try using .loc[row_indexer,col_indexer] = value instead

See the caveats in the documentation: https://pandas.pydata.org/pandas-docs/stable/user_guide/indexing.html#returning-a-view-versus-a-copy
  data_temp.loc[:, f"temp_m-{element}"] = data_temp['temperature'].shift(-element)

[2024-12-23T13:03:35.452+0000] {warnings.py:109} WARNING - /opt/***/dags/extract.py:120: SettingWithCopyWarning: 
A value is trying to be set on a copy of a slice from a DataFrame.
Try using .loc[row_indexer,col_indexer] = value instead

See the caveats in the documentation: https://pandas.pydata.org/pandas-docs/stable/user_guide/indexing.html#returning-a-view-versus-a-copy
  data_temp.loc[:, f"temp_m-{element}"] = data_temp['temperature'].shift(-element)

[2024-12-23T13:03:35.452+0000] {warnings.py:109} WARNING - /opt/***/dags/extract.py:120: SettingWithCopyWarning: 
A value is trying to be set on a copy of a slice from a DataFrame.
Try using .loc[row_indexer,col_indexer] = value instead

See the caveats in the documentation: https://pandas.pydata.org/pandas-docs/stable/user_guide/indexing.html#returning-a-view-versus-a-copy
  data_temp.loc[:, f"temp_m-{element}"] = data_temp['temperature'].shift(-element)

[2024-12-23T13:03:35.453+0000] {warnings.py:109} WARNING - /opt/***/dags/extract.py:120: SettingWithCopyWarning: 
A value is trying to be set on a copy of a slice from a DataFrame.
Try using .loc[row_indexer,col_indexer] = value instead

See the caveats in the documentation: https://pandas.pydata.org/pandas-docs/stable/user_guide/indexing.html#returning-a-view-versus-a-copy
  data_temp.loc[:, f"temp_m-{element}"] = data_temp['temperature'].shift(-element)

[2024-12-23T13:03:35.453+0000] {warnings.py:109} WARNING - /opt/***/dags/extract.py:120: SettingWithCopyWarning: 
A value is trying to be set on a copy of a slice from a DataFrame.
Try using .loc[row_indexer,col_indexer] = value instead

See the caveats in the documentation: https://pandas.pydata.org/pandas-docs/stable/user_guide/indexing.html#returning-a-view-versus-a-copy
  data_temp.loc[:, f"temp_m-{element}"] = data_temp['temperature'].shift(-element)

[2024-12-23T13:03:35.454+0000] {warnings.py:109} WARNING - /opt/***/dags/extract.py:120: SettingWithCopyWarning: 
A value is trying to be set on a copy of a slice from a DataFrame.
Try using .loc[row_indexer,col_indexer] = value instead

See the caveats in the documentation: https://pandas.pydata.org/pandas-docs/stable/user_guide/indexing.html#returning-a-view-versus-a-copy
  data_temp.loc[:, f"temp_m-{element}"] = data_temp['temperature'].shift(-element)

[2024-12-23T13:03:35.454+0000] {warnings.py:109} WARNING - /opt/***/dags/extract.py:120: SettingWithCopyWarning: 
A value is trying to be set on a copy of a slice from a DataFrame.
Try using .loc[row_indexer,col_indexer] = value instead

See the caveats in the documentation: https://pandas.pydata.org/pandas-docs/stable/user_guide/indexing.html#returning-a-view-versus-a-copy
  data_temp.loc[:, f"temp_m-{element}"] = data_temp['temperature'].shift(-element)

[2024-12-23T13:03:35.455+0000] {warnings.py:109} WARNING - /opt/***/dags/extract.py:117: SettingWithCopyWarning: 
A value is trying to be set on a copy of a slice from a DataFrame.
Try using .loc[row_indexer,col_indexer] = value instead

See the caveats in the documentation: https://pandas.pydata.org/pandas-docs/stable/user_guide/indexing.html#returning-a-view-versus-a-copy
  data_temp.loc[:, "target"] = data_temp['temperature'].shift(1)

[2024-12-23T13:03:35.456+0000] {warnings.py:109} WARNING - /opt/***/dags/extract.py:120: SettingWithCopyWarning: 
A value is trying to be set on a copy of a slice from a DataFrame.
Try using .loc[row_indexer,col_indexer] = value instead

See the caveats in the documentation: https://pandas.pydata.org/pandas-docs/stable/user_guide/indexing.html#returning-a-view-versus-a-copy
  data_temp.loc[:, f"temp_m-{element}"] = data_temp['temperature'].shift(-element)

[2024-12-23T13:03:35.456+0000] {warnings.py:109} WARNING - /opt/***/dags/extract.py:120: SettingWithCopyWarning: 
A value is trying to be set on a copy of a slice from a DataFrame.
Try using .loc[row_indexer,col_indexer] = value instead

See the caveats in the documentation: https://pandas.pydata.org/pandas-docs/stable/user_guide/indexing.html#returning-a-view-versus-a-copy
  data_temp.loc[:, f"temp_m-{element}"] = data_temp['temperature'].shift(-element)

[2024-12-23T13:03:35.457+0000] {warnings.py:109} WARNING - /opt/***/dags/extract.py:120: SettingWithCopyWarning: 
A value is trying to be set on a copy of a slice from a DataFrame.
Try using .loc[row_indexer,col_indexer] = value instead

See the caveats in the documentation: https://pandas.pydata.org/pandas-docs/stable/user_guide/indexing.html#returning-a-view-versus-a-copy
  data_temp.loc[:, f"temp_m-{element}"] = data_temp['temperature'].shift(-element)

[2024-12-23T13:03:35.457+0000] {warnings.py:109} WARNING - /opt/***/dags/extract.py:120: SettingWithCopyWarning: 
A value is trying to be set on a copy of a slice from a DataFrame.
Try using .loc[row_indexer,col_indexer] = value instead

See the caveats in the documentation: https://pandas.pydata.org/pandas-docs/stable/user_guide/indexing.html#returning-a-view-versus-a-copy
  data_temp.loc[:, f"temp_m-{element}"] = data_temp['temperature'].shift(-element)

[2024-12-23T13:03:35.457+0000] {warnings.py:109} WARNING - /opt/***/dags/extract.py:120: SettingWithCopyWarning: 
A value is trying to be set on a copy of a slice from a DataFrame.
Try using .loc[row_indexer,col_indexer] = value instead

See the caveats in the documentation: https://pandas.pydata.org/pandas-docs/stable/user_guide/indexing.html#returning-a-view-versus-a-copy
  data_temp.loc[:, f"temp_m-{element}"] = data_temp['temperature'].shift(-element)

[2024-12-23T13:03:35.458+0000] {warnings.py:109} WARNING - /opt/***/dags/extract.py:120: SettingWithCopyWarning: 
A value is trying to be set on a copy of a slice from a DataFrame.
Try using .loc[row_indexer,col_indexer] = value instead

See the caveats in the documentation: https://pandas.pydata.org/pandas-docs/stable/user_guide/indexing.html#returning-a-view-versus-a-copy
  data_temp.loc[:, f"temp_m-{element}"] = data_temp['temperature'].shift(-element)

[2024-12-23T13:03:35.458+0000] {warnings.py:109} WARNING - /opt/***/dags/extract.py:120: SettingWithCopyWarning: 
A value is trying to be set on a copy of a slice from a DataFrame.
Try using .loc[row_indexer,col_indexer] = value instead

See the caveats in the documentation: https://pandas.pydata.org/pandas-docs/stable/user_guide/indexing.html#returning-a-view-versus-a-copy
  data_temp.loc[:, f"temp_m-{element}"] = data_temp['temperature'].shift(-element)

[2024-12-23T13:03:35.459+0000] {warnings.py:109} WARNING - /opt/***/dags/extract.py:120: SettingWithCopyWarning: 
A value is trying to be set on a copy of a slice from a DataFrame.
Try using .loc[row_indexer,col_indexer] = value instead

See the caveats in the documentation: https://pandas.pydata.org/pandas-docs/stable/user_guide/indexing.html#returning-a-view-versus-a-copy
  data_temp.loc[:, f"temp_m-{element}"] = data_temp['temperature'].shift(-element)

[2024-12-23T13:03:35.459+0000] {warnings.py:109} WARNING - /opt/***/dags/extract.py:120: SettingWithCopyWarning: 
A value is trying to be set on a copy of a slice from a DataFrame.
Try using .loc[row_indexer,col_indexer] = value instead

See the caveats in the documentation: https://pandas.pydata.org/pandas-docs/stable/user_guide/indexing.html#returning-a-view-versus-a-copy
  data_temp.loc[:, f"temp_m-{element}"] = data_temp['temperature'].shift(-element)

[2024-12-23T13:03:35.460+0000] {warnings.py:109} WARNING - /opt/***/dags/extract.py:117: SettingWithCopyWarning: 
A value is trying to be set on a copy of a slice from a DataFrame.
Try using .loc[row_indexer,col_indexer] = value instead

See the caveats in the documentation: https://pandas.pydata.org/pandas-docs/stable/user_guide/indexing.html#returning-a-view-versus-a-copy
  data_temp.loc[:, "target"] = data_temp['temperature'].shift(1)

[2024-12-23T13:03:35.461+0000] {warnings.py:109} WARNING - /opt/***/dags/extract.py:120: SettingWithCopyWarning: 
A value is trying to be set on a copy of a slice from a DataFrame.
Try using .loc[row_indexer,col_indexer] = value instead

See the caveats in the documentation: https://pandas.pydata.org/pandas-docs/stable/user_guide/indexing.html#returning-a-view-versus-a-copy
  data_temp.loc[:, f"temp_m-{element}"] = data_temp['temperature'].shift(-element)

[2024-12-23T13:03:35.461+0000] {warnings.py:109} WARNING - /opt/***/dags/extract.py:120: SettingWithCopyWarning: 
A value is trying to be set on a copy of a slice from a DataFrame.
Try using .loc[row_indexer,col_indexer] = value instead

See the caveats in the documentation: https://pandas.pydata.org/pandas-docs/stable/user_guide/indexing.html#returning-a-view-versus-a-copy
  data_temp.loc[:, f"temp_m-{element}"] = data_temp['temperature'].shift(-element)

[2024-12-23T13:03:35.461+0000] {warnings.py:109} WARNING - /opt/***/dags/extract.py:120: SettingWithCopyWarning: 
A value is trying to be set on a copy of a slice from a DataFrame.
Try using .loc[row_indexer,col_indexer] = value instead

See the caveats in the documentation: https://pandas.pydata.org/pandas-docs/stable/user_guide/indexing.html#returning-a-view-versus-a-copy
  data_temp.loc[:, f"temp_m-{element}"] = data_temp['temperature'].shift(-element)

[2024-12-23T13:03:35.462+0000] {warnings.py:109} WARNING - /opt/***/dags/extract.py:120: SettingWithCopyWarning: 
A value is trying to be set on a copy of a slice from a DataFrame.
Try using .loc[row_indexer,col_indexer] = value instead

See the caveats in the documentation: https://pandas.pydata.org/pandas-docs/stable/user_guide/indexing.html#returning-a-view-versus-a-copy
  data_temp.loc[:, f"temp_m-{element}"] = data_temp['temperature'].shift(-element)

[2024-12-23T13:03:35.462+0000] {warnings.py:109} WARNING - /opt/***/dags/extract.py:120: SettingWithCopyWarning: 
A value is trying to be set on a copy of a slice from a DataFrame.
Try using .loc[row_indexer,col_indexer] = value instead

See the caveats in the documentation: https://pandas.pydata.org/pandas-docs/stable/user_guide/indexing.html#returning-a-view-versus-a-copy
  data_temp.loc[:, f"temp_m-{element}"] = data_temp['temperature'].shift(-element)

[2024-12-23T13:03:35.463+0000] {warnings.py:109} WARNING - /opt/***/dags/extract.py:120: SettingWithCopyWarning: 
A value is trying to be set on a copy of a slice from a DataFrame.
Try using .loc[row_indexer,col_indexer] = value instead

See the caveats in the documentation: https://pandas.pydata.org/pandas-docs/stable/user_guide/indexing.html#returning-a-view-versus-a-copy
  data_temp.loc[:, f"temp_m-{element}"] = data_temp['temperature'].shift(-element)

[2024-12-23T13:03:35.463+0000] {warnings.py:109} WARNING - /opt/***/dags/extract.py:120: SettingWithCopyWarning: 
A value is trying to be set on a copy of a slice from a DataFrame.
Try using .loc[row_indexer,col_indexer] = value instead

See the caveats in the documentation: https://pandas.pydata.org/pandas-docs/stable/user_guide/indexing.html#returning-a-view-versus-a-copy
  data_temp.loc[:, f"temp_m-{element}"] = data_temp['temperature'].shift(-element)

[2024-12-23T13:03:35.463+0000] {warnings.py:109} WARNING - /opt/***/dags/extract.py:120: SettingWithCopyWarning: 
A value is trying to be set on a copy of a slice from a DataFrame.
Try using .loc[row_indexer,col_indexer] = value instead

See the caveats in the documentation: https://pandas.pydata.org/pandas-docs/stable/user_guide/indexing.html#returning-a-view-versus-a-copy
  data_temp.loc[:, f"temp_m-{element}"] = data_temp['temperature'].shift(-element)

[2024-12-23T13:03:35.464+0000] {warnings.py:109} WARNING - /opt/***/dags/extract.py:120: SettingWithCopyWarning: 
A value is trying to be set on a copy of a slice from a DataFrame.
Try using .loc[row_indexer,col_indexer] = value instead

See the caveats in the documentation: https://pandas.pydata.org/pandas-docs/stable/user_guide/indexing.html#returning-a-view-versus-a-copy
  data_temp.loc[:, f"temp_m-{element}"] = data_temp['temperature'].shift(-element)

[2024-12-23T13:03:35.465+0000] {warnings.py:109} WARNING - /opt/***/dags/extract.py:117: SettingWithCopyWarning: 
A value is trying to be set on a copy of a slice from a DataFrame.
Try using .loc[row_indexer,col_indexer] = value instead

See the caveats in the documentation: https://pandas.pydata.org/pandas-docs/stable/user_guide/indexing.html#returning-a-view-versus-a-copy
  data_temp.loc[:, "target"] = data_temp['temperature'].shift(1)

[2024-12-23T13:03:35.465+0000] {warnings.py:109} WARNING - /opt/***/dags/extract.py:120: SettingWithCopyWarning: 
A value is trying to be set on a copy of a slice from a DataFrame.
Try using .loc[row_indexer,col_indexer] = value instead

See the caveats in the documentation: https://pandas.pydata.org/pandas-docs/stable/user_guide/indexing.html#returning-a-view-versus-a-copy
  data_temp.loc[:, f"temp_m-{element}"] = data_temp['temperature'].shift(-element)

[2024-12-23T13:03:35.466+0000] {warnings.py:109} WARNING - /opt/***/dags/extract.py:120: SettingWithCopyWarning: 
A value is trying to be set on a copy of a slice from a DataFrame.
Try using .loc[row_indexer,col_indexer] = value instead

See the caveats in the documentation: https://pandas.pydata.org/pandas-docs/stable/user_guide/indexing.html#returning-a-view-versus-a-copy
  data_temp.loc[:, f"temp_m-{element}"] = data_temp['temperature'].shift(-element)

[2024-12-23T13:03:35.466+0000] {warnings.py:109} WARNING - /opt/***/dags/extract.py:120: SettingWithCopyWarning: 
A value is trying to be set on a copy of a slice from a DataFrame.
Try using .loc[row_indexer,col_indexer] = value instead

See the caveats in the documentation: https://pandas.pydata.org/pandas-docs/stable/user_guide/indexing.html#returning-a-view-versus-a-copy
  data_temp.loc[:, f"temp_m-{element}"] = data_temp['temperature'].shift(-element)

[2024-12-23T13:03:35.467+0000] {warnings.py:109} WARNING - /opt/***/dags/extract.py:120: SettingWithCopyWarning: 
A value is trying to be set on a copy of a slice from a DataFrame.
Try using .loc[row_indexer,col_indexer] = value instead

See the caveats in the documentation: https://pandas.pydata.org/pandas-docs/stable/user_guide/indexing.html#returning-a-view-versus-a-copy
  data_temp.loc[:, f"temp_m-{element}"] = data_temp['temperature'].shift(-element)

[2024-12-23T13:03:35.467+0000] {warnings.py:109} WARNING - /opt/***/dags/extract.py:120: SettingWithCopyWarning: 
A value is trying to be set on a copy of a slice from a DataFrame.
Try using .loc[row_indexer,col_indexer] = value instead

See the caveats in the documentation: https://pandas.pydata.org/pandas-docs/stable/user_guide/indexing.html#returning-a-view-versus-a-copy
  data_temp.loc[:, f"temp_m-{element}"] = data_temp['temperature'].shift(-element)

[2024-12-23T13:03:35.467+0000] {warnings.py:109} WARNING - /opt/***/dags/extract.py:120: SettingWithCopyWarning: 
A value is trying to be set on a copy of a slice from a DataFrame.
Try using .loc[row_indexer,col_indexer] = value instead

See the caveats in the documentation: https://pandas.pydata.org/pandas-docs/stable/user_guide/indexing.html#returning-a-view-versus-a-copy
  data_temp.loc[:, f"temp_m-{element}"] = data_temp['temperature'].shift(-element)

[2024-12-23T13:03:35.468+0000] {warnings.py:109} WARNING - /opt/***/dags/extract.py:120: SettingWithCopyWarning: 
A value is trying to be set on a copy of a slice from a DataFrame.
Try using .loc[row_indexer,col_indexer] = value instead

See the caveats in the documentation: https://pandas.pydata.org/pandas-docs/stable/user_guide/indexing.html#returning-a-view-versus-a-copy
  data_temp.loc[:, f"temp_m-{element}"] = data_temp['temperature'].shift(-element)

[2024-12-23T13:03:35.468+0000] {warnings.py:109} WARNING - /opt/***/dags/extract.py:120: SettingWithCopyWarning: 
A value is trying to be set on a copy of a slice from a DataFrame.
Try using .loc[row_indexer,col_indexer] = value instead

See the caveats in the documentation: https://pandas.pydata.org/pandas-docs/stable/user_guide/indexing.html#returning-a-view-versus-a-copy
  data_temp.loc[:, f"temp_m-{element}"] = data_temp['temperature'].shift(-element)

[2024-12-23T13:03:35.469+0000] {warnings.py:109} WARNING - /opt/***/dags/extract.py:120: SettingWithCopyWarning: 
A value is trying to be set on a copy of a slice from a DataFrame.
Try using .loc[row_indexer,col_indexer] = value instead

See the caveats in the documentation: https://pandas.pydata.org/pandas-docs/stable/user_guide/indexing.html#returning-a-view-versus-a-copy
  data_temp.loc[:, f"temp_m-{element}"] = data_temp['temperature'].shift(-element)

[2024-12-23T13:03:35.470+0000] {warnings.py:109} WARNING - /opt/***/dags/extract.py:117: SettingWithCopyWarning: 
A value is trying to be set on a copy of a slice from a DataFrame.
Try using .loc[row_indexer,col_indexer] = value instead

See the caveats in the documentation: https://pandas.pydata.org/pandas-docs/stable/user_guide/indexing.html#returning-a-view-versus-a-copy
  data_temp.loc[:, "target"] = data_temp['temperature'].shift(1)

[2024-12-23T13:03:35.470+0000] {warnings.py:109} WARNING - /opt/***/dags/extract.py:120: SettingWithCopyWarning: 
A value is trying to be set on a copy of a slice from a DataFrame.
Try using .loc[row_indexer,col_indexer] = value instead

See the caveats in the documentation: https://pandas.pydata.org/pandas-docs/stable/user_guide/indexing.html#returning-a-view-versus-a-copy
  data_temp.loc[:, f"temp_m-{element}"] = data_temp['temperature'].shift(-element)

[2024-12-23T13:03:35.471+0000] {warnings.py:109} WARNING - /opt/***/dags/extract.py:120: SettingWithCopyWarning: 
A value is trying to be set on a copy of a slice from a DataFrame.
Try using .loc[row_indexer,col_indexer] = value instead

See the caveats in the documentation: https://pandas.pydata.org/pandas-docs/stable/user_guide/indexing.html#returning-a-view-versus-a-copy
  data_temp.loc[:, f"temp_m-{element}"] = data_temp['temperature'].shift(-element)

[2024-12-23T13:03:35.471+0000] {warnings.py:109} WARNING - /opt/***/dags/extract.py:120: SettingWithCopyWarning: 
A value is trying to be set on a copy of a slice from a DataFrame.
Try using .loc[row_indexer,col_indexer] = value instead

See the caveats in the documentation: https://pandas.pydata.org/pandas-docs/stable/user_guide/indexing.html#returning-a-view-versus-a-copy
  data_temp.loc[:, f"temp_m-{element}"] = data_temp['temperature'].shift(-element)

[2024-12-23T13:03:35.472+0000] {warnings.py:109} WARNING - /opt/***/dags/extract.py:120: SettingWithCopyWarning: 
A value is trying to be set on a copy of a slice from a DataFrame.
Try using .loc[row_indexer,col_indexer] = value instead

See the caveats in the documentation: https://pandas.pydata.org/pandas-docs/stable/user_guide/indexing.html#returning-a-view-versus-a-copy
  data_temp.loc[:, f"temp_m-{element}"] = data_temp['temperature'].shift(-element)

[2024-12-23T13:03:35.472+0000] {warnings.py:109} WARNING - /opt/***/dags/extract.py:120: SettingWithCopyWarning: 
A value is trying to be set on a copy of a slice from a DataFrame.
Try using .loc[row_indexer,col_indexer] = value instead

See the caveats in the documentation: https://pandas.pydata.org/pandas-docs/stable/user_guide/indexing.html#returning-a-view-versus-a-copy
  data_temp.loc[:, f"temp_m-{element}"] = data_temp['temperature'].shift(-element)

[2024-12-23T13:03:35.472+0000] {warnings.py:109} WARNING - /opt/***/dags/extract.py:120: SettingWithCopyWarning: 
A value is trying to be set on a copy of a slice from a DataFrame.
Try using .loc[row_indexer,col_indexer] = value instead

See the caveats in the documentation: https://pandas.pydata.org/pandas-docs/stable/user_guide/indexing.html#returning-a-view-versus-a-copy
  data_temp.loc[:, f"temp_m-{element}"] = data_temp['temperature'].shift(-element)

[2024-12-23T13:03:35.473+0000] {warnings.py:109} WARNING - /opt/***/dags/extract.py:120: SettingWithCopyWarning: 
A value is trying to be set on a copy of a slice from a DataFrame.
Try using .loc[row_indexer,col_indexer] = value instead

See the caveats in the documentation: https://pandas.pydata.org/pandas-docs/stable/user_guide/indexing.html#returning-a-view-versus-a-copy
  data_temp.loc[:, f"temp_m-{element}"] = data_temp['temperature'].shift(-element)

[2024-12-23T13:03:35.473+0000] {warnings.py:109} WARNING - /opt/***/dags/extract.py:120: SettingWithCopyWarning: 
A value is trying to be set on a copy of a slice from a DataFrame.
Try using .loc[row_indexer,col_indexer] = value instead

See the caveats in the documentation: https://pandas.pydata.org/pandas-docs/stable/user_guide/indexing.html#returning-a-view-versus-a-copy
  data_temp.loc[:, f"temp_m-{element}"] = data_temp['temperature'].shift(-element)

[2024-12-23T13:03:35.474+0000] {warnings.py:109} WARNING - /opt/***/dags/extract.py:120: SettingWithCopyWarning: 
A value is trying to be set on a copy of a slice from a DataFrame.
Try using .loc[row_indexer,col_indexer] = value instead

See the caveats in the documentation: https://pandas.pydata.org/pandas-docs/stable/user_guide/indexing.html#returning-a-view-versus-a-copy
  data_temp.loc[:, f"temp_m-{element}"] = data_temp['temperature'].shift(-element)

[2024-12-23T13:03:35.475+0000] {warnings.py:109} WARNING - /opt/***/dags/extract.py:117: SettingWithCopyWarning: 
A value is trying to be set on a copy of a slice from a DataFrame.
Try using .loc[row_indexer,col_indexer] = value instead

See the caveats in the documentation: https://pandas.pydata.org/pandas-docs/stable/user_guide/indexing.html#returning-a-view-versus-a-copy
  data_temp.loc[:, "target"] = data_temp['temperature'].shift(1)

[2024-12-23T13:03:35.475+0000] {warnings.py:109} WARNING - /opt/***/dags/extract.py:120: SettingWithCopyWarning: 
A value is trying to be set on a copy of a slice from a DataFrame.
Try using .loc[row_indexer,col_indexer] = value instead

See the caveats in the documentation: https://pandas.pydata.org/pandas-docs/stable/user_guide/indexing.html#returning-a-view-versus-a-copy
  data_temp.loc[:, f"temp_m-{element}"] = data_temp['temperature'].shift(-element)

[2024-12-23T13:03:35.476+0000] {warnings.py:109} WARNING - /opt/***/dags/extract.py:120: SettingWithCopyWarning: 
A value is trying to be set on a copy of a slice from a DataFrame.
Try using .loc[row_indexer,col_indexer] = value instead

See the caveats in the documentation: https://pandas.pydata.org/pandas-docs/stable/user_guide/indexing.html#returning-a-view-versus-a-copy
  data_temp.loc[:, f"temp_m-{element}"] = data_temp['temperature'].shift(-element)

[2024-12-23T13:03:35.476+0000] {warnings.py:109} WARNING - /opt/***/dags/extract.py:120: SettingWithCopyWarning: 
A value is trying to be set on a copy of a slice from a DataFrame.
Try using .loc[row_indexer,col_indexer] = value instead

See the caveats in the documentation: https://pandas.pydata.org/pandas-docs/stable/user_guide/indexing.html#returning-a-view-versus-a-copy
  data_temp.loc[:, f"temp_m-{element}"] = data_temp['temperature'].shift(-element)

[2024-12-23T13:03:35.476+0000] {warnings.py:109} WARNING - /opt/***/dags/extract.py:120: SettingWithCopyWarning: 
A value is trying to be set on a copy of a slice from a DataFrame.
Try using .loc[row_indexer,col_indexer] = value instead

See the caveats in the documentation: https://pandas.pydata.org/pandas-docs/stable/user_guide/indexing.html#returning-a-view-versus-a-copy
  data_temp.loc[:, f"temp_m-{element}"] = data_temp['temperature'].shift(-element)

[2024-12-23T13:03:35.477+0000] {warnings.py:109} WARNING - /opt/***/dags/extract.py:120: SettingWithCopyWarning: 
A value is trying to be set on a copy of a slice from a DataFrame.
Try using .loc[row_indexer,col_indexer] = value instead

See the caveats in the documentation: https://pandas.pydata.org/pandas-docs/stable/user_guide/indexing.html#returning-a-view-versus-a-copy
  data_temp.loc[:, f"temp_m-{element}"] = data_temp['temperature'].shift(-element)

[2024-12-23T13:03:35.477+0000] {warnings.py:109} WARNING - /opt/***/dags/extract.py:120: SettingWithCopyWarning: 
A value is trying to be set on a copy of a slice from a DataFrame.
Try using .loc[row_indexer,col_indexer] = value instead

See the caveats in the documentation: https://pandas.pydata.org/pandas-docs/stable/user_guide/indexing.html#returning-a-view-versus-a-copy
  data_temp.loc[:, f"temp_m-{element}"] = data_temp['temperature'].shift(-element)

[2024-12-23T13:03:35.478+0000] {warnings.py:109} WARNING - /opt/***/dags/extract.py:120: SettingWithCopyWarning: 
A value is trying to be set on a copy of a slice from a DataFrame.
Try using .loc[row_indexer,col_indexer] = value instead

See the caveats in the documentation: https://pandas.pydata.org/pandas-docs/stable/user_guide/indexing.html#returning-a-view-versus-a-copy
  data_temp.loc[:, f"temp_m-{element}"] = data_temp['temperature'].shift(-element)

[2024-12-23T13:03:35.478+0000] {warnings.py:109} WARNING - /opt/***/dags/extract.py:120: SettingWithCopyWarning: 
A value is trying to be set on a copy of a slice from a DataFrame.
Try using .loc[row_indexer,col_indexer] = value instead

See the caveats in the documentation: https://pandas.pydata.org/pandas-docs/stable/user_guide/indexing.html#returning-a-view-versus-a-copy
  data_temp.loc[:, f"temp_m-{element}"] = data_temp['temperature'].shift(-element)

[2024-12-23T13:03:35.478+0000] {warnings.py:109} WARNING - /opt/***/dags/extract.py:120: SettingWithCopyWarning: 
A value is trying to be set on a copy of a slice from a DataFrame.
Try using .loc[row_indexer,col_indexer] = value instead

See the caveats in the documentation: https://pandas.pydata.org/pandas-docs/stable/user_guide/indexing.html#returning-a-view-versus-a-copy
  data_temp.loc[:, f"temp_m-{element}"] = data_temp['temperature'].shift(-element)

[2024-12-23T13:03:35.480+0000] {warnings.py:109} WARNING - /opt/***/dags/extract.py:117: SettingWithCopyWarning: 
A value is trying to be set on a copy of a slice from a DataFrame.
Try using .loc[row_indexer,col_indexer] = value instead

See the caveats in the documentation: https://pandas.pydata.org/pandas-docs/stable/user_guide/indexing.html#returning-a-view-versus-a-copy
  data_temp.loc[:, "target"] = data_temp['temperature'].shift(1)

[2024-12-23T13:03:35.480+0000] {warnings.py:109} WARNING - /opt/***/dags/extract.py:120: SettingWithCopyWarning: 
A value is trying to be set on a copy of a slice from a DataFrame.
Try using .loc[row_indexer,col_indexer] = value instead

See the caveats in the documentation: https://pandas.pydata.org/pandas-docs/stable/user_guide/indexing.html#returning-a-view-versus-a-copy
  data_temp.loc[:, f"temp_m-{element}"] = data_temp['temperature'].shift(-element)

[2024-12-23T13:03:35.480+0000] {warnings.py:109} WARNING - /opt/***/dags/extract.py:120: SettingWithCopyWarning: 
A value is trying to be set on a copy of a slice from a DataFrame.
Try using .loc[row_indexer,col_indexer] = value instead

See the caveats in the documentation: https://pandas.pydata.org/pandas-docs/stable/user_guide/indexing.html#returning-a-view-versus-a-copy
  data_temp.loc[:, f"temp_m-{element}"] = data_temp['temperature'].shift(-element)

[2024-12-23T13:03:35.481+0000] {warnings.py:109} WARNING - /opt/***/dags/extract.py:120: SettingWithCopyWarning: 
A value is trying to be set on a copy of a slice from a DataFrame.
Try using .loc[row_indexer,col_indexer] = value instead

See the caveats in the documentation: https://pandas.pydata.org/pandas-docs/stable/user_guide/indexing.html#returning-a-view-versus-a-copy
  data_temp.loc[:, f"temp_m-{element}"] = data_temp['temperature'].shift(-element)

[2024-12-23T13:03:35.481+0000] {warnings.py:109} WARNING - /opt/***/dags/extract.py:120: SettingWithCopyWarning: 
A value is trying to be set on a copy of a slice from a DataFrame.
Try using .loc[row_indexer,col_indexer] = value instead

See the caveats in the documentation: https://pandas.pydata.org/pandas-docs/stable/user_guide/indexing.html#returning-a-view-versus-a-copy
  data_temp.loc[:, f"temp_m-{element}"] = data_temp['temperature'].shift(-element)

[2024-12-23T13:03:35.482+0000] {warnings.py:109} WARNING - /opt/***/dags/extract.py:120: SettingWithCopyWarning: 
A value is trying to be set on a copy of a slice from a DataFrame.
Try using .loc[row_indexer,col_indexer] = value instead

See the caveats in the documentation: https://pandas.pydata.org/pandas-docs/stable/user_guide/indexing.html#returning-a-view-versus-a-copy
  data_temp.loc[:, f"temp_m-{element}"] = data_temp['temperature'].shift(-element)

[2024-12-23T13:03:35.482+0000] {warnings.py:109} WARNING - /opt/***/dags/extract.py:120: SettingWithCopyWarning: 
A value is trying to be set on a copy of a slice from a DataFrame.
Try using .loc[row_indexer,col_indexer] = value instead

See the caveats in the documentation: https://pandas.pydata.org/pandas-docs/stable/user_guide/indexing.html#returning-a-view-versus-a-copy
  data_temp.loc[:, f"temp_m-{element}"] = data_temp['temperature'].shift(-element)

[2024-12-23T13:03:35.483+0000] {warnings.py:109} WARNING - /opt/***/dags/extract.py:120: SettingWithCopyWarning: 
A value is trying to be set on a copy of a slice from a DataFrame.
Try using .loc[row_indexer,col_indexer] = value instead

See the caveats in the documentation: https://pandas.pydata.org/pandas-docs/stable/user_guide/indexing.html#returning-a-view-versus-a-copy
  data_temp.loc[:, f"temp_m-{element}"] = data_temp['temperature'].shift(-element)

[2024-12-23T13:03:35.483+0000] {warnings.py:109} WARNING - /opt/***/dags/extract.py:120: SettingWithCopyWarning: 
A value is trying to be set on a copy of a slice from a DataFrame.
Try using .loc[row_indexer,col_indexer] = value instead

See the caveats in the documentation: https://pandas.pydata.org/pandas-docs/stable/user_guide/indexing.html#returning-a-view-versus-a-copy
  data_temp.loc[:, f"temp_m-{element}"] = data_temp['temperature'].shift(-element)

[2024-12-23T13:03:35.483+0000] {warnings.py:109} WARNING - /opt/***/dags/extract.py:120: SettingWithCopyWarning: 
A value is trying to be set on a copy of a slice from a DataFrame.
Try using .loc[row_indexer,col_indexer] = value instead

See the caveats in the documentation: https://pandas.pydata.org/pandas-docs/stable/user_guide/indexing.html#returning-a-view-versus-a-copy
  data_temp.loc[:, f"temp_m-{element}"] = data_temp['temperature'].shift(-element)

[2024-12-23T13:03:35.485+0000] {warnings.py:109} WARNING - /opt/***/dags/extract.py:117: SettingWithCopyWarning: 
A value is trying to be set on a copy of a slice from a DataFrame.
Try using .loc[row_indexer,col_indexer] = value instead

See the caveats in the documentation: https://pandas.pydata.org/pandas-docs/stable/user_guide/indexing.html#returning-a-view-versus-a-copy
  data_temp.loc[:, "target"] = data_temp['temperature'].shift(1)

[2024-12-23T13:03:35.485+0000] {warnings.py:109} WARNING - /opt/***/dags/extract.py:120: SettingWithCopyWarning: 
A value is trying to be set on a copy of a slice from a DataFrame.
Try using .loc[row_indexer,col_indexer] = value instead

See the caveats in the documentation: https://pandas.pydata.org/pandas-docs/stable/user_guide/indexing.html#returning-a-view-versus-a-copy
  data_temp.loc[:, f"temp_m-{element}"] = data_temp['temperature'].shift(-element)

[2024-12-23T13:03:35.486+0000] {warnings.py:109} WARNING - /opt/***/dags/extract.py:120: SettingWithCopyWarning: 
A value is trying to be set on a copy of a slice from a DataFrame.
Try using .loc[row_indexer,col_indexer] = value instead

See the caveats in the documentation: https://pandas.pydata.org/pandas-docs/stable/user_guide/indexing.html#returning-a-view-versus-a-copy
  data_temp.loc[:, f"temp_m-{element}"] = data_temp['temperature'].shift(-element)

[2024-12-23T13:03:35.486+0000] {warnings.py:109} WARNING - /opt/***/dags/extract.py:120: SettingWithCopyWarning: 
A value is trying to be set on a copy of a slice from a DataFrame.
Try using .loc[row_indexer,col_indexer] = value instead

See the caveats in the documentation: https://pandas.pydata.org/pandas-docs/stable/user_guide/indexing.html#returning-a-view-versus-a-copy
  data_temp.loc[:, f"temp_m-{element}"] = data_temp['temperature'].shift(-element)

[2024-12-23T13:03:35.486+0000] {warnings.py:109} WARNING - /opt/***/dags/extract.py:120: SettingWithCopyWarning: 
A value is trying to be set on a copy of a slice from a DataFrame.
Try using .loc[row_indexer,col_indexer] = value instead

See the caveats in the documentation: https://pandas.pydata.org/pandas-docs/stable/user_guide/indexing.html#returning-a-view-versus-a-copy
  data_temp.loc[:, f"temp_m-{element}"] = data_temp['temperature'].shift(-element)

[2024-12-23T13:03:35.487+0000] {warnings.py:109} WARNING - /opt/***/dags/extract.py:120: SettingWithCopyWarning: 
A value is trying to be set on a copy of a slice from a DataFrame.
Try using .loc[row_indexer,col_indexer] = value instead

See the caveats in the documentation: https://pandas.pydata.org/pandas-docs/stable/user_guide/indexing.html#returning-a-view-versus-a-copy
  data_temp.loc[:, f"temp_m-{element}"] = data_temp['temperature'].shift(-element)

[2024-12-23T13:03:35.487+0000] {warnings.py:109} WARNING - /opt/***/dags/extract.py:120: SettingWithCopyWarning: 
A value is trying to be set on a copy of a slice from a DataFrame.
Try using .loc[row_indexer,col_indexer] = value instead

See the caveats in the documentation: https://pandas.pydata.org/pandas-docs/stable/user_guide/indexing.html#returning-a-view-versus-a-copy
  data_temp.loc[:, f"temp_m-{element}"] = data_temp['temperature'].shift(-element)

[2024-12-23T13:03:35.488+0000] {warnings.py:109} WARNING - /opt/***/dags/extract.py:120: SettingWithCopyWarning: 
A value is trying to be set on a copy of a slice from a DataFrame.
Try using .loc[row_indexer,col_indexer] = value instead

See the caveats in the documentation: https://pandas.pydata.org/pandas-docs/stable/user_guide/indexing.html#returning-a-view-versus-a-copy
  data_temp.loc[:, f"temp_m-{element}"] = data_temp['temperature'].shift(-element)

[2024-12-23T13:03:35.488+0000] {warnings.py:109} WARNING - /opt/***/dags/extract.py:120: SettingWithCopyWarning: 
A value is trying to be set on a copy of a slice from a DataFrame.
Try using .loc[row_indexer,col_indexer] = value instead

See the caveats in the documentation: https://pandas.pydata.org/pandas-docs/stable/user_guide/indexing.html#returning-a-view-versus-a-copy
  data_temp.loc[:, f"temp_m-{element}"] = data_temp['temperature'].shift(-element)

[2024-12-23T13:03:35.488+0000] {warnings.py:109} WARNING - /opt/***/dags/extract.py:120: SettingWithCopyWarning: 
A value is trying to be set on a copy of a slice from a DataFrame.
Try using .loc[row_indexer,col_indexer] = value instead

See the caveats in the documentation: https://pandas.pydata.org/pandas-docs/stable/user_guide/indexing.html#returning-a-view-versus-a-copy
  data_temp.loc[:, f"temp_m-{element}"] = data_temp['temperature'].shift(-element)

[2024-12-23T13:03:35.493+0000] {python.py:201} INFO - Done. Returned value was:      temperature  pression  target  ...  city_Montreal  city_New York  city_Toulouse
479       274.02      1031  274.02  ...          False          False          False
470       274.02      1031  274.02  ...          False          False          False
461       274.02      1031  274.02  ...          False          False          False
452       274.02      1031  274.02  ...          False          False          False
443       274.02      1031  274.02  ...          False          False          False
..           ...       ...     ...  ...            ...            ...            ...
117       279.14      1029  279.14  ...          False          False           True
108       279.14      1029  279.14  ...          False          False           True
99        279.14      1029  279.14  ...          False          False           True
90        279.14      1029  279.14  ...          False          False           True
81        279.14      1029  279.14  ...          False          False           True

[405 rows x 21 columns]
[2024-12-23T13:03:35.536+0000] {taskinstance.py:1138} INFO - Marking task as SUCCESS. dag_id=weather_dag, task_id=preprocessing_data, execution_date=20241223T130324, start_date=20241223T130335, end_date=20241223T130335
[2024-12-23T13:03:35.563+0000] {local_task_job_runner.py:234} INFO - Task exited with return code 0
[2024-12-23T13:03:35.593+0000] {taskinstance.py:3280} INFO - 1 downstream tasks scheduled from follow-on schedule check
