[2024-12-23T08:56:36.847+0000] {taskinstance.py:1956} INFO - Dependencies all met for dep_context=non-requeueable deps ti=<TaskInstance: weather_dag.prepare_data manual__2024-12-23T08:56:29.241638+00:00 [queued]>
[2024-12-23T08:56:36.852+0000] {taskinstance.py:1956} INFO - Dependencies all met for dep_context=requeueable deps ti=<TaskInstance: weather_dag.prepare_data manual__2024-12-23T08:56:29.241638+00:00 [queued]>
[2024-12-23T08:56:36.852+0000] {taskinstance.py:2170} INFO - Starting attempt 1 of 3
[2024-12-23T08:56:36.862+0000] {taskinstance.py:2191} INFO - Executing <Task(PythonOperator): prepare_data> on 2024-12-23 08:56:29.241638+00:00
[2024-12-23T08:56:36.868+0000] {standard_task_runner.py:60} INFO - Started process 1425 to run task
[2024-12-23T08:56:36.872+0000] {standard_task_runner.py:87} INFO - Running: ['***', 'tasks', 'run', 'weather_dag', 'prepare_data', 'manual__2024-12-23T08:56:29.241638+00:00', '--job-id', '166', '--raw', '--subdir', 'DAGS_FOLDER/extract.py', '--cfg-path', '/tmp/tmp8pgv66mk']
[2024-12-23T08:56:36.873+0000] {standard_task_runner.py:88} INFO - Job 166: Subtask prepare_data
[2024-12-23T08:56:36.891+0000] {warnings.py:109} WARNING - /home/***/.local/lib/python3.8/site-packages/***/settings.py:194: DeprecationWarning: The sql_alchemy_conn option in [core] has been moved to the sql_alchemy_conn option in [database] - the old setting has been used, but please update your config.
  SQL_ALCHEMY_CONN = conf.get("database", "SQL_ALCHEMY_CONN")

[2024-12-23T08:56:36.943+0000] {task_command.py:423} INFO - Running <TaskInstance: weather_dag.prepare_data manual__2024-12-23T08:56:29.241638+00:00 [running]> on host b853fb0270cd
[2024-12-23T08:56:37.047+0000] {taskinstance.py:2480} INFO - Exporting env vars: AIRFLOW_CTX_DAG_EMAIL='thiernosidybah232@gmail.com' AIRFLOW_CTX_DAG_OWNER='***' AIRFLOW_CTX_DAG_ID='weather_dag' AIRFLOW_CTX_TASK_ID='prepare_data' AIRFLOW_CTX_EXECUTION_DATE='2024-12-23T08:56:29.241638+00:00' AIRFLOW_CTX_TRY_NUMBER='1' AIRFLOW_CTX_DAG_RUN_ID='manual__2024-12-23T08:56:29.241638+00:00'
[2024-12-23T08:56:37.057+0000] {warnings.py:109} WARNING - /opt/***/dags/extract.py:89: SettingWithCopyWarning: 
A value is trying to be set on a copy of a slice from a DataFrame.
Try using .loc[row_indexer,col_indexer] = value instead

See the caveats in the documentation: https://pandas.pydata.org/pandas-docs/stable/user_guide/indexing.html#returning-a-view-versus-a-copy
  data_temp.loc[:, "target"] = data_temp['temperature'].shift(1)

[2024-12-23T08:56:37.057+0000] {warnings.py:109} WARNING - /opt/***/dags/extract.py:89: SettingWithCopyWarning: 
A value is trying to be set on a copy of a slice from a DataFrame.
Try using .loc[row_indexer,col_indexer] = value instead

See the caveats in the documentation: https://pandas.pydata.org/pandas-docs/stable/user_guide/indexing.html#returning-a-view-versus-a-copy
  data_temp.loc[:, "target"] = data_temp['temperature'].shift(1)

[2024-12-23T08:56:37.058+0000] {warnings.py:109} WARNING - /opt/***/dags/extract.py:89: SettingWithCopyWarning: 
A value is trying to be set on a copy of a slice from a DataFrame.
Try using .loc[row_indexer,col_indexer] = value instead

See the caveats in the documentation: https://pandas.pydata.org/pandas-docs/stable/user_guide/indexing.html#returning-a-view-versus-a-copy
  data_temp.loc[:, "target"] = data_temp['temperature'].shift(1)

[2024-12-23T08:56:37.059+0000] {warnings.py:109} WARNING - /opt/***/dags/extract.py:89: SettingWithCopyWarning: 
A value is trying to be set on a copy of a slice from a DataFrame.
Try using .loc[row_indexer,col_indexer] = value instead

See the caveats in the documentation: https://pandas.pydata.org/pandas-docs/stable/user_guide/indexing.html#returning-a-view-versus-a-copy
  data_temp.loc[:, "target"] = data_temp['temperature'].shift(1)

[2024-12-23T08:56:37.059+0000] {warnings.py:109} WARNING - /opt/***/dags/extract.py:89: SettingWithCopyWarning: 
A value is trying to be set on a copy of a slice from a DataFrame.
Try using .loc[row_indexer,col_indexer] = value instead

See the caveats in the documentation: https://pandas.pydata.org/pandas-docs/stable/user_guide/indexing.html#returning-a-view-versus-a-copy
  data_temp.loc[:, "target"] = data_temp['temperature'].shift(1)

[2024-12-23T08:56:37.060+0000] {warnings.py:109} WARNING - /opt/***/dags/extract.py:89: SettingWithCopyWarning: 
A value is trying to be set on a copy of a slice from a DataFrame.
Try using .loc[row_indexer,col_indexer] = value instead

See the caveats in the documentation: https://pandas.pydata.org/pandas-docs/stable/user_guide/indexing.html#returning-a-view-versus-a-copy
  data_temp.loc[:, "target"] = data_temp['temperature'].shift(1)

[2024-12-23T08:56:37.061+0000] {warnings.py:109} WARNING - /opt/***/dags/extract.py:89: SettingWithCopyWarning: 
A value is trying to be set on a copy of a slice from a DataFrame.
Try using .loc[row_indexer,col_indexer] = value instead

See the caveats in the documentation: https://pandas.pydata.org/pandas-docs/stable/user_guide/indexing.html#returning-a-view-versus-a-copy
  data_temp.loc[:, "target"] = data_temp['temperature'].shift(1)

[2024-12-23T08:56:37.061+0000] {warnings.py:109} WARNING - /opt/***/dags/extract.py:89: SettingWithCopyWarning: 
A value is trying to be set on a copy of a slice from a DataFrame.
Try using .loc[row_indexer,col_indexer] = value instead

See the caveats in the documentation: https://pandas.pydata.org/pandas-docs/stable/user_guide/indexing.html#returning-a-view-versus-a-copy
  data_temp.loc[:, "target"] = data_temp['temperature'].shift(1)

[2024-12-23T08:56:37.062+0000] {warnings.py:109} WARNING - /opt/***/dags/extract.py:89: SettingWithCopyWarning: 
A value is trying to be set on a copy of a slice from a DataFrame.
Try using .loc[row_indexer,col_indexer] = value instead

See the caveats in the documentation: https://pandas.pydata.org/pandas-docs/stable/user_guide/indexing.html#returning-a-view-versus-a-copy
  data_temp.loc[:, "target"] = data_temp['temperature'].shift(1)

[2024-12-23T08:56:37.066+0000] {logging_mixin.py:188} INFO -      temperature      city  pression                 date  target
288       282.14  Toulouse      1028  2024-12-17 18:02:51     NaN
279       282.14  Toulouse      1028  2024-12-17 18:02:57  282.14
270       282.14  Toulouse      1028  2024-12-17 18:03:01  282.14
261       282.14  Toulouse      1028  2024-12-17 18:03:08  282.14
252       282.14  Toulouse      1028  2024-12-17 18:03:09  282.14
[2024-12-23T08:56:37.067+0000] {python.py:201} INFO - Done. Returned value was:      temperature      city  pression                 date  target
288       282.14  Toulouse      1028  2024-12-17 18:02:51     NaN
279       282.14  Toulouse      1028  2024-12-17 18:02:57  282.14
270       282.14  Toulouse      1028  2024-12-17 18:03:01  282.14
261       282.14  Toulouse      1028  2024-12-17 18:03:08  282.14
252       282.14  Toulouse      1028  2024-12-17 18:03:09  282.14
243       282.14  Toulouse      1028  2024-12-17 18:03:11  282.14
234       282.14  Toulouse      1028  2024-12-17 18:03:12  282.14
225       282.14  Toulouse      1028  2024-12-17 18:03:17  282.14
216       282.14  Toulouse      1028  2024-12-17 18:03:28  282.14
207       282.14  Toulouse      1028  2024-12-17 18:03:29  282.14
198       282.14  Toulouse      1028  2024-12-17 18:03:31  282.14
189       282.14  Toulouse      1028  2024-12-17 18:03:32  282.14
180       282.14  Toulouse      1028  2024-12-17 18:39:01  282.14
171       282.14  Toulouse      1028  2024-12-17 18:40:21  282.14
162       282.14  Toulouse      1028  2024-12-17 18:41:10  282.14
153       282.14  Toulouse      1028  2024-12-17 18:42:48  282.14
144       282.14  Toulouse      1028  2024-12-17 18:50:51  282.14
135       282.14  Toulouse      1028  2024-12-17 18:52:01  282.14
126       282.14  Toulouse      1028  2024-12-17 18:53:32  282.14
117       282.14  Toulouse      1028  2024-12-17 20:02:33  282.14
108       282.14  Toulouse      1028  2024-12-17 20:03:27  282.14
99        282.14  Toulouse      1028  2024-12-17 20:05:36  282.14
90        282.14  Toulouse      1028  2024-12-17 20:06:12  282.14
81        282.14  Toulouse      1028  2024-12-17 20:07:26  282.14
72        282.14  Toulouse      1028  2024-12-17 20:07:31  282.14
63        282.14  Toulouse      1028  2024-12-17 20:17:46  282.14
54        282.14  Toulouse      1028  2024-12-17 20:18:29  282.14
45        288.14  Toulouse      1026  2024-12-18 13:14:37  282.14
36        279.14  Toulouse      1028  2024-12-23 08:35:38  288.14
27        279.14  Toulouse      1029  2024-12-23 08:39:05  279.14
18        279.14  Toulouse      1029  2024-12-23 08:46:05  279.14
9         279.14  Toulouse      1029  2024-12-23 08:50:22  279.14
0         279.14  Toulouse      1029  2024-12-23 08:50:50  279.14
[2024-12-23T08:56:37.099+0000] {taskinstance.py:1138} INFO - Marking task as SUCCESS. dag_id=weather_dag, task_id=prepare_data, execution_date=20241223T085629, start_date=20241223T085636, end_date=20241223T085637
[2024-12-23T08:56:37.123+0000] {local_task_job_runner.py:234} INFO - Task exited with return code 0
[2024-12-23T08:56:37.138+0000] {taskinstance.py:3280} INFO - 0 downstream tasks scheduled from follow-on schedule check
