[2024-12-17T20:17:49.374+0000] {taskinstance.py:1956} INFO - Dependencies all met for dep_context=non-requeueable deps ti=<TaskInstance: weather_dag.prepare_data manual__2024-12-17T20:17:42.880322+00:00 [queued]>
[2024-12-17T20:17:49.381+0000] {taskinstance.py:1956} INFO - Dependencies all met for dep_context=requeueable deps ti=<TaskInstance: weather_dag.prepare_data manual__2024-12-17T20:17:42.880322+00:00 [queued]>
[2024-12-17T20:17:49.382+0000] {taskinstance.py:2170} INFO - Starting attempt 1 of 3
[2024-12-17T20:17:49.390+0000] {taskinstance.py:2191} INFO - Executing <Task(PythonOperator): prepare_data> on 2024-12-17 20:17:42.880322+00:00
[2024-12-17T20:17:49.396+0000] {standard_task_runner.py:60} INFO - Started process 18205 to run task
[2024-12-17T20:17:49.399+0000] {standard_task_runner.py:87} INFO - Running: ['***', 'tasks', 'run', 'weather_dag', 'prepare_data', 'manual__2024-12-17T20:17:42.880322+00:00', '--job-id', '129', '--raw', '--subdir', 'DAGS_FOLDER/extract.py', '--cfg-path', '/tmp/tmpoi5nwrdj']
[2024-12-17T20:17:49.400+0000] {standard_task_runner.py:88} INFO - Job 129: Subtask prepare_data
[2024-12-17T20:17:49.409+0000] {warnings.py:109} WARNING - /home/***/.local/lib/python3.8/site-packages/***/settings.py:194: DeprecationWarning: The sql_alchemy_conn option in [core] has been moved to the sql_alchemy_conn option in [database] - the old setting has been used, but please update your config.
  SQL_ALCHEMY_CONN = conf.get("database", "SQL_ALCHEMY_CONN")

[2024-12-17T20:17:49.433+0000] {task_command.py:423} INFO - Running <TaskInstance: weather_dag.prepare_data manual__2024-12-17T20:17:42.880322+00:00 [running]> on host 3b537f09ccb4
[2024-12-17T20:17:49.499+0000] {taskinstance.py:2480} INFO - Exporting env vars: AIRFLOW_CTX_DAG_EMAIL='thiernosidybah232@gmail.com' AIRFLOW_CTX_DAG_OWNER='***' AIRFLOW_CTX_DAG_ID='weather_dag' AIRFLOW_CTX_TASK_ID='prepare_data' AIRFLOW_CTX_EXECUTION_DATE='2024-12-17T20:17:42.880322+00:00' AIRFLOW_CTX_TRY_NUMBER='1' AIRFLOW_CTX_DAG_RUN_ID='manual__2024-12-17T20:17:42.880322+00:00'
[2024-12-17T20:17:49.502+0000] {taskinstance.py:2698} ERROR - Task failed with exception
Traceback (most recent call last):
  File "/home/airflow/.local/lib/python3.8/site-packages/airflow/models/taskinstance.py", line 433, in _execute_task
    result = execute_callable(context=context, **execute_callable_kwargs)
  File "/home/airflow/.local/lib/python3.8/site-packages/airflow/operators/python.py", line 199, in execute
    return_value = self.execute_callable()
  File "/home/airflow/.local/lib/python3.8/site-packages/airflow/operators/python.py", line 216, in execute_callable
    return self.python_callable(*self.op_args, **self.op_kwargs)
  File "/opt/airflow/dags/extract.py", line 83, in prepare_data
    df = pd.read_csv(path_to_data)
  File "/home/airflow/.local/lib/python3.8/site-packages/pandas/io/parsers/readers.py", line 912, in read_csv
    return _read(filepath_or_buffer, kwds)
  File "/home/airflow/.local/lib/python3.8/site-packages/pandas/io/parsers/readers.py", line 577, in _read
    parser = TextFileReader(filepath_or_buffer, **kwds)
  File "/home/airflow/.local/lib/python3.8/site-packages/pandas/io/parsers/readers.py", line 1407, in __init__
    self._engine = self._make_engine(f, self.engine)
  File "/home/airflow/.local/lib/python3.8/site-packages/pandas/io/parsers/readers.py", line 1661, in _make_engine
    self.handles = get_handle(
  File "/home/airflow/.local/lib/python3.8/site-packages/pandas/io/common.py", line 859, in get_handle
    handle = open(
FileNotFoundError: [Errno 2] No such file or directory: '/app/clean_data/fulldata.csv'
[2024-12-17T20:17:49.512+0000] {taskinstance.py:1138} INFO - Marking task as UP_FOR_RETRY. dag_id=weather_dag, task_id=prepare_data, execution_date=20241217T201742, start_date=20241217T201749, end_date=20241217T201749
[2024-12-17T20:17:49.524+0000] {standard_task_runner.py:107} ERROR - Failed to execute job 129 for task prepare_data ([Errno 2] No such file or directory: '/app/clean_data/fulldata.csv'; 18205)
[2024-12-17T20:17:49.570+0000] {local_task_job_runner.py:234} INFO - Task exited with return code 1
[2024-12-17T20:17:49.595+0000] {taskinstance.py:3280} INFO - 0 downstream tasks scheduled from follow-on schedule check
