[2024-12-17T14:49:21.395+0000] {taskinstance.py:1956} INFO - Dependencies all met for dep_context=non-requeueable deps ti=<TaskInstance: weather_dag.Extract_weather_data manual__2024-12-17T14:48:16.314256+00:00 [queued]>
[2024-12-17T14:49:21.402+0000] {taskinstance.py:1956} INFO - Dependencies all met for dep_context=requeueable deps ti=<TaskInstance: weather_dag.Extract_weather_data manual__2024-12-17T14:48:16.314256+00:00 [queued]>
[2024-12-17T14:49:21.402+0000] {taskinstance.py:2170} INFO - Starting attempt 2 of 3
[2024-12-17T14:49:21.409+0000] {taskinstance.py:2191} INFO - Executing <Task(PythonOperator): Extract_weather_data> on 2024-12-17 14:48:16.314256+00:00
[2024-12-17T14:49:21.413+0000] {standard_task_runner.py:60} INFO - Started process 4000 to run task
[2024-12-17T14:49:21.415+0000] {standard_task_runner.py:87} INFO - Running: ['***', 'tasks', 'run', 'weather_dag', 'Extract_weather_data', 'manual__2024-12-17T14:48:16.314256+00:00', '--job-id', '52', '--raw', '--subdir', 'DAGS_FOLDER/extract.py', '--cfg-path', '/tmp/tmpvuy8gnzx']
[2024-12-17T14:49:21.415+0000] {standard_task_runner.py:88} INFO - Job 52: Subtask Extract_weather_data
[2024-12-17T14:49:21.427+0000] {warnings.py:109} WARNING - /home/***/.local/lib/python3.8/site-packages/***/settings.py:194: DeprecationWarning: The sql_alchemy_conn option in [core] has been moved to the sql_alchemy_conn option in [database] - the old setting has been used, but please update your config.
  SQL_ALCHEMY_CONN = conf.get("database", "SQL_ALCHEMY_CONN")

[2024-12-17T14:49:21.466+0000] {task_command.py:423} INFO - Running <TaskInstance: weather_dag.Extract_weather_data manual__2024-12-17T14:48:16.314256+00:00 [running]> on host 3b537f09ccb4
[2024-12-17T14:49:21.566+0000] {taskinstance.py:2480} INFO - Exporting env vars: AIRFLOW_CTX_DAG_EMAIL='thiernosidybah232@gmail.com' AIRFLOW_CTX_DAG_OWNER='***' AIRFLOW_CTX_DAG_ID='weather_dag' AIRFLOW_CTX_TASK_ID='Extract_weather_data' AIRFLOW_CTX_EXECUTION_DATE='2024-12-17T14:48:16.314256+00:00' AIRFLOW_CTX_TRY_NUMBER='2' AIRFLOW_CTX_DAG_RUN_ID='manual__2024-12-17T14:48:16.314256+00:00'
[2024-12-17T14:49:24.500+0000] {taskinstance.py:2698} ERROR - Task failed with exception
Traceback (most recent call last):
  File "/home/airflow/.local/lib/python3.8/site-packages/airflow/models/taskinstance.py", line 433, in _execute_task
    result = execute_callable(context=context, **execute_callable_kwargs)
  File "/home/airflow/.local/lib/python3.8/site-packages/airflow/operators/python.py", line 199, in execute
    return_value = self.execute_callable()
  File "/home/airflow/.local/lib/python3.8/site-packages/airflow/operators/python.py", line 216, in execute_callable
    return self.python_callable(*self.op_args, **self.op_kwargs)
  File "/opt/airflow/dags/extract.py", line 34, in extract_data
    json.dump(datas, file, indent=4)
  File "/usr/local/lib/python3.8/json/__init__.py", line 180, in dump
    fp.write(chunk)
TypeError: a bytes-like object is required, not 'str'
[2024-12-17T14:49:24.507+0000] {taskinstance.py:1138} INFO - Marking task as UP_FOR_RETRY. dag_id=weather_dag, task_id=Extract_weather_data, execution_date=20241217T144816, start_date=20241217T144921, end_date=20241217T144924
[2024-12-17T14:49:24.518+0000] {standard_task_runner.py:107} ERROR - Failed to execute job 52 for task Extract_weather_data (a bytes-like object is required, not 'str'; 4000)
[2024-12-17T14:49:24.557+0000] {local_task_job_runner.py:234} INFO - Task exited with return code 1
[2024-12-17T14:49:24.576+0000] {taskinstance.py:3280} INFO - 0 downstream tasks scheduled from follow-on schedule check
