[2024-12-24T13:09:24.992+0000] {taskinstance.py:1956} INFO - Dependencies all met for dep_context=non-requeueable deps ti=<TaskInstance: weather_dag.Random_Forest manual__2024-12-24T13:09:15.437835+00:00 [queued]>
[2024-12-24T13:09:24.999+0000] {taskinstance.py:1956} INFO - Dependencies all met for dep_context=requeueable deps ti=<TaskInstance: weather_dag.Random_Forest manual__2024-12-24T13:09:15.437835+00:00 [queued]>
[2024-12-24T13:09:24.999+0000] {taskinstance.py:2170} INFO - Starting attempt 1 of 3
[2024-12-24T13:09:25.013+0000] {taskinstance.py:2191} INFO - Executing <Task(PythonOperator): Random_Forest> on 2024-12-24 13:09:15.437835+00:00
[2024-12-24T13:09:25.020+0000] {standard_task_runner.py:60} INFO - Started process 26917 to run task
[2024-12-24T13:09:25.024+0000] {standard_task_runner.py:87} INFO - Running: ['***', 'tasks', 'run', 'weather_dag', 'Random_Forest', 'manual__2024-12-24T13:09:15.437835+00:00', '--job-id', '2074', '--raw', '--subdir', 'DAGS_FOLDER/extract.py', '--cfg-path', '/tmp/tmpt0cq3unc']
[2024-12-24T13:09:25.025+0000] {standard_task_runner.py:88} INFO - Job 2074: Subtask Random_Forest
[2024-12-24T13:09:25.041+0000] {warnings.py:109} WARNING - /home/***/.local/lib/python3.8/site-packages/***/settings.py:194: DeprecationWarning: The sql_alchemy_conn option in [core] has been moved to the sql_alchemy_conn option in [database] - the old setting has been used, but please update your config.
  SQL_ALCHEMY_CONN = conf.get("database", "SQL_ALCHEMY_CONN")

[2024-12-24T13:09:25.086+0000] {task_command.py:423} INFO - Running <TaskInstance: weather_dag.Random_Forest manual__2024-12-24T13:09:15.437835+00:00 [running]> on host f70f31c57d74
[2024-12-24T13:09:25.206+0000] {taskinstance.py:2480} INFO - Exporting env vars: AIRFLOW_CTX_DAG_EMAIL='thiernosidybah232@gmail.com' AIRFLOW_CTX_DAG_OWNER='***' AIRFLOW_CTX_DAG_ID='weather_dag' AIRFLOW_CTX_TASK_ID='Random_Forest' AIRFLOW_CTX_EXECUTION_DATE='2024-12-24T13:09:15.437835+00:00' AIRFLOW_CTX_TRY_NUMBER='1' AIRFLOW_CTX_DAG_RUN_ID='manual__2024-12-24T13:09:15.437835+00:00'
[2024-12-24T13:09:25.328+0000] {warnings.py:109} WARNING - /home/***/.local/lib/python3.8/site-packages/sklearn/ensemble/_forest.py:578: UserWarning: Some inputs do not have OOB scores. This probably means too few trees were used to compute any reliable OOB estimates.
  warn(

[2024-12-24T13:09:25.461+0000] {warnings.py:109} WARNING - /home/***/.local/lib/python3.8/site-packages/sklearn/ensemble/_forest.py:578: UserWarning: Some inputs do not have OOB scores. This probably means too few trees were used to compute any reliable OOB estimates.
  warn(

[2024-12-24T13:09:25.515+0000] {warnings.py:109} WARNING - /home/***/.local/lib/python3.8/site-packages/sklearn/ensemble/_forest.py:578: UserWarning: Some inputs do not have OOB scores. This probably means too few trees were used to compute any reliable OOB estimates.
  warn(

[2024-12-24T13:09:25.556+0000] {warnings.py:109} WARNING - /home/***/.local/lib/python3.8/site-packages/sklearn/ensemble/_forest.py:578: UserWarning: Some inputs do not have OOB scores. This probably means too few trees were used to compute any reliable OOB estimates.
  warn(

[2024-12-24T13:09:25.559+0000] {logging_mixin.py:188} INFO - The Negative Score with Random Forest  -49.63
[2024-12-24T13:09:25.559+0000] {python.py:201} INFO - Done. Returned value was: -49.63026334255241
[2024-12-24T13:09:25.590+0000] {taskinstance.py:1138} INFO - Marking task as SUCCESS. dag_id=weather_dag, task_id=Random_Forest, execution_date=20241224T130915, start_date=20241224T130924, end_date=20241224T130925
[2024-12-24T13:09:25.636+0000] {local_task_job_runner.py:234} INFO - Task exited with return code 0
[2024-12-24T13:09:25.668+0000] {taskinstance.py:3280} INFO - 1 downstream tasks scheduled from follow-on schedule check
