[2024-12-23T17:01:12.069+0000] {taskinstance.py:1956} INFO - Dependencies all met for dep_context=non-requeueable deps ti=<TaskInstance: weather_dag.Random_Forest scheduled__2024-12-23T17:00:00+00:00 [queued]>
[2024-12-23T17:01:12.073+0000] {taskinstance.py:1956} INFO - Dependencies all met for dep_context=requeueable deps ti=<TaskInstance: weather_dag.Random_Forest scheduled__2024-12-23T17:00:00+00:00 [queued]>
[2024-12-23T17:01:12.074+0000] {taskinstance.py:2170} INFO - Starting attempt 1 of 3
[2024-12-23T17:01:12.082+0000] {taskinstance.py:2191} INFO - Executing <Task(PythonOperator): Random_Forest> on 2024-12-23 17:00:00+00:00
[2024-12-23T17:01:12.088+0000] {standard_task_runner.py:60} INFO - Started process 6601 to run task
[2024-12-23T17:01:12.091+0000] {standard_task_runner.py:87} INFO - Running: ['***', 'tasks', 'run', 'weather_dag', 'Random_Forest', 'scheduled__2024-12-23T17:00:00+00:00', '--job-id', '846', '--raw', '--subdir', 'DAGS_FOLDER/extract.py', '--cfg-path', '/tmp/tmpaqj6brng']
[2024-12-23T17:01:12.092+0000] {standard_task_runner.py:88} INFO - Job 846: Subtask Random_Forest
[2024-12-23T17:01:12.101+0000] {warnings.py:109} WARNING - /home/***/.local/lib/python3.8/site-packages/***/settings.py:194: DeprecationWarning: The sql_alchemy_conn option in [core] has been moved to the sql_alchemy_conn option in [database] - the old setting has been used, but please update your config.
  SQL_ALCHEMY_CONN = conf.get("database", "SQL_ALCHEMY_CONN")

[2024-12-23T17:01:12.132+0000] {task_command.py:423} INFO - Running <TaskInstance: weather_dag.Random_Forest scheduled__2024-12-23T17:00:00+00:00 [running]> on host b853fb0270cd
[2024-12-23T17:01:12.191+0000] {taskinstance.py:2480} INFO - Exporting env vars: AIRFLOW_CTX_DAG_EMAIL='thiernosidybah232@gmail.com' AIRFLOW_CTX_DAG_OWNER='***' AIRFLOW_CTX_DAG_ID='weather_dag' AIRFLOW_CTX_TASK_ID='Random_Forest' AIRFLOW_CTX_EXECUTION_DATE='2024-12-23T17:00:00+00:00' AIRFLOW_CTX_TRY_NUMBER='1' AIRFLOW_CTX_DAG_RUN_ID='scheduled__2024-12-23T17:00:00+00:00'
[2024-12-23T17:01:12.265+0000] {warnings.py:109} WARNING - /home/***/.local/lib/python3.8/site-packages/sklearn/ensemble/_forest.py:578: UserWarning: Some inputs do not have OOB scores. This probably means too few trees were used to compute any reliable OOB estimates.
  warn(

[2024-12-23T17:01:12.298+0000] {warnings.py:109} WARNING - /home/***/.local/lib/python3.8/site-packages/sklearn/ensemble/_forest.py:578: UserWarning: Some inputs do not have OOB scores. This probably means too few trees were used to compute any reliable OOB estimates.
  warn(

[2024-12-23T17:01:12.325+0000] {warnings.py:109} WARNING - /home/***/.local/lib/python3.8/site-packages/sklearn/ensemble/_forest.py:578: UserWarning: Some inputs do not have OOB scores. This probably means too few trees were used to compute any reliable OOB estimates.
  warn(

[2024-12-23T17:01:12.348+0000] {warnings.py:109} WARNING - /home/***/.local/lib/python3.8/site-packages/sklearn/ensemble/_forest.py:578: UserWarning: Some inputs do not have OOB scores. This probably means too few trees were used to compute any reliable OOB estimates.
  warn(

[2024-12-23T17:01:12.350+0000] {logging_mixin.py:188} INFO - The Negative Score with Random Forest  -56.035
[2024-12-23T17:01:12.351+0000] {python.py:201} INFO - Done. Returned value was: -56.03472296860468
[2024-12-23T17:01:12.370+0000] {taskinstance.py:1138} INFO - Marking task as SUCCESS. dag_id=weather_dag, task_id=Random_Forest, execution_date=20241223T170000, start_date=20241223T170112, end_date=20241223T170112
[2024-12-23T17:01:12.423+0000] {local_task_job_runner.py:234} INFO - Task exited with return code 0
[2024-12-23T17:01:12.438+0000] {taskinstance.py:3280} INFO - 1 downstream tasks scheduled from follow-on schedule check
