[2024-12-24T11:54:05.013+0000] {taskinstance.py:1956} INFO - Dependencies all met for dep_context=non-requeueable deps ti=<TaskInstance: weather_dag.transform_data_top_20_files scheduled__2024-12-24T11:53:00+00:00 [queued]>
[2024-12-24T11:54:05.018+0000] {taskinstance.py:1956} INFO - Dependencies all met for dep_context=requeueable deps ti=<TaskInstance: weather_dag.transform_data_top_20_files scheduled__2024-12-24T11:53:00+00:00 [queued]>
[2024-12-24T11:54:05.018+0000] {taskinstance.py:2170} INFO - Starting attempt 1 of 3
[2024-12-24T11:54:05.025+0000] {taskinstance.py:2191} INFO - Executing <Task(PythonOperator): transform_data_top_20_files> on 2024-12-24 11:53:00+00:00
[2024-12-24T11:54:05.032+0000] {standard_task_runner.py:60} INFO - Started process 5927 to run task
[2024-12-24T11:54:05.035+0000] {standard_task_runner.py:87} INFO - Running: ['***', 'tasks', 'run', 'weather_dag', 'transform_data_top_20_files', 'scheduled__2024-12-24T11:53:00+00:00', '--job-id', '1473', '--raw', '--subdir', 'DAGS_FOLDER/extract.py', '--cfg-path', '/tmp/tmpxq8cg2px']
[2024-12-24T11:54:05.036+0000] {standard_task_runner.py:88} INFO - Job 1473: Subtask transform_data_top_20_files
[2024-12-24T11:54:05.044+0000] {warnings.py:109} WARNING - /home/***/.local/lib/python3.8/site-packages/***/settings.py:194: DeprecationWarning: The sql_alchemy_conn option in [core] has been moved to the sql_alchemy_conn option in [database] - the old setting has been used, but please update your config.
  SQL_ALCHEMY_CONN = conf.get("database", "SQL_ALCHEMY_CONN")

[2024-12-24T11:54:05.083+0000] {task_command.py:423} INFO - Running <TaskInstance: weather_dag.transform_data_top_20_files scheduled__2024-12-24T11:53:00+00:00 [running]> on host f70f31c57d74
[2024-12-24T11:54:05.149+0000] {taskinstance.py:2480} INFO - Exporting env vars: AIRFLOW_CTX_DAG_EMAIL='thiernosidybah232@gmail.com' AIRFLOW_CTX_DAG_OWNER='***' AIRFLOW_CTX_DAG_ID='weather_dag' AIRFLOW_CTX_TASK_ID='transform_data_top_20_files' AIRFLOW_CTX_EXECUTION_DATE='2024-12-24T11:53:00+00:00' AIRFLOW_CTX_TRY_NUMBER='1' AIRFLOW_CTX_DAG_RUN_ID='scheduled__2024-12-24T11:53:00+00:00'
[2024-12-24T11:54:05.167+0000] {logging_mixin.py:188} INFO -    temperature        city  pression                 date
0       282.14    Toulouse      1029  2024-12-24 11:54:03
1       284.11      Nantes      1030  2024-12-24 11:54:03
2       270.13    Grenoble      1026  2024-12-24 11:54:03
3       281.42   Marseille      1019  2024-12-24 11:54:03
4       276.60        Lyon      1029  2024-12-24 11:54:03
[2024-12-24T11:54:05.169+0000] {python.py:201} INFO - Done. Returned value was: None
[2024-12-24T11:54:05.178+0000] {taskinstance.py:1138} INFO - Marking task as SUCCESS. dag_id=weather_dag, task_id=transform_data_top_20_files, execution_date=20241224T115300, start_date=20241224T115405, end_date=20241224T115405
[2024-12-24T11:54:05.206+0000] {local_task_job_runner.py:234} INFO - Task exited with return code 0
[2024-12-24T11:54:05.270+0000] {taskinstance.py:3280} INFO - 0 downstream tasks scheduled from follow-on schedule check
