[2024-12-23T09:22:53.092+0000] {taskinstance.py:1956} INFO - Dependencies all met for dep_context=non-requeueable deps ti=<TaskInstance: weather_dag.prepare_data manual__2024-12-23T09:21:42.678024+00:00 [queued]>
[2024-12-23T09:22:53.108+0000] {taskinstance.py:1956} INFO - Dependencies all met for dep_context=requeueable deps ti=<TaskInstance: weather_dag.prepare_data manual__2024-12-23T09:21:42.678024+00:00 [queued]>
[2024-12-23T09:22:53.108+0000] {taskinstance.py:2170} INFO - Starting attempt 2 of 3
[2024-12-23T09:22:53.122+0000] {taskinstance.py:2191} INFO - Executing <Task(PythonOperator): prepare_data> on 2024-12-23 09:21:42.678024+00:00
[2024-12-23T09:22:53.129+0000] {standard_task_runner.py:60} INFO - Started process 3126 to run task
[2024-12-23T09:22:53.132+0000] {standard_task_runner.py:87} INFO - Running: ['***', 'tasks', 'run', 'weather_dag', 'prepare_data', 'manual__2024-12-23T09:21:42.678024+00:00', '--job-id', '193', '--raw', '--subdir', 'DAGS_FOLDER/extract.py', '--cfg-path', '/tmp/tmp09wrrx0x']
[2024-12-23T09:22:53.133+0000] {standard_task_runner.py:88} INFO - Job 193: Subtask prepare_data
[2024-12-23T09:22:53.148+0000] {warnings.py:109} WARNING - /home/***/.local/lib/python3.8/site-packages/***/settings.py:194: DeprecationWarning: The sql_alchemy_conn option in [core] has been moved to the sql_alchemy_conn option in [database] - the old setting has been used, but please update your config.
  SQL_ALCHEMY_CONN = conf.get("database", "SQL_ALCHEMY_CONN")

[2024-12-23T09:22:53.192+0000] {task_command.py:423} INFO - Running <TaskInstance: weather_dag.prepare_data manual__2024-12-23T09:21:42.678024+00:00 [running]> on host b853fb0270cd
[2024-12-23T09:22:53.311+0000] {taskinstance.py:2480} INFO - Exporting env vars: AIRFLOW_CTX_DAG_EMAIL='thiernosidybah232@gmail.com' AIRFLOW_CTX_DAG_OWNER='***' AIRFLOW_CTX_DAG_ID='weather_dag' AIRFLOW_CTX_TASK_ID='prepare_data' AIRFLOW_CTX_EXECUTION_DATE='2024-12-23T09:21:42.678024+00:00' AIRFLOW_CTX_TRY_NUMBER='2' AIRFLOW_CTX_DAG_RUN_ID='manual__2024-12-23T09:21:42.678024+00:00'
[2024-12-23T09:22:53.330+0000] {warnings.py:109} WARNING - /opt/***/dags/extract.py:117: SettingWithCopyWarning: 
A value is trying to be set on a copy of a slice from a DataFrame.
Try using .loc[row_indexer,col_indexer] = value instead

See the caveats in the documentation: https://pandas.pydata.org/pandas-docs/stable/user_guide/indexing.html#returning-a-view-versus-a-copy
  data_temp.loc[:, "target"] = data_temp['temperature'].shift(1)

[2024-12-23T09:22:53.332+0000] {warnings.py:109} WARNING - /opt/***/dags/extract.py:120: SettingWithCopyWarning: 
A value is trying to be set on a copy of a slice from a DataFrame.
Try using .loc[row_indexer,col_indexer] = value instead

See the caveats in the documentation: https://pandas.pydata.org/pandas-docs/stable/user_guide/indexing.html#returning-a-view-versus-a-copy
  data_temp.loc[:, f"temp_m-{element}"] = data_temp['temperature'].shift(-element)

[2024-12-23T09:22:53.333+0000] {warnings.py:109} WARNING - /opt/***/dags/extract.py:120: SettingWithCopyWarning: 
A value is trying to be set on a copy of a slice from a DataFrame.
Try using .loc[row_indexer,col_indexer] = value instead

See the caveats in the documentation: https://pandas.pydata.org/pandas-docs/stable/user_guide/indexing.html#returning-a-view-versus-a-copy
  data_temp.loc[:, f"temp_m-{element}"] = data_temp['temperature'].shift(-element)

[2024-12-23T09:22:53.334+0000] {warnings.py:109} WARNING - /opt/***/dags/extract.py:120: SettingWithCopyWarning: 
A value is trying to be set on a copy of a slice from a DataFrame.
Try using .loc[row_indexer,col_indexer] = value instead

See the caveats in the documentation: https://pandas.pydata.org/pandas-docs/stable/user_guide/indexing.html#returning-a-view-versus-a-copy
  data_temp.loc[:, f"temp_m-{element}"] = data_temp['temperature'].shift(-element)

[2024-12-23T09:22:53.334+0000] {warnings.py:109} WARNING - /opt/***/dags/extract.py:120: SettingWithCopyWarning: 
A value is trying to be set on a copy of a slice from a DataFrame.
Try using .loc[row_indexer,col_indexer] = value instead

See the caveats in the documentation: https://pandas.pydata.org/pandas-docs/stable/user_guide/indexing.html#returning-a-view-versus-a-copy
  data_temp.loc[:, f"temp_m-{element}"] = data_temp['temperature'].shift(-element)

[2024-12-23T09:22:53.335+0000] {warnings.py:109} WARNING - /opt/***/dags/extract.py:120: SettingWithCopyWarning: 
A value is trying to be set on a copy of a slice from a DataFrame.
Try using .loc[row_indexer,col_indexer] = value instead

See the caveats in the documentation: https://pandas.pydata.org/pandas-docs/stable/user_guide/indexing.html#returning-a-view-versus-a-copy
  data_temp.loc[:, f"temp_m-{element}"] = data_temp['temperature'].shift(-element)

[2024-12-23T09:22:53.337+0000] {warnings.py:109} WARNING - /opt/***/dags/extract.py:120: SettingWithCopyWarning: 
A value is trying to be set on a copy of a slice from a DataFrame.
Try using .loc[row_indexer,col_indexer] = value instead

See the caveats in the documentation: https://pandas.pydata.org/pandas-docs/stable/user_guide/indexing.html#returning-a-view-versus-a-copy
  data_temp.loc[:, f"temp_m-{element}"] = data_temp['temperature'].shift(-element)

[2024-12-23T09:22:53.338+0000] {warnings.py:109} WARNING - /opt/***/dags/extract.py:120: SettingWithCopyWarning: 
A value is trying to be set on a copy of a slice from a DataFrame.
Try using .loc[row_indexer,col_indexer] = value instead

See the caveats in the documentation: https://pandas.pydata.org/pandas-docs/stable/user_guide/indexing.html#returning-a-view-versus-a-copy
  data_temp.loc[:, f"temp_m-{element}"] = data_temp['temperature'].shift(-element)

[2024-12-23T09:22:53.339+0000] {warnings.py:109} WARNING - /opt/***/dags/extract.py:120: SettingWithCopyWarning: 
A value is trying to be set on a copy of a slice from a DataFrame.
Try using .loc[row_indexer,col_indexer] = value instead

See the caveats in the documentation: https://pandas.pydata.org/pandas-docs/stable/user_guide/indexing.html#returning-a-view-versus-a-copy
  data_temp.loc[:, f"temp_m-{element}"] = data_temp['temperature'].shift(-element)

[2024-12-23T09:22:53.340+0000] {warnings.py:109} WARNING - /opt/***/dags/extract.py:120: SettingWithCopyWarning: 
A value is trying to be set on a copy of a slice from a DataFrame.
Try using .loc[row_indexer,col_indexer] = value instead

See the caveats in the documentation: https://pandas.pydata.org/pandas-docs/stable/user_guide/indexing.html#returning-a-view-versus-a-copy
  data_temp.loc[:, f"temp_m-{element}"] = data_temp['temperature'].shift(-element)

[2024-12-23T09:22:53.344+0000] {warnings.py:109} WARNING - /opt/***/dags/extract.py:117: SettingWithCopyWarning: 
A value is trying to be set on a copy of a slice from a DataFrame.
Try using .loc[row_indexer,col_indexer] = value instead

See the caveats in the documentation: https://pandas.pydata.org/pandas-docs/stable/user_guide/indexing.html#returning-a-view-versus-a-copy
  data_temp.loc[:, "target"] = data_temp['temperature'].shift(1)

[2024-12-23T09:22:53.346+0000] {warnings.py:109} WARNING - /opt/***/dags/extract.py:120: SettingWithCopyWarning: 
A value is trying to be set on a copy of a slice from a DataFrame.
Try using .loc[row_indexer,col_indexer] = value instead

See the caveats in the documentation: https://pandas.pydata.org/pandas-docs/stable/user_guide/indexing.html#returning-a-view-versus-a-copy
  data_temp.loc[:, f"temp_m-{element}"] = data_temp['temperature'].shift(-element)

[2024-12-23T09:22:53.346+0000] {warnings.py:109} WARNING - /opt/***/dags/extract.py:120: SettingWithCopyWarning: 
A value is trying to be set on a copy of a slice from a DataFrame.
Try using .loc[row_indexer,col_indexer] = value instead

See the caveats in the documentation: https://pandas.pydata.org/pandas-docs/stable/user_guide/indexing.html#returning-a-view-versus-a-copy
  data_temp.loc[:, f"temp_m-{element}"] = data_temp['temperature'].shift(-element)

[2024-12-23T09:22:53.347+0000] {warnings.py:109} WARNING - /opt/***/dags/extract.py:120: SettingWithCopyWarning: 
A value is trying to be set on a copy of a slice from a DataFrame.
Try using .loc[row_indexer,col_indexer] = value instead

See the caveats in the documentation: https://pandas.pydata.org/pandas-docs/stable/user_guide/indexing.html#returning-a-view-versus-a-copy
  data_temp.loc[:, f"temp_m-{element}"] = data_temp['temperature'].shift(-element)

[2024-12-23T09:22:53.348+0000] {warnings.py:109} WARNING - /opt/***/dags/extract.py:120: SettingWithCopyWarning: 
A value is trying to be set on a copy of a slice from a DataFrame.
Try using .loc[row_indexer,col_indexer] = value instead

See the caveats in the documentation: https://pandas.pydata.org/pandas-docs/stable/user_guide/indexing.html#returning-a-view-versus-a-copy
  data_temp.loc[:, f"temp_m-{element}"] = data_temp['temperature'].shift(-element)

[2024-12-23T09:22:53.348+0000] {warnings.py:109} WARNING - /opt/***/dags/extract.py:120: SettingWithCopyWarning: 
A value is trying to be set on a copy of a slice from a DataFrame.
Try using .loc[row_indexer,col_indexer] = value instead

See the caveats in the documentation: https://pandas.pydata.org/pandas-docs/stable/user_guide/indexing.html#returning-a-view-versus-a-copy
  data_temp.loc[:, f"temp_m-{element}"] = data_temp['temperature'].shift(-element)

[2024-12-23T09:22:53.349+0000] {warnings.py:109} WARNING - /opt/***/dags/extract.py:120: SettingWithCopyWarning: 
A value is trying to be set on a copy of a slice from a DataFrame.
Try using .loc[row_indexer,col_indexer] = value instead

See the caveats in the documentation: https://pandas.pydata.org/pandas-docs/stable/user_guide/indexing.html#returning-a-view-versus-a-copy
  data_temp.loc[:, f"temp_m-{element}"] = data_temp['temperature'].shift(-element)

[2024-12-23T09:22:53.350+0000] {warnings.py:109} WARNING - /opt/***/dags/extract.py:120: SettingWithCopyWarning: 
A value is trying to be set on a copy of a slice from a DataFrame.
Try using .loc[row_indexer,col_indexer] = value instead

See the caveats in the documentation: https://pandas.pydata.org/pandas-docs/stable/user_guide/indexing.html#returning-a-view-versus-a-copy
  data_temp.loc[:, f"temp_m-{element}"] = data_temp['temperature'].shift(-element)

[2024-12-23T09:22:53.350+0000] {warnings.py:109} WARNING - /opt/***/dags/extract.py:120: SettingWithCopyWarning: 
A value is trying to be set on a copy of a slice from a DataFrame.
Try using .loc[row_indexer,col_indexer] = value instead

See the caveats in the documentation: https://pandas.pydata.org/pandas-docs/stable/user_guide/indexing.html#returning-a-view-versus-a-copy
  data_temp.loc[:, f"temp_m-{element}"] = data_temp['temperature'].shift(-element)

[2024-12-23T09:22:53.351+0000] {warnings.py:109} WARNING - /opt/***/dags/extract.py:120: SettingWithCopyWarning: 
A value is trying to be set on a copy of a slice from a DataFrame.
Try using .loc[row_indexer,col_indexer] = value instead

See the caveats in the documentation: https://pandas.pydata.org/pandas-docs/stable/user_guide/indexing.html#returning-a-view-versus-a-copy
  data_temp.loc[:, f"temp_m-{element}"] = data_temp['temperature'].shift(-element)

[2024-12-23T09:22:53.352+0000] {warnings.py:109} WARNING - /opt/***/dags/extract.py:117: SettingWithCopyWarning: 
A value is trying to be set on a copy of a slice from a DataFrame.
Try using .loc[row_indexer,col_indexer] = value instead

See the caveats in the documentation: https://pandas.pydata.org/pandas-docs/stable/user_guide/indexing.html#returning-a-view-versus-a-copy
  data_temp.loc[:, "target"] = data_temp['temperature'].shift(1)

[2024-12-23T09:22:53.352+0000] {warnings.py:109} WARNING - /opt/***/dags/extract.py:120: SettingWithCopyWarning: 
A value is trying to be set on a copy of a slice from a DataFrame.
Try using .loc[row_indexer,col_indexer] = value instead

See the caveats in the documentation: https://pandas.pydata.org/pandas-docs/stable/user_guide/indexing.html#returning-a-view-versus-a-copy
  data_temp.loc[:, f"temp_m-{element}"] = data_temp['temperature'].shift(-element)

[2024-12-23T09:22:53.353+0000] {warnings.py:109} WARNING - /opt/***/dags/extract.py:120: SettingWithCopyWarning: 
A value is trying to be set on a copy of a slice from a DataFrame.
Try using .loc[row_indexer,col_indexer] = value instead

See the caveats in the documentation: https://pandas.pydata.org/pandas-docs/stable/user_guide/indexing.html#returning-a-view-versus-a-copy
  data_temp.loc[:, f"temp_m-{element}"] = data_temp['temperature'].shift(-element)

[2024-12-23T09:22:53.353+0000] {warnings.py:109} WARNING - /opt/***/dags/extract.py:120: SettingWithCopyWarning: 
A value is trying to be set on a copy of a slice from a DataFrame.
Try using .loc[row_indexer,col_indexer] = value instead

See the caveats in the documentation: https://pandas.pydata.org/pandas-docs/stable/user_guide/indexing.html#returning-a-view-versus-a-copy
  data_temp.loc[:, f"temp_m-{element}"] = data_temp['temperature'].shift(-element)

[2024-12-23T09:22:53.354+0000] {warnings.py:109} WARNING - /opt/***/dags/extract.py:120: SettingWithCopyWarning: 
A value is trying to be set on a copy of a slice from a DataFrame.
Try using .loc[row_indexer,col_indexer] = value instead

See the caveats in the documentation: https://pandas.pydata.org/pandas-docs/stable/user_guide/indexing.html#returning-a-view-versus-a-copy
  data_temp.loc[:, f"temp_m-{element}"] = data_temp['temperature'].shift(-element)

[2024-12-23T09:22:53.354+0000] {warnings.py:109} WARNING - /opt/***/dags/extract.py:120: SettingWithCopyWarning: 
A value is trying to be set on a copy of a slice from a DataFrame.
Try using .loc[row_indexer,col_indexer] = value instead

See the caveats in the documentation: https://pandas.pydata.org/pandas-docs/stable/user_guide/indexing.html#returning-a-view-versus-a-copy
  data_temp.loc[:, f"temp_m-{element}"] = data_temp['temperature'].shift(-element)

[2024-12-23T09:22:53.354+0000] {warnings.py:109} WARNING - /opt/***/dags/extract.py:120: SettingWithCopyWarning: 
A value is trying to be set on a copy of a slice from a DataFrame.
Try using .loc[row_indexer,col_indexer] = value instead

See the caveats in the documentation: https://pandas.pydata.org/pandas-docs/stable/user_guide/indexing.html#returning-a-view-versus-a-copy
  data_temp.loc[:, f"temp_m-{element}"] = data_temp['temperature'].shift(-element)

[2024-12-23T09:22:53.355+0000] {warnings.py:109} WARNING - /opt/***/dags/extract.py:120: SettingWithCopyWarning: 
A value is trying to be set on a copy of a slice from a DataFrame.
Try using .loc[row_indexer,col_indexer] = value instead

See the caveats in the documentation: https://pandas.pydata.org/pandas-docs/stable/user_guide/indexing.html#returning-a-view-versus-a-copy
  data_temp.loc[:, f"temp_m-{element}"] = data_temp['temperature'].shift(-element)

[2024-12-23T09:22:53.355+0000] {warnings.py:109} WARNING - /opt/***/dags/extract.py:120: SettingWithCopyWarning: 
A value is trying to be set on a copy of a slice from a DataFrame.
Try using .loc[row_indexer,col_indexer] = value instead

See the caveats in the documentation: https://pandas.pydata.org/pandas-docs/stable/user_guide/indexing.html#returning-a-view-versus-a-copy
  data_temp.loc[:, f"temp_m-{element}"] = data_temp['temperature'].shift(-element)

[2024-12-23T09:22:53.356+0000] {warnings.py:109} WARNING - /opt/***/dags/extract.py:120: SettingWithCopyWarning: 
A value is trying to be set on a copy of a slice from a DataFrame.
Try using .loc[row_indexer,col_indexer] = value instead

See the caveats in the documentation: https://pandas.pydata.org/pandas-docs/stable/user_guide/indexing.html#returning-a-view-versus-a-copy
  data_temp.loc[:, f"temp_m-{element}"] = data_temp['temperature'].shift(-element)

[2024-12-23T09:22:53.357+0000] {warnings.py:109} WARNING - /opt/***/dags/extract.py:117: SettingWithCopyWarning: 
A value is trying to be set on a copy of a slice from a DataFrame.
Try using .loc[row_indexer,col_indexer] = value instead

See the caveats in the documentation: https://pandas.pydata.org/pandas-docs/stable/user_guide/indexing.html#returning-a-view-versus-a-copy
  data_temp.loc[:, "target"] = data_temp['temperature'].shift(1)

[2024-12-23T09:22:53.358+0000] {warnings.py:109} WARNING - /opt/***/dags/extract.py:120: SettingWithCopyWarning: 
A value is trying to be set on a copy of a slice from a DataFrame.
Try using .loc[row_indexer,col_indexer] = value instead

See the caveats in the documentation: https://pandas.pydata.org/pandas-docs/stable/user_guide/indexing.html#returning-a-view-versus-a-copy
  data_temp.loc[:, f"temp_m-{element}"] = data_temp['temperature'].shift(-element)

[2024-12-23T09:22:53.358+0000] {warnings.py:109} WARNING - /opt/***/dags/extract.py:120: SettingWithCopyWarning: 
A value is trying to be set on a copy of a slice from a DataFrame.
Try using .loc[row_indexer,col_indexer] = value instead

See the caveats in the documentation: https://pandas.pydata.org/pandas-docs/stable/user_guide/indexing.html#returning-a-view-versus-a-copy
  data_temp.loc[:, f"temp_m-{element}"] = data_temp['temperature'].shift(-element)

[2024-12-23T09:22:53.358+0000] {warnings.py:109} WARNING - /opt/***/dags/extract.py:120: SettingWithCopyWarning: 
A value is trying to be set on a copy of a slice from a DataFrame.
Try using .loc[row_indexer,col_indexer] = value instead

See the caveats in the documentation: https://pandas.pydata.org/pandas-docs/stable/user_guide/indexing.html#returning-a-view-versus-a-copy
  data_temp.loc[:, f"temp_m-{element}"] = data_temp['temperature'].shift(-element)

[2024-12-23T09:22:53.359+0000] {warnings.py:109} WARNING - /opt/***/dags/extract.py:120: SettingWithCopyWarning: 
A value is trying to be set on a copy of a slice from a DataFrame.
Try using .loc[row_indexer,col_indexer] = value instead

See the caveats in the documentation: https://pandas.pydata.org/pandas-docs/stable/user_guide/indexing.html#returning-a-view-versus-a-copy
  data_temp.loc[:, f"temp_m-{element}"] = data_temp['temperature'].shift(-element)

[2024-12-23T09:22:53.359+0000] {warnings.py:109} WARNING - /opt/***/dags/extract.py:120: SettingWithCopyWarning: 
A value is trying to be set on a copy of a slice from a DataFrame.
Try using .loc[row_indexer,col_indexer] = value instead

See the caveats in the documentation: https://pandas.pydata.org/pandas-docs/stable/user_guide/indexing.html#returning-a-view-versus-a-copy
  data_temp.loc[:, f"temp_m-{element}"] = data_temp['temperature'].shift(-element)

[2024-12-23T09:22:53.360+0000] {warnings.py:109} WARNING - /opt/***/dags/extract.py:120: SettingWithCopyWarning: 
A value is trying to be set on a copy of a slice from a DataFrame.
Try using .loc[row_indexer,col_indexer] = value instead

See the caveats in the documentation: https://pandas.pydata.org/pandas-docs/stable/user_guide/indexing.html#returning-a-view-versus-a-copy
  data_temp.loc[:, f"temp_m-{element}"] = data_temp['temperature'].shift(-element)

[2024-12-23T09:22:53.360+0000] {warnings.py:109} WARNING - /opt/***/dags/extract.py:120: SettingWithCopyWarning: 
A value is trying to be set on a copy of a slice from a DataFrame.
Try using .loc[row_indexer,col_indexer] = value instead

See the caveats in the documentation: https://pandas.pydata.org/pandas-docs/stable/user_guide/indexing.html#returning-a-view-versus-a-copy
  data_temp.loc[:, f"temp_m-{element}"] = data_temp['temperature'].shift(-element)

[2024-12-23T09:22:53.360+0000] {warnings.py:109} WARNING - /opt/***/dags/extract.py:120: SettingWithCopyWarning: 
A value is trying to be set on a copy of a slice from a DataFrame.
Try using .loc[row_indexer,col_indexer] = value instead

See the caveats in the documentation: https://pandas.pydata.org/pandas-docs/stable/user_guide/indexing.html#returning-a-view-versus-a-copy
  data_temp.loc[:, f"temp_m-{element}"] = data_temp['temperature'].shift(-element)

[2024-12-23T09:22:53.361+0000] {warnings.py:109} WARNING - /opt/***/dags/extract.py:120: SettingWithCopyWarning: 
A value is trying to be set on a copy of a slice from a DataFrame.
Try using .loc[row_indexer,col_indexer] = value instead

See the caveats in the documentation: https://pandas.pydata.org/pandas-docs/stable/user_guide/indexing.html#returning-a-view-versus-a-copy
  data_temp.loc[:, f"temp_m-{element}"] = data_temp['temperature'].shift(-element)

[2024-12-23T09:22:53.362+0000] {warnings.py:109} WARNING - /opt/***/dags/extract.py:117: SettingWithCopyWarning: 
A value is trying to be set on a copy of a slice from a DataFrame.
Try using .loc[row_indexer,col_indexer] = value instead

See the caveats in the documentation: https://pandas.pydata.org/pandas-docs/stable/user_guide/indexing.html#returning-a-view-versus-a-copy
  data_temp.loc[:, "target"] = data_temp['temperature'].shift(1)

[2024-12-23T09:22:53.363+0000] {warnings.py:109} WARNING - /opt/***/dags/extract.py:120: SettingWithCopyWarning: 
A value is trying to be set on a copy of a slice from a DataFrame.
Try using .loc[row_indexer,col_indexer] = value instead

See the caveats in the documentation: https://pandas.pydata.org/pandas-docs/stable/user_guide/indexing.html#returning-a-view-versus-a-copy
  data_temp.loc[:, f"temp_m-{element}"] = data_temp['temperature'].shift(-element)

[2024-12-23T09:22:53.363+0000] {warnings.py:109} WARNING - /opt/***/dags/extract.py:120: SettingWithCopyWarning: 
A value is trying to be set on a copy of a slice from a DataFrame.
Try using .loc[row_indexer,col_indexer] = value instead

See the caveats in the documentation: https://pandas.pydata.org/pandas-docs/stable/user_guide/indexing.html#returning-a-view-versus-a-copy
  data_temp.loc[:, f"temp_m-{element}"] = data_temp['temperature'].shift(-element)

[2024-12-23T09:22:53.363+0000] {warnings.py:109} WARNING - /opt/***/dags/extract.py:120: SettingWithCopyWarning: 
A value is trying to be set on a copy of a slice from a DataFrame.
Try using .loc[row_indexer,col_indexer] = value instead

See the caveats in the documentation: https://pandas.pydata.org/pandas-docs/stable/user_guide/indexing.html#returning-a-view-versus-a-copy
  data_temp.loc[:, f"temp_m-{element}"] = data_temp['temperature'].shift(-element)

[2024-12-23T09:22:53.364+0000] {warnings.py:109} WARNING - /opt/***/dags/extract.py:120: SettingWithCopyWarning: 
A value is trying to be set on a copy of a slice from a DataFrame.
Try using .loc[row_indexer,col_indexer] = value instead

See the caveats in the documentation: https://pandas.pydata.org/pandas-docs/stable/user_guide/indexing.html#returning-a-view-versus-a-copy
  data_temp.loc[:, f"temp_m-{element}"] = data_temp['temperature'].shift(-element)

[2024-12-23T09:22:53.364+0000] {warnings.py:109} WARNING - /opt/***/dags/extract.py:120: SettingWithCopyWarning: 
A value is trying to be set on a copy of a slice from a DataFrame.
Try using .loc[row_indexer,col_indexer] = value instead

See the caveats in the documentation: https://pandas.pydata.org/pandas-docs/stable/user_guide/indexing.html#returning-a-view-versus-a-copy
  data_temp.loc[:, f"temp_m-{element}"] = data_temp['temperature'].shift(-element)

[2024-12-23T09:22:53.365+0000] {warnings.py:109} WARNING - /opt/***/dags/extract.py:120: SettingWithCopyWarning: 
A value is trying to be set on a copy of a slice from a DataFrame.
Try using .loc[row_indexer,col_indexer] = value instead

See the caveats in the documentation: https://pandas.pydata.org/pandas-docs/stable/user_guide/indexing.html#returning-a-view-versus-a-copy
  data_temp.loc[:, f"temp_m-{element}"] = data_temp['temperature'].shift(-element)

[2024-12-23T09:22:53.366+0000] {warnings.py:109} WARNING - /opt/***/dags/extract.py:120: SettingWithCopyWarning: 
A value is trying to be set on a copy of a slice from a DataFrame.
Try using .loc[row_indexer,col_indexer] = value instead

See the caveats in the documentation: https://pandas.pydata.org/pandas-docs/stable/user_guide/indexing.html#returning-a-view-versus-a-copy
  data_temp.loc[:, f"temp_m-{element}"] = data_temp['temperature'].shift(-element)

[2024-12-23T09:22:53.366+0000] {warnings.py:109} WARNING - /opt/***/dags/extract.py:120: SettingWithCopyWarning: 
A value is trying to be set on a copy of a slice from a DataFrame.
Try using .loc[row_indexer,col_indexer] = value instead

See the caveats in the documentation: https://pandas.pydata.org/pandas-docs/stable/user_guide/indexing.html#returning-a-view-versus-a-copy
  data_temp.loc[:, f"temp_m-{element}"] = data_temp['temperature'].shift(-element)

[2024-12-23T09:22:53.367+0000] {warnings.py:109} WARNING - /opt/***/dags/extract.py:120: SettingWithCopyWarning: 
A value is trying to be set on a copy of a slice from a DataFrame.
Try using .loc[row_indexer,col_indexer] = value instead

See the caveats in the documentation: https://pandas.pydata.org/pandas-docs/stable/user_guide/indexing.html#returning-a-view-versus-a-copy
  data_temp.loc[:, f"temp_m-{element}"] = data_temp['temperature'].shift(-element)

[2024-12-23T09:22:53.368+0000] {warnings.py:109} WARNING - /opt/***/dags/extract.py:117: SettingWithCopyWarning: 
A value is trying to be set on a copy of a slice from a DataFrame.
Try using .loc[row_indexer,col_indexer] = value instead

See the caveats in the documentation: https://pandas.pydata.org/pandas-docs/stable/user_guide/indexing.html#returning-a-view-versus-a-copy
  data_temp.loc[:, "target"] = data_temp['temperature'].shift(1)

[2024-12-23T09:22:53.369+0000] {warnings.py:109} WARNING - /opt/***/dags/extract.py:120: SettingWithCopyWarning: 
A value is trying to be set on a copy of a slice from a DataFrame.
Try using .loc[row_indexer,col_indexer] = value instead

See the caveats in the documentation: https://pandas.pydata.org/pandas-docs/stable/user_guide/indexing.html#returning-a-view-versus-a-copy
  data_temp.loc[:, f"temp_m-{element}"] = data_temp['temperature'].shift(-element)

[2024-12-23T09:22:53.369+0000] {warnings.py:109} WARNING - /opt/***/dags/extract.py:120: SettingWithCopyWarning: 
A value is trying to be set on a copy of a slice from a DataFrame.
Try using .loc[row_indexer,col_indexer] = value instead

See the caveats in the documentation: https://pandas.pydata.org/pandas-docs/stable/user_guide/indexing.html#returning-a-view-versus-a-copy
  data_temp.loc[:, f"temp_m-{element}"] = data_temp['temperature'].shift(-element)

[2024-12-23T09:22:53.370+0000] {warnings.py:109} WARNING - /opt/***/dags/extract.py:120: SettingWithCopyWarning: 
A value is trying to be set on a copy of a slice from a DataFrame.
Try using .loc[row_indexer,col_indexer] = value instead

See the caveats in the documentation: https://pandas.pydata.org/pandas-docs/stable/user_guide/indexing.html#returning-a-view-versus-a-copy
  data_temp.loc[:, f"temp_m-{element}"] = data_temp['temperature'].shift(-element)

[2024-12-23T09:22:53.370+0000] {warnings.py:109} WARNING - /opt/***/dags/extract.py:120: SettingWithCopyWarning: 
A value is trying to be set on a copy of a slice from a DataFrame.
Try using .loc[row_indexer,col_indexer] = value instead

See the caveats in the documentation: https://pandas.pydata.org/pandas-docs/stable/user_guide/indexing.html#returning-a-view-versus-a-copy
  data_temp.loc[:, f"temp_m-{element}"] = data_temp['temperature'].shift(-element)

[2024-12-23T09:22:53.370+0000] {warnings.py:109} WARNING - /opt/***/dags/extract.py:120: SettingWithCopyWarning: 
A value is trying to be set on a copy of a slice from a DataFrame.
Try using .loc[row_indexer,col_indexer] = value instead

See the caveats in the documentation: https://pandas.pydata.org/pandas-docs/stable/user_guide/indexing.html#returning-a-view-versus-a-copy
  data_temp.loc[:, f"temp_m-{element}"] = data_temp['temperature'].shift(-element)

[2024-12-23T09:22:53.371+0000] {warnings.py:109} WARNING - /opt/***/dags/extract.py:120: SettingWithCopyWarning: 
A value is trying to be set on a copy of a slice from a DataFrame.
Try using .loc[row_indexer,col_indexer] = value instead

See the caveats in the documentation: https://pandas.pydata.org/pandas-docs/stable/user_guide/indexing.html#returning-a-view-versus-a-copy
  data_temp.loc[:, f"temp_m-{element}"] = data_temp['temperature'].shift(-element)

[2024-12-23T09:22:53.371+0000] {warnings.py:109} WARNING - /opt/***/dags/extract.py:120: SettingWithCopyWarning: 
A value is trying to be set on a copy of a slice from a DataFrame.
Try using .loc[row_indexer,col_indexer] = value instead

See the caveats in the documentation: https://pandas.pydata.org/pandas-docs/stable/user_guide/indexing.html#returning-a-view-versus-a-copy
  data_temp.loc[:, f"temp_m-{element}"] = data_temp['temperature'].shift(-element)

[2024-12-23T09:22:53.372+0000] {warnings.py:109} WARNING - /opt/***/dags/extract.py:120: SettingWithCopyWarning: 
A value is trying to be set on a copy of a slice from a DataFrame.
Try using .loc[row_indexer,col_indexer] = value instead

See the caveats in the documentation: https://pandas.pydata.org/pandas-docs/stable/user_guide/indexing.html#returning-a-view-versus-a-copy
  data_temp.loc[:, f"temp_m-{element}"] = data_temp['temperature'].shift(-element)

[2024-12-23T09:22:53.372+0000] {warnings.py:109} WARNING - /opt/***/dags/extract.py:120: SettingWithCopyWarning: 
A value is trying to be set on a copy of a slice from a DataFrame.
Try using .loc[row_indexer,col_indexer] = value instead

See the caveats in the documentation: https://pandas.pydata.org/pandas-docs/stable/user_guide/indexing.html#returning-a-view-versus-a-copy
  data_temp.loc[:, f"temp_m-{element}"] = data_temp['temperature'].shift(-element)

[2024-12-23T09:22:53.373+0000] {warnings.py:109} WARNING - /opt/***/dags/extract.py:117: SettingWithCopyWarning: 
A value is trying to be set on a copy of a slice from a DataFrame.
Try using .loc[row_indexer,col_indexer] = value instead

See the caveats in the documentation: https://pandas.pydata.org/pandas-docs/stable/user_guide/indexing.html#returning-a-view-versus-a-copy
  data_temp.loc[:, "target"] = data_temp['temperature'].shift(1)

[2024-12-23T09:22:53.374+0000] {warnings.py:109} WARNING - /opt/***/dags/extract.py:120: SettingWithCopyWarning: 
A value is trying to be set on a copy of a slice from a DataFrame.
Try using .loc[row_indexer,col_indexer] = value instead

See the caveats in the documentation: https://pandas.pydata.org/pandas-docs/stable/user_guide/indexing.html#returning-a-view-versus-a-copy
  data_temp.loc[:, f"temp_m-{element}"] = data_temp['temperature'].shift(-element)

[2024-12-23T09:22:53.374+0000] {warnings.py:109} WARNING - /opt/***/dags/extract.py:120: SettingWithCopyWarning: 
A value is trying to be set on a copy of a slice from a DataFrame.
Try using .loc[row_indexer,col_indexer] = value instead

See the caveats in the documentation: https://pandas.pydata.org/pandas-docs/stable/user_guide/indexing.html#returning-a-view-versus-a-copy
  data_temp.loc[:, f"temp_m-{element}"] = data_temp['temperature'].shift(-element)

[2024-12-23T09:22:53.374+0000] {warnings.py:109} WARNING - /opt/***/dags/extract.py:120: SettingWithCopyWarning: 
A value is trying to be set on a copy of a slice from a DataFrame.
Try using .loc[row_indexer,col_indexer] = value instead

See the caveats in the documentation: https://pandas.pydata.org/pandas-docs/stable/user_guide/indexing.html#returning-a-view-versus-a-copy
  data_temp.loc[:, f"temp_m-{element}"] = data_temp['temperature'].shift(-element)

[2024-12-23T09:22:53.375+0000] {warnings.py:109} WARNING - /opt/***/dags/extract.py:120: SettingWithCopyWarning: 
A value is trying to be set on a copy of a slice from a DataFrame.
Try using .loc[row_indexer,col_indexer] = value instead

See the caveats in the documentation: https://pandas.pydata.org/pandas-docs/stable/user_guide/indexing.html#returning-a-view-versus-a-copy
  data_temp.loc[:, f"temp_m-{element}"] = data_temp['temperature'].shift(-element)

[2024-12-23T09:22:53.375+0000] {warnings.py:109} WARNING - /opt/***/dags/extract.py:120: SettingWithCopyWarning: 
A value is trying to be set on a copy of a slice from a DataFrame.
Try using .loc[row_indexer,col_indexer] = value instead

See the caveats in the documentation: https://pandas.pydata.org/pandas-docs/stable/user_guide/indexing.html#returning-a-view-versus-a-copy
  data_temp.loc[:, f"temp_m-{element}"] = data_temp['temperature'].shift(-element)

[2024-12-23T09:22:53.376+0000] {warnings.py:109} WARNING - /opt/***/dags/extract.py:120: SettingWithCopyWarning: 
A value is trying to be set on a copy of a slice from a DataFrame.
Try using .loc[row_indexer,col_indexer] = value instead

See the caveats in the documentation: https://pandas.pydata.org/pandas-docs/stable/user_guide/indexing.html#returning-a-view-versus-a-copy
  data_temp.loc[:, f"temp_m-{element}"] = data_temp['temperature'].shift(-element)

[2024-12-23T09:22:53.376+0000] {warnings.py:109} WARNING - /opt/***/dags/extract.py:120: SettingWithCopyWarning: 
A value is trying to be set on a copy of a slice from a DataFrame.
Try using .loc[row_indexer,col_indexer] = value instead

See the caveats in the documentation: https://pandas.pydata.org/pandas-docs/stable/user_guide/indexing.html#returning-a-view-versus-a-copy
  data_temp.loc[:, f"temp_m-{element}"] = data_temp['temperature'].shift(-element)

[2024-12-23T09:22:53.376+0000] {warnings.py:109} WARNING - /opt/***/dags/extract.py:120: SettingWithCopyWarning: 
A value is trying to be set on a copy of a slice from a DataFrame.
Try using .loc[row_indexer,col_indexer] = value instead

See the caveats in the documentation: https://pandas.pydata.org/pandas-docs/stable/user_guide/indexing.html#returning-a-view-versus-a-copy
  data_temp.loc[:, f"temp_m-{element}"] = data_temp['temperature'].shift(-element)

[2024-12-23T09:22:53.377+0000] {warnings.py:109} WARNING - /opt/***/dags/extract.py:120: SettingWithCopyWarning: 
A value is trying to be set on a copy of a slice from a DataFrame.
Try using .loc[row_indexer,col_indexer] = value instead

See the caveats in the documentation: https://pandas.pydata.org/pandas-docs/stable/user_guide/indexing.html#returning-a-view-versus-a-copy
  data_temp.loc[:, f"temp_m-{element}"] = data_temp['temperature'].shift(-element)

[2024-12-23T09:22:53.378+0000] {warnings.py:109} WARNING - /opt/***/dags/extract.py:117: SettingWithCopyWarning: 
A value is trying to be set on a copy of a slice from a DataFrame.
Try using .loc[row_indexer,col_indexer] = value instead

See the caveats in the documentation: https://pandas.pydata.org/pandas-docs/stable/user_guide/indexing.html#returning-a-view-versus-a-copy
  data_temp.loc[:, "target"] = data_temp['temperature'].shift(1)

[2024-12-23T09:22:53.378+0000] {warnings.py:109} WARNING - /opt/***/dags/extract.py:120: SettingWithCopyWarning: 
A value is trying to be set on a copy of a slice from a DataFrame.
Try using .loc[row_indexer,col_indexer] = value instead

See the caveats in the documentation: https://pandas.pydata.org/pandas-docs/stable/user_guide/indexing.html#returning-a-view-versus-a-copy
  data_temp.loc[:, f"temp_m-{element}"] = data_temp['temperature'].shift(-element)

[2024-12-23T09:22:53.379+0000] {warnings.py:109} WARNING - /opt/***/dags/extract.py:120: SettingWithCopyWarning: 
A value is trying to be set on a copy of a slice from a DataFrame.
Try using .loc[row_indexer,col_indexer] = value instead

See the caveats in the documentation: https://pandas.pydata.org/pandas-docs/stable/user_guide/indexing.html#returning-a-view-versus-a-copy
  data_temp.loc[:, f"temp_m-{element}"] = data_temp['temperature'].shift(-element)

[2024-12-23T09:22:53.379+0000] {warnings.py:109} WARNING - /opt/***/dags/extract.py:120: SettingWithCopyWarning: 
A value is trying to be set on a copy of a slice from a DataFrame.
Try using .loc[row_indexer,col_indexer] = value instead

See the caveats in the documentation: https://pandas.pydata.org/pandas-docs/stable/user_guide/indexing.html#returning-a-view-versus-a-copy
  data_temp.loc[:, f"temp_m-{element}"] = data_temp['temperature'].shift(-element)

[2024-12-23T09:22:53.380+0000] {warnings.py:109} WARNING - /opt/***/dags/extract.py:120: SettingWithCopyWarning: 
A value is trying to be set on a copy of a slice from a DataFrame.
Try using .loc[row_indexer,col_indexer] = value instead

See the caveats in the documentation: https://pandas.pydata.org/pandas-docs/stable/user_guide/indexing.html#returning-a-view-versus-a-copy
  data_temp.loc[:, f"temp_m-{element}"] = data_temp['temperature'].shift(-element)

[2024-12-23T09:22:53.380+0000] {warnings.py:109} WARNING - /opt/***/dags/extract.py:120: SettingWithCopyWarning: 
A value is trying to be set on a copy of a slice from a DataFrame.
Try using .loc[row_indexer,col_indexer] = value instead

See the caveats in the documentation: https://pandas.pydata.org/pandas-docs/stable/user_guide/indexing.html#returning-a-view-versus-a-copy
  data_temp.loc[:, f"temp_m-{element}"] = data_temp['temperature'].shift(-element)

[2024-12-23T09:22:53.380+0000] {warnings.py:109} WARNING - /opt/***/dags/extract.py:120: SettingWithCopyWarning: 
A value is trying to be set on a copy of a slice from a DataFrame.
Try using .loc[row_indexer,col_indexer] = value instead

See the caveats in the documentation: https://pandas.pydata.org/pandas-docs/stable/user_guide/indexing.html#returning-a-view-versus-a-copy
  data_temp.loc[:, f"temp_m-{element}"] = data_temp['temperature'].shift(-element)

[2024-12-23T09:22:53.381+0000] {warnings.py:109} WARNING - /opt/***/dags/extract.py:120: SettingWithCopyWarning: 
A value is trying to be set on a copy of a slice from a DataFrame.
Try using .loc[row_indexer,col_indexer] = value instead

See the caveats in the documentation: https://pandas.pydata.org/pandas-docs/stable/user_guide/indexing.html#returning-a-view-versus-a-copy
  data_temp.loc[:, f"temp_m-{element}"] = data_temp['temperature'].shift(-element)

[2024-12-23T09:22:53.381+0000] {warnings.py:109} WARNING - /opt/***/dags/extract.py:120: SettingWithCopyWarning: 
A value is trying to be set on a copy of a slice from a DataFrame.
Try using .loc[row_indexer,col_indexer] = value instead

See the caveats in the documentation: https://pandas.pydata.org/pandas-docs/stable/user_guide/indexing.html#returning-a-view-versus-a-copy
  data_temp.loc[:, f"temp_m-{element}"] = data_temp['temperature'].shift(-element)

[2024-12-23T09:22:53.382+0000] {warnings.py:109} WARNING - /opt/***/dags/extract.py:120: SettingWithCopyWarning: 
A value is trying to be set on a copy of a slice from a DataFrame.
Try using .loc[row_indexer,col_indexer] = value instead

See the caveats in the documentation: https://pandas.pydata.org/pandas-docs/stable/user_guide/indexing.html#returning-a-view-versus-a-copy
  data_temp.loc[:, f"temp_m-{element}"] = data_temp['temperature'].shift(-element)

[2024-12-23T09:22:53.383+0000] {warnings.py:109} WARNING - /opt/***/dags/extract.py:117: SettingWithCopyWarning: 
A value is trying to be set on a copy of a slice from a DataFrame.
Try using .loc[row_indexer,col_indexer] = value instead

See the caveats in the documentation: https://pandas.pydata.org/pandas-docs/stable/user_guide/indexing.html#returning-a-view-versus-a-copy
  data_temp.loc[:, "target"] = data_temp['temperature'].shift(1)

[2024-12-23T09:22:53.383+0000] {warnings.py:109} WARNING - /opt/***/dags/extract.py:120: SettingWithCopyWarning: 
A value is trying to be set on a copy of a slice from a DataFrame.
Try using .loc[row_indexer,col_indexer] = value instead

See the caveats in the documentation: https://pandas.pydata.org/pandas-docs/stable/user_guide/indexing.html#returning-a-view-versus-a-copy
  data_temp.loc[:, f"temp_m-{element}"] = data_temp['temperature'].shift(-element)

[2024-12-23T09:22:53.384+0000] {warnings.py:109} WARNING - /opt/***/dags/extract.py:120: SettingWithCopyWarning: 
A value is trying to be set on a copy of a slice from a DataFrame.
Try using .loc[row_indexer,col_indexer] = value instead

See the caveats in the documentation: https://pandas.pydata.org/pandas-docs/stable/user_guide/indexing.html#returning-a-view-versus-a-copy
  data_temp.loc[:, f"temp_m-{element}"] = data_temp['temperature'].shift(-element)

[2024-12-23T09:22:53.384+0000] {warnings.py:109} WARNING - /opt/***/dags/extract.py:120: SettingWithCopyWarning: 
A value is trying to be set on a copy of a slice from a DataFrame.
Try using .loc[row_indexer,col_indexer] = value instead

See the caveats in the documentation: https://pandas.pydata.org/pandas-docs/stable/user_guide/indexing.html#returning-a-view-versus-a-copy
  data_temp.loc[:, f"temp_m-{element}"] = data_temp['temperature'].shift(-element)

[2024-12-23T09:22:53.384+0000] {warnings.py:109} WARNING - /opt/***/dags/extract.py:120: SettingWithCopyWarning: 
A value is trying to be set on a copy of a slice from a DataFrame.
Try using .loc[row_indexer,col_indexer] = value instead

See the caveats in the documentation: https://pandas.pydata.org/pandas-docs/stable/user_guide/indexing.html#returning-a-view-versus-a-copy
  data_temp.loc[:, f"temp_m-{element}"] = data_temp['temperature'].shift(-element)

[2024-12-23T09:22:53.385+0000] {warnings.py:109} WARNING - /opt/***/dags/extract.py:120: SettingWithCopyWarning: 
A value is trying to be set on a copy of a slice from a DataFrame.
Try using .loc[row_indexer,col_indexer] = value instead

See the caveats in the documentation: https://pandas.pydata.org/pandas-docs/stable/user_guide/indexing.html#returning-a-view-versus-a-copy
  data_temp.loc[:, f"temp_m-{element}"] = data_temp['temperature'].shift(-element)

[2024-12-23T09:22:53.385+0000] {warnings.py:109} WARNING - /opt/***/dags/extract.py:120: SettingWithCopyWarning: 
A value is trying to be set on a copy of a slice from a DataFrame.
Try using .loc[row_indexer,col_indexer] = value instead

See the caveats in the documentation: https://pandas.pydata.org/pandas-docs/stable/user_guide/indexing.html#returning-a-view-versus-a-copy
  data_temp.loc[:, f"temp_m-{element}"] = data_temp['temperature'].shift(-element)

[2024-12-23T09:22:53.386+0000] {warnings.py:109} WARNING - /opt/***/dags/extract.py:120: SettingWithCopyWarning: 
A value is trying to be set on a copy of a slice from a DataFrame.
Try using .loc[row_indexer,col_indexer] = value instead

See the caveats in the documentation: https://pandas.pydata.org/pandas-docs/stable/user_guide/indexing.html#returning-a-view-versus-a-copy
  data_temp.loc[:, f"temp_m-{element}"] = data_temp['temperature'].shift(-element)

[2024-12-23T09:22:53.386+0000] {warnings.py:109} WARNING - /opt/***/dags/extract.py:120: SettingWithCopyWarning: 
A value is trying to be set on a copy of a slice from a DataFrame.
Try using .loc[row_indexer,col_indexer] = value instead

See the caveats in the documentation: https://pandas.pydata.org/pandas-docs/stable/user_guide/indexing.html#returning-a-view-versus-a-copy
  data_temp.loc[:, f"temp_m-{element}"] = data_temp['temperature'].shift(-element)

[2024-12-23T09:22:53.386+0000] {warnings.py:109} WARNING - /opt/***/dags/extract.py:120: SettingWithCopyWarning: 
A value is trying to be set on a copy of a slice from a DataFrame.
Try using .loc[row_indexer,col_indexer] = value instead

See the caveats in the documentation: https://pandas.pydata.org/pandas-docs/stable/user_guide/indexing.html#returning-a-view-versus-a-copy
  data_temp.loc[:, f"temp_m-{element}"] = data_temp['temperature'].shift(-element)

[2024-12-23T09:22:53.391+0000] {python.py:201} INFO - Done. Returned value was: (     temperature  pression  ...  date_2024-12-23 08:46:05  date_2024-12-23 08:50:22
164       274.02      1031  ...                     False                     False
155       274.02      1031  ...                     False                     False
146       274.02      1031  ...                     False                     False
137       274.02      1031  ...                     False                     False
128       274.02      1031  ...                     False                     False
..           ...       ...  ...                       ...                       ...
117       288.14      1026  ...                     False                     False
108       279.14      1028  ...                     False                     False
99        279.14      1029  ...                     False                     False
90        279.14      1029  ...                      True                     False
81        279.14      1029  ...                     False                      True

[90 rows x 30 columns], 164    274.02
155    274.02
146    274.02
137    274.02
128    274.02
        ...  
117    282.14
108    288.14
99     279.14
90     279.14
81     279.14
Name: target, Length: 90, dtype: float64)
[2024-12-23T09:22:53.426+0000] {xcom.py:664} ERROR - Object of type tuple is not JSON serializable. If you are using pickle instead of JSON for XCom, then you need to enable pickle support for XCom in your *** config or make sure to decorate your object with attr.
[2024-12-23T09:22:53.427+0000] {taskinstance.py:2698} ERROR - Task failed with exception
Traceback (most recent call last):
  File "/home/airflow/.local/lib/python3.8/site-packages/airflow/utils/json.py", line 91, in default
    return serialize(o)
  File "/home/airflow/.local/lib/python3.8/site-packages/airflow/serialization/serde.py", line 147, in serialize
    return encode(classname, version, serialize(data, depth + 1))
  File "/home/airflow/.local/lib/python3.8/site-packages/airflow/serialization/serde.py", line 126, in serialize
    return [serialize(d, depth + 1) for d in o]
  File "/home/airflow/.local/lib/python3.8/site-packages/airflow/serialization/serde.py", line 126, in <listcomp>
    return [serialize(d, depth + 1) for d in o]
  File "/home/airflow/.local/lib/python3.8/site-packages/airflow/serialization/serde.py", line 180, in serialize
    raise TypeError(f"cannot serialize object of type {cls}")
TypeError: cannot serialize object of type <class 'pandas.core.series.Series'>

During handling of the above exception, another exception occurred:

Traceback (most recent call last):
  File "/home/airflow/.local/lib/python3.8/site-packages/airflow/models/taskinstance.py", line 440, in _execute_task
    task_instance.xcom_push(key=XCOM_RETURN_KEY, value=xcom_value, session=session)
  File "/home/airflow/.local/lib/python3.8/site-packages/airflow/utils/session.py", line 76, in wrapper
    return func(*args, **kwargs)
  File "/home/airflow/.local/lib/python3.8/site-packages/airflow/models/taskinstance.py", line 2980, in xcom_push
    XCom.set(
  File "/home/airflow/.local/lib/python3.8/site-packages/airflow/utils/session.py", line 76, in wrapper
    return func(*args, **kwargs)
  File "/home/airflow/.local/lib/python3.8/site-packages/airflow/models/xcom.py", line 247, in set
    value = cls.serialize_value(
  File "/home/airflow/.local/lib/python3.8/site-packages/airflow/models/xcom.py", line 662, in serialize_value
    return json.dumps(value, cls=XComEncoder).encode("UTF-8")
  File "/usr/local/lib/python3.8/json/__init__.py", line 234, in dumps
    return cls(
  File "/home/airflow/.local/lib/python3.8/site-packages/airflow/utils/json.py", line 102, in encode
    o = self.default(o)
  File "/home/airflow/.local/lib/python3.8/site-packages/airflow/utils/json.py", line 93, in default
    return super().default(o)
  File "/usr/local/lib/python3.8/json/encoder.py", line 179, in default
    raise TypeError(f'Object of type {o.__class__.__name__} '
TypeError: Object of type tuple is not JSON serializable
[2024-12-23T09:22:53.434+0000] {taskinstance.py:1138} INFO - Marking task as UP_FOR_RETRY. dag_id=weather_dag, task_id=prepare_data, execution_date=20241223T092142, start_date=20241223T092253, end_date=20241223T092253
[2024-12-23T09:22:53.443+0000] {standard_task_runner.py:107} ERROR - Failed to execute job 193 for task prepare_data (Object of type tuple is not JSON serializable; 3126)
[2024-12-23T09:22:53.464+0000] {local_task_job_runner.py:234} INFO - Task exited with return code 1
[2024-12-23T09:22:53.489+0000] {taskinstance.py:3280} INFO - 0 downstream tasks scheduled from follow-on schedule check
